<?xml version="1.0" encoding="UTF-8"?>
<testsuite name="org.jbake.app.template.JadeTemplateEngineRenderingTest" tests="9" skipped="0" failures="0" errors="0" timestamp="2020-03-11T02:07:22" hostname="bolt.cs.ucr.edu" time="7.389">
  <properties/>
  <testcase name="renderIndex" classname="org.jbake.app.template.JadeTemplateEngineRenderingTest" time="0.928"/>
  <testcase name="renderArchive" classname="org.jbake.app.template.JadeTemplateEngineRenderingTest" time="0.793"/>
  <testcase name="checkDbTemplateModelIsPopulated" classname="org.jbake.app.template.JadeTemplateEngineRenderingTest" time="0.812"/>
  <testcase name="renderTagsIndex" classname="org.jbake.app.template.JadeTemplateEngineRenderingTest" time="0.897"/>
  <testcase name="renderFeed" classname="org.jbake.app.template.JadeTemplateEngineRenderingTest" time="0.773"/>
  <testcase name="renderPage" classname="org.jbake.app.template.JadeTemplateEngineRenderingTest" time="0.793"/>
  <testcase name="renderPost" classname="org.jbake.app.template.JadeTemplateEngineRenderingTest" time="0.798"/>
  <testcase name="renderTags" classname="org.jbake.app.template.JadeTemplateEngineRenderingTest" time="0.815"/>
  <testcase name="renderSitemap" classname="org.jbake.app.template.JadeTemplateEngineRenderingTest" time="0.778"/>
  <system-out><![CDATA[19:07:22.161 INFO  c.o.o.c.s.m.ODirectMemoryStorage - Storage 'memory:/tmp/junit1938144740150621710/documents1583892442159' is created under OrientDB distribution : 3.0.14 - Veloce (build ac128c5a9ba4c6dc9d25a32b92962d8863774423, branch 3.0.x)
19:07:22.683 DEBUG org.jbake.app.ContentStore - Create document class 'page'
19:07:22.705 DEBUG org.jbake.app.ContentStore - Create document class 'post'
19:07:22.730 DEBUG org.jbake.app.ContentStore - Create document class 'masterindex'
19:07:22.758 DEBUG org.jbake.app.ContentStore - Create document class 'archive'
19:07:22.788 DEBUG org.jbake.app.ContentStore - Create document class 'feed'
19:07:22.843 DEBUG org.jbake.parser.MarkupEngine - Type property found
19:07:22.843 DEBUG org.jbake.parser.MarkupEngine - Status property found
19:07:22.843 DEBUG org.jbake.parser.MarkupEngine - Header separator found
19:07:22.843 INFO  org.jbake.app.Crawler - Processing [/home/csmajs/jgarc271/git/jbake-testing-and-verification/jbake-core/build/resources/test/fixture/content/about.html]...  : new 
19:07:22.844 DEBUG org.jbake.parser.MarkupEngine - Type property found
19:07:22.845 DEBUG org.jbake.parser.MarkupEngine - Status property found
19:07:22.845 DEBUG org.jbake.parser.MarkupEngine - Header separator found
19:07:22.857 INFO  org.jbake.app.Crawler - Processing [/home/csmajs/jgarc271/git/jbake-testing-and-verification/jbake-core/build/resources/test/fixture/content/allcontent.html]...  : new 
19:07:22.862 DEBUG org.jbake.parser.MarkupEngine - Type property found
19:07:22.862 DEBUG org.jbake.parser.MarkupEngine - Status property found
19:07:22.862 DEBUG org.jbake.parser.MarkupEngine - Header separator found
19:07:22.862 INFO  org.jbake.app.Crawler - Processing [/home/csmajs/jgarc271/git/jbake-testing-and-verification/jbake-core/build/resources/test/fixture/content/blog/2012/first-post.html]...  : new 
19:07:22.865 DEBUG org.jbake.parser.MarkupEngine - Type property found
19:07:22.865 DEBUG org.jbake.parser.MarkupEngine - Status property found
19:07:22.865 DEBUG org.jbake.parser.MarkupEngine - Header separator found
19:07:22.866 INFO  org.jbake.app.Crawler - Processing [/home/csmajs/jgarc271/git/jbake-testing-and-verification/jbake-core/build/resources/test/fixture/content/blog/2013/second-post.html]...  : new 
19:07:22.867 DEBUG org.jbake.parser.MarkupEngine - Type property found
19:07:22.867 DEBUG org.jbake.parser.MarkupEngine - Status property found
19:07:22.867 DEBUG org.jbake.parser.MarkupEngine - Header separator found
19:07:22.868 INFO  org.jbake.app.Crawler - Processing [/home/csmajs/jgarc271/git/jbake-testing-and-verification/jbake-core/build/resources/test/fixture/content/blog/2016/another-post.html]...  : new 
19:07:22.869 DEBUG org.jbake.parser.MarkupEngine - Type property found
19:07:22.869 DEBUG org.jbake.parser.MarkupEngine - Status property found
19:07:22.869 DEBUG org.jbake.parser.MarkupEngine - Header separator found
19:07:22.869 INFO  org.jbake.app.Crawler - Processing [/home/csmajs/jgarc271/git/jbake-testing-and-verification/jbake-core/build/resources/test/fixture/content/blog/2016/draft-post.html]...  : new 
19:07:22.871 DEBUG org.jbake.parser.MarkupEngine - Header separator found
19:07:22.871 WARN  org.jbake.parser.MarkupEngine - Parsing skipped (missing type or status value in header meta data) for file /home/csmajs/jgarc271/git/jbake-testing-and-verification/jbake-core/build/resources/test/fixture/content/blog/invalid_header.html!
19:07:22.871 WARN  org.jbake.app.Crawler - /home/csmajs/jgarc271/git/jbake-testing-and-verification/jbake-core/build/resources/test/fixture/content/blog/invalid_header.html has an invalid header, it has been ignored!
19:07:22.871 INFO  org.jbake.app.Crawler - Processing [/home/csmajs/jgarc271/git/jbake-testing-and-verification/jbake-core/build/resources/test/fixture/content/blog/invalid_header.html]...  : new 
19:07:22.872 DEBUG org.jbake.parser.MarkupEngine - Type property found
19:07:22.872 DEBUG org.jbake.parser.MarkupEngine - Status property found
19:07:22.872 DEBUG org.jbake.parser.MarkupEngine - Header separator found
19:07:22.872 INFO  org.jbake.app.Crawler - Processing [/home/csmajs/jgarc271/git/jbake-testing-and-verification/jbake-core/build/resources/test/fixture/content/index2.html]...  : new 
19:07:22.874 DEBUG org.jbake.parser.MarkupEngine - Type property found
19:07:22.874 DEBUG org.jbake.parser.MarkupEngine - Status property found
19:07:22.874 DEBUG org.jbake.parser.MarkupEngine - Header separator found
19:07:22.888 INFO  org.jbake.app.Crawler - Processing [/home/csmajs/jgarc271/git/jbake-testing-and-verification/jbake-core/build/resources/test/fixture/content/papers/draft-paper.html]...  : new 
19:07:22.890 DEBUG org.jbake.parser.MarkupEngine - Type property found
19:07:22.890 DEBUG org.jbake.parser.MarkupEngine - Status property found
19:07:22.890 DEBUG org.jbake.parser.MarkupEngine - Header separator found
19:07:22.890 INFO  org.jbake.app.Crawler - Processing [/home/csmajs/jgarc271/git/jbake-testing-and-verification/jbake-core/build/resources/test/fixture/content/papers/published-paper.html]...  : new 
19:07:22.892 DEBUG org.jbake.parser.MarkupEngine - Type property found
19:07:22.892 DEBUG org.jbake.parser.MarkupEngine - Status property found
19:07:22.892 DEBUG org.jbake.parser.MarkupEngine - Header separator found
19:07:22.892 INFO  org.jbake.app.Crawler - Processing [/home/csmajs/jgarc271/git/jbake-testing-and-verification/jbake-core/build/resources/test/fixture/content/projects.html]...  : new 
19:07:22.892 INFO  org.jbake.app.Crawler - Content detected:
19:07:22.892 INFO  org.jbake.app.Crawler - Parsed 3 files of type: page
19:07:22.893 INFO  org.jbake.app.Crawler - Parsed 4 files of type: post
19:07:23.085 INFO  org.jbake.app.Renderer - Rendering masterindex [/tmp/junit1938144740150621710/index.html]... done!
19:07:23.089 INFO  c.o.o.c.s.m.ODirectMemoryStorage - Storage 'memory:/tmp/junit1938144740150621710/documents1583892442159' is created under OrientDB distribution : 3.0.14 - Veloce (build ac128c5a9ba4c6dc9d25a32b92962d8863774423, branch 3.0.x)
19:07:23.611 DEBUG org.jbake.app.ContentStore - Create document class 'page'
19:07:23.634 DEBUG org.jbake.app.ContentStore - Create document class 'post'
19:07:23.660 DEBUG org.jbake.app.ContentStore - Create document class 'masterindex'
19:07:23.689 DEBUG org.jbake.app.ContentStore - Create document class 'archive'
19:07:23.720 DEBUG org.jbake.app.ContentStore - Create document class 'feed'
19:07:23.777 DEBUG org.jbake.parser.MarkupEngine - Type property found
19:07:23.777 DEBUG org.jbake.parser.MarkupEngine - Status property found
19:07:23.777 DEBUG org.jbake.parser.MarkupEngine - Header separator found
19:07:23.777 INFO  org.jbake.app.Crawler - Processing [/home/csmajs/jgarc271/git/jbake-testing-and-verification/jbake-core/build/resources/test/fixture/content/about.html]...  : new 
19:07:23.778 DEBUG org.jbake.parser.MarkupEngine - Type property found
19:07:23.778 DEBUG org.jbake.parser.MarkupEngine - Status property found
19:07:23.778 DEBUG org.jbake.parser.MarkupEngine - Header separator found
19:07:23.791 INFO  org.jbake.app.Crawler - Processing [/home/csmajs/jgarc271/git/jbake-testing-and-verification/jbake-core/build/resources/test/fixture/content/allcontent.html]...  : new 
19:07:23.796 DEBUG org.jbake.parser.MarkupEngine - Type property found
19:07:23.796 DEBUG org.jbake.parser.MarkupEngine - Status property found
19:07:23.796 DEBUG org.jbake.parser.MarkupEngine - Header separator found
19:07:23.797 INFO  org.jbake.app.Crawler - Processing [/home/csmajs/jgarc271/git/jbake-testing-and-verification/jbake-core/build/resources/test/fixture/content/blog/2012/first-post.html]...  : new 
19:07:23.799 DEBUG org.jbake.parser.MarkupEngine - Type property found
19:07:23.799 DEBUG org.jbake.parser.MarkupEngine - Status property found
19:07:23.799 DEBUG org.jbake.parser.MarkupEngine - Header separator found
19:07:23.800 INFO  org.jbake.app.Crawler - Processing [/home/csmajs/jgarc271/git/jbake-testing-and-verification/jbake-core/build/resources/test/fixture/content/blog/2013/second-post.html]...  : new 
19:07:23.801 DEBUG org.jbake.parser.MarkupEngine - Type property found
19:07:23.801 DEBUG org.jbake.parser.MarkupEngine - Status property found
19:07:23.801 DEBUG org.jbake.parser.MarkupEngine - Header separator found
19:07:23.802 INFO  org.jbake.app.Crawler - Processing [/home/csmajs/jgarc271/git/jbake-testing-and-verification/jbake-core/build/resources/test/fixture/content/blog/2016/another-post.html]...  : new 
19:07:23.803 DEBUG org.jbake.parser.MarkupEngine - Type property found
19:07:23.803 DEBUG org.jbake.parser.MarkupEngine - Status property found
19:07:23.803 DEBUG org.jbake.parser.MarkupEngine - Header separator found
19:07:23.803 INFO  org.jbake.app.Crawler - Processing [/home/csmajs/jgarc271/git/jbake-testing-and-verification/jbake-core/build/resources/test/fixture/content/blog/2016/draft-post.html]...  : new 
19:07:23.804 DEBUG org.jbake.parser.MarkupEngine - Header separator found
19:07:23.804 WARN  org.jbake.parser.MarkupEngine - Parsing skipped (missing type or status value in header meta data) for file /home/csmajs/jgarc271/git/jbake-testing-and-verification/jbake-core/build/resources/test/fixture/content/blog/invalid_header.html!
19:07:23.804 WARN  org.jbake.app.Crawler - /home/csmajs/jgarc271/git/jbake-testing-and-verification/jbake-core/build/resources/test/fixture/content/blog/invalid_header.html has an invalid header, it has been ignored!
19:07:23.804 INFO  org.jbake.app.Crawler - Processing [/home/csmajs/jgarc271/git/jbake-testing-and-verification/jbake-core/build/resources/test/fixture/content/blog/invalid_header.html]...  : new 
19:07:23.805 DEBUG org.jbake.parser.MarkupEngine - Type property found
19:07:23.805 DEBUG org.jbake.parser.MarkupEngine - Status property found
19:07:23.805 DEBUG org.jbake.parser.MarkupEngine - Header separator found
19:07:23.806 INFO  org.jbake.app.Crawler - Processing [/home/csmajs/jgarc271/git/jbake-testing-and-verification/jbake-core/build/resources/test/fixture/content/index2.html]...  : new 
19:07:23.807 DEBUG org.jbake.parser.MarkupEngine - Type property found
19:07:23.807 DEBUG org.jbake.parser.MarkupEngine - Status property found
19:07:23.807 DEBUG org.jbake.parser.MarkupEngine - Header separator found
19:07:23.822 INFO  org.jbake.app.Crawler - Processing [/home/csmajs/jgarc271/git/jbake-testing-and-verification/jbake-core/build/resources/test/fixture/content/papers/draft-paper.html]...  : new 
19:07:23.824 DEBUG org.jbake.parser.MarkupEngine - Type property found
19:07:23.824 DEBUG org.jbake.parser.MarkupEngine - Status property found
19:07:23.824 DEBUG org.jbake.parser.MarkupEngine - Header separator found
19:07:23.824 INFO  org.jbake.app.Crawler - Processing [/home/csmajs/jgarc271/git/jbake-testing-and-verification/jbake-core/build/resources/test/fixture/content/papers/published-paper.html]...  : new 
19:07:23.825 DEBUG org.jbake.parser.MarkupEngine - Type property found
19:07:23.825 DEBUG org.jbake.parser.MarkupEngine - Status property found
19:07:23.825 DEBUG org.jbake.parser.MarkupEngine - Header separator found
19:07:23.826 INFO  org.jbake.app.Crawler - Processing [/home/csmajs/jgarc271/git/jbake-testing-and-verification/jbake-core/build/resources/test/fixture/content/projects.html]...  : new 
19:07:23.826 INFO  org.jbake.app.Crawler - Content detected:
19:07:23.826 INFO  org.jbake.app.Crawler - Parsed 3 files of type: page
19:07:23.826 INFO  org.jbake.app.Crawler - Parsed 4 files of type: post
19:07:23.878 INFO  org.jbake.app.Renderer - Rendering archive [/tmp/junit1938144740150621710/archive.html]... done!
19:07:23.882 INFO  c.o.o.c.s.m.ODirectMemoryStorage - Storage 'memory:/tmp/junit1938144740150621710/documents1583892442159' is created under OrientDB distribution : 3.0.14 - Veloce (build ac128c5a9ba4c6dc9d25a32b92962d8863774423, branch 3.0.x)
19:07:24.404 DEBUG org.jbake.app.ContentStore - Create document class 'page'
19:07:24.427 DEBUG org.jbake.app.ContentStore - Create document class 'post'
19:07:24.451 DEBUG org.jbake.app.ContentStore - Create document class 'masterindex'
19:07:24.479 DEBUG org.jbake.app.ContentStore - Create document class 'archive'
19:07:24.510 DEBUG org.jbake.app.ContentStore - Create document class 'feed'
19:07:24.565 DEBUG org.jbake.parser.MarkupEngine - Type property found
19:07:24.565 DEBUG org.jbake.parser.MarkupEngine - Status property found
19:07:24.565 DEBUG org.jbake.parser.MarkupEngine - Header separator found
19:07:24.566 INFO  org.jbake.app.Crawler - Processing [/home/csmajs/jgarc271/git/jbake-testing-and-verification/jbake-core/build/resources/test/fixture/content/about.html]...  : new 
19:07:24.567 DEBUG org.jbake.parser.MarkupEngine - Type property found
19:07:24.567 DEBUG org.jbake.parser.MarkupEngine - Status property found
19:07:24.567 DEBUG org.jbake.parser.MarkupEngine - Header separator found
19:07:24.583 INFO  org.jbake.app.Crawler - Processing [/home/csmajs/jgarc271/git/jbake-testing-and-verification/jbake-core/build/resources/test/fixture/content/allcontent.html]...  : new 
19:07:24.587 DEBUG org.jbake.parser.MarkupEngine - Type property found
19:07:24.588 DEBUG org.jbake.parser.MarkupEngine - Status property found
19:07:24.588 DEBUG org.jbake.parser.MarkupEngine - Header separator found
19:07:24.588 INFO  org.jbake.app.Crawler - Processing [/home/csmajs/jgarc271/git/jbake-testing-and-verification/jbake-core/build/resources/test/fixture/content/blog/2012/first-post.html]...  : new 
19:07:24.591 DEBUG org.jbake.parser.MarkupEngine - Type property found
19:07:24.591 DEBUG org.jbake.parser.MarkupEngine - Status property found
19:07:24.591 DEBUG org.jbake.parser.MarkupEngine - Header separator found
19:07:24.591 INFO  org.jbake.app.Crawler - Processing [/home/csmajs/jgarc271/git/jbake-testing-and-verification/jbake-core/build/resources/test/fixture/content/blog/2013/second-post.html]...  : new 
19:07:24.593 DEBUG org.jbake.parser.MarkupEngine - Type property found
19:07:24.593 DEBUG org.jbake.parser.MarkupEngine - Status property found
19:07:24.593 DEBUG org.jbake.parser.MarkupEngine - Header separator found
19:07:24.594 INFO  org.jbake.app.Crawler - Processing [/home/csmajs/jgarc271/git/jbake-testing-and-verification/jbake-core/build/resources/test/fixture/content/blog/2016/another-post.html]...  : new 
19:07:24.595 DEBUG org.jbake.parser.MarkupEngine - Type property found
19:07:24.595 DEBUG org.jbake.parser.MarkupEngine - Status property found
19:07:24.595 DEBUG org.jbake.parser.MarkupEngine - Header separator found
19:07:24.595 INFO  org.jbake.app.Crawler - Processing [/home/csmajs/jgarc271/git/jbake-testing-and-verification/jbake-core/build/resources/test/fixture/content/blog/2016/draft-post.html]...  : new 
19:07:24.597 DEBUG org.jbake.parser.MarkupEngine - Header separator found
19:07:24.597 WARN  org.jbake.parser.MarkupEngine - Parsing skipped (missing type or status value in header meta data) for file /home/csmajs/jgarc271/git/jbake-testing-and-verification/jbake-core/build/resources/test/fixture/content/blog/invalid_header.html!
19:07:24.597 WARN  org.jbake.app.Crawler - /home/csmajs/jgarc271/git/jbake-testing-and-verification/jbake-core/build/resources/test/fixture/content/blog/invalid_header.html has an invalid header, it has been ignored!
19:07:24.597 INFO  org.jbake.app.Crawler - Processing [/home/csmajs/jgarc271/git/jbake-testing-and-verification/jbake-core/build/resources/test/fixture/content/blog/invalid_header.html]...  : new 
19:07:24.598 DEBUG org.jbake.parser.MarkupEngine - Type property found
19:07:24.598 DEBUG org.jbake.parser.MarkupEngine - Status property found
19:07:24.598 DEBUG org.jbake.parser.MarkupEngine - Header separator found
19:07:24.598 INFO  org.jbake.app.Crawler - Processing [/home/csmajs/jgarc271/git/jbake-testing-and-verification/jbake-core/build/resources/test/fixture/content/index2.html]...  : new 
19:07:24.600 DEBUG org.jbake.parser.MarkupEngine - Type property found
19:07:24.600 DEBUG org.jbake.parser.MarkupEngine - Status property found
19:07:24.600 DEBUG org.jbake.parser.MarkupEngine - Header separator found
19:07:24.619 INFO  org.jbake.app.Crawler - Processing [/home/csmajs/jgarc271/git/jbake-testing-and-verification/jbake-core/build/resources/test/fixture/content/papers/draft-paper.html]...  : new 
19:07:24.621 DEBUG org.jbake.parser.MarkupEngine - Type property found
19:07:24.621 DEBUG org.jbake.parser.MarkupEngine - Status property found
19:07:24.621 DEBUG org.jbake.parser.MarkupEngine - Header separator found
19:07:24.622 INFO  org.jbake.app.Crawler - Processing [/home/csmajs/jgarc271/git/jbake-testing-and-verification/jbake-core/build/resources/test/fixture/content/papers/published-paper.html]...  : new 
19:07:24.623 DEBUG org.jbake.parser.MarkupEngine - Type property found
19:07:24.623 DEBUG org.jbake.parser.MarkupEngine - Status property found
19:07:24.623 DEBUG org.jbake.parser.MarkupEngine - Header separator found
19:07:24.623 INFO  org.jbake.app.Crawler - Processing [/home/csmajs/jgarc271/git/jbake-testing-and-verification/jbake-core/build/resources/test/fixture/content/projects.html]...  : new 
19:07:24.624 INFO  org.jbake.app.Crawler - Content detected:
19:07:24.624 INFO  org.jbake.app.Crawler - Parsed 3 files of type: page
19:07:24.624 INFO  org.jbake.app.Crawler - Parsed 4 files of type: post
19:07:24.690 INFO  org.jbake.app.Renderer - Rendering masterindex [/tmp/junit1938144740150621710/index.html]... done!
19:07:24.695 INFO  c.o.o.c.s.m.ODirectMemoryStorage - Storage 'memory:/tmp/junit1938144740150621710/documents1583892442159' is created under OrientDB distribution : 3.0.14 - Veloce (build ac128c5a9ba4c6dc9d25a32b92962d8863774423, branch 3.0.x)
19:07:25.286 DEBUG org.jbake.app.ContentStore - Create document class 'page'
19:07:25.310 DEBUG org.jbake.app.ContentStore - Create document class 'post'
19:07:25.336 DEBUG org.jbake.app.ContentStore - Create document class 'masterindex'
19:07:25.365 DEBUG org.jbake.app.ContentStore - Create document class 'archive'
19:07:25.397 DEBUG org.jbake.app.ContentStore - Create document class 'feed'
19:07:25.454 DEBUG org.jbake.parser.MarkupEngine - Type property found
19:07:25.455 DEBUG org.jbake.parser.MarkupEngine - Status property found
19:07:25.455 DEBUG org.jbake.parser.MarkupEngine - Header separator found
19:07:25.455 INFO  org.jbake.app.Crawler - Processing [/home/csmajs/jgarc271/git/jbake-testing-and-verification/jbake-core/build/resources/test/fixture/content/about.html]...  : new 
19:07:25.456 DEBUG org.jbake.parser.MarkupEngine - Type property found
19:07:25.456 DEBUG org.jbake.parser.MarkupEngine - Status property found
19:07:25.456 DEBUG org.jbake.parser.MarkupEngine - Header separator found
19:07:25.469 INFO  org.jbake.app.Crawler - Processing [/home/csmajs/jgarc271/git/jbake-testing-and-verification/jbake-core/build/resources/test/fixture/content/allcontent.html]...  : new 
19:07:25.474 DEBUG org.jbake.parser.MarkupEngine - Type property found
19:07:25.474 DEBUG org.jbake.parser.MarkupEngine - Status property found
19:07:25.474 DEBUG org.jbake.parser.MarkupEngine - Header separator found
19:07:25.474 INFO  org.jbake.app.Crawler - Processing [/home/csmajs/jgarc271/git/jbake-testing-and-verification/jbake-core/build/resources/test/fixture/content/blog/2012/first-post.html]...  : new 
19:07:25.477 DEBUG org.jbake.parser.MarkupEngine - Type property found
19:07:25.477 DEBUG org.jbake.parser.MarkupEngine - Status property found
19:07:25.477 DEBUG org.jbake.parser.MarkupEngine - Header separator found
19:07:25.477 INFO  org.jbake.app.Crawler - Processing [/home/csmajs/jgarc271/git/jbake-testing-and-verification/jbake-core/build/resources/test/fixture/content/blog/2013/second-post.html]...  : new 
19:07:25.479 DEBUG org.jbake.parser.MarkupEngine - Type property found
19:07:25.479 DEBUG org.jbake.parser.MarkupEngine - Status property found
19:07:25.479 DEBUG org.jbake.parser.MarkupEngine - Header separator found
19:07:25.480 INFO  org.jbake.app.Crawler - Processing [/home/csmajs/jgarc271/git/jbake-testing-and-verification/jbake-core/build/resources/test/fixture/content/blog/2016/another-post.html]...  : new 
19:07:25.481 DEBUG org.jbake.parser.MarkupEngine - Type property found
19:07:25.481 DEBUG org.jbake.parser.MarkupEngine - Status property found
19:07:25.481 DEBUG org.jbake.parser.MarkupEngine - Header separator found
19:07:25.481 INFO  org.jbake.app.Crawler - Processing [/home/csmajs/jgarc271/git/jbake-testing-and-verification/jbake-core/build/resources/test/fixture/content/blog/2016/draft-post.html]...  : new 
19:07:25.482 DEBUG org.jbake.parser.MarkupEngine - Header separator found
19:07:25.482 WARN  org.jbake.parser.MarkupEngine - Parsing skipped (missing type or status value in header meta data) for file /home/csmajs/jgarc271/git/jbake-testing-and-verification/jbake-core/build/resources/test/fixture/content/blog/invalid_header.html!
19:07:25.482 WARN  org.jbake.app.Crawler - /home/csmajs/jgarc271/git/jbake-testing-and-verification/jbake-core/build/resources/test/fixture/content/blog/invalid_header.html has an invalid header, it has been ignored!
19:07:25.483 INFO  org.jbake.app.Crawler - Processing [/home/csmajs/jgarc271/git/jbake-testing-and-verification/jbake-core/build/resources/test/fixture/content/blog/invalid_header.html]...  : new 
19:07:25.483 DEBUG org.jbake.parser.MarkupEngine - Type property found
19:07:25.483 DEBUG org.jbake.parser.MarkupEngine - Status property found
19:07:25.483 DEBUG org.jbake.parser.MarkupEngine - Header separator found
19:07:25.484 INFO  org.jbake.app.Crawler - Processing [/home/csmajs/jgarc271/git/jbake-testing-and-verification/jbake-core/build/resources/test/fixture/content/index2.html]...  : new 
19:07:25.486 DEBUG org.jbake.parser.MarkupEngine - Type property found
19:07:25.486 DEBUG org.jbake.parser.MarkupEngine - Status property found
19:07:25.486 DEBUG org.jbake.parser.MarkupEngine - Header separator found
19:07:25.500 INFO  org.jbake.app.Crawler - Processing [/home/csmajs/jgarc271/git/jbake-testing-and-verification/jbake-core/build/resources/test/fixture/content/papers/draft-paper.html]...  : new 
19:07:25.502 DEBUG org.jbake.parser.MarkupEngine - Type property found
19:07:25.502 DEBUG org.jbake.parser.MarkupEngine - Status property found
19:07:25.502 DEBUG org.jbake.parser.MarkupEngine - Header separator found
19:07:25.503 INFO  org.jbake.app.Crawler - Processing [/home/csmajs/jgarc271/git/jbake-testing-and-verification/jbake-core/build/resources/test/fixture/content/papers/published-paper.html]...  : new 
19:07:25.504 DEBUG org.jbake.parser.MarkupEngine - Type property found
19:07:25.504 DEBUG org.jbake.parser.MarkupEngine - Status property found
19:07:25.504 DEBUG org.jbake.parser.MarkupEngine - Header separator found
19:07:25.504 INFO  org.jbake.app.Crawler - Processing [/home/csmajs/jgarc271/git/jbake-testing-and-verification/jbake-core/build/resources/test/fixture/content/projects.html]...  : new 
19:07:25.504 INFO  org.jbake.app.Crawler - Content detected:
19:07:25.504 INFO  org.jbake.app.Crawler - Parsed 3 files of type: page
19:07:25.505 INFO  org.jbake.app.Crawler - Parsed 4 files of type: post
19:07:25.522 INFO  o.j.t.DelegatingTemplateEngine - Default template: tags.ftl was not found, searching for others...
19:07:25.523 INFO  o.j.t.DelegatingTemplateEngine - Found alternative template file: tags.jade using this instead
19:07:25.557 INFO  org.jbake.app.Renderer - Rendering tag [/tmp/junit1938144740150621710/tags/blog.html]... done!
19:07:25.559 INFO  o.j.t.DelegatingTemplateEngine - Default template: tags-index.ftl was not found, searching for others...
19:07:25.560 INFO  o.j.t.DelegatingTemplateEngine - Found alternative template file: tags-index.jade using this instead
19:07:25.588 INFO  org.jbake.app.Renderer - Rendering tagindex [/tmp/junit1938144740150621710/tags/index.html]... done!
19:07:25.592 INFO  c.o.o.c.s.m.ODirectMemoryStorage - Storage 'memory:/tmp/junit1938144740150621710/documents1583892442159' is created under OrientDB distribution : 3.0.14 - Veloce (build ac128c5a9ba4c6dc9d25a32b92962d8863774423, branch 3.0.x)
19:07:26.116 DEBUG org.jbake.app.ContentStore - Create document class 'page'
19:07:26.138 DEBUG org.jbake.app.ContentStore - Create document class 'post'
19:07:26.163 DEBUG org.jbake.app.ContentStore - Create document class 'masterindex'
19:07:26.190 DEBUG org.jbake.app.ContentStore - Create document class 'archive'
19:07:26.221 DEBUG org.jbake.app.ContentStore - Create document class 'feed'
19:07:26.276 DEBUG org.jbake.parser.MarkupEngine - Type property found
19:07:26.276 DEBUG org.jbake.parser.MarkupEngine - Status property found
19:07:26.276 DEBUG org.jbake.parser.MarkupEngine - Header separator found
19:07:26.277 INFO  org.jbake.app.Crawler - Processing [/home/csmajs/jgarc271/git/jbake-testing-and-verification/jbake-core/build/resources/test/fixture/content/about.html]...  : new 
19:07:26.278 DEBUG org.jbake.parser.MarkupEngine - Type property found
19:07:26.278 DEBUG org.jbake.parser.MarkupEngine - Status property found
19:07:26.278 DEBUG org.jbake.parser.MarkupEngine - Header separator found
19:07:26.291 INFO  org.jbake.app.Crawler - Processing [/home/csmajs/jgarc271/git/jbake-testing-and-verification/jbake-core/build/resources/test/fixture/content/allcontent.html]...  : new 
19:07:26.295 DEBUG org.jbake.parser.MarkupEngine - Type property found
19:07:26.295 DEBUG org.jbake.parser.MarkupEngine - Status property found
19:07:26.295 DEBUG org.jbake.parser.MarkupEngine - Header separator found
19:07:26.296 INFO  org.jbake.app.Crawler - Processing [/home/csmajs/jgarc271/git/jbake-testing-and-verification/jbake-core/build/resources/test/fixture/content/blog/2012/first-post.html]...  : new 
19:07:26.298 DEBUG org.jbake.parser.MarkupEngine - Type property found
19:07:26.298 DEBUG org.jbake.parser.MarkupEngine - Status property found
19:07:26.298 DEBUG org.jbake.parser.MarkupEngine - Header separator found
19:07:26.299 INFO  org.jbake.app.Crawler - Processing [/home/csmajs/jgarc271/git/jbake-testing-and-verification/jbake-core/build/resources/test/fixture/content/blog/2013/second-post.html]...  : new 
19:07:26.300 DEBUG org.jbake.parser.MarkupEngine - Type property found
19:07:26.300 DEBUG org.jbake.parser.MarkupEngine - Status property found
19:07:26.300 DEBUG org.jbake.parser.MarkupEngine - Header separator found
19:07:26.301 INFO  org.jbake.app.Crawler - Processing [/home/csmajs/jgarc271/git/jbake-testing-and-verification/jbake-core/build/resources/test/fixture/content/blog/2016/another-post.html]...  : new 
19:07:26.302 DEBUG org.jbake.parser.MarkupEngine - Type property found
19:07:26.302 DEBUG org.jbake.parser.MarkupEngine - Status property found
19:07:26.302 DEBUG org.jbake.parser.MarkupEngine - Header separator found
19:07:26.302 INFO  org.jbake.app.Crawler - Processing [/home/csmajs/jgarc271/git/jbake-testing-and-verification/jbake-core/build/resources/test/fixture/content/blog/2016/draft-post.html]...  : new 
19:07:26.303 DEBUG org.jbake.parser.MarkupEngine - Header separator found
19:07:26.304 WARN  org.jbake.parser.MarkupEngine - Parsing skipped (missing type or status value in header meta data) for file /home/csmajs/jgarc271/git/jbake-testing-and-verification/jbake-core/build/resources/test/fixture/content/blog/invalid_header.html!
19:07:26.304 WARN  org.jbake.app.Crawler - /home/csmajs/jgarc271/git/jbake-testing-and-verification/jbake-core/build/resources/test/fixture/content/blog/invalid_header.html has an invalid header, it has been ignored!
19:07:26.304 INFO  org.jbake.app.Crawler - Processing [/home/csmajs/jgarc271/git/jbake-testing-and-verification/jbake-core/build/resources/test/fixture/content/blog/invalid_header.html]...  : new 
19:07:26.305 DEBUG org.jbake.parser.MarkupEngine - Type property found
19:07:26.305 DEBUG org.jbake.parser.MarkupEngine - Status property found
19:07:26.305 DEBUG org.jbake.parser.MarkupEngine - Header separator found
19:07:26.305 INFO  org.jbake.app.Crawler - Processing [/home/csmajs/jgarc271/git/jbake-testing-and-verification/jbake-core/build/resources/test/fixture/content/index2.html]...  : new 
19:07:26.306 DEBUG org.jbake.parser.MarkupEngine - Type property found
19:07:26.306 DEBUG org.jbake.parser.MarkupEngine - Status property found
19:07:26.306 DEBUG org.jbake.parser.MarkupEngine - Header separator found
19:07:26.321 INFO  org.jbake.app.Crawler - Processing [/home/csmajs/jgarc271/git/jbake-testing-and-verification/jbake-core/build/resources/test/fixture/content/papers/draft-paper.html]...  : new 
19:07:26.323 DEBUG org.jbake.parser.MarkupEngine - Type property found
19:07:26.323 DEBUG org.jbake.parser.MarkupEngine - Status property found
19:07:26.323 DEBUG org.jbake.parser.MarkupEngine - Header separator found
19:07:26.324 INFO  org.jbake.app.Crawler - Processing [/home/csmajs/jgarc271/git/jbake-testing-and-verification/jbake-core/build/resources/test/fixture/content/papers/published-paper.html]...  : new 
19:07:26.325 DEBUG org.jbake.parser.MarkupEngine - Type property found
19:07:26.325 DEBUG org.jbake.parser.MarkupEngine - Status property found
19:07:26.325 DEBUG org.jbake.parser.MarkupEngine - Header separator found
19:07:26.325 INFO  org.jbake.app.Crawler - Processing [/home/csmajs/jgarc271/git/jbake-testing-and-verification/jbake-core/build/resources/test/fixture/content/projects.html]...  : new 
19:07:26.325 INFO  org.jbake.app.Crawler - Content detected:
19:07:26.325 INFO  org.jbake.app.Crawler - Parsed 3 files of type: page
19:07:26.326 INFO  org.jbake.app.Crawler - Parsed 4 files of type: post
19:07:26.361 INFO  org.jbake.app.Renderer - Rendering feed [/tmp/junit1938144740150621710/feed.xml]... done!
19:07:26.365 INFO  c.o.o.c.s.m.ODirectMemoryStorage - Storage 'memory:/tmp/junit1938144740150621710/documents1583892442159' is created under OrientDB distribution : 3.0.14 - Veloce (build ac128c5a9ba4c6dc9d25a32b92962d8863774423, branch 3.0.x)
19:07:26.887 DEBUG org.jbake.app.ContentStore - Create document class 'page'
19:07:26.909 DEBUG org.jbake.app.ContentStore - Create document class 'post'
19:07:26.934 DEBUG org.jbake.app.ContentStore - Create document class 'masterindex'
19:07:26.961 DEBUG org.jbake.app.ContentStore - Create document class 'archive'
19:07:26.992 DEBUG org.jbake.app.ContentStore - Create document class 'feed'
19:07:27.047 DEBUG org.jbake.parser.MarkupEngine - Type property found
19:07:27.047 DEBUG org.jbake.parser.MarkupEngine - Status property found
19:07:27.047 DEBUG org.jbake.parser.MarkupEngine - Header separator found
19:07:27.048 INFO  org.jbake.app.Crawler - Processing [/home/csmajs/jgarc271/git/jbake-testing-and-verification/jbake-core/build/resources/test/fixture/content/about.html]...  : new 
19:07:27.049 DEBUG org.jbake.parser.MarkupEngine - Type property found
19:07:27.049 DEBUG org.jbake.parser.MarkupEngine - Status property found
19:07:27.049 DEBUG org.jbake.parser.MarkupEngine - Header separator found
19:07:27.062 INFO  org.jbake.app.Crawler - Processing [/home/csmajs/jgarc271/git/jbake-testing-and-verification/jbake-core/build/resources/test/fixture/content/allcontent.html]...  : new 
19:07:27.066 DEBUG org.jbake.parser.MarkupEngine - Type property found
19:07:27.066 DEBUG org.jbake.parser.MarkupEngine - Status property found
19:07:27.066 DEBUG org.jbake.parser.MarkupEngine - Header separator found
19:07:27.067 INFO  org.jbake.app.Crawler - Processing [/home/csmajs/jgarc271/git/jbake-testing-and-verification/jbake-core/build/resources/test/fixture/content/blog/2012/first-post.html]...  : new 
19:07:27.069 DEBUG org.jbake.parser.MarkupEngine - Type property found
19:07:27.070 DEBUG org.jbake.parser.MarkupEngine - Status property found
19:07:27.070 DEBUG org.jbake.parser.MarkupEngine - Header separator found
19:07:27.070 INFO  org.jbake.app.Crawler - Processing [/home/csmajs/jgarc271/git/jbake-testing-and-verification/jbake-core/build/resources/test/fixture/content/blog/2013/second-post.html]...  : new 
19:07:27.072 DEBUG org.jbake.parser.MarkupEngine - Type property found
19:07:27.072 DEBUG org.jbake.parser.MarkupEngine - Status property found
19:07:27.072 DEBUG org.jbake.parser.MarkupEngine - Header separator found
19:07:27.072 INFO  org.jbake.app.Crawler - Processing [/home/csmajs/jgarc271/git/jbake-testing-and-verification/jbake-core/build/resources/test/fixture/content/blog/2016/another-post.html]...  : new 
19:07:27.073 DEBUG org.jbake.parser.MarkupEngine - Type property found
19:07:27.073 DEBUG org.jbake.parser.MarkupEngine - Status property found
19:07:27.073 DEBUG org.jbake.parser.MarkupEngine - Header separator found
19:07:27.074 INFO  org.jbake.app.Crawler - Processing [/home/csmajs/jgarc271/git/jbake-testing-and-verification/jbake-core/build/resources/test/fixture/content/blog/2016/draft-post.html]...  : new 
19:07:27.075 DEBUG org.jbake.parser.MarkupEngine - Header separator found
19:07:27.075 WARN  org.jbake.parser.MarkupEngine - Parsing skipped (missing type or status value in header meta data) for file /home/csmajs/jgarc271/git/jbake-testing-and-verification/jbake-core/build/resources/test/fixture/content/blog/invalid_header.html!
19:07:27.075 WARN  org.jbake.app.Crawler - /home/csmajs/jgarc271/git/jbake-testing-and-verification/jbake-core/build/resources/test/fixture/content/blog/invalid_header.html has an invalid header, it has been ignored!
19:07:27.075 INFO  org.jbake.app.Crawler - Processing [/home/csmajs/jgarc271/git/jbake-testing-and-verification/jbake-core/build/resources/test/fixture/content/blog/invalid_header.html]...  : new 
19:07:27.076 DEBUG org.jbake.parser.MarkupEngine - Type property found
19:07:27.076 DEBUG org.jbake.parser.MarkupEngine - Status property found
19:07:27.076 DEBUG org.jbake.parser.MarkupEngine - Header separator found
19:07:27.076 INFO  org.jbake.app.Crawler - Processing [/home/csmajs/jgarc271/git/jbake-testing-and-verification/jbake-core/build/resources/test/fixture/content/index2.html]...  : new 
19:07:27.078 DEBUG org.jbake.parser.MarkupEngine - Type property found
19:07:27.078 DEBUG org.jbake.parser.MarkupEngine - Status property found
19:07:27.078 DEBUG org.jbake.parser.MarkupEngine - Header separator found
19:07:27.092 INFO  org.jbake.app.Crawler - Processing [/home/csmajs/jgarc271/git/jbake-testing-and-verification/jbake-core/build/resources/test/fixture/content/papers/draft-paper.html]...  : new 
19:07:27.094 DEBUG org.jbake.parser.MarkupEngine - Type property found
19:07:27.094 DEBUG org.jbake.parser.MarkupEngine - Status property found
19:07:27.094 DEBUG org.jbake.parser.MarkupEngine - Header separator found
19:07:27.095 INFO  org.jbake.app.Crawler - Processing [/home/csmajs/jgarc271/git/jbake-testing-and-verification/jbake-core/build/resources/test/fixture/content/papers/published-paper.html]...  : new 
19:07:27.096 DEBUG org.jbake.parser.MarkupEngine - Type property found
19:07:27.096 DEBUG org.jbake.parser.MarkupEngine - Status property found
19:07:27.096 DEBUG org.jbake.parser.MarkupEngine - Header separator found
19:07:27.096 INFO  org.jbake.app.Crawler - Processing [/home/csmajs/jgarc271/git/jbake-testing-and-verification/jbake-core/build/resources/test/fixture/content/projects.html]...  : new 
19:07:27.096 INFO  org.jbake.app.Crawler - Content detected:
19:07:27.096 INFO  org.jbake.app.Crawler - Parsed 3 files of type: page
19:07:27.096 INFO  org.jbake.app.Crawler - Parsed 4 files of type: post
19:07:27.108 DEBUG org.jbake.parser.MarkupEngine - Type property found
19:07:27.108 DEBUG org.jbake.parser.MarkupEngine - Status property found
19:07:27.108 DEBUG org.jbake.parser.MarkupEngine - Header separator found
19:07:27.154 INFO  org.jbake.app.Renderer - Rendering [/tmp/junit1938144740150621710/about.html]... done!
19:07:27.158 INFO  c.o.o.c.s.m.ODirectMemoryStorage - Storage 'memory:/tmp/junit1938144740150621710/documents1583892442159' is created under OrientDB distribution : 3.0.14 - Veloce (build ac128c5a9ba4c6dc9d25a32b92962d8863774423, branch 3.0.x)
19:07:27.681 DEBUG org.jbake.app.ContentStore - Create document class 'page'
19:07:27.704 DEBUG org.jbake.app.ContentStore - Create document class 'post'
19:07:27.730 DEBUG org.jbake.app.ContentStore - Create document class 'masterindex'
19:07:27.759 DEBUG org.jbake.app.ContentStore - Create document class 'archive'
19:07:27.792 DEBUG org.jbake.app.ContentStore - Create document class 'feed'
19:07:27.850 DEBUG org.jbake.parser.MarkupEngine - Type property found
19:07:27.850 DEBUG org.jbake.parser.MarkupEngine - Status property found
19:07:27.850 DEBUG org.jbake.parser.MarkupEngine - Header separator found
19:07:27.850 INFO  org.jbake.app.Crawler - Processing [/home/csmajs/jgarc271/git/jbake-testing-and-verification/jbake-core/build/resources/test/fixture/content/about.html]...  : new 
19:07:27.851 DEBUG org.jbake.parser.MarkupEngine - Type property found
19:07:27.851 DEBUG org.jbake.parser.MarkupEngine - Status property found
19:07:27.851 DEBUG org.jbake.parser.MarkupEngine - Header separator found
19:07:27.864 INFO  org.jbake.app.Crawler - Processing [/home/csmajs/jgarc271/git/jbake-testing-and-verification/jbake-core/build/resources/test/fixture/content/allcontent.html]...  : new 
19:07:27.869 DEBUG org.jbake.parser.MarkupEngine - Type property found
19:07:27.869 DEBUG org.jbake.parser.MarkupEngine - Status property found
19:07:27.869 DEBUG org.jbake.parser.MarkupEngine - Header separator found
19:07:27.869 INFO  org.jbake.app.Crawler - Processing [/home/csmajs/jgarc271/git/jbake-testing-and-verification/jbake-core/build/resources/test/fixture/content/blog/2012/first-post.html]...  : new 
19:07:27.871 DEBUG org.jbake.parser.MarkupEngine - Type property found
19:07:27.872 DEBUG org.jbake.parser.MarkupEngine - Status property found
19:07:27.872 DEBUG org.jbake.parser.MarkupEngine - Header separator found
19:07:27.872 INFO  org.jbake.app.Crawler - Processing [/home/csmajs/jgarc271/git/jbake-testing-and-verification/jbake-core/build/resources/test/fixture/content/blog/2013/second-post.html]...  : new 
19:07:27.873 DEBUG org.jbake.parser.MarkupEngine - Type property found
19:07:27.873 DEBUG org.jbake.parser.MarkupEngine - Status property found
19:07:27.873 DEBUG org.jbake.parser.MarkupEngine - Header separator found
19:07:27.874 INFO  org.jbake.app.Crawler - Processing [/home/csmajs/jgarc271/git/jbake-testing-and-verification/jbake-core/build/resources/test/fixture/content/blog/2016/another-post.html]...  : new 
19:07:27.875 DEBUG org.jbake.parser.MarkupEngine - Type property found
19:07:27.875 DEBUG org.jbake.parser.MarkupEngine - Status property found
19:07:27.875 DEBUG org.jbake.parser.MarkupEngine - Header separator found
19:07:27.876 INFO  org.jbake.app.Crawler - Processing [/home/csmajs/jgarc271/git/jbake-testing-and-verification/jbake-core/build/resources/test/fixture/content/blog/2016/draft-post.html]...  : new 
19:07:27.877 DEBUG org.jbake.parser.MarkupEngine - Header separator found
19:07:27.877 WARN  org.jbake.parser.MarkupEngine - Parsing skipped (missing type or status value in header meta data) for file /home/csmajs/jgarc271/git/jbake-testing-and-verification/jbake-core/build/resources/test/fixture/content/blog/invalid_header.html!
19:07:27.877 WARN  org.jbake.app.Crawler - /home/csmajs/jgarc271/git/jbake-testing-and-verification/jbake-core/build/resources/test/fixture/content/blog/invalid_header.html has an invalid header, it has been ignored!
19:07:27.877 INFO  org.jbake.app.Crawler - Processing [/home/csmajs/jgarc271/git/jbake-testing-and-verification/jbake-core/build/resources/test/fixture/content/blog/invalid_header.html]...  : new 
19:07:27.878 DEBUG org.jbake.parser.MarkupEngine - Type property found
19:07:27.878 DEBUG org.jbake.parser.MarkupEngine - Status property found
19:07:27.878 DEBUG org.jbake.parser.MarkupEngine - Header separator found
19:07:27.878 INFO  org.jbake.app.Crawler - Processing [/home/csmajs/jgarc271/git/jbake-testing-and-verification/jbake-core/build/resources/test/fixture/content/index2.html]...  : new 
19:07:27.879 DEBUG org.jbake.parser.MarkupEngine - Type property found
19:07:27.880 DEBUG org.jbake.parser.MarkupEngine - Status property found
19:07:27.880 DEBUG org.jbake.parser.MarkupEngine - Header separator found
19:07:27.894 INFO  org.jbake.app.Crawler - Processing [/home/csmajs/jgarc271/git/jbake-testing-and-verification/jbake-core/build/resources/test/fixture/content/papers/draft-paper.html]...  : new 
19:07:27.896 DEBUG org.jbake.parser.MarkupEngine - Type property found
19:07:27.896 DEBUG org.jbake.parser.MarkupEngine - Status property found
19:07:27.896 DEBUG org.jbake.parser.MarkupEngine - Header separator found
19:07:27.896 INFO  org.jbake.app.Crawler - Processing [/home/csmajs/jgarc271/git/jbake-testing-and-verification/jbake-core/build/resources/test/fixture/content/papers/published-paper.html]...  : new 
19:07:27.898 DEBUG org.jbake.parser.MarkupEngine - Type property found
19:07:27.898 DEBUG org.jbake.parser.MarkupEngine - Status property found
19:07:27.898 DEBUG org.jbake.parser.MarkupEngine - Header separator found
19:07:27.898 INFO  org.jbake.app.Crawler - Processing [/home/csmajs/jgarc271/git/jbake-testing-and-verification/jbake-core/build/resources/test/fixture/content/projects.html]...  : new 
19:07:27.898 INFO  org.jbake.app.Crawler - Content detected:
19:07:27.898 INFO  org.jbake.app.Crawler - Parsed 3 files of type: page
19:07:27.898 INFO  org.jbake.app.Crawler - Parsed 4 files of type: post
19:07:27.910 DEBUG org.jbake.parser.MarkupEngine - Type property found
19:07:27.910 DEBUG org.jbake.parser.MarkupEngine - Status property found
19:07:27.910 DEBUG org.jbake.parser.MarkupEngine - Header separator found
19:07:27.953 INFO  org.jbake.app.Renderer - Rendering [/tmp/junit1938144740150621710/second-post.html]... done!
19:07:27.957 INFO  c.o.o.c.s.m.ODirectMemoryStorage - Storage 'memory:/tmp/junit1938144740150621710/documents1583892442159' is created under OrientDB distribution : 3.0.14 - Veloce (build ac128c5a9ba4c6dc9d25a32b92962d8863774423, branch 3.0.x)
19:07:28.478 DEBUG org.jbake.app.ContentStore - Create document class 'page'
19:07:28.500 DEBUG org.jbake.app.ContentStore - Create document class 'post'
19:07:28.526 DEBUG org.jbake.app.ContentStore - Create document class 'masterindex'
19:07:28.554 DEBUG org.jbake.app.ContentStore - Create document class 'archive'
19:07:28.585 DEBUG org.jbake.app.ContentStore - Create document class 'feed'
19:07:28.640 DEBUG org.jbake.parser.MarkupEngine - Type property found
19:07:28.640 DEBUG org.jbake.parser.MarkupEngine - Status property found
19:07:28.640 DEBUG org.jbake.parser.MarkupEngine - Header separator found
19:07:28.641 INFO  org.jbake.app.Crawler - Processing [/home/csmajs/jgarc271/git/jbake-testing-and-verification/jbake-core/build/resources/test/fixture/content/about.html]...  : new 
19:07:28.642 DEBUG org.jbake.parser.MarkupEngine - Type property found
19:07:28.642 DEBUG org.jbake.parser.MarkupEngine - Status property found
19:07:28.642 DEBUG org.jbake.parser.MarkupEngine - Header separator found
19:07:28.655 INFO  org.jbake.app.Crawler - Processing [/home/csmajs/jgarc271/git/jbake-testing-and-verification/jbake-core/build/resources/test/fixture/content/allcontent.html]...  : new 
19:07:28.659 DEBUG org.jbake.parser.MarkupEngine - Type property found
19:07:28.659 DEBUG org.jbake.parser.MarkupEngine - Status property found
19:07:28.659 DEBUG org.jbake.parser.MarkupEngine - Header separator found
19:07:28.659 INFO  org.jbake.app.Crawler - Processing [/home/csmajs/jgarc271/git/jbake-testing-and-verification/jbake-core/build/resources/test/fixture/content/blog/2012/first-post.html]...  : new 
19:07:28.662 DEBUG org.jbake.parser.MarkupEngine - Type property found
19:07:28.662 DEBUG org.jbake.parser.MarkupEngine - Status property found
19:07:28.662 DEBUG org.jbake.parser.MarkupEngine - Header separator found
19:07:28.662 INFO  org.jbake.app.Crawler - Processing [/home/csmajs/jgarc271/git/jbake-testing-and-verification/jbake-core/build/resources/test/fixture/content/blog/2013/second-post.html]...  : new 
19:07:28.664 DEBUG org.jbake.parser.MarkupEngine - Type property found
19:07:28.664 DEBUG org.jbake.parser.MarkupEngine - Status property found
19:07:28.664 DEBUG org.jbake.parser.MarkupEngine - Header separator found
19:07:28.664 INFO  org.jbake.app.Crawler - Processing [/home/csmajs/jgarc271/git/jbake-testing-and-verification/jbake-core/build/resources/test/fixture/content/blog/2016/another-post.html]...  : new 
19:07:28.665 DEBUG org.jbake.parser.MarkupEngine - Type property found
19:07:28.665 DEBUG org.jbake.parser.MarkupEngine - Status property found
19:07:28.665 DEBUG org.jbake.parser.MarkupEngine - Header separator found
19:07:28.666 INFO  org.jbake.app.Crawler - Processing [/home/csmajs/jgarc271/git/jbake-testing-and-verification/jbake-core/build/resources/test/fixture/content/blog/2016/draft-post.html]...  : new 
19:07:28.667 DEBUG org.jbake.parser.MarkupEngine - Header separator found
19:07:28.667 WARN  org.jbake.parser.MarkupEngine - Parsing skipped (missing type or status value in header meta data) for file /home/csmajs/jgarc271/git/jbake-testing-and-verification/jbake-core/build/resources/test/fixture/content/blog/invalid_header.html!
19:07:28.667 WARN  org.jbake.app.Crawler - /home/csmajs/jgarc271/git/jbake-testing-and-verification/jbake-core/build/resources/test/fixture/content/blog/invalid_header.html has an invalid header, it has been ignored!
19:07:28.667 INFO  org.jbake.app.Crawler - Processing [/home/csmajs/jgarc271/git/jbake-testing-and-verification/jbake-core/build/resources/test/fixture/content/blog/invalid_header.html]...  : new 
19:07:28.668 DEBUG org.jbake.parser.MarkupEngine - Type property found
19:07:28.668 DEBUG org.jbake.parser.MarkupEngine - Status property found
19:07:28.668 DEBUG org.jbake.parser.MarkupEngine - Header separator found
19:07:28.668 INFO  org.jbake.app.Crawler - Processing [/home/csmajs/jgarc271/git/jbake-testing-and-verification/jbake-core/build/resources/test/fixture/content/index2.html]...  : new 
19:07:28.670 DEBUG org.jbake.parser.MarkupEngine - Type property found
19:07:28.670 DEBUG org.jbake.parser.MarkupEngine - Status property found
19:07:28.670 DEBUG org.jbake.parser.MarkupEngine - Header separator found
19:07:28.684 INFO  org.jbake.app.Crawler - Processing [/home/csmajs/jgarc271/git/jbake-testing-and-verification/jbake-core/build/resources/test/fixture/content/papers/draft-paper.html]...  : new 
19:07:28.686 DEBUG org.jbake.parser.MarkupEngine - Type property found
19:07:28.686 DEBUG org.jbake.parser.MarkupEngine - Status property found
19:07:28.686 DEBUG org.jbake.parser.MarkupEngine - Header separator found
19:07:28.687 INFO  org.jbake.app.Crawler - Processing [/home/csmajs/jgarc271/git/jbake-testing-and-verification/jbake-core/build/resources/test/fixture/content/papers/published-paper.html]...  : new 
19:07:28.688 DEBUG org.jbake.parser.MarkupEngine - Type property found
19:07:28.688 DEBUG org.jbake.parser.MarkupEngine - Status property found
19:07:28.688 DEBUG org.jbake.parser.MarkupEngine - Header separator found
19:07:28.688 INFO  org.jbake.app.Crawler - Processing [/home/csmajs/jgarc271/git/jbake-testing-and-verification/jbake-core/build/resources/test/fixture/content/projects.html]...  : new 
19:07:28.688 INFO  org.jbake.app.Crawler - Content detected:
19:07:28.688 INFO  org.jbake.app.Crawler - Parsed 3 files of type: page
19:07:28.688 INFO  org.jbake.app.Crawler - Parsed 4 files of type: post
19:07:28.705 INFO  o.j.t.DelegatingTemplateEngine - Default template: tags.ftl was not found, searching for others...
19:07:28.705 INFO  o.j.t.DelegatingTemplateEngine - Found alternative template file: tags.jade using this instead
19:07:28.744 INFO  org.jbake.app.Renderer - Rendering tag [/tmp/junit1938144740150621710/tags/blog.html]... done!
19:07:28.746 INFO  o.j.t.DelegatingTemplateEngine - Default template: tags-index.ftl was not found, searching for others...
19:07:28.746 INFO  o.j.t.DelegatingTemplateEngine - Found alternative template file: tags-index.jade using this instead
19:07:28.768 INFO  org.jbake.app.Renderer - Rendering tagindex [/tmp/junit1938144740150621710/tags/index.html]... done!
19:07:28.772 INFO  c.o.o.c.s.m.ODirectMemoryStorage - Storage 'memory:/tmp/junit1938144740150621710/documents1583892442159' is created under OrientDB distribution : 3.0.14 - Veloce (build ac128c5a9ba4c6dc9d25a32b92962d8863774423, branch 3.0.x)
19:07:29.293 DEBUG org.jbake.app.ContentStore - Create document class 'page'
19:07:29.315 DEBUG org.jbake.app.ContentStore - Create document class 'post'
19:07:29.341 DEBUG org.jbake.app.ContentStore - Create document class 'masterindex'
19:07:29.370 DEBUG org.jbake.app.ContentStore - Create document class 'archive'
19:07:29.401 DEBUG org.jbake.app.ContentStore - Create document class 'feed'
19:07:29.458 DEBUG org.jbake.parser.MarkupEngine - Type property found
19:07:29.458 DEBUG org.jbake.parser.MarkupEngine - Status property found
19:07:29.458 DEBUG org.jbake.parser.MarkupEngine - Header separator found
19:07:29.459 INFO  org.jbake.app.Crawler - Processing [/home/csmajs/jgarc271/git/jbake-testing-and-verification/jbake-core/build/resources/test/fixture/content/about.html]...  : new 
19:07:29.460 DEBUG org.jbake.parser.MarkupEngine - Type property found
19:07:29.460 DEBUG org.jbake.parser.MarkupEngine - Status property found
19:07:29.460 DEBUG org.jbake.parser.MarkupEngine - Header separator found
19:07:29.473 INFO  org.jbake.app.Crawler - Processing [/home/csmajs/jgarc271/git/jbake-testing-and-verification/jbake-core/build/resources/test/fixture/content/allcontent.html]...  : new 
19:07:29.477 DEBUG org.jbake.parser.MarkupEngine - Type property found
19:07:29.477 DEBUG org.jbake.parser.MarkupEngine - Status property found
19:07:29.477 DEBUG org.jbake.parser.MarkupEngine - Header separator found
19:07:29.477 INFO  org.jbake.app.Crawler - Processing [/home/csmajs/jgarc271/git/jbake-testing-and-verification/jbake-core/build/resources/test/fixture/content/blog/2012/first-post.html]...  : new 
19:07:29.480 DEBUG org.jbake.parser.MarkupEngine - Type property found
19:07:29.480 DEBUG org.jbake.parser.MarkupEngine - Status property found
19:07:29.480 DEBUG org.jbake.parser.MarkupEngine - Header separator found
19:07:29.480 INFO  org.jbake.app.Crawler - Processing [/home/csmajs/jgarc271/git/jbake-testing-and-verification/jbake-core/build/resources/test/fixture/content/blog/2013/second-post.html]...  : new 
19:07:29.482 DEBUG org.jbake.parser.MarkupEngine - Type property found
19:07:29.482 DEBUG org.jbake.parser.MarkupEngine - Status property found
19:07:29.482 DEBUG org.jbake.parser.MarkupEngine - Header separator found
19:07:29.482 INFO  org.jbake.app.Crawler - Processing [/home/csmajs/jgarc271/git/jbake-testing-and-verification/jbake-core/build/resources/test/fixture/content/blog/2016/another-post.html]...  : new 
19:07:29.483 DEBUG org.jbake.parser.MarkupEngine - Type property found
19:07:29.483 DEBUG org.jbake.parser.MarkupEngine - Status property found
19:07:29.483 DEBUG org.jbake.parser.MarkupEngine - Header separator found
19:07:29.484 INFO  org.jbake.app.Crawler - Processing [/home/csmajs/jgarc271/git/jbake-testing-and-verification/jbake-core/build/resources/test/fixture/content/blog/2016/draft-post.html]...  : new 
19:07:29.485 DEBUG org.jbake.parser.MarkupEngine - Header separator found
19:07:29.485 WARN  org.jbake.parser.MarkupEngine - Parsing skipped (missing type or status value in header meta data) for file /home/csmajs/jgarc271/git/jbake-testing-and-verification/jbake-core/build/resources/test/fixture/content/blog/invalid_header.html!
19:07:29.485 WARN  org.jbake.app.Crawler - /home/csmajs/jgarc271/git/jbake-testing-and-verification/jbake-core/build/resources/test/fixture/content/blog/invalid_header.html has an invalid header, it has been ignored!
19:07:29.485 INFO  org.jbake.app.Crawler - Processing [/home/csmajs/jgarc271/git/jbake-testing-and-verification/jbake-core/build/resources/test/fixture/content/blog/invalid_header.html]...  : new 
19:07:29.486 DEBUG org.jbake.parser.MarkupEngine - Type property found
19:07:29.486 DEBUG org.jbake.parser.MarkupEngine - Status property found
19:07:29.486 DEBUG org.jbake.parser.MarkupEngine - Header separator found
19:07:29.486 INFO  org.jbake.app.Crawler - Processing [/home/csmajs/jgarc271/git/jbake-testing-and-verification/jbake-core/build/resources/test/fixture/content/index2.html]...  : new 
19:07:29.487 DEBUG org.jbake.parser.MarkupEngine - Type property found
19:07:29.487 DEBUG org.jbake.parser.MarkupEngine - Status property found
19:07:29.488 DEBUG org.jbake.parser.MarkupEngine - Header separator found
19:07:29.502 INFO  org.jbake.app.Crawler - Processing [/home/csmajs/jgarc271/git/jbake-testing-and-verification/jbake-core/build/resources/test/fixture/content/papers/draft-paper.html]...  : new 
19:07:29.504 DEBUG org.jbake.parser.MarkupEngine - Type property found
19:07:29.504 DEBUG org.jbake.parser.MarkupEngine - Status property found
19:07:29.504 DEBUG org.jbake.parser.MarkupEngine - Header separator found
19:07:29.504 INFO  org.jbake.app.Crawler - Processing [/home/csmajs/jgarc271/git/jbake-testing-and-verification/jbake-core/build/resources/test/fixture/content/papers/published-paper.html]...  : new 
19:07:29.506 DEBUG org.jbake.parser.MarkupEngine - Type property found
19:07:29.506 DEBUG org.jbake.parser.MarkupEngine - Status property found
19:07:29.506 DEBUG org.jbake.parser.MarkupEngine - Header separator found
19:07:29.506 INFO  org.jbake.app.Crawler - Processing [/home/csmajs/jgarc271/git/jbake-testing-and-verification/jbake-core/build/resources/test/fixture/content/projects.html]...  : new 
19:07:29.506 INFO  org.jbake.app.Crawler - Content detected:
19:07:29.506 INFO  org.jbake.app.Crawler - Parsed 3 files of type: page
19:07:29.506 INFO  org.jbake.app.Crawler - Parsed 4 files of type: post
19:07:29.517 INFO  org.jbake.template.ModelExtractors - register new extractors for document type: paper
19:07:29.520 INFO  o.j.t.DelegatingTemplateEngine - Default template: sitemap.ftl was not found, searching for others...
19:07:29.521 INFO  o.j.t.DelegatingTemplateEngine - Found alternative template file: sitemap.jade using this instead
19:07:29.547 INFO  org.jbake.app.Renderer - Rendering sitemap [/tmp/junit1938144740150621710/sitemap.xml]... done!
]]></system-out>
  <system-err><![CDATA[]]></system-err>
</testsuite>
