<?xml version="1.0" encoding="UTF-8"?>
<testsuite name="org.jbake.render.ArchiveRendererTest" tests="5" skipped="0" failures="0" errors="0" timestamp="2020-03-13T01:41:15" hostname="bolt.cs.ucr.edu" time="0.004">
  <properties/>
  <testcase name="returnsOneWhenConfigRendersArchives" classname="org.jbake.render.ArchiveRendererTest" time="0.001"/>
  <testcase name="doesNotRenderWhenConfigDoesNotRenderArchives" classname="org.jbake.render.ArchiveRendererTest" time="0.001"/>
  <testcase name="doesRenderWhenConfigDoesRenderArchives" classname="org.jbake.render.ArchiveRendererTest" time="0.001"/>
  <testcase name="propogatesRenderingException" classname="org.jbake.render.ArchiveRendererTest" time="0.001"/>
  <testcase name="returnsZeroWhenConfigDoesNotRenderArchives" classname="org.jbake.render.ArchiveRendererTest" time="0.0"/>
  <system-out><![CDATA[]]></system-out>
  <system-err><![CDATA[]]></system-err>
</testsuite>
