<?xml version="1.0" encoding="UTF-8"?>
<testsuite name="org.jbake.render.RendererTest" tests="1" skipped="0" failures="0" errors="0" timestamp="2020-03-13T04:43:01" hostname="bolt.cs.ucr.edu" time="0.006">
  <properties/>
  <testcase name="testRenderFileWorksWhenPathHasDotInButFileDoesNot" classname="org.jbake.render.RendererTest" time="0.006"/>
  <system-out><![CDATA[21:43:01.128 INFO  org.jbake.app.Renderer - Rendering [/tmp/junit8650791732426093397/output/real.path/about]... done!
]]></system-out>
  <system-err><![CDATA[]]></system-err>
</testsuite>
