<?xml version="1.0" encoding="UTF-8"?>
<testsuite name="org.jbake.render.TagsRendererTest" tests="5" skipped="0" failures="0" errors="0" timestamp="2020-03-11T02:06:46" hostname="bolt.cs.ucr.edu" time="0.27">
  <properties/>
  <testcase name="returnsZeroWhenConfigDoesNotRenderTags" classname="org.jbake.render.TagsRendererTest" time="0.263"/>
  <testcase name="doesNotRenderWhenConfigDoesNotRenderTags" classname="org.jbake.render.TagsRendererTest" time="0.001"/>
  <testcase name="doesRenderWhenConfigDoesRenderIndices" classname="org.jbake.render.TagsRendererTest" time="0.002"/>
  <testcase name="returnsOneWhenConfigRendersIndices" classname="org.jbake.render.TagsRendererTest" time="0.0"/>
  <testcase name="propogatesRenderingException" classname="org.jbake.render.TagsRendererTest" time="0.003"/>
  <system-out><![CDATA[]]></system-out>
  <system-err><![CDATA[]]></system-err>
</testsuite>
