<?xml version="1.0" encoding="UTF-8"?>
<testsuite name="org.jbake.util.HtmlUtilTest" tests="10" skipped="0" failures="0" errors="0" timestamp="2020-03-11T02:06:46" hostname="bolt.cs.ucr.edu" time="0.18">
  <properties/>
  <testcase name="shouldAddContentPathForCurrentDirectory" classname="org.jbake.util.HtmlUtilTest" time="0.153"/>
  <testcase name="shouldNotChangeForHTTPS" classname="org.jbake.util.HtmlUtilTest" time="0.003"/>
  <testcase name="shouldNotAddRootPathForNoExtension" classname="org.jbake.util.HtmlUtilTest" time="0.003"/>
  <testcase name="shouldAddContentPath" classname="org.jbake.util.HtmlUtilTest" time="0.003"/>
  <testcase name="shouldNotAddRootPath" classname="org.jbake.util.HtmlUtilTest" time="0.003"/>
  <testcase name="shouldNotAddSiteHost" classname="org.jbake.util.HtmlUtilTest" time="0.003"/>
  <testcase name="shouldAddContentPathForNoExtension" classname="org.jbake.util.HtmlUtilTest" time="0.002"/>
  <testcase name="shouldNotAddBodyHTMLElement" classname="org.jbake.util.HtmlUtilTest" time="0.002"/>
  <testcase name="shouldNotChangeForHTTP" classname="org.jbake.util.HtmlUtilTest" time="0.003"/>
  <testcase name="shouldAddSiteHostWithRelativeImageToDocument" classname="org.jbake.util.HtmlUtilTest" time="0.003"/>
  <system-out><![CDATA[]]></system-out>
  <system-err><![CDATA[]]></system-err>
</testsuite>
