<?xml version="1.0" encoding="UTF-8"?>
<testsuite name="org.jbake.render.RendererTest" tests="1" skipped="0" failures="0" errors="0" timestamp="2020-03-11T02:06:46" hostname="bolt.cs.ucr.edu" time="0.005">
  <properties/>
  <testcase name="testRenderFileWorksWhenPathHasDotInButFileDoesNot" classname="org.jbake.render.RendererTest" time="0.005"/>
  <system-out><![CDATA[19:06:46.538 INFO  org.jbake.app.Renderer - Rendering [/tmp/junit3242297683722547351/output/real.path/about]... done!
]]></system-out>
  <system-err><![CDATA[]]></system-err>
</testsuite>
