<?xml version="1.0" encoding="UTF-8"?>
<testsuite name="org.jbake.app.template.FreemarkerTemplateEngineRenderingTest" tests="11" skipped="0" failures="0" errors="0" timestamp="2020-03-13T01:41:29" hostname="bolt.cs.ucr.edu" time="14.488">
  <properties/>
  <testcase name="renderPaginatedIndex" classname="org.jbake.app.template.FreemarkerTemplateEngineRenderingTest" time="1.617"/>
  <testcase name="shouldFallbackToRenderSingleIndexIfNoPostArePresent" classname="org.jbake.app.template.FreemarkerTemplateEngineRenderingTest" time="1.159"/>
  <testcase name="renderIndex" classname="org.jbake.app.template.FreemarkerTemplateEngineRenderingTest" time="1.312"/>
  <testcase name="renderArchive" classname="org.jbake.app.template.FreemarkerTemplateEngineRenderingTest" time="1.299"/>
  <testcase name="checkDbTemplateModelIsPopulated" classname="org.jbake.app.template.FreemarkerTemplateEngineRenderingTest" time="1.31"/>
  <testcase name="renderTagsIndex" classname="org.jbake.app.template.FreemarkerTemplateEngineRenderingTest" time="1.352"/>
  <testcase name="renderFeed" classname="org.jbake.app.template.FreemarkerTemplateEngineRenderingTest" time="1.285"/>
  <testcase name="renderPage" classname="org.jbake.app.template.FreemarkerTemplateEngineRenderingTest" time="1.273"/>
  <testcase name="renderPost" classname="org.jbake.app.template.FreemarkerTemplateEngineRenderingTest" time="1.293"/>
  <testcase name="renderTags" classname="org.jbake.app.template.FreemarkerTemplateEngineRenderingTest" time="1.291"/>
  <testcase name="renderSitemap" classname="org.jbake.app.template.FreemarkerTemplateEngineRenderingTest" time="1.297"/>
  <system-out><![CDATA[18:41:29.901 INFO  c.o.o.c.s.m.ODirectMemoryStorage - Storage 'memory:/tmp/junit216538728363467265/documents1584063689900' is created under OrientDB distribution : 3.0.14 - Veloce (build ac128c5a9ba4c6dc9d25a32b92962d8863774423, branch 3.0.x)
18:41:30.799 DEBUG org.jbake.app.ContentStore - Create document class 'page'
18:41:30.825 DEBUG org.jbake.app.ContentStore - Create document class 'post'
18:41:30.852 DEBUG org.jbake.app.ContentStore - Create document class 'masterindex'
18:41:30.882 DEBUG org.jbake.app.ContentStore - Create document class 'archive'
18:41:30.916 DEBUG org.jbake.app.ContentStore - Create document class 'feed'
18:41:30.953 DEBUG org.jbake.app.ContentStore - Create document class 'allcontent'
18:41:30.992 DEBUG org.jbake.app.ContentStore - Create document class 'tag'
18:41:31.034 DEBUG org.jbake.app.ContentStore - Create document class 'tagsindex'
18:41:31.081 DEBUG org.jbake.app.ContentStore - Create document class 'sitemap'
18:41:31.189 DEBUG org.jbake.parser.MarkupEngine - Type property found
18:41:31.189 DEBUG org.jbake.parser.MarkupEngine - Status property found
18:41:31.189 DEBUG org.jbake.parser.MarkupEngine - Header separator found
18:41:31.191 INFO  org.jbake.app.Crawler - Processing [/home/csmajs/jgarc271/git/jbake-testing-and-verification/jbake-core/build/resources/test/fixture/content/about.html]...  : new 
18:41:31.194 DEBUG org.jbake.parser.MarkupEngine - Type property found
18:41:31.194 DEBUG org.jbake.parser.MarkupEngine - Status property found
18:41:31.194 DEBUG org.jbake.parser.MarkupEngine - Header separator found
18:41:31.195 INFO  org.jbake.app.Crawler - Processing [/home/csmajs/jgarc271/git/jbake-testing-and-verification/jbake-core/build/resources/test/fixture/content/allcontent.html]...  : new 
18:41:31.200 DEBUG org.jbake.parser.MarkupEngine - Type property found
18:41:31.201 DEBUG org.jbake.parser.MarkupEngine - Status property found
18:41:31.201 DEBUG org.jbake.parser.MarkupEngine - Header separator found
18:41:31.202 INFO  org.jbake.app.Crawler - Processing [/home/csmajs/jgarc271/git/jbake-testing-and-verification/jbake-core/build/resources/test/fixture/content/blog/2012/first-post.html]...  : new 
18:41:31.207 DEBUG org.jbake.parser.MarkupEngine - Type property found
18:41:31.207 DEBUG org.jbake.parser.MarkupEngine - Status property found
18:41:31.207 DEBUG org.jbake.parser.MarkupEngine - Header separator found
18:41:31.209 INFO  org.jbake.app.Crawler - Processing [/home/csmajs/jgarc271/git/jbake-testing-and-verification/jbake-core/build/resources/test/fixture/content/blog/2013/second-post.html]...  : new 
18:41:31.212 DEBUG org.jbake.parser.MarkupEngine - Type property found
18:41:31.212 DEBUG org.jbake.parser.MarkupEngine - Status property found
18:41:31.212 DEBUG org.jbake.parser.MarkupEngine - Header separator found
18:41:31.214 INFO  org.jbake.app.Crawler - Processing [/home/csmajs/jgarc271/git/jbake-testing-and-verification/jbake-core/build/resources/test/fixture/content/blog/2016/another-post.html]...  : new 
18:41:31.216 DEBUG org.jbake.parser.MarkupEngine - Type property found
18:41:31.216 DEBUG org.jbake.parser.MarkupEngine - Status property found
18:41:31.216 DEBUG org.jbake.parser.MarkupEngine - Header separator found
18:41:31.218 INFO  org.jbake.app.Crawler - Processing [/home/csmajs/jgarc271/git/jbake-testing-and-verification/jbake-core/build/resources/test/fixture/content/blog/2016/draft-post.html]...  : new 
18:41:31.220 DEBUG org.jbake.parser.MarkupEngine - Header separator found
18:41:31.220 WARN  org.jbake.parser.MarkupEngine - Parsing skipped (missing type or status value in header meta data) for file /home/csmajs/jgarc271/git/jbake-testing-and-verification/jbake-core/build/resources/test/fixture/content/blog/invalid_header.html!
18:41:31.220 WARN  org.jbake.app.Crawler - /home/csmajs/jgarc271/git/jbake-testing-and-verification/jbake-core/build/resources/test/fixture/content/blog/invalid_header.html has an invalid header, it has been ignored!
18:41:31.220 INFO  org.jbake.app.Crawler - Processing [/home/csmajs/jgarc271/git/jbake-testing-and-verification/jbake-core/build/resources/test/fixture/content/blog/invalid_header.html]...  : new 
18:41:31.223 DEBUG org.jbake.parser.MarkupEngine - Type property found
18:41:31.223 DEBUG org.jbake.parser.MarkupEngine - Status property found
18:41:31.223 DEBUG org.jbake.parser.MarkupEngine - Header separator found
18:41:31.224 INFO  org.jbake.app.Crawler - Processing [/home/csmajs/jgarc271/git/jbake-testing-and-verification/jbake-core/build/resources/test/fixture/content/index2.html]...  : new 
18:41:31.227 DEBUG org.jbake.parser.MarkupEngine - Type property found
18:41:31.227 DEBUG org.jbake.parser.MarkupEngine - Status property found
18:41:31.227 DEBUG org.jbake.parser.MarkupEngine - Header separator found
18:41:31.258 INFO  org.jbake.app.Crawler - Processing [/home/csmajs/jgarc271/git/jbake-testing-and-verification/jbake-core/build/resources/test/fixture/content/papers/draft-paper.html]...  : new 
18:41:31.265 DEBUG org.jbake.parser.MarkupEngine - Type property found
18:41:31.266 DEBUG org.jbake.parser.MarkupEngine - Status property found
18:41:31.266 DEBUG org.jbake.parser.MarkupEngine - Header separator found
18:41:31.267 INFO  org.jbake.app.Crawler - Processing [/home/csmajs/jgarc271/git/jbake-testing-and-verification/jbake-core/build/resources/test/fixture/content/papers/published-paper.html]...  : new 
18:41:31.269 DEBUG org.jbake.parser.MarkupEngine - Type property found
18:41:31.269 DEBUG org.jbake.parser.MarkupEngine - Status property found
18:41:31.269 DEBUG org.jbake.parser.MarkupEngine - Header separator found
18:41:31.270 INFO  org.jbake.app.Crawler - Processing [/home/csmajs/jgarc271/git/jbake-testing-and-verification/jbake-core/build/resources/test/fixture/content/projects.html]...  : new 
18:41:31.271 INFO  org.jbake.app.Crawler - Content detected:
18:41:31.271 INFO  org.jbake.app.Crawler - Parsed 3 files of type: page
18:41:31.271 INFO  org.jbake.app.Crawler - Parsed 4 files of type: post
18:41:31.271 INFO  org.jbake.app.Crawler - Parsed 1 files of type: allcontent
18:41:31.345 INFO  org.jbake.app.Renderer - Rendering index.html [/tmp/junit216538728363467265/index.html]... done!
18:41:31.351 INFO  org.jbake.app.Renderer - Rendering 2/index.html [/tmp/junit216538728363467265/2/index.html]... done!
18:41:31.356 INFO  org.jbake.app.Renderer - Rendering 3/index.html [/tmp/junit216538728363467265/3/index.html]... done!
18:41:31.361 INFO  c.o.o.c.s.m.ODirectMemoryStorage - Storage 'memory:/tmp/junit216538728363467265/documents1584063689900' is created under OrientDB distribution : 3.0.14 - Veloce (build ac128c5a9ba4c6dc9d25a32b92962d8863774423, branch 3.0.x)
18:41:32.388 DEBUG org.jbake.app.ContentStore - Create document class 'page'
18:41:32.413 DEBUG org.jbake.app.ContentStore - Create document class 'post'
18:41:32.441 DEBUG org.jbake.app.ContentStore - Create document class 'masterindex'
18:41:32.471 DEBUG org.jbake.app.ContentStore - Create document class 'archive'
18:41:32.505 DEBUG org.jbake.app.ContentStore - Create document class 'feed'
18:41:32.566 DEBUG org.jbake.parser.MarkupEngine - Type property found
18:41:32.566 DEBUG org.jbake.parser.MarkupEngine - Status property found
18:41:32.566 DEBUG org.jbake.parser.MarkupEngine - Header separator found
18:41:32.567 INFO  org.jbake.app.Crawler - Processing [/home/csmajs/jgarc271/git/jbake-testing-and-verification/jbake-core/build/resources/test/fixture/content/about.html]...  : new 
18:41:32.568 DEBUG org.jbake.parser.MarkupEngine - Type property found
18:41:32.568 DEBUG org.jbake.parser.MarkupEngine - Status property found
18:41:32.568 DEBUG org.jbake.parser.MarkupEngine - Header separator found
18:41:32.582 INFO  org.jbake.app.Crawler - Processing [/home/csmajs/jgarc271/git/jbake-testing-and-verification/jbake-core/build/resources/test/fixture/content/allcontent.html]...  : new 
18:41:32.587 DEBUG org.jbake.parser.MarkupEngine - Type property found
18:41:32.588 DEBUG org.jbake.parser.MarkupEngine - Status property found
18:41:32.588 DEBUG org.jbake.parser.MarkupEngine - Header separator found
18:41:32.589 INFO  org.jbake.app.Crawler - Processing [/home/csmajs/jgarc271/git/jbake-testing-and-verification/jbake-core/build/resources/test/fixture/content/blog/2012/first-post.html]...  : new 
18:41:32.591 DEBUG org.jbake.parser.MarkupEngine - Type property found
18:41:32.592 DEBUG org.jbake.parser.MarkupEngine - Status property found
18:41:32.592 DEBUG org.jbake.parser.MarkupEngine - Header separator found
18:41:32.593 INFO  org.jbake.app.Crawler - Processing [/home/csmajs/jgarc271/git/jbake-testing-and-verification/jbake-core/build/resources/test/fixture/content/blog/2013/second-post.html]...  : new 
18:41:32.594 DEBUG org.jbake.parser.MarkupEngine - Type property found
18:41:32.594 DEBUG org.jbake.parser.MarkupEngine - Status property found
18:41:32.594 DEBUG org.jbake.parser.MarkupEngine - Header separator found
18:41:32.595 INFO  org.jbake.app.Crawler - Processing [/home/csmajs/jgarc271/git/jbake-testing-and-verification/jbake-core/build/resources/test/fixture/content/blog/2016/another-post.html]...  : new 
18:41:32.597 DEBUG org.jbake.parser.MarkupEngine - Type property found
18:41:32.597 DEBUG org.jbake.parser.MarkupEngine - Status property found
18:41:32.597 DEBUG org.jbake.parser.MarkupEngine - Header separator found
18:41:32.598 INFO  org.jbake.app.Crawler - Processing [/home/csmajs/jgarc271/git/jbake-testing-and-verification/jbake-core/build/resources/test/fixture/content/blog/2016/draft-post.html]...  : new 
18:41:32.599 DEBUG org.jbake.parser.MarkupEngine - Header separator found
18:41:32.599 WARN  org.jbake.parser.MarkupEngine - Parsing skipped (missing type or status value in header meta data) for file /home/csmajs/jgarc271/git/jbake-testing-and-verification/jbake-core/build/resources/test/fixture/content/blog/invalid_header.html!
18:41:32.599 WARN  org.jbake.app.Crawler - /home/csmajs/jgarc271/git/jbake-testing-and-verification/jbake-core/build/resources/test/fixture/content/blog/invalid_header.html has an invalid header, it has been ignored!
18:41:32.599 INFO  org.jbake.app.Crawler - Processing [/home/csmajs/jgarc271/git/jbake-testing-and-verification/jbake-core/build/resources/test/fixture/content/blog/invalid_header.html]...  : new 
18:41:32.600 DEBUG org.jbake.parser.MarkupEngine - Type property found
18:41:32.600 DEBUG org.jbake.parser.MarkupEngine - Status property found
18:41:32.600 DEBUG org.jbake.parser.MarkupEngine - Header separator found
18:41:32.601 INFO  org.jbake.app.Crawler - Processing [/home/csmajs/jgarc271/git/jbake-testing-and-verification/jbake-core/build/resources/test/fixture/content/index2.html]...  : new 
18:41:32.603 DEBUG org.jbake.parser.MarkupEngine - Type property found
18:41:32.603 DEBUG org.jbake.parser.MarkupEngine - Status property found
18:41:32.603 DEBUG org.jbake.parser.MarkupEngine - Header separator found
18:41:32.618 INFO  org.jbake.app.Crawler - Processing [/home/csmajs/jgarc271/git/jbake-testing-and-verification/jbake-core/build/resources/test/fixture/content/papers/draft-paper.html]...  : new 
18:41:32.621 DEBUG org.jbake.parser.MarkupEngine - Type property found
18:41:32.621 DEBUG org.jbake.parser.MarkupEngine - Status property found
18:41:32.621 DEBUG org.jbake.parser.MarkupEngine - Header separator found
18:41:32.621 INFO  org.jbake.app.Crawler - Processing [/home/csmajs/jgarc271/git/jbake-testing-and-verification/jbake-core/build/resources/test/fixture/content/papers/published-paper.html]...  : new 
18:41:32.623 DEBUG org.jbake.parser.MarkupEngine - Type property found
18:41:32.623 DEBUG org.jbake.parser.MarkupEngine - Status property found
18:41:32.623 DEBUG org.jbake.parser.MarkupEngine - Header separator found
18:41:32.624 INFO  org.jbake.app.Crawler - Processing [/home/csmajs/jgarc271/git/jbake-testing-and-verification/jbake-core/build/resources/test/fixture/content/projects.html]...  : new 
18:41:32.624 INFO  org.jbake.app.Crawler - Content detected:
18:41:32.624 INFO  org.jbake.app.Crawler - Parsed 3 files of type: page
18:41:32.624 INFO  org.jbake.app.Crawler - Parsed 4 files of type: post
18:41:32.673 INFO  org.jbake.app.Renderer - Rendering masterindex [/tmp/junit216538728363467265/index.html]... done!
18:41:32.678 INFO  c.o.o.c.s.m.ODirectMemoryStorage - Storage 'memory:/tmp/junit216538728363467265/documents1584063689900' is created under OrientDB distribution : 3.0.14 - Veloce (build ac128c5a9ba4c6dc9d25a32b92962d8863774423, branch 3.0.x)
18:41:33.704 DEBUG org.jbake.app.ContentStore - Create document class 'page'
18:41:33.728 DEBUG org.jbake.app.ContentStore - Create document class 'post'
18:41:33.760 DEBUG org.jbake.app.ContentStore - Create document class 'masterindex'
18:41:33.791 DEBUG org.jbake.app.ContentStore - Create document class 'archive'
18:41:33.824 DEBUG org.jbake.app.ContentStore - Create document class 'feed'
18:41:33.883 DEBUG org.jbake.parser.MarkupEngine - Type property found
18:41:33.883 DEBUG org.jbake.parser.MarkupEngine - Status property found
18:41:33.883 DEBUG org.jbake.parser.MarkupEngine - Header separator found
18:41:33.884 INFO  org.jbake.app.Crawler - Processing [/home/csmajs/jgarc271/git/jbake-testing-and-verification/jbake-core/build/resources/test/fixture/content/about.html]...  : new 
18:41:33.885 DEBUG org.jbake.parser.MarkupEngine - Type property found
18:41:33.886 DEBUG org.jbake.parser.MarkupEngine - Status property found
18:41:33.886 DEBUG org.jbake.parser.MarkupEngine - Header separator found
18:41:33.899 INFO  org.jbake.app.Crawler - Processing [/home/csmajs/jgarc271/git/jbake-testing-and-verification/jbake-core/build/resources/test/fixture/content/allcontent.html]...  : new 
18:41:33.904 DEBUG org.jbake.parser.MarkupEngine - Type property found
18:41:33.904 DEBUG org.jbake.parser.MarkupEngine - Status property found
18:41:33.904 DEBUG org.jbake.parser.MarkupEngine - Header separator found
18:41:33.905 INFO  org.jbake.app.Crawler - Processing [/home/csmajs/jgarc271/git/jbake-testing-and-verification/jbake-core/build/resources/test/fixture/content/blog/2012/first-post.html]...  : new 
18:41:33.908 DEBUG org.jbake.parser.MarkupEngine - Type property found
18:41:33.908 DEBUG org.jbake.parser.MarkupEngine - Status property found
18:41:33.908 DEBUG org.jbake.parser.MarkupEngine - Header separator found
18:41:33.909 INFO  org.jbake.app.Crawler - Processing [/home/csmajs/jgarc271/git/jbake-testing-and-verification/jbake-core/build/resources/test/fixture/content/blog/2013/second-post.html]...  : new 
18:41:33.910 DEBUG org.jbake.parser.MarkupEngine - Type property found
18:41:33.910 DEBUG org.jbake.parser.MarkupEngine - Status property found
18:41:33.910 DEBUG org.jbake.parser.MarkupEngine - Header separator found
18:41:33.911 INFO  org.jbake.app.Crawler - Processing [/home/csmajs/jgarc271/git/jbake-testing-and-verification/jbake-core/build/resources/test/fixture/content/blog/2016/another-post.html]...  : new 
18:41:33.913 DEBUG org.jbake.parser.MarkupEngine - Type property found
18:41:33.913 DEBUG org.jbake.parser.MarkupEngine - Status property found
18:41:33.913 DEBUG org.jbake.parser.MarkupEngine - Header separator found
18:41:33.914 INFO  org.jbake.app.Crawler - Processing [/home/csmajs/jgarc271/git/jbake-testing-and-verification/jbake-core/build/resources/test/fixture/content/blog/2016/draft-post.html]...  : new 
18:41:33.915 DEBUG org.jbake.parser.MarkupEngine - Header separator found
18:41:33.915 WARN  org.jbake.parser.MarkupEngine - Parsing skipped (missing type or status value in header meta data) for file /home/csmajs/jgarc271/git/jbake-testing-and-verification/jbake-core/build/resources/test/fixture/content/blog/invalid_header.html!
18:41:33.915 WARN  org.jbake.app.Crawler - /home/csmajs/jgarc271/git/jbake-testing-and-verification/jbake-core/build/resources/test/fixture/content/blog/invalid_header.html has an invalid header, it has been ignored!
18:41:33.915 INFO  org.jbake.app.Crawler - Processing [/home/csmajs/jgarc271/git/jbake-testing-and-verification/jbake-core/build/resources/test/fixture/content/blog/invalid_header.html]...  : new 
18:41:33.916 DEBUG org.jbake.parser.MarkupEngine - Type property found
18:41:33.916 DEBUG org.jbake.parser.MarkupEngine - Status property found
18:41:33.916 DEBUG org.jbake.parser.MarkupEngine - Header separator found
18:41:33.917 INFO  org.jbake.app.Crawler - Processing [/home/csmajs/jgarc271/git/jbake-testing-and-verification/jbake-core/build/resources/test/fixture/content/index2.html]...  : new 
18:41:33.919 DEBUG org.jbake.parser.MarkupEngine - Type property found
18:41:33.919 DEBUG org.jbake.parser.MarkupEngine - Status property found
18:41:33.919 DEBUG org.jbake.parser.MarkupEngine - Header separator found
18:41:33.934 INFO  org.jbake.app.Crawler - Processing [/home/csmajs/jgarc271/git/jbake-testing-and-verification/jbake-core/build/resources/test/fixture/content/papers/draft-paper.html]...  : new 
18:41:33.937 DEBUG org.jbake.parser.MarkupEngine - Type property found
18:41:33.937 DEBUG org.jbake.parser.MarkupEngine - Status property found
18:41:33.937 DEBUG org.jbake.parser.MarkupEngine - Header separator found
18:41:33.938 INFO  org.jbake.app.Crawler - Processing [/home/csmajs/jgarc271/git/jbake-testing-and-verification/jbake-core/build/resources/test/fixture/content/papers/published-paper.html]...  : new 
18:41:33.939 DEBUG org.jbake.parser.MarkupEngine - Type property found
18:41:33.939 DEBUG org.jbake.parser.MarkupEngine - Status property found
18:41:33.939 DEBUG org.jbake.parser.MarkupEngine - Header separator found
18:41:33.940 INFO  org.jbake.app.Crawler - Processing [/home/csmajs/jgarc271/git/jbake-testing-and-verification/jbake-core/build/resources/test/fixture/content/projects.html]...  : new 
18:41:33.940 INFO  org.jbake.app.Crawler - Content detected:
18:41:33.940 INFO  org.jbake.app.Crawler - Parsed 3 files of type: page
18:41:33.940 INFO  org.jbake.app.Crawler - Parsed 4 files of type: post
18:41:33.986 INFO  org.jbake.app.Renderer - Rendering masterindex [/tmp/junit216538728363467265/index.html]... done!
18:41:33.990 INFO  c.o.o.c.s.m.ODirectMemoryStorage - Storage 'memory:/tmp/junit216538728363467265/documents1584063689900' is created under OrientDB distribution : 3.0.14 - Veloce (build ac128c5a9ba4c6dc9d25a32b92962d8863774423, branch 3.0.x)
18:41:35.016 DEBUG org.jbake.app.ContentStore - Create document class 'page'
18:41:35.040 DEBUG org.jbake.app.ContentStore - Create document class 'post'
18:41:35.066 DEBUG org.jbake.app.ContentStore - Create document class 'masterindex'
18:41:35.096 DEBUG org.jbake.app.ContentStore - Create document class 'archive'
18:41:35.128 DEBUG org.jbake.app.ContentStore - Create document class 'feed'
18:41:35.187 DEBUG org.jbake.parser.MarkupEngine - Type property found
18:41:35.187 DEBUG org.jbake.parser.MarkupEngine - Status property found
18:41:35.187 DEBUG org.jbake.parser.MarkupEngine - Header separator found
18:41:35.188 INFO  org.jbake.app.Crawler - Processing [/home/csmajs/jgarc271/git/jbake-testing-and-verification/jbake-core/build/resources/test/fixture/content/about.html]...  : new 
18:41:35.189 DEBUG org.jbake.parser.MarkupEngine - Type property found
18:41:35.189 DEBUG org.jbake.parser.MarkupEngine - Status property found
18:41:35.189 DEBUG org.jbake.parser.MarkupEngine - Header separator found
18:41:35.203 INFO  org.jbake.app.Crawler - Processing [/home/csmajs/jgarc271/git/jbake-testing-and-verification/jbake-core/build/resources/test/fixture/content/allcontent.html]...  : new 
18:41:35.208 DEBUG org.jbake.parser.MarkupEngine - Type property found
18:41:35.208 DEBUG org.jbake.parser.MarkupEngine - Status property found
18:41:35.208 DEBUG org.jbake.parser.MarkupEngine - Header separator found
18:41:35.209 INFO  org.jbake.app.Crawler - Processing [/home/csmajs/jgarc271/git/jbake-testing-and-verification/jbake-core/build/resources/test/fixture/content/blog/2012/first-post.html]...  : new 
18:41:35.212 DEBUG org.jbake.parser.MarkupEngine - Type property found
18:41:35.212 DEBUG org.jbake.parser.MarkupEngine - Status property found
18:41:35.212 DEBUG org.jbake.parser.MarkupEngine - Header separator found
18:41:35.213 INFO  org.jbake.app.Crawler - Processing [/home/csmajs/jgarc271/git/jbake-testing-and-verification/jbake-core/build/resources/test/fixture/content/blog/2013/second-post.html]...  : new 
18:41:35.215 DEBUG org.jbake.parser.MarkupEngine - Type property found
18:41:35.215 DEBUG org.jbake.parser.MarkupEngine - Status property found
18:41:35.215 DEBUG org.jbake.parser.MarkupEngine - Header separator found
18:41:35.216 INFO  org.jbake.app.Crawler - Processing [/home/csmajs/jgarc271/git/jbake-testing-and-verification/jbake-core/build/resources/test/fixture/content/blog/2016/another-post.html]...  : new 
18:41:35.217 DEBUG org.jbake.parser.MarkupEngine - Type property found
18:41:35.218 DEBUG org.jbake.parser.MarkupEngine - Status property found
18:41:35.218 DEBUG org.jbake.parser.MarkupEngine - Header separator found
18:41:35.218 INFO  org.jbake.app.Crawler - Processing [/home/csmajs/jgarc271/git/jbake-testing-and-verification/jbake-core/build/resources/test/fixture/content/blog/2016/draft-post.html]...  : new 
18:41:35.220 DEBUG org.jbake.parser.MarkupEngine - Header separator found
18:41:35.220 WARN  org.jbake.parser.MarkupEngine - Parsing skipped (missing type or status value in header meta data) for file /home/csmajs/jgarc271/git/jbake-testing-and-verification/jbake-core/build/resources/test/fixture/content/blog/invalid_header.html!
18:41:35.220 WARN  org.jbake.app.Crawler - /home/csmajs/jgarc271/git/jbake-testing-and-verification/jbake-core/build/resources/test/fixture/content/blog/invalid_header.html has an invalid header, it has been ignored!
18:41:35.220 INFO  org.jbake.app.Crawler - Processing [/home/csmajs/jgarc271/git/jbake-testing-and-verification/jbake-core/build/resources/test/fixture/content/blog/invalid_header.html]...  : new 
18:41:35.221 DEBUG org.jbake.parser.MarkupEngine - Type property found
18:41:35.221 DEBUG org.jbake.parser.MarkupEngine - Status property found
18:41:35.221 DEBUG org.jbake.parser.MarkupEngine - Header separator found
18:41:35.222 INFO  org.jbake.app.Crawler - Processing [/home/csmajs/jgarc271/git/jbake-testing-and-verification/jbake-core/build/resources/test/fixture/content/index2.html]...  : new 
18:41:35.224 DEBUG org.jbake.parser.MarkupEngine - Type property found
18:41:35.224 DEBUG org.jbake.parser.MarkupEngine - Status property found
18:41:35.224 DEBUG org.jbake.parser.MarkupEngine - Header separator found
18:41:35.239 INFO  org.jbake.app.Crawler - Processing [/home/csmajs/jgarc271/git/jbake-testing-and-verification/jbake-core/build/resources/test/fixture/content/papers/draft-paper.html]...  : new 
18:41:35.242 DEBUG org.jbake.parser.MarkupEngine - Type property found
18:41:35.242 DEBUG org.jbake.parser.MarkupEngine - Status property found
18:41:35.242 DEBUG org.jbake.parser.MarkupEngine - Header separator found
18:41:35.242 INFO  org.jbake.app.Crawler - Processing [/home/csmajs/jgarc271/git/jbake-testing-and-verification/jbake-core/build/resources/test/fixture/content/papers/published-paper.html]...  : new 
18:41:35.244 DEBUG org.jbake.parser.MarkupEngine - Type property found
18:41:35.244 DEBUG org.jbake.parser.MarkupEngine - Status property found
18:41:35.244 DEBUG org.jbake.parser.MarkupEngine - Header separator found
18:41:35.244 INFO  org.jbake.app.Crawler - Processing [/home/csmajs/jgarc271/git/jbake-testing-and-verification/jbake-core/build/resources/test/fixture/content/projects.html]...  : new 
18:41:35.244 INFO  org.jbake.app.Crawler - Content detected:
18:41:35.245 INFO  org.jbake.app.Crawler - Parsed 3 files of type: page
18:41:35.245 INFO  org.jbake.app.Crawler - Parsed 4 files of type: post
18:41:35.285 INFO  org.jbake.app.Renderer - Rendering archive [/tmp/junit216538728363467265/archive.html]... done!
18:41:35.289 INFO  c.o.o.c.s.m.ODirectMemoryStorage - Storage 'memory:/tmp/junit216538728363467265/documents1584063689900' is created under OrientDB distribution : 3.0.14 - Veloce (build ac128c5a9ba4c6dc9d25a32b92962d8863774423, branch 3.0.x)
18:41:36.315 DEBUG org.jbake.app.ContentStore - Create document class 'page'
18:41:36.340 DEBUG org.jbake.app.ContentStore - Create document class 'post'
18:41:36.367 DEBUG org.jbake.app.ContentStore - Create document class 'masterindex'
18:41:36.396 DEBUG org.jbake.app.ContentStore - Create document class 'archive'
18:41:36.429 DEBUG org.jbake.app.ContentStore - Create document class 'feed'
18:41:36.488 DEBUG org.jbake.parser.MarkupEngine - Type property found
18:41:36.488 DEBUG org.jbake.parser.MarkupEngine - Status property found
18:41:36.488 DEBUG org.jbake.parser.MarkupEngine - Header separator found
18:41:36.489 INFO  org.jbake.app.Crawler - Processing [/home/csmajs/jgarc271/git/jbake-testing-and-verification/jbake-core/build/resources/test/fixture/content/about.html]...  : new 
18:41:36.490 DEBUG org.jbake.parser.MarkupEngine - Type property found
18:41:36.490 DEBUG org.jbake.parser.MarkupEngine - Status property found
18:41:36.490 DEBUG org.jbake.parser.MarkupEngine - Header separator found
18:41:36.504 INFO  org.jbake.app.Crawler - Processing [/home/csmajs/jgarc271/git/jbake-testing-and-verification/jbake-core/build/resources/test/fixture/content/allcontent.html]...  : new 
18:41:36.509 DEBUG org.jbake.parser.MarkupEngine - Type property found
18:41:36.509 DEBUG org.jbake.parser.MarkupEngine - Status property found
18:41:36.509 DEBUG org.jbake.parser.MarkupEngine - Header separator found
18:41:36.510 INFO  org.jbake.app.Crawler - Processing [/home/csmajs/jgarc271/git/jbake-testing-and-verification/jbake-core/build/resources/test/fixture/content/blog/2012/first-post.html]...  : new 
18:41:36.513 DEBUG org.jbake.parser.MarkupEngine - Type property found
18:41:36.513 DEBUG org.jbake.parser.MarkupEngine - Status property found
18:41:36.513 DEBUG org.jbake.parser.MarkupEngine - Header separator found
18:41:36.514 INFO  org.jbake.app.Crawler - Processing [/home/csmajs/jgarc271/git/jbake-testing-and-verification/jbake-core/build/resources/test/fixture/content/blog/2013/second-post.html]...  : new 
18:41:36.516 DEBUG org.jbake.parser.MarkupEngine - Type property found
18:41:36.516 DEBUG org.jbake.parser.MarkupEngine - Status property found
18:41:36.516 DEBUG org.jbake.parser.MarkupEngine - Header separator found
18:41:36.517 INFO  org.jbake.app.Crawler - Processing [/home/csmajs/jgarc271/git/jbake-testing-and-verification/jbake-core/build/resources/test/fixture/content/blog/2016/another-post.html]...  : new 
18:41:36.518 DEBUG org.jbake.parser.MarkupEngine - Type property found
18:41:36.518 DEBUG org.jbake.parser.MarkupEngine - Status property found
18:41:36.518 DEBUG org.jbake.parser.MarkupEngine - Header separator found
18:41:36.519 INFO  org.jbake.app.Crawler - Processing [/home/csmajs/jgarc271/git/jbake-testing-and-verification/jbake-core/build/resources/test/fixture/content/blog/2016/draft-post.html]...  : new 
18:41:36.520 DEBUG org.jbake.parser.MarkupEngine - Header separator found
18:41:36.520 WARN  org.jbake.parser.MarkupEngine - Parsing skipped (missing type or status value in header meta data) for file /home/csmajs/jgarc271/git/jbake-testing-and-verification/jbake-core/build/resources/test/fixture/content/blog/invalid_header.html!
18:41:36.520 WARN  org.jbake.app.Crawler - /home/csmajs/jgarc271/git/jbake-testing-and-verification/jbake-core/build/resources/test/fixture/content/blog/invalid_header.html has an invalid header, it has been ignored!
18:41:36.520 INFO  org.jbake.app.Crawler - Processing [/home/csmajs/jgarc271/git/jbake-testing-and-verification/jbake-core/build/resources/test/fixture/content/blog/invalid_header.html]...  : new 
18:41:36.522 DEBUG org.jbake.parser.MarkupEngine - Type property found
18:41:36.522 DEBUG org.jbake.parser.MarkupEngine - Status property found
18:41:36.522 DEBUG org.jbake.parser.MarkupEngine - Header separator found
18:41:36.523 INFO  org.jbake.app.Crawler - Processing [/home/csmajs/jgarc271/git/jbake-testing-and-verification/jbake-core/build/resources/test/fixture/content/index2.html]...  : new 
18:41:36.524 DEBUG org.jbake.parser.MarkupEngine - Type property found
18:41:36.524 DEBUG org.jbake.parser.MarkupEngine - Status property found
18:41:36.524 DEBUG org.jbake.parser.MarkupEngine - Header separator found
18:41:36.539 INFO  org.jbake.app.Crawler - Processing [/home/csmajs/jgarc271/git/jbake-testing-and-verification/jbake-core/build/resources/test/fixture/content/papers/draft-paper.html]...  : new 
18:41:36.542 DEBUG org.jbake.parser.MarkupEngine - Type property found
18:41:36.543 DEBUG org.jbake.parser.MarkupEngine - Status property found
18:41:36.543 DEBUG org.jbake.parser.MarkupEngine - Header separator found
18:41:36.543 INFO  org.jbake.app.Crawler - Processing [/home/csmajs/jgarc271/git/jbake-testing-and-verification/jbake-core/build/resources/test/fixture/content/papers/published-paper.html]...  : new 
18:41:36.545 DEBUG org.jbake.parser.MarkupEngine - Type property found
18:41:36.545 DEBUG org.jbake.parser.MarkupEngine - Status property found
18:41:36.545 DEBUG org.jbake.parser.MarkupEngine - Header separator found
18:41:36.545 INFO  org.jbake.app.Crawler - Processing [/home/csmajs/jgarc271/git/jbake-testing-and-verification/jbake-core/build/resources/test/fixture/content/projects.html]...  : new 
18:41:36.546 INFO  org.jbake.app.Crawler - Content detected:
18:41:36.546 INFO  org.jbake.app.Crawler - Parsed 3 files of type: page
18:41:36.546 INFO  org.jbake.app.Crawler - Parsed 4 files of type: post
18:41:36.594 INFO  org.jbake.app.Renderer - Rendering masterindex [/tmp/junit216538728363467265/index.html]... done!
18:41:36.599 INFO  c.o.o.c.s.m.ODirectMemoryStorage - Storage 'memory:/tmp/junit216538728363467265/documents1584063689900' is created under OrientDB distribution : 3.0.14 - Veloce (build ac128c5a9ba4c6dc9d25a32b92962d8863774423, branch 3.0.x)
18:41:37.623 DEBUG org.jbake.app.ContentStore - Create document class 'page'
18:41:37.647 DEBUG org.jbake.app.ContentStore - Create document class 'post'
18:41:37.673 DEBUG org.jbake.app.ContentStore - Create document class 'masterindex'
18:41:37.707 DEBUG org.jbake.app.ContentStore - Create document class 'archive'
18:41:37.742 DEBUG org.jbake.app.ContentStore - Create document class 'feed'
18:41:37.818 DEBUG org.jbake.parser.MarkupEngine - Type property found
18:41:37.818 DEBUG org.jbake.parser.MarkupEngine - Status property found
18:41:37.818 DEBUG org.jbake.parser.MarkupEngine - Header separator found
18:41:37.819 INFO  org.jbake.app.Crawler - Processing [/home/csmajs/jgarc271/git/jbake-testing-and-verification/jbake-core/build/resources/test/fixture/content/about.html]...  : new 
18:41:37.820 DEBUG org.jbake.parser.MarkupEngine - Type property found
18:41:37.820 DEBUG org.jbake.parser.MarkupEngine - Status property found
18:41:37.820 DEBUG org.jbake.parser.MarkupEngine - Header separator found
18:41:37.842 INFO  org.jbake.app.Crawler - Processing [/home/csmajs/jgarc271/git/jbake-testing-and-verification/jbake-core/build/resources/test/fixture/content/allcontent.html]...  : new 
18:41:37.847 DEBUG org.jbake.parser.MarkupEngine - Type property found
18:41:37.847 DEBUG org.jbake.parser.MarkupEngine - Status property found
18:41:37.847 DEBUG org.jbake.parser.MarkupEngine - Header separator found
18:41:37.848 INFO  org.jbake.app.Crawler - Processing [/home/csmajs/jgarc271/git/jbake-testing-and-verification/jbake-core/build/resources/test/fixture/content/blog/2012/first-post.html]...  : new 
18:41:37.851 DEBUG org.jbake.parser.MarkupEngine - Type property found
18:41:37.851 DEBUG org.jbake.parser.MarkupEngine - Status property found
18:41:37.851 DEBUG org.jbake.parser.MarkupEngine - Header separator found
18:41:37.852 INFO  org.jbake.app.Crawler - Processing [/home/csmajs/jgarc271/git/jbake-testing-and-verification/jbake-core/build/resources/test/fixture/content/blog/2013/second-post.html]...  : new 
18:41:37.854 DEBUG org.jbake.parser.MarkupEngine - Type property found
18:41:37.854 DEBUG org.jbake.parser.MarkupEngine - Status property found
18:41:37.854 DEBUG org.jbake.parser.MarkupEngine - Header separator found
18:41:37.855 INFO  org.jbake.app.Crawler - Processing [/home/csmajs/jgarc271/git/jbake-testing-and-verification/jbake-core/build/resources/test/fixture/content/blog/2016/another-post.html]...  : new 
18:41:37.856 DEBUG org.jbake.parser.MarkupEngine - Type property found
18:41:37.856 DEBUG org.jbake.parser.MarkupEngine - Status property found
18:41:37.856 DEBUG org.jbake.parser.MarkupEngine - Header separator found
18:41:37.857 INFO  org.jbake.app.Crawler - Processing [/home/csmajs/jgarc271/git/jbake-testing-and-verification/jbake-core/build/resources/test/fixture/content/blog/2016/draft-post.html]...  : new 
18:41:37.858 DEBUG org.jbake.parser.MarkupEngine - Header separator found
18:41:37.858 WARN  org.jbake.parser.MarkupEngine - Parsing skipped (missing type or status value in header meta data) for file /home/csmajs/jgarc271/git/jbake-testing-and-verification/jbake-core/build/resources/test/fixture/content/blog/invalid_header.html!
18:41:37.858 WARN  org.jbake.app.Crawler - /home/csmajs/jgarc271/git/jbake-testing-and-verification/jbake-core/build/resources/test/fixture/content/blog/invalid_header.html has an invalid header, it has been ignored!
18:41:37.858 INFO  org.jbake.app.Crawler - Processing [/home/csmajs/jgarc271/git/jbake-testing-and-verification/jbake-core/build/resources/test/fixture/content/blog/invalid_header.html]...  : new 
18:41:37.860 DEBUG org.jbake.parser.MarkupEngine - Type property found
18:41:37.860 DEBUG org.jbake.parser.MarkupEngine - Status property found
18:41:37.860 DEBUG org.jbake.parser.MarkupEngine - Header separator found
18:41:37.860 INFO  org.jbake.app.Crawler - Processing [/home/csmajs/jgarc271/git/jbake-testing-and-verification/jbake-core/build/resources/test/fixture/content/index2.html]...  : new 
18:41:37.862 DEBUG org.jbake.parser.MarkupEngine - Type property found
18:41:37.862 DEBUG org.jbake.parser.MarkupEngine - Status property found
18:41:37.862 DEBUG org.jbake.parser.MarkupEngine - Header separator found
18:41:37.876 INFO  org.jbake.app.Crawler - Processing [/home/csmajs/jgarc271/git/jbake-testing-and-verification/jbake-core/build/resources/test/fixture/content/papers/draft-paper.html]...  : new 
18:41:37.879 DEBUG org.jbake.parser.MarkupEngine - Type property found
18:41:37.879 DEBUG org.jbake.parser.MarkupEngine - Status property found
18:41:37.879 DEBUG org.jbake.parser.MarkupEngine - Header separator found
18:41:37.879 INFO  org.jbake.app.Crawler - Processing [/home/csmajs/jgarc271/git/jbake-testing-and-verification/jbake-core/build/resources/test/fixture/content/papers/published-paper.html]...  : new 
18:41:37.881 DEBUG org.jbake.parser.MarkupEngine - Type property found
18:41:37.881 DEBUG org.jbake.parser.MarkupEngine - Status property found
18:41:37.881 DEBUG org.jbake.parser.MarkupEngine - Header separator found
18:41:37.881 INFO  org.jbake.app.Crawler - Processing [/home/csmajs/jgarc271/git/jbake-testing-and-verification/jbake-core/build/resources/test/fixture/content/projects.html]...  : new 
18:41:37.882 INFO  org.jbake.app.Crawler - Content detected:
18:41:37.882 INFO  org.jbake.app.Crawler - Parsed 3 files of type: page
18:41:37.882 INFO  org.jbake.app.Crawler - Parsed 4 files of type: post
18:41:37.936 INFO  org.jbake.app.Renderer - Rendering tag [/tmp/junit216538728363467265/tags/blog.html]... done!
18:41:37.947 INFO  org.jbake.app.Renderer - Rendering tagindex [/tmp/junit216538728363467265/tags/index.html]... done!
18:41:37.951 INFO  c.o.o.c.s.m.ODirectMemoryStorage - Storage 'memory:/tmp/junit216538728363467265/documents1584063689900' is created under OrientDB distribution : 3.0.14 - Veloce (build ac128c5a9ba4c6dc9d25a32b92962d8863774423, branch 3.0.x)
18:41:38.973 DEBUG org.jbake.app.ContentStore - Create document class 'page'
18:41:38.996 DEBUG org.jbake.app.ContentStore - Create document class 'post'
18:41:39.022 DEBUG org.jbake.app.ContentStore - Create document class 'masterindex'
18:41:39.050 DEBUG org.jbake.app.ContentStore - Create document class 'archive'
18:41:39.082 DEBUG org.jbake.app.ContentStore - Create document class 'feed'
18:41:39.138 DEBUG org.jbake.parser.MarkupEngine - Type property found
18:41:39.138 DEBUG org.jbake.parser.MarkupEngine - Status property found
18:41:39.138 DEBUG org.jbake.parser.MarkupEngine - Header separator found
18:41:39.139 INFO  org.jbake.app.Crawler - Processing [/home/csmajs/jgarc271/git/jbake-testing-and-verification/jbake-core/build/resources/test/fixture/content/about.html]...  : new 
18:41:39.140 DEBUG org.jbake.parser.MarkupEngine - Type property found
18:41:39.140 DEBUG org.jbake.parser.MarkupEngine - Status property found
18:41:39.140 DEBUG org.jbake.parser.MarkupEngine - Header separator found
18:41:39.154 INFO  org.jbake.app.Crawler - Processing [/home/csmajs/jgarc271/git/jbake-testing-and-verification/jbake-core/build/resources/test/fixture/content/allcontent.html]...  : new 
18:41:39.158 DEBUG org.jbake.parser.MarkupEngine - Type property found
18:41:39.159 DEBUG org.jbake.parser.MarkupEngine - Status property found
18:41:39.159 DEBUG org.jbake.parser.MarkupEngine - Header separator found
18:41:39.159 INFO  org.jbake.app.Crawler - Processing [/home/csmajs/jgarc271/git/jbake-testing-and-verification/jbake-core/build/resources/test/fixture/content/blog/2012/first-post.html]...  : new 
18:41:39.162 DEBUG org.jbake.parser.MarkupEngine - Type property found
18:41:39.162 DEBUG org.jbake.parser.MarkupEngine - Status property found
18:41:39.162 DEBUG org.jbake.parser.MarkupEngine - Header separator found
18:41:39.163 INFO  org.jbake.app.Crawler - Processing [/home/csmajs/jgarc271/git/jbake-testing-and-verification/jbake-core/build/resources/test/fixture/content/blog/2013/second-post.html]...  : new 
18:41:39.165 DEBUG org.jbake.parser.MarkupEngine - Type property found
18:41:39.165 DEBUG org.jbake.parser.MarkupEngine - Status property found
18:41:39.165 DEBUG org.jbake.parser.MarkupEngine - Header separator found
18:41:39.165 INFO  org.jbake.app.Crawler - Processing [/home/csmajs/jgarc271/git/jbake-testing-and-verification/jbake-core/build/resources/test/fixture/content/blog/2016/another-post.html]...  : new 
18:41:39.167 DEBUG org.jbake.parser.MarkupEngine - Type property found
18:41:39.167 DEBUG org.jbake.parser.MarkupEngine - Status property found
18:41:39.167 DEBUG org.jbake.parser.MarkupEngine - Header separator found
18:41:39.167 INFO  org.jbake.app.Crawler - Processing [/home/csmajs/jgarc271/git/jbake-testing-and-verification/jbake-core/build/resources/test/fixture/content/blog/2016/draft-post.html]...  : new 
18:41:39.168 DEBUG org.jbake.parser.MarkupEngine - Header separator found
18:41:39.169 WARN  org.jbake.parser.MarkupEngine - Parsing skipped (missing type or status value in header meta data) for file /home/csmajs/jgarc271/git/jbake-testing-and-verification/jbake-core/build/resources/test/fixture/content/blog/invalid_header.html!
18:41:39.169 WARN  org.jbake.app.Crawler - /home/csmajs/jgarc271/git/jbake-testing-and-verification/jbake-core/build/resources/test/fixture/content/blog/invalid_header.html has an invalid header, it has been ignored!
18:41:39.169 INFO  org.jbake.app.Crawler - Processing [/home/csmajs/jgarc271/git/jbake-testing-and-verification/jbake-core/build/resources/test/fixture/content/blog/invalid_header.html]...  : new 
18:41:39.170 DEBUG org.jbake.parser.MarkupEngine - Type property found
18:41:39.170 DEBUG org.jbake.parser.MarkupEngine - Status property found
18:41:39.170 DEBUG org.jbake.parser.MarkupEngine - Header separator found
18:41:39.170 INFO  org.jbake.app.Crawler - Processing [/home/csmajs/jgarc271/git/jbake-testing-and-verification/jbake-core/build/resources/test/fixture/content/index2.html]...  : new 
18:41:39.172 DEBUG org.jbake.parser.MarkupEngine - Type property found
18:41:39.172 DEBUG org.jbake.parser.MarkupEngine - Status property found
18:41:39.172 DEBUG org.jbake.parser.MarkupEngine - Header separator found
18:41:39.187 INFO  org.jbake.app.Crawler - Processing [/home/csmajs/jgarc271/git/jbake-testing-and-verification/jbake-core/build/resources/test/fixture/content/papers/draft-paper.html]...  : new 
18:41:39.189 DEBUG org.jbake.parser.MarkupEngine - Type property found
18:41:39.189 DEBUG org.jbake.parser.MarkupEngine - Status property found
18:41:39.189 DEBUG org.jbake.parser.MarkupEngine - Header separator found
18:41:39.190 INFO  org.jbake.app.Crawler - Processing [/home/csmajs/jgarc271/git/jbake-testing-and-verification/jbake-core/build/resources/test/fixture/content/papers/published-paper.html]...  : new 
18:41:39.191 DEBUG org.jbake.parser.MarkupEngine - Type property found
18:41:39.191 DEBUG org.jbake.parser.MarkupEngine - Status property found
18:41:39.191 DEBUG org.jbake.parser.MarkupEngine - Header separator found
18:41:39.192 INFO  org.jbake.app.Crawler - Processing [/home/csmajs/jgarc271/git/jbake-testing-and-verification/jbake-core/build/resources/test/fixture/content/projects.html]...  : new 
18:41:39.192 INFO  org.jbake.app.Crawler - Content detected:
18:41:39.192 INFO  org.jbake.app.Crawler - Parsed 3 files of type: page
18:41:39.192 INFO  org.jbake.app.Crawler - Parsed 4 files of type: post
18:41:39.229 INFO  org.jbake.app.Renderer - Rendering feed [/tmp/junit216538728363467265/feed.xml]... done!
18:41:39.235 INFO  c.o.o.c.s.m.ODirectMemoryStorage - Storage 'memory:/tmp/junit216538728363467265/documents1584063689900' is created under OrientDB distribution : 3.0.14 - Veloce (build ac128c5a9ba4c6dc9d25a32b92962d8863774423, branch 3.0.x)
18:41:40.259 DEBUG org.jbake.app.ContentStore - Create document class 'page'
18:41:40.282 DEBUG org.jbake.app.ContentStore - Create document class 'post'
18:41:40.308 DEBUG org.jbake.app.ContentStore - Create document class 'masterindex'
18:41:40.337 DEBUG org.jbake.app.ContentStore - Create document class 'archive'
18:41:40.368 DEBUG org.jbake.app.ContentStore - Create document class 'feed'
18:41:40.425 DEBUG org.jbake.parser.MarkupEngine - Type property found
18:41:40.426 DEBUG org.jbake.parser.MarkupEngine - Status property found
18:41:40.426 DEBUG org.jbake.parser.MarkupEngine - Header separator found
18:41:40.426 INFO  org.jbake.app.Crawler - Processing [/home/csmajs/jgarc271/git/jbake-testing-and-verification/jbake-core/build/resources/test/fixture/content/about.html]...  : new 
18:41:40.428 DEBUG org.jbake.parser.MarkupEngine - Type property found
18:41:40.428 DEBUG org.jbake.parser.MarkupEngine - Status property found
18:41:40.428 DEBUG org.jbake.parser.MarkupEngine - Header separator found
18:41:40.441 INFO  org.jbake.app.Crawler - Processing [/home/csmajs/jgarc271/git/jbake-testing-and-verification/jbake-core/build/resources/test/fixture/content/allcontent.html]...  : new 
18:41:40.446 DEBUG org.jbake.parser.MarkupEngine - Type property found
18:41:40.446 DEBUG org.jbake.parser.MarkupEngine - Status property found
18:41:40.446 DEBUG org.jbake.parser.MarkupEngine - Header separator found
18:41:40.446 INFO  org.jbake.app.Crawler - Processing [/home/csmajs/jgarc271/git/jbake-testing-and-verification/jbake-core/build/resources/test/fixture/content/blog/2012/first-post.html]...  : new 
18:41:40.449 DEBUG org.jbake.parser.MarkupEngine - Type property found
18:41:40.449 DEBUG org.jbake.parser.MarkupEngine - Status property found
18:41:40.449 DEBUG org.jbake.parser.MarkupEngine - Header separator found
18:41:40.450 INFO  org.jbake.app.Crawler - Processing [/home/csmajs/jgarc271/git/jbake-testing-and-verification/jbake-core/build/resources/test/fixture/content/blog/2013/second-post.html]...  : new 
18:41:40.451 DEBUG org.jbake.parser.MarkupEngine - Type property found
18:41:40.451 DEBUG org.jbake.parser.MarkupEngine - Status property found
18:41:40.451 DEBUG org.jbake.parser.MarkupEngine - Header separator found
18:41:40.452 INFO  org.jbake.app.Crawler - Processing [/home/csmajs/jgarc271/git/jbake-testing-and-verification/jbake-core/build/resources/test/fixture/content/blog/2016/another-post.html]...  : new 
18:41:40.453 DEBUG org.jbake.parser.MarkupEngine - Type property found
18:41:40.453 DEBUG org.jbake.parser.MarkupEngine - Status property found
18:41:40.453 DEBUG org.jbake.parser.MarkupEngine - Header separator found
18:41:40.454 INFO  org.jbake.app.Crawler - Processing [/home/csmajs/jgarc271/git/jbake-testing-and-verification/jbake-core/build/resources/test/fixture/content/blog/2016/draft-post.html]...  : new 
18:41:40.455 DEBUG org.jbake.parser.MarkupEngine - Header separator found
18:41:40.455 WARN  org.jbake.parser.MarkupEngine - Parsing skipped (missing type or status value in header meta data) for file /home/csmajs/jgarc271/git/jbake-testing-and-verification/jbake-core/build/resources/test/fixture/content/blog/invalid_header.html!
18:41:40.455 WARN  org.jbake.app.Crawler - /home/csmajs/jgarc271/git/jbake-testing-and-verification/jbake-core/build/resources/test/fixture/content/blog/invalid_header.html has an invalid header, it has been ignored!
18:41:40.455 INFO  org.jbake.app.Crawler - Processing [/home/csmajs/jgarc271/git/jbake-testing-and-verification/jbake-core/build/resources/test/fixture/content/blog/invalid_header.html]...  : new 
18:41:40.457 DEBUG org.jbake.parser.MarkupEngine - Type property found
18:41:40.457 DEBUG org.jbake.parser.MarkupEngine - Status property found
18:41:40.457 DEBUG org.jbake.parser.MarkupEngine - Header separator found
18:41:40.457 INFO  org.jbake.app.Crawler - Processing [/home/csmajs/jgarc271/git/jbake-testing-and-verification/jbake-core/build/resources/test/fixture/content/index2.html]...  : new 
18:41:40.459 DEBUG org.jbake.parser.MarkupEngine - Type property found
18:41:40.459 DEBUG org.jbake.parser.MarkupEngine - Status property found
18:41:40.459 DEBUG org.jbake.parser.MarkupEngine - Header separator found
18:41:40.474 INFO  org.jbake.app.Crawler - Processing [/home/csmajs/jgarc271/git/jbake-testing-and-verification/jbake-core/build/resources/test/fixture/content/papers/draft-paper.html]...  : new 
18:41:40.476 DEBUG org.jbake.parser.MarkupEngine - Type property found
18:41:40.476 DEBUG org.jbake.parser.MarkupEngine - Status property found
18:41:40.477 DEBUG org.jbake.parser.MarkupEngine - Header separator found
18:41:40.477 INFO  org.jbake.app.Crawler - Processing [/home/csmajs/jgarc271/git/jbake-testing-and-verification/jbake-core/build/resources/test/fixture/content/papers/published-paper.html]...  : new 
18:41:40.478 DEBUG org.jbake.parser.MarkupEngine - Type property found
18:41:40.478 DEBUG org.jbake.parser.MarkupEngine - Status property found
18:41:40.478 DEBUG org.jbake.parser.MarkupEngine - Header separator found
18:41:40.479 INFO  org.jbake.app.Crawler - Processing [/home/csmajs/jgarc271/git/jbake-testing-and-verification/jbake-core/build/resources/test/fixture/content/projects.html]...  : new 
18:41:40.479 INFO  org.jbake.app.Crawler - Content detected:
18:41:40.479 INFO  org.jbake.app.Crawler - Parsed 3 files of type: page
18:41:40.479 INFO  org.jbake.app.Crawler - Parsed 4 files of type: post
18:41:40.491 DEBUG org.jbake.parser.MarkupEngine - Type property found
18:41:40.491 DEBUG org.jbake.parser.MarkupEngine - Status property found
18:41:40.492 DEBUG org.jbake.parser.MarkupEngine - Header separator found
18:41:40.504 INFO  org.jbake.app.Renderer - Rendering [/tmp/junit216538728363467265/about.html]... done!
18:41:40.508 INFO  c.o.o.c.s.m.ODirectMemoryStorage - Storage 'memory:/tmp/junit216538728363467265/documents1584063689900' is created under OrientDB distribution : 3.0.14 - Veloce (build ac128c5a9ba4c6dc9d25a32b92962d8863774423, branch 3.0.x)
18:41:41.531 DEBUG org.jbake.app.ContentStore - Create document class 'page'
18:41:41.554 DEBUG org.jbake.app.ContentStore - Create document class 'post'
18:41:41.580 DEBUG org.jbake.app.ContentStore - Create document class 'masterindex'
18:41:41.609 DEBUG org.jbake.app.ContentStore - Create document class 'archive'
18:41:41.641 DEBUG org.jbake.app.ContentStore - Create document class 'feed'
18:41:41.698 DEBUG org.jbake.parser.MarkupEngine - Type property found
18:41:41.698 DEBUG org.jbake.parser.MarkupEngine - Status property found
18:41:41.698 DEBUG org.jbake.parser.MarkupEngine - Header separator found
18:41:41.699 INFO  org.jbake.app.Crawler - Processing [/home/csmajs/jgarc271/git/jbake-testing-and-verification/jbake-core/build/resources/test/fixture/content/about.html]...  : new 
18:41:41.700 DEBUG org.jbake.parser.MarkupEngine - Type property found
18:41:41.700 DEBUG org.jbake.parser.MarkupEngine - Status property found
18:41:41.700 DEBUG org.jbake.parser.MarkupEngine - Header separator found
18:41:41.714 INFO  org.jbake.app.Crawler - Processing [/home/csmajs/jgarc271/git/jbake-testing-and-verification/jbake-core/build/resources/test/fixture/content/allcontent.html]...  : new 
18:41:41.719 DEBUG org.jbake.parser.MarkupEngine - Type property found
18:41:41.719 DEBUG org.jbake.parser.MarkupEngine - Status property found
18:41:41.719 DEBUG org.jbake.parser.MarkupEngine - Header separator found
18:41:41.720 INFO  org.jbake.app.Crawler - Processing [/home/csmajs/jgarc271/git/jbake-testing-and-verification/jbake-core/build/resources/test/fixture/content/blog/2012/first-post.html]...  : new 
18:41:41.723 DEBUG org.jbake.parser.MarkupEngine - Type property found
18:41:41.723 DEBUG org.jbake.parser.MarkupEngine - Status property found
18:41:41.723 DEBUG org.jbake.parser.MarkupEngine - Header separator found
18:41:41.724 INFO  org.jbake.app.Crawler - Processing [/home/csmajs/jgarc271/git/jbake-testing-and-verification/jbake-core/build/resources/test/fixture/content/blog/2013/second-post.html]...  : new 
18:41:41.725 DEBUG org.jbake.parser.MarkupEngine - Type property found
18:41:41.725 DEBUG org.jbake.parser.MarkupEngine - Status property found
18:41:41.725 DEBUG org.jbake.parser.MarkupEngine - Header separator found
18:41:41.726 INFO  org.jbake.app.Crawler - Processing [/home/csmajs/jgarc271/git/jbake-testing-and-verification/jbake-core/build/resources/test/fixture/content/blog/2016/another-post.html]...  : new 
18:41:41.727 DEBUG org.jbake.parser.MarkupEngine - Type property found
18:41:41.727 DEBUG org.jbake.parser.MarkupEngine - Status property found
18:41:41.727 DEBUG org.jbake.parser.MarkupEngine - Header separator found
18:41:41.728 INFO  org.jbake.app.Crawler - Processing [/home/csmajs/jgarc271/git/jbake-testing-and-verification/jbake-core/build/resources/test/fixture/content/blog/2016/draft-post.html]...  : new 
18:41:41.729 DEBUG org.jbake.parser.MarkupEngine - Header separator found
18:41:41.729 WARN  org.jbake.parser.MarkupEngine - Parsing skipped (missing type or status value in header meta data) for file /home/csmajs/jgarc271/git/jbake-testing-and-verification/jbake-core/build/resources/test/fixture/content/blog/invalid_header.html!
18:41:41.729 WARN  org.jbake.app.Crawler - /home/csmajs/jgarc271/git/jbake-testing-and-verification/jbake-core/build/resources/test/fixture/content/blog/invalid_header.html has an invalid header, it has been ignored!
18:41:41.729 INFO  org.jbake.app.Crawler - Processing [/home/csmajs/jgarc271/git/jbake-testing-and-verification/jbake-core/build/resources/test/fixture/content/blog/invalid_header.html]...  : new 
18:41:41.730 DEBUG org.jbake.parser.MarkupEngine - Type property found
18:41:41.730 DEBUG org.jbake.parser.MarkupEngine - Status property found
18:41:41.730 DEBUG org.jbake.parser.MarkupEngine - Header separator found
18:41:41.731 INFO  org.jbake.app.Crawler - Processing [/home/csmajs/jgarc271/git/jbake-testing-and-verification/jbake-core/build/resources/test/fixture/content/index2.html]...  : new 
18:41:41.733 DEBUG org.jbake.parser.MarkupEngine - Type property found
18:41:41.733 DEBUG org.jbake.parser.MarkupEngine - Status property found
18:41:41.733 DEBUG org.jbake.parser.MarkupEngine - Header separator found
18:41:41.747 INFO  org.jbake.app.Crawler - Processing [/home/csmajs/jgarc271/git/jbake-testing-and-verification/jbake-core/build/resources/test/fixture/content/papers/draft-paper.html]...  : new 
18:41:41.750 DEBUG org.jbake.parser.MarkupEngine - Type property found
18:41:41.750 DEBUG org.jbake.parser.MarkupEngine - Status property found
18:41:41.750 DEBUG org.jbake.parser.MarkupEngine - Header separator found
18:41:41.751 INFO  org.jbake.app.Crawler - Processing [/home/csmajs/jgarc271/git/jbake-testing-and-verification/jbake-core/build/resources/test/fixture/content/papers/published-paper.html]...  : new 
18:41:41.752 DEBUG org.jbake.parser.MarkupEngine - Type property found
18:41:41.752 DEBUG org.jbake.parser.MarkupEngine - Status property found
18:41:41.752 DEBUG org.jbake.parser.MarkupEngine - Header separator found
18:41:41.753 INFO  org.jbake.app.Crawler - Processing [/home/csmajs/jgarc271/git/jbake-testing-and-verification/jbake-core/build/resources/test/fixture/content/projects.html]...  : new 
18:41:41.753 INFO  org.jbake.app.Crawler - Content detected:
18:41:41.753 INFO  org.jbake.app.Crawler - Parsed 3 files of type: page
18:41:41.753 INFO  org.jbake.app.Crawler - Parsed 4 files of type: post
18:41:41.765 DEBUG org.jbake.parser.MarkupEngine - Type property found
18:41:41.765 DEBUG org.jbake.parser.MarkupEngine - Status property found
18:41:41.765 DEBUG org.jbake.parser.MarkupEngine - Header separator found
18:41:41.797 INFO  org.jbake.app.Renderer - Rendering [/tmp/junit216538728363467265/second-post.html]... done!
18:41:41.801 INFO  c.o.o.c.s.m.ODirectMemoryStorage - Storage 'memory:/tmp/junit216538728363467265/documents1584063689900' is created under OrientDB distribution : 3.0.14 - Veloce (build ac128c5a9ba4c6dc9d25a32b92962d8863774423, branch 3.0.x)
18:41:42.828 DEBUG org.jbake.app.ContentStore - Create document class 'page'
18:41:42.852 DEBUG org.jbake.app.ContentStore - Create document class 'post'
18:41:42.877 DEBUG org.jbake.app.ContentStore - Create document class 'masterindex'
18:41:42.906 DEBUG org.jbake.app.ContentStore - Create document class 'archive'
18:41:42.939 DEBUG org.jbake.app.ContentStore - Create document class 'feed'
18:41:42.998 DEBUG org.jbake.parser.MarkupEngine - Type property found
18:41:42.998 DEBUG org.jbake.parser.MarkupEngine - Status property found
18:41:42.998 DEBUG org.jbake.parser.MarkupEngine - Header separator found
18:41:42.999 INFO  org.jbake.app.Crawler - Processing [/home/csmajs/jgarc271/git/jbake-testing-and-verification/jbake-core/build/resources/test/fixture/content/about.html]...  : new 
18:41:43.000 DEBUG org.jbake.parser.MarkupEngine - Type property found
18:41:43.000 DEBUG org.jbake.parser.MarkupEngine - Status property found
18:41:43.000 DEBUG org.jbake.parser.MarkupEngine - Header separator found
18:41:43.013 INFO  org.jbake.app.Crawler - Processing [/home/csmajs/jgarc271/git/jbake-testing-and-verification/jbake-core/build/resources/test/fixture/content/allcontent.html]...  : new 
18:41:43.018 DEBUG org.jbake.parser.MarkupEngine - Type property found
18:41:43.018 DEBUG org.jbake.parser.MarkupEngine - Status property found
18:41:43.018 DEBUG org.jbake.parser.MarkupEngine - Header separator found
18:41:43.019 INFO  org.jbake.app.Crawler - Processing [/home/csmajs/jgarc271/git/jbake-testing-and-verification/jbake-core/build/resources/test/fixture/content/blog/2012/first-post.html]...  : new 
18:41:43.022 DEBUG org.jbake.parser.MarkupEngine - Type property found
18:41:43.022 DEBUG org.jbake.parser.MarkupEngine - Status property found
18:41:43.022 DEBUG org.jbake.parser.MarkupEngine - Header separator found
18:41:43.022 INFO  org.jbake.app.Crawler - Processing [/home/csmajs/jgarc271/git/jbake-testing-and-verification/jbake-core/build/resources/test/fixture/content/blog/2013/second-post.html]...  : new 
18:41:43.024 DEBUG org.jbake.parser.MarkupEngine - Type property found
18:41:43.024 DEBUG org.jbake.parser.MarkupEngine - Status property found
18:41:43.024 DEBUG org.jbake.parser.MarkupEngine - Header separator found
18:41:43.025 INFO  org.jbake.app.Crawler - Processing [/home/csmajs/jgarc271/git/jbake-testing-and-verification/jbake-core/build/resources/test/fixture/content/blog/2016/another-post.html]...  : new 
18:41:43.026 DEBUG org.jbake.parser.MarkupEngine - Type property found
18:41:43.026 DEBUG org.jbake.parser.MarkupEngine - Status property found
18:41:43.026 DEBUG org.jbake.parser.MarkupEngine - Header separator found
18:41:43.027 INFO  org.jbake.app.Crawler - Processing [/home/csmajs/jgarc271/git/jbake-testing-and-verification/jbake-core/build/resources/test/fixture/content/blog/2016/draft-post.html]...  : new 
18:41:43.028 DEBUG org.jbake.parser.MarkupEngine - Header separator found
18:41:43.028 WARN  org.jbake.parser.MarkupEngine - Parsing skipped (missing type or status value in header meta data) for file /home/csmajs/jgarc271/git/jbake-testing-and-verification/jbake-core/build/resources/test/fixture/content/blog/invalid_header.html!
18:41:43.028 WARN  org.jbake.app.Crawler - /home/csmajs/jgarc271/git/jbake-testing-and-verification/jbake-core/build/resources/test/fixture/content/blog/invalid_header.html has an invalid header, it has been ignored!
18:41:43.028 INFO  org.jbake.app.Crawler - Processing [/home/csmajs/jgarc271/git/jbake-testing-and-verification/jbake-core/build/resources/test/fixture/content/blog/invalid_header.html]...  : new 
18:41:43.029 DEBUG org.jbake.parser.MarkupEngine - Type property found
18:41:43.029 DEBUG org.jbake.parser.MarkupEngine - Status property found
18:41:43.029 DEBUG org.jbake.parser.MarkupEngine - Header separator found
18:41:43.030 INFO  org.jbake.app.Crawler - Processing [/home/csmajs/jgarc271/git/jbake-testing-and-verification/jbake-core/build/resources/test/fixture/content/index2.html]...  : new 
18:41:43.031 DEBUG org.jbake.parser.MarkupEngine - Type property found
18:41:43.032 DEBUG org.jbake.parser.MarkupEngine - Status property found
18:41:43.032 DEBUG org.jbake.parser.MarkupEngine - Header separator found
18:41:43.046 INFO  org.jbake.app.Crawler - Processing [/home/csmajs/jgarc271/git/jbake-testing-and-verification/jbake-core/build/resources/test/fixture/content/papers/draft-paper.html]...  : new 
18:41:43.049 DEBUG org.jbake.parser.MarkupEngine - Type property found
18:41:43.049 DEBUG org.jbake.parser.MarkupEngine - Status property found
18:41:43.049 DEBUG org.jbake.parser.MarkupEngine - Header separator found
18:41:43.049 INFO  org.jbake.app.Crawler - Processing [/home/csmajs/jgarc271/git/jbake-testing-and-verification/jbake-core/build/resources/test/fixture/content/papers/published-paper.html]...  : new 
18:41:43.050 DEBUG org.jbake.parser.MarkupEngine - Type property found
18:41:43.050 DEBUG org.jbake.parser.MarkupEngine - Status property found
18:41:43.050 DEBUG org.jbake.parser.MarkupEngine - Header separator found
18:41:43.051 INFO  org.jbake.app.Crawler - Processing [/home/csmajs/jgarc271/git/jbake-testing-and-verification/jbake-core/build/resources/test/fixture/content/projects.html]...  : new 
18:41:43.051 INFO  org.jbake.app.Crawler - Content detected:
18:41:43.051 INFO  org.jbake.app.Crawler - Parsed 3 files of type: page
18:41:43.051 INFO  org.jbake.app.Crawler - Parsed 4 files of type: post
18:41:43.079 INFO  org.jbake.app.Renderer - Rendering tag [/tmp/junit216538728363467265/tags/blog.html]... done!
18:41:43.088 INFO  org.jbake.app.Renderer - Rendering tagindex [/tmp/junit216538728363467265/tags/index.html]... done!
18:41:43.092 INFO  c.o.o.c.s.m.ODirectMemoryStorage - Storage 'memory:/tmp/junit216538728363467265/documents1584063689900' is created under OrientDB distribution : 3.0.14 - Veloce (build ac128c5a9ba4c6dc9d25a32b92962d8863774423, branch 3.0.x)
18:41:44.115 DEBUG org.jbake.app.ContentStore - Create document class 'page'
18:41:44.139 DEBUG org.jbake.app.ContentStore - Create document class 'post'
18:41:44.165 DEBUG org.jbake.app.ContentStore - Create document class 'masterindex'
18:41:44.195 DEBUG org.jbake.app.ContentStore - Create document class 'archive'
18:41:44.227 DEBUG org.jbake.app.ContentStore - Create document class 'feed'
18:41:44.285 DEBUG org.jbake.parser.MarkupEngine - Type property found
18:41:44.285 DEBUG org.jbake.parser.MarkupEngine - Status property found
18:41:44.285 DEBUG org.jbake.parser.MarkupEngine - Header separator found
18:41:44.286 INFO  org.jbake.app.Crawler - Processing [/home/csmajs/jgarc271/git/jbake-testing-and-verification/jbake-core/build/resources/test/fixture/content/about.html]...  : new 
18:41:44.287 DEBUG org.jbake.parser.MarkupEngine - Type property found
18:41:44.287 DEBUG org.jbake.parser.MarkupEngine - Status property found
18:41:44.287 DEBUG org.jbake.parser.MarkupEngine - Header separator found
18:41:44.310 INFO  org.jbake.app.Crawler - Processing [/home/csmajs/jgarc271/git/jbake-testing-and-verification/jbake-core/build/resources/test/fixture/content/allcontent.html]...  : new 
18:41:44.315 DEBUG org.jbake.parser.MarkupEngine - Type property found
18:41:44.315 DEBUG org.jbake.parser.MarkupEngine - Status property found
18:41:44.315 DEBUG org.jbake.parser.MarkupEngine - Header separator found
18:41:44.315 INFO  org.jbake.app.Crawler - Processing [/home/csmajs/jgarc271/git/jbake-testing-and-verification/jbake-core/build/resources/test/fixture/content/blog/2012/first-post.html]...  : new 
18:41:44.318 DEBUG org.jbake.parser.MarkupEngine - Type property found
18:41:44.318 DEBUG org.jbake.parser.MarkupEngine - Status property found
18:41:44.318 DEBUG org.jbake.parser.MarkupEngine - Header separator found
18:41:44.319 INFO  org.jbake.app.Crawler - Processing [/home/csmajs/jgarc271/git/jbake-testing-and-verification/jbake-core/build/resources/test/fixture/content/blog/2013/second-post.html]...  : new 
18:41:44.320 DEBUG org.jbake.parser.MarkupEngine - Type property found
18:41:44.320 DEBUG org.jbake.parser.MarkupEngine - Status property found
18:41:44.320 DEBUG org.jbake.parser.MarkupEngine - Header separator found
18:41:44.321 INFO  org.jbake.app.Crawler - Processing [/home/csmajs/jgarc271/git/jbake-testing-and-verification/jbake-core/build/resources/test/fixture/content/blog/2016/another-post.html]...  : new 
18:41:44.322 DEBUG org.jbake.parser.MarkupEngine - Type property found
18:41:44.322 DEBUG org.jbake.parser.MarkupEngine - Status property found
18:41:44.322 DEBUG org.jbake.parser.MarkupEngine - Header separator found
18:41:44.323 INFO  org.jbake.app.Crawler - Processing [/home/csmajs/jgarc271/git/jbake-testing-and-verification/jbake-core/build/resources/test/fixture/content/blog/2016/draft-post.html]...  : new 
18:41:44.324 DEBUG org.jbake.parser.MarkupEngine - Header separator found
18:41:44.324 WARN  org.jbake.parser.MarkupEngine - Parsing skipped (missing type or status value in header meta data) for file /home/csmajs/jgarc271/git/jbake-testing-and-verification/jbake-core/build/resources/test/fixture/content/blog/invalid_header.html!
18:41:44.324 WARN  org.jbake.app.Crawler - /home/csmajs/jgarc271/git/jbake-testing-and-verification/jbake-core/build/resources/test/fixture/content/blog/invalid_header.html has an invalid header, it has been ignored!
18:41:44.324 INFO  org.jbake.app.Crawler - Processing [/home/csmajs/jgarc271/git/jbake-testing-and-verification/jbake-core/build/resources/test/fixture/content/blog/invalid_header.html]...  : new 
18:41:44.326 DEBUG org.jbake.parser.MarkupEngine - Type property found
18:41:44.326 DEBUG org.jbake.parser.MarkupEngine - Status property found
18:41:44.326 DEBUG org.jbake.parser.MarkupEngine - Header separator found
18:41:44.327 INFO  org.jbake.app.Crawler - Processing [/home/csmajs/jgarc271/git/jbake-testing-and-verification/jbake-core/build/resources/test/fixture/content/index2.html]...  : new 
18:41:44.328 DEBUG org.jbake.parser.MarkupEngine - Type property found
18:41:44.328 DEBUG org.jbake.parser.MarkupEngine - Status property found
18:41:44.328 DEBUG org.jbake.parser.MarkupEngine - Header separator found
18:41:44.342 INFO  org.jbake.app.Crawler - Processing [/home/csmajs/jgarc271/git/jbake-testing-and-verification/jbake-core/build/resources/test/fixture/content/papers/draft-paper.html]...  : new 
18:41:44.344 DEBUG org.jbake.parser.MarkupEngine - Type property found
18:41:44.345 DEBUG org.jbake.parser.MarkupEngine - Status property found
18:41:44.345 DEBUG org.jbake.parser.MarkupEngine - Header separator found
18:41:44.345 INFO  org.jbake.app.Crawler - Processing [/home/csmajs/jgarc271/git/jbake-testing-and-verification/jbake-core/build/resources/test/fixture/content/papers/published-paper.html]...  : new 
18:41:44.346 DEBUG org.jbake.parser.MarkupEngine - Type property found
18:41:44.346 DEBUG org.jbake.parser.MarkupEngine - Status property found
18:41:44.346 DEBUG org.jbake.parser.MarkupEngine - Header separator found
18:41:44.347 INFO  org.jbake.app.Crawler - Processing [/home/csmajs/jgarc271/git/jbake-testing-and-verification/jbake-core/build/resources/test/fixture/content/projects.html]...  : new 
18:41:44.347 INFO  org.jbake.app.Crawler - Content detected:
18:41:44.347 INFO  org.jbake.app.Crawler - Parsed 3 files of type: page
18:41:44.347 INFO  org.jbake.app.Crawler - Parsed 4 files of type: post
18:41:44.359 INFO  org.jbake.template.ModelExtractors - register new extractors for document type: paper
18:41:44.385 INFO  org.jbake.app.Renderer - Rendering sitemap [/tmp/junit216538728363467265/sitemap.xml]... done!
]]></system-out>
  <system-err><![CDATA[]]></system-err>
</testsuite>
