<?xml version="1.0" encoding="UTF-8"?>
<testsuite name="org.jbake.render.TagsRendererTest" tests="5" skipped="0" failures="0" errors="0" timestamp="2020-03-13T01:15:22" hostname="bolt.cs.ucr.edu" time="0.288">
  <properties/>
  <testcase name="returnsZeroWhenConfigDoesNotRenderTags" classname="org.jbake.render.TagsRendererTest" time="0.28"/>
  <testcase name="doesNotRenderWhenConfigDoesNotRenderTags" classname="org.jbake.render.TagsRendererTest" time="0.002"/>
  <testcase name="doesRenderWhenConfigDoesRenderIndices" classname="org.jbake.render.TagsRendererTest" time="0.001"/>
  <testcase name="returnsOneWhenConfigRendersIndices" classname="org.jbake.render.TagsRendererTest" time="0.001"/>
  <testcase name="propogatesRenderingException" classname="org.jbake.render.TagsRendererTest" time="0.004"/>
  <system-out><![CDATA[]]></system-out>
  <system-err><![CDATA[]]></system-err>
</testsuite>
