<?xml version="1.0" encoding="UTF-8"?>
<testsuite name="org.jbake.app.ParserTest" tests="19" skipped="0" failures="1" errors="0" timestamp="2020-03-13T01:41:08" hostname="bolt.cs.ucr.edu" time="6.753">
  <properties/>
  <testcase name="parseValidAsciiDocFile" classname="org.jbake.app.ParserTest" time="5.952"/>
  <testcase name="parseValidHTMLFile" classname="org.jbake.app.ParserTest" time="0.024"/>
  <testcase name="parseInvalidHTMLFile" classname="org.jbake.app.ParserTest" time="0.005"/>
  <testcase name="parseValidAsciiDocFileWithoutHeader" classname="org.jbake.app.ParserTest" time="0.051"/>
  <testcase name="parseInvalidMarkdownFile" classname="org.jbake.app.ParserTest" time="0.005"/>
  <testcase name="parseValidAsciiDocFileWithoutJBakeMetaDataUsingDefaultTypeAndStatus" classname="org.jbake.app.ParserTest" time="0.04"/>
  <testcase name="testValidAsciiDocWithADHeaderJSONFile" classname="org.jbake.app.ParserTest" time="0.064"/>
  <testcase name="parseMarkdownFileWithCustomHeaderSeparator" classname="org.jbake.app.ParserTest" time="0.434"/>
  <testcase name="parseMarkdownFileWithDefaultTypeAndStatus" classname="org.jbake.app.ParserTest" time="0.03"/>
  <testcase name="parseValidAsciiDocWithJSONFile" classname="org.jbake.app.ParserTest" time="0.03"/>
  <testcase name="parseInvalidHTMLFileHeaderWithNoType" classname="org.jbake.app.ParserTest" time="0.005"/>
  <testcase name="parseInvalidHTMLFileHeaderWithEmptyStatus" classname="org.jbake.app.ParserTest" time="0.012">
    <failure message="java.lang.AssertionError: expected null, but was:&lt;{date=Thu Mar 12 18:41:15 PDT 2020, type=post, body=type=post&#10;~~~~~~&#10;, status=draft}&gt;" type="java.lang.AssertionError">java.lang.AssertionError: expected null, but was:&lt;{date=Thu Mar 12 18:41:15 PDT 2020, type=post, body=type=post
~~~~~~
, status=draft}&gt;
	at org.junit.Assert.fail(Assert.java:88)
	at org.junit.Assert.failNotNull(Assert.java:755)
	at org.junit.Assert.assertNull(Assert.java:737)
	at org.junit.Assert.assertNull(Assert.java:747)
	at org.jbake.app.ParserTest.parseInvalidHTMLFileHeaderWithEmptyStatus(ParserTest.java:308)
	at sun.reflect.NativeMethodAccessorImpl.invoke0(Native Method)
	at sun.reflect.NativeMethodAccessorImpl.invoke(NativeMethodAccessorImpl.java:62)
	at sun.reflect.DelegatingMethodAccessorImpl.invoke(DelegatingMethodAccessorImpl.java:43)
	at java.lang.reflect.Method.invoke(Method.java:498)
	at org.junit.runners.model.FrameworkMethod$1.runReflectiveCall(FrameworkMethod.java:50)
	at org.junit.internal.runners.model.ReflectiveCallable.run(ReflectiveCallable.java:12)
	at org.junit.runners.model.FrameworkMethod.invokeExplosively(FrameworkMethod.java:47)
	at org.junit.internal.runners.statements.InvokeMethod.evaluate(InvokeMethod.java:17)
	at org.junit.internal.runners.statements.RunBefores.evaluate(RunBefores.java:26)
	at org.junit.rules.ExternalResource$1.evaluate(ExternalResource.java:48)
	at org.junit.rules.RunRules.evaluate(RunRules.java:20)
	at org.junit.runners.ParentRunner.runLeaf(ParentRunner.java:325)
	at org.junit.runners.BlockJUnit4ClassRunner.runChild(BlockJUnit4ClassRunner.java:78)
	at org.junit.runners.BlockJUnit4ClassRunner.runChild(BlockJUnit4ClassRunner.java:57)
	at org.junit.runners.ParentRunner$3.run(ParentRunner.java:290)
	at org.junit.runners.ParentRunner$1.schedule(ParentRunner.java:71)
	at org.junit.runners.ParentRunner.runChildren(ParentRunner.java:288)
	at org.junit.runners.ParentRunner.access$000(ParentRunner.java:58)
	at org.junit.runners.ParentRunner$2.evaluate(ParentRunner.java:268)
	at org.junit.runners.ParentRunner.run(ParentRunner.java:363)
	at org.junit.runner.JUnitCore.run(JUnitCore.java:137)
	at org.junit.runner.JUnitCore.run(JUnitCore.java:115)
	at org.junit.vintage.engine.execution.RunnerExecutor.execute(RunnerExecutor.java:39)
	at java.util.stream.ForEachOps$ForEachOp$OfRef.accept(ForEachOps.java:183)
	at java.util.stream.ReferencePipeline$3$1.accept(ReferencePipeline.java:193)
	at java.util.Iterator.forEachRemaining(Iterator.java:116)
	at java.util.Spliterators$IteratorSpliterator.forEachRemaining(Spliterators.java:1801)
	at java.util.stream.AbstractPipeline.copyInto(AbstractPipeline.java:482)
	at java.util.stream.AbstractPipeline.wrapAndCopyInto(AbstractPipeline.java:472)
	at java.util.stream.ForEachOps$ForEachOp.evaluateSequential(ForEachOps.java:150)
	at java.util.stream.ForEachOps$ForEachOp$OfRef.evaluateSequential(ForEachOps.java:173)
	at java.util.stream.AbstractPipeline.evaluate(AbstractPipeline.java:234)
	at java.util.stream.ReferencePipeline.forEach(ReferencePipeline.java:485)
	at org.junit.vintage.engine.VintageTestEngine.executeAllChildren(VintageTestEngine.java:79)
	at org.junit.vintage.engine.VintageTestEngine.execute(VintageTestEngine.java:70)
	at org.junit.platform.launcher.core.DefaultLauncher.execute(DefaultLauncher.java:220)
	at org.junit.platform.launcher.core.DefaultLauncher.lambda$execute$6(DefaultLauncher.java:188)
	at org.junit.platform.launcher.core.DefaultLauncher.withInterceptedStreams(DefaultLauncher.java:202)
	at org.junit.platform.launcher.core.DefaultLauncher.execute(DefaultLauncher.java:181)
	at org.junit.platform.launcher.core.DefaultLauncher.execute(DefaultLauncher.java:128)
	at org.gradle.api.internal.tasks.testing.junitplatform.JUnitPlatformTestClassProcessor$CollectAllTestClassesExecutor.processAllTestClasses(JUnitPlatformTestClassProcessor.java:102)
	at org.gradle.api.internal.tasks.testing.junitplatform.JUnitPlatformTestClassProcessor$CollectAllTestClassesExecutor.access$000(JUnitPlatformTestClassProcessor.java:82)
	at org.gradle.api.internal.tasks.testing.junitplatform.JUnitPlatformTestClassProcessor.stop(JUnitPlatformTestClassProcessor.java:78)
	at org.gradle.api.internal.tasks.testing.SuiteTestClassProcessor.stop(SuiteTestClassProcessor.java:61)
	at sun.reflect.NativeMethodAccessorImpl.invoke0(Native Method)
	at sun.reflect.NativeMethodAccessorImpl.invoke(NativeMethodAccessorImpl.java:62)
	at sun.reflect.DelegatingMethodAccessorImpl.invoke(DelegatingMethodAccessorImpl.java:43)
	at java.lang.reflect.Method.invoke(Method.java:498)
	at org.gradle.internal.dispatch.ReflectionDispatch.dispatch(ReflectionDispatch.java:35)
	at org.gradle.internal.dispatch.ReflectionDispatch.dispatch(ReflectionDispatch.java:24)
	at org.gradle.internal.dispatch.ContextClassLoaderDispatch.dispatch(ContextClassLoaderDispatch.java:32)
	at org.gradle.internal.dispatch.ProxyDispatchAdapter$DispatchingInvocationHandler.invoke(ProxyDispatchAdapter.java:93)
	at com.sun.proxy.$Proxy2.stop(Unknown Source)
	at org.gradle.api.internal.tasks.testing.worker.TestWorker.stop(TestWorker.java:132)
	at sun.reflect.NativeMethodAccessorImpl.invoke0(Native Method)
	at sun.reflect.NativeMethodAccessorImpl.invoke(NativeMethodAccessorImpl.java:62)
	at sun.reflect.DelegatingMethodAccessorImpl.invoke(DelegatingMethodAccessorImpl.java:43)
	at java.lang.reflect.Method.invoke(Method.java:498)
	at org.gradle.internal.dispatch.ReflectionDispatch.dispatch(ReflectionDispatch.java:35)
	at org.gradle.internal.dispatch.ReflectionDispatch.dispatch(ReflectionDispatch.java:24)
	at org.gradle.internal.remote.internal.hub.MessageHubBackedObjectConnection$DispatchWrapper.dispatch(MessageHubBackedObjectConnection.java:175)
	at org.gradle.internal.remote.internal.hub.MessageHubBackedObjectConnection$DispatchWrapper.dispatch(MessageHubBackedObjectConnection.java:157)
	at org.gradle.internal.remote.internal.hub.MessageHub$Handler.run(MessageHub.java:404)
	at org.gradle.internal.concurrent.ExecutorPolicy$CatchAndRecordFailures.onExecute(ExecutorPolicy.java:63)
	at org.gradle.internal.concurrent.ManagedExecutorImpl$1.run(ManagedExecutorImpl.java:46)
	at java.util.concurrent.ThreadPoolExecutor.runWorker(ThreadPoolExecutor.java:1149)
	at java.util.concurrent.ThreadPoolExecutor$Worker.run(ThreadPoolExecutor.java:624)
	at org.gradle.internal.concurrent.ThreadFactoryImpl$ManagedThreadRunnable.run(ThreadFactoryImpl.java:55)
	at java.lang.Thread.run(Thread.java:748)
</failure>
  </testcase>
  <testcase name="parseValidAsciiDocFileWithExampleHeaderInContent" classname="org.jbake.app.ParserTest" time="0.037"/>
  <testcase name="parseInvalidAsciiDocFile" classname="org.jbake.app.ParserTest" time="0.015"/>
  <testcase name="parseValidHTMLWithJSONFile" classname="org.jbake.app.ParserTest" time="0.006"/>
  <testcase name="parseInvalidAsciiDocFileWithoutHeader" classname="org.jbake.app.ParserTest" time="0.019"/>
  <testcase name="parseInvalidExtension" classname="org.jbake.app.ParserTest" time="0.004"/>
  <testcase name="parseInvalidMarkdownFileWithoutDefaultStatus" classname="org.jbake.app.ParserTest" time="0.005"/>
  <testcase name="parseMarkdownFileWithDefaultStatus" classname="org.jbake.app.ParserTest" time="0.01"/>
  <system-out><![CDATA[18:41:08.504 DEBUG org.jbake.parser.MarkupEngine - Status property found
18:41:08.504 DEBUG org.jbake.parser.MarkupEngine - Type property found
18:41:08.504 DEBUG org.jbake.parser.MarkupEngine - Header separator found
18:41:08.518 INFO  org.jbake.parser.AsciidoctorEngine - Initializing Asciidoctor engine...
18:41:14.215 INFO  org.jbake.parser.AsciidoctorEngine - Asciidoctor engine initialized.
18:41:14.430 DEBUG org.jbake.parser.MarkupEngine - Status property found
18:41:14.430 DEBUG org.jbake.parser.MarkupEngine - Type property found
18:41:14.430 DEBUG org.jbake.parser.MarkupEngine - Header separator found
18:41:14.436 DEBUG org.jbake.parser.MarkupEngine - Header separator found
18:41:14.436 WARN  org.jbake.parser.MarkupEngine - Parsing skipped (missing type or status value in header meta data) for file /tmp/junit146789715845145559/invalid.html!
18:41:14.493 DEBUG org.jbake.parser.MarkupEngine - Header separator found
18:41:14.493 WARN  org.jbake.parser.MarkupEngine - Parsing skipped (missing type or status value in header meta data) for file /tmp/junit1908304289656290487/invalidMd.md!
18:41:14.602 DEBUG org.jbake.parser.MarkupEngine - Type property found
18:41:14.602 DEBUG org.jbake.parser.MarkupEngine - Status property found
18:41:14.602 DEBUG org.jbake.parser.MarkupEngine - Header separator found
18:41:15.056 DEBUG org.jbake.parser.MarkupEngine - Header separator found
18:41:15.067 DEBUG org.jbake.parser.MarkupEngine - Status property found
18:41:15.067 DEBUG org.jbake.parser.MarkupEngine - Type property found
18:41:15.067 DEBUG org.jbake.parser.MarkupEngine - Header separator found
18:41:15.098 DEBUG org.jbake.parser.MarkupEngine - Status property found
18:41:15.098 DEBUG org.jbake.parser.MarkupEngine - Header separator found
18:41:15.098 WARN  org.jbake.parser.MarkupEngine - Parsing skipped (missing type or status value in header meta data) for file /tmp/junit8434468971331834064/invalidNoType.html!
18:41:15.103 DEBUG org.jbake.parser.MarkupEngine - Type property found
18:41:15.103 DEBUG org.jbake.parser.MarkupEngine - Header separator found
18:41:15.153 DEBUG org.jbake.parser.MarkupEngine - Header separator found
18:41:15.163 WARN  org.jbake.parser.MarkupEngine - Parsing skipped (missing type or status value in header meta data) for file /tmp/junit7268869193505983158/invalid.ad!
18:41:15.168 DEBUG org.jbake.parser.MarkupEngine - Status property found
18:41:15.168 DEBUG org.jbake.parser.MarkupEngine - Type property found
18:41:15.168 DEBUG org.jbake.parser.MarkupEngine - Header separator found
18:41:15.188 WARN  org.jbake.parser.MarkupEngine - Parsing skipped (missing type or status value in header meta data) for file /tmp/junit7207929380394628138/invalidwoheader.ad!
18:41:15.192 ERROR org.jbake.app.Parser - Unable to find suitable markup engine for /tmp/junit7064605428739873648/invalid.invalid
18:41:15.197 DEBUG org.jbake.parser.MarkupEngine - Type property found
18:41:15.197 DEBUG org.jbake.parser.MarkupEngine - Header separator found
18:41:15.197 WARN  org.jbake.parser.MarkupEngine - Parsing skipped (missing type or status value in header meta data) for file /tmp/junit7456565761455846861/invalidMdWithoutDefaultStatus.md!
18:41:15.202 DEBUG org.jbake.parser.MarkupEngine - Type property found
18:41:15.202 DEBUG org.jbake.parser.MarkupEngine - Header separator found
]]></system-out>
  <system-err><![CDATA[]]></system-err>
</testsuite>
