<?xml version="1.0" encoding="UTF-8"?>
<testsuite name="org.jbake.app.template.GroovyTemplateEngineRenderingTest" tests="9" skipped="0" failures="0" errors="0" timestamp="2020-03-13T01:41:44" hostname="bolt.cs.ucr.edu" time="12.728">
  <properties/>
  <testcase name="renderIndex" classname="org.jbake.app.template.GroovyTemplateEngineRenderingTest" time="1.963"/>
  <testcase name="renderArchive" classname="org.jbake.app.template.GroovyTemplateEngineRenderingTest" time="1.387"/>
  <testcase name="checkDbTemplateModelIsPopulated" classname="org.jbake.app.template.GroovyTemplateEngineRenderingTest" time="1.356"/>
  <testcase name="renderTagsIndex" classname="org.jbake.app.template.GroovyTemplateEngineRenderingTest" time="1.427"/>
  <testcase name="renderFeed" classname="org.jbake.app.template.GroovyTemplateEngineRenderingTest" time="1.299"/>
  <testcase name="renderPage" classname="org.jbake.app.template.GroovyTemplateEngineRenderingTest" time="1.327"/>
  <testcase name="renderPost" classname="org.jbake.app.template.GroovyTemplateEngineRenderingTest" time="1.329"/>
  <testcase name="renderTags" classname="org.jbake.app.template.GroovyTemplateEngineRenderingTest" time="1.354"/>
  <testcase name="renderSitemap" classname="org.jbake.app.template.GroovyTemplateEngineRenderingTest" time="1.286"/>
  <system-out><![CDATA[18:41:44.390 INFO  c.o.o.c.s.m.ODirectMemoryStorage - Storage 'memory:/tmp/junit216538728363467265/documents1584063689900' is created under OrientDB distribution : 3.0.14 - Veloce (build ac128c5a9ba4c6dc9d25a32b92962d8863774423, branch 3.0.x)
18:41:45.413 DEBUG org.jbake.app.ContentStore - Create document class 'page'
18:41:45.436 DEBUG org.jbake.app.ContentStore - Create document class 'post'
18:41:45.461 DEBUG org.jbake.app.ContentStore - Create document class 'masterindex'
18:41:45.489 DEBUG org.jbake.app.ContentStore - Create document class 'archive'
18:41:45.521 DEBUG org.jbake.app.ContentStore - Create document class 'feed'
18:41:45.577 DEBUG org.jbake.parser.MarkupEngine - Type property found
18:41:45.578 DEBUG org.jbake.parser.MarkupEngine - Status property found
18:41:45.578 DEBUG org.jbake.parser.MarkupEngine - Header separator found
18:41:45.578 INFO  org.jbake.app.Crawler - Processing [/home/csmajs/jgarc271/git/jbake-testing-and-verification/jbake-core/build/resources/test/fixture/content/about.html]...  : new 
18:41:45.579 DEBUG org.jbake.parser.MarkupEngine - Type property found
18:41:45.580 DEBUG org.jbake.parser.MarkupEngine - Status property found
18:41:45.580 DEBUG org.jbake.parser.MarkupEngine - Header separator found
18:41:45.593 INFO  org.jbake.app.Crawler - Processing [/home/csmajs/jgarc271/git/jbake-testing-and-verification/jbake-core/build/resources/test/fixture/content/allcontent.html]...  : new 
18:41:45.598 DEBUG org.jbake.parser.MarkupEngine - Type property found
18:41:45.598 DEBUG org.jbake.parser.MarkupEngine - Status property found
18:41:45.598 DEBUG org.jbake.parser.MarkupEngine - Header separator found
18:41:45.598 INFO  org.jbake.app.Crawler - Processing [/home/csmajs/jgarc271/git/jbake-testing-and-verification/jbake-core/build/resources/test/fixture/content/blog/2012/first-post.html]...  : new 
18:41:45.601 DEBUG org.jbake.parser.MarkupEngine - Type property found
18:41:45.601 DEBUG org.jbake.parser.MarkupEngine - Status property found
18:41:45.601 DEBUG org.jbake.parser.MarkupEngine - Header separator found
18:41:45.602 INFO  org.jbake.app.Crawler - Processing [/home/csmajs/jgarc271/git/jbake-testing-and-verification/jbake-core/build/resources/test/fixture/content/blog/2013/second-post.html]...  : new 
18:41:45.603 DEBUG org.jbake.parser.MarkupEngine - Type property found
18:41:45.603 DEBUG org.jbake.parser.MarkupEngine - Status property found
18:41:45.603 DEBUG org.jbake.parser.MarkupEngine - Header separator found
18:41:45.604 INFO  org.jbake.app.Crawler - Processing [/home/csmajs/jgarc271/git/jbake-testing-and-verification/jbake-core/build/resources/test/fixture/content/blog/2016/another-post.html]...  : new 
18:41:45.605 DEBUG org.jbake.parser.MarkupEngine - Type property found
18:41:45.605 DEBUG org.jbake.parser.MarkupEngine - Status property found
18:41:45.605 DEBUG org.jbake.parser.MarkupEngine - Header separator found
18:41:45.606 INFO  org.jbake.app.Crawler - Processing [/home/csmajs/jgarc271/git/jbake-testing-and-verification/jbake-core/build/resources/test/fixture/content/blog/2016/draft-post.html]...  : new 
18:41:45.607 DEBUG org.jbake.parser.MarkupEngine - Header separator found
18:41:45.607 WARN  org.jbake.parser.MarkupEngine - Parsing skipped (missing type or status value in header meta data) for file /home/csmajs/jgarc271/git/jbake-testing-and-verification/jbake-core/build/resources/test/fixture/content/blog/invalid_header.html!
18:41:45.607 WARN  org.jbake.app.Crawler - /home/csmajs/jgarc271/git/jbake-testing-and-verification/jbake-core/build/resources/test/fixture/content/blog/invalid_header.html has an invalid header, it has been ignored!
18:41:45.607 INFO  org.jbake.app.Crawler - Processing [/home/csmajs/jgarc271/git/jbake-testing-and-verification/jbake-core/build/resources/test/fixture/content/blog/invalid_header.html]...  : new 
18:41:45.608 DEBUG org.jbake.parser.MarkupEngine - Type property found
18:41:45.608 DEBUG org.jbake.parser.MarkupEngine - Status property found
18:41:45.608 DEBUG org.jbake.parser.MarkupEngine - Header separator found
18:41:45.609 INFO  org.jbake.app.Crawler - Processing [/home/csmajs/jgarc271/git/jbake-testing-and-verification/jbake-core/build/resources/test/fixture/content/index2.html]...  : new 
18:41:45.610 DEBUG org.jbake.parser.MarkupEngine - Type property found
18:41:45.610 DEBUG org.jbake.parser.MarkupEngine - Status property found
18:41:45.610 DEBUG org.jbake.parser.MarkupEngine - Header separator found
18:41:45.625 INFO  org.jbake.app.Crawler - Processing [/home/csmajs/jgarc271/git/jbake-testing-and-verification/jbake-core/build/resources/test/fixture/content/papers/draft-paper.html]...  : new 
18:41:45.628 DEBUG org.jbake.parser.MarkupEngine - Type property found
18:41:45.628 DEBUG org.jbake.parser.MarkupEngine - Status property found
18:41:45.628 DEBUG org.jbake.parser.MarkupEngine - Header separator found
18:41:45.628 INFO  org.jbake.app.Crawler - Processing [/home/csmajs/jgarc271/git/jbake-testing-and-verification/jbake-core/build/resources/test/fixture/content/papers/published-paper.html]...  : new 
18:41:45.629 DEBUG org.jbake.parser.MarkupEngine - Type property found
18:41:45.629 DEBUG org.jbake.parser.MarkupEngine - Status property found
18:41:45.629 DEBUG org.jbake.parser.MarkupEngine - Header separator found
18:41:45.630 INFO  org.jbake.app.Crawler - Processing [/home/csmajs/jgarc271/git/jbake-testing-and-verification/jbake-core/build/resources/test/fixture/content/projects.html]...  : new 
18:41:45.630 INFO  org.jbake.app.Crawler - Content detected:
18:41:45.630 INFO  org.jbake.app.Crawler - Parsed 3 files of type: page
18:41:45.630 INFO  org.jbake.app.Crawler - Parsed 4 files of type: post
18:41:46.320 INFO  org.jbake.app.Renderer - Rendering masterindex [/tmp/junit1118141899665380494/index.html]... done!
18:41:46.353 INFO  c.o.o.c.s.m.ODirectMemoryStorage - Storage 'memory:/tmp/junit216538728363467265/documents1584063689900' is created under OrientDB distribution : 3.0.14 - Veloce (build ac128c5a9ba4c6dc9d25a32b92962d8863774423, branch 3.0.x)
18:41:47.375 DEBUG org.jbake.app.ContentStore - Create document class 'page'
18:41:47.398 DEBUG org.jbake.app.ContentStore - Create document class 'post'
18:41:47.424 DEBUG org.jbake.app.ContentStore - Create document class 'masterindex'
18:41:47.452 DEBUG org.jbake.app.ContentStore - Create document class 'archive'
18:41:47.484 DEBUG org.jbake.app.ContentStore - Create document class 'feed'
18:41:47.540 DEBUG org.jbake.parser.MarkupEngine - Type property found
18:41:47.540 DEBUG org.jbake.parser.MarkupEngine - Status property found
18:41:47.540 DEBUG org.jbake.parser.MarkupEngine - Header separator found
18:41:47.541 INFO  org.jbake.app.Crawler - Processing [/home/csmajs/jgarc271/git/jbake-testing-and-verification/jbake-core/build/resources/test/fixture/content/about.html]...  : new 
18:41:47.542 DEBUG org.jbake.parser.MarkupEngine - Type property found
18:41:47.542 DEBUG org.jbake.parser.MarkupEngine - Status property found
18:41:47.542 DEBUG org.jbake.parser.MarkupEngine - Header separator found
18:41:47.556 INFO  org.jbake.app.Crawler - Processing [/home/csmajs/jgarc271/git/jbake-testing-and-verification/jbake-core/build/resources/test/fixture/content/allcontent.html]...  : new 
18:41:47.560 DEBUG org.jbake.parser.MarkupEngine - Type property found
18:41:47.560 DEBUG org.jbake.parser.MarkupEngine - Status property found
18:41:47.560 DEBUG org.jbake.parser.MarkupEngine - Header separator found
18:41:47.561 INFO  org.jbake.app.Crawler - Processing [/home/csmajs/jgarc271/git/jbake-testing-and-verification/jbake-core/build/resources/test/fixture/content/blog/2012/first-post.html]...  : new 
18:41:47.564 DEBUG org.jbake.parser.MarkupEngine - Type property found
18:41:47.564 DEBUG org.jbake.parser.MarkupEngine - Status property found
18:41:47.564 DEBUG org.jbake.parser.MarkupEngine - Header separator found
18:41:47.565 INFO  org.jbake.app.Crawler - Processing [/home/csmajs/jgarc271/git/jbake-testing-and-verification/jbake-core/build/resources/test/fixture/content/blog/2013/second-post.html]...  : new 
18:41:47.566 DEBUG org.jbake.parser.MarkupEngine - Type property found
18:41:47.566 DEBUG org.jbake.parser.MarkupEngine - Status property found
18:41:47.566 DEBUG org.jbake.parser.MarkupEngine - Header separator found
18:41:47.567 INFO  org.jbake.app.Crawler - Processing [/home/csmajs/jgarc271/git/jbake-testing-and-verification/jbake-core/build/resources/test/fixture/content/blog/2016/another-post.html]...  : new 
18:41:47.568 DEBUG org.jbake.parser.MarkupEngine - Type property found
18:41:47.568 DEBUG org.jbake.parser.MarkupEngine - Status property found
18:41:47.568 DEBUG org.jbake.parser.MarkupEngine - Header separator found
18:41:47.569 INFO  org.jbake.app.Crawler - Processing [/home/csmajs/jgarc271/git/jbake-testing-and-verification/jbake-core/build/resources/test/fixture/content/blog/2016/draft-post.html]...  : new 
18:41:47.570 DEBUG org.jbake.parser.MarkupEngine - Header separator found
18:41:47.570 WARN  org.jbake.parser.MarkupEngine - Parsing skipped (missing type or status value in header meta data) for file /home/csmajs/jgarc271/git/jbake-testing-and-verification/jbake-core/build/resources/test/fixture/content/blog/invalid_header.html!
18:41:47.570 WARN  org.jbake.app.Crawler - /home/csmajs/jgarc271/git/jbake-testing-and-verification/jbake-core/build/resources/test/fixture/content/blog/invalid_header.html has an invalid header, it has been ignored!
18:41:47.570 INFO  org.jbake.app.Crawler - Processing [/home/csmajs/jgarc271/git/jbake-testing-and-verification/jbake-core/build/resources/test/fixture/content/blog/invalid_header.html]...  : new 
18:41:47.571 DEBUG org.jbake.parser.MarkupEngine - Type property found
18:41:47.571 DEBUG org.jbake.parser.MarkupEngine - Status property found
18:41:47.571 DEBUG org.jbake.parser.MarkupEngine - Header separator found
18:41:47.572 INFO  org.jbake.app.Crawler - Processing [/home/csmajs/jgarc271/git/jbake-testing-and-verification/jbake-core/build/resources/test/fixture/content/index2.html]...  : new 
18:41:47.574 DEBUG org.jbake.parser.MarkupEngine - Type property found
18:41:47.574 DEBUG org.jbake.parser.MarkupEngine - Status property found
18:41:47.574 DEBUG org.jbake.parser.MarkupEngine - Header separator found
18:41:47.588 INFO  org.jbake.app.Crawler - Processing [/home/csmajs/jgarc271/git/jbake-testing-and-verification/jbake-core/build/resources/test/fixture/content/papers/draft-paper.html]...  : new 
18:41:47.591 DEBUG org.jbake.parser.MarkupEngine - Type property found
18:41:47.591 DEBUG org.jbake.parser.MarkupEngine - Status property found
18:41:47.591 DEBUG org.jbake.parser.MarkupEngine - Header separator found
18:41:47.592 INFO  org.jbake.app.Crawler - Processing [/home/csmajs/jgarc271/git/jbake-testing-and-verification/jbake-core/build/resources/test/fixture/content/papers/published-paper.html]...  : new 
18:41:47.593 DEBUG org.jbake.parser.MarkupEngine - Type property found
18:41:47.593 DEBUG org.jbake.parser.MarkupEngine - Status property found
18:41:47.593 DEBUG org.jbake.parser.MarkupEngine - Header separator found
18:41:47.594 INFO  org.jbake.app.Crawler - Processing [/home/csmajs/jgarc271/git/jbake-testing-and-verification/jbake-core/build/resources/test/fixture/content/projects.html]...  : new 
18:41:47.594 INFO  org.jbake.app.Crawler - Content detected:
18:41:47.594 INFO  org.jbake.app.Crawler - Parsed 3 files of type: page
18:41:47.594 INFO  org.jbake.app.Crawler - Parsed 4 files of type: post
18:41:47.736 INFO  org.jbake.app.Renderer - Rendering archive [/tmp/junit1118141899665380494/archive.html]... done!
18:41:47.740 INFO  c.o.o.c.s.m.ODirectMemoryStorage - Storage 'memory:/tmp/junit216538728363467265/documents1584063689900' is created under OrientDB distribution : 3.0.14 - Veloce (build ac128c5a9ba4c6dc9d25a32b92962d8863774423, branch 3.0.x)
18:41:48.781 DEBUG org.jbake.app.ContentStore - Create document class 'page'
18:41:48.805 DEBUG org.jbake.app.ContentStore - Create document class 'post'
18:41:48.831 DEBUG org.jbake.app.ContentStore - Create document class 'masterindex'
18:41:48.860 DEBUG org.jbake.app.ContentStore - Create document class 'archive'
18:41:48.892 DEBUG org.jbake.app.ContentStore - Create document class 'feed'
18:41:48.948 DEBUG org.jbake.parser.MarkupEngine - Type property found
18:41:48.948 DEBUG org.jbake.parser.MarkupEngine - Status property found
18:41:48.948 DEBUG org.jbake.parser.MarkupEngine - Header separator found
18:41:48.949 INFO  org.jbake.app.Crawler - Processing [/home/csmajs/jgarc271/git/jbake-testing-and-verification/jbake-core/build/resources/test/fixture/content/about.html]...  : new 
18:41:48.950 DEBUG org.jbake.parser.MarkupEngine - Type property found
18:41:48.950 DEBUG org.jbake.parser.MarkupEngine - Status property found
18:41:48.950 DEBUG org.jbake.parser.MarkupEngine - Header separator found
18:41:48.963 INFO  org.jbake.app.Crawler - Processing [/home/csmajs/jgarc271/git/jbake-testing-and-verification/jbake-core/build/resources/test/fixture/content/allcontent.html]...  : new 
18:41:48.968 DEBUG org.jbake.parser.MarkupEngine - Type property found
18:41:48.968 DEBUG org.jbake.parser.MarkupEngine - Status property found
18:41:48.968 DEBUG org.jbake.parser.MarkupEngine - Header separator found
18:41:48.968 INFO  org.jbake.app.Crawler - Processing [/home/csmajs/jgarc271/git/jbake-testing-and-verification/jbake-core/build/resources/test/fixture/content/blog/2012/first-post.html]...  : new 
18:41:48.971 DEBUG org.jbake.parser.MarkupEngine - Type property found
18:41:48.971 DEBUG org.jbake.parser.MarkupEngine - Status property found
18:41:48.971 DEBUG org.jbake.parser.MarkupEngine - Header separator found
18:41:48.972 INFO  org.jbake.app.Crawler - Processing [/home/csmajs/jgarc271/git/jbake-testing-and-verification/jbake-core/build/resources/test/fixture/content/blog/2013/second-post.html]...  : new 
18:41:48.974 DEBUG org.jbake.parser.MarkupEngine - Type property found
18:41:48.974 DEBUG org.jbake.parser.MarkupEngine - Status property found
18:41:48.974 DEBUG org.jbake.parser.MarkupEngine - Header separator found
18:41:48.974 INFO  org.jbake.app.Crawler - Processing [/home/csmajs/jgarc271/git/jbake-testing-and-verification/jbake-core/build/resources/test/fixture/content/blog/2016/another-post.html]...  : new 
18:41:48.975 DEBUG org.jbake.parser.MarkupEngine - Type property found
18:41:48.975 DEBUG org.jbake.parser.MarkupEngine - Status property found
18:41:48.975 DEBUG org.jbake.parser.MarkupEngine - Header separator found
18:41:48.976 INFO  org.jbake.app.Crawler - Processing [/home/csmajs/jgarc271/git/jbake-testing-and-verification/jbake-core/build/resources/test/fixture/content/blog/2016/draft-post.html]...  : new 
18:41:48.977 DEBUG org.jbake.parser.MarkupEngine - Header separator found
18:41:48.977 WARN  org.jbake.parser.MarkupEngine - Parsing skipped (missing type or status value in header meta data) for file /home/csmajs/jgarc271/git/jbake-testing-and-verification/jbake-core/build/resources/test/fixture/content/blog/invalid_header.html!
18:41:48.977 WARN  org.jbake.app.Crawler - /home/csmajs/jgarc271/git/jbake-testing-and-verification/jbake-core/build/resources/test/fixture/content/blog/invalid_header.html has an invalid header, it has been ignored!
18:41:48.977 INFO  org.jbake.app.Crawler - Processing [/home/csmajs/jgarc271/git/jbake-testing-and-verification/jbake-core/build/resources/test/fixture/content/blog/invalid_header.html]...  : new 
18:41:48.978 DEBUG org.jbake.parser.MarkupEngine - Type property found
18:41:48.979 DEBUG org.jbake.parser.MarkupEngine - Status property found
18:41:48.979 DEBUG org.jbake.parser.MarkupEngine - Header separator found
18:41:48.979 INFO  org.jbake.app.Crawler - Processing [/home/csmajs/jgarc271/git/jbake-testing-and-verification/jbake-core/build/resources/test/fixture/content/index2.html]...  : new 
18:41:48.981 DEBUG org.jbake.parser.MarkupEngine - Type property found
18:41:48.981 DEBUG org.jbake.parser.MarkupEngine - Status property found
18:41:48.981 DEBUG org.jbake.parser.MarkupEngine - Header separator found
18:41:48.995 INFO  org.jbake.app.Crawler - Processing [/home/csmajs/jgarc271/git/jbake-testing-and-verification/jbake-core/build/resources/test/fixture/content/papers/draft-paper.html]...  : new 
18:41:48.998 DEBUG org.jbake.parser.MarkupEngine - Type property found
18:41:48.998 DEBUG org.jbake.parser.MarkupEngine - Status property found
18:41:48.998 DEBUG org.jbake.parser.MarkupEngine - Header separator found
18:41:48.998 INFO  org.jbake.app.Crawler - Processing [/home/csmajs/jgarc271/git/jbake-testing-and-verification/jbake-core/build/resources/test/fixture/content/papers/published-paper.html]...  : new 
18:41:49.000 DEBUG org.jbake.parser.MarkupEngine - Type property found
18:41:49.000 DEBUG org.jbake.parser.MarkupEngine - Status property found
18:41:49.000 DEBUG org.jbake.parser.MarkupEngine - Header separator found
18:41:49.000 INFO  org.jbake.app.Crawler - Processing [/home/csmajs/jgarc271/git/jbake-testing-and-verification/jbake-core/build/resources/test/fixture/content/projects.html]...  : new 
18:41:49.000 INFO  org.jbake.app.Crawler - Content detected:
18:41:49.000 INFO  org.jbake.app.Crawler - Parsed 3 files of type: page
18:41:49.000 INFO  org.jbake.app.Crawler - Parsed 4 files of type: post
18:41:49.092 INFO  org.jbake.app.Renderer - Rendering masterindex [/tmp/junit1118141899665380494/index.html]... done!
18:41:49.096 INFO  c.o.o.c.s.m.ODirectMemoryStorage - Storage 'memory:/tmp/junit216538728363467265/documents1584063689900' is created under OrientDB distribution : 3.0.14 - Veloce (build ac128c5a9ba4c6dc9d25a32b92962d8863774423, branch 3.0.x)
18:41:50.120 DEBUG org.jbake.app.ContentStore - Create document class 'page'
18:41:50.143 DEBUG org.jbake.app.ContentStore - Create document class 'post'
18:41:50.169 DEBUG org.jbake.app.ContentStore - Create document class 'masterindex'
18:41:50.197 DEBUG org.jbake.app.ContentStore - Create document class 'archive'
18:41:50.229 DEBUG org.jbake.app.ContentStore - Create document class 'feed'
18:41:50.285 DEBUG org.jbake.parser.MarkupEngine - Type property found
18:41:50.285 DEBUG org.jbake.parser.MarkupEngine - Status property found
18:41:50.285 DEBUG org.jbake.parser.MarkupEngine - Header separator found
18:41:50.286 INFO  org.jbake.app.Crawler - Processing [/home/csmajs/jgarc271/git/jbake-testing-and-verification/jbake-core/build/resources/test/fixture/content/about.html]...  : new 
18:41:50.287 DEBUG org.jbake.parser.MarkupEngine - Type property found
18:41:50.287 DEBUG org.jbake.parser.MarkupEngine - Status property found
18:41:50.287 DEBUG org.jbake.parser.MarkupEngine - Header separator found
18:41:50.300 INFO  org.jbake.app.Crawler - Processing [/home/csmajs/jgarc271/git/jbake-testing-and-verification/jbake-core/build/resources/test/fixture/content/allcontent.html]...  : new 
18:41:50.305 DEBUG org.jbake.parser.MarkupEngine - Type property found
18:41:50.305 DEBUG org.jbake.parser.MarkupEngine - Status property found
18:41:50.305 DEBUG org.jbake.parser.MarkupEngine - Header separator found
18:41:50.305 INFO  org.jbake.app.Crawler - Processing [/home/csmajs/jgarc271/git/jbake-testing-and-verification/jbake-core/build/resources/test/fixture/content/blog/2012/first-post.html]...  : new 
18:41:50.308 DEBUG org.jbake.parser.MarkupEngine - Type property found
18:41:50.308 DEBUG org.jbake.parser.MarkupEngine - Status property found
18:41:50.308 DEBUG org.jbake.parser.MarkupEngine - Header separator found
18:41:50.309 INFO  org.jbake.app.Crawler - Processing [/home/csmajs/jgarc271/git/jbake-testing-and-verification/jbake-core/build/resources/test/fixture/content/blog/2013/second-post.html]...  : new 
18:41:50.310 DEBUG org.jbake.parser.MarkupEngine - Type property found
18:41:50.310 DEBUG org.jbake.parser.MarkupEngine - Status property found
18:41:50.310 DEBUG org.jbake.parser.MarkupEngine - Header separator found
18:41:50.311 INFO  org.jbake.app.Crawler - Processing [/home/csmajs/jgarc271/git/jbake-testing-and-verification/jbake-core/build/resources/test/fixture/content/blog/2016/another-post.html]...  : new 
18:41:50.312 DEBUG org.jbake.parser.MarkupEngine - Type property found
18:41:50.312 DEBUG org.jbake.parser.MarkupEngine - Status property found
18:41:50.312 DEBUG org.jbake.parser.MarkupEngine - Header separator found
18:41:50.313 INFO  org.jbake.app.Crawler - Processing [/home/csmajs/jgarc271/git/jbake-testing-and-verification/jbake-core/build/resources/test/fixture/content/blog/2016/draft-post.html]...  : new 
18:41:50.314 DEBUG org.jbake.parser.MarkupEngine - Header separator found
18:41:50.314 WARN  org.jbake.parser.MarkupEngine - Parsing skipped (missing type or status value in header meta data) for file /home/csmajs/jgarc271/git/jbake-testing-and-verification/jbake-core/build/resources/test/fixture/content/blog/invalid_header.html!
18:41:50.314 WARN  org.jbake.app.Crawler - /home/csmajs/jgarc271/git/jbake-testing-and-verification/jbake-core/build/resources/test/fixture/content/blog/invalid_header.html has an invalid header, it has been ignored!
18:41:50.314 INFO  org.jbake.app.Crawler - Processing [/home/csmajs/jgarc271/git/jbake-testing-and-verification/jbake-core/build/resources/test/fixture/content/blog/invalid_header.html]...  : new 
18:41:50.315 DEBUG org.jbake.parser.MarkupEngine - Type property found
18:41:50.315 DEBUG org.jbake.parser.MarkupEngine - Status property found
18:41:50.315 DEBUG org.jbake.parser.MarkupEngine - Header separator found
18:41:50.316 INFO  org.jbake.app.Crawler - Processing [/home/csmajs/jgarc271/git/jbake-testing-and-verification/jbake-core/build/resources/test/fixture/content/index2.html]...  : new 
18:41:50.317 DEBUG org.jbake.parser.MarkupEngine - Type property found
18:41:50.317 DEBUG org.jbake.parser.MarkupEngine - Status property found
18:41:50.317 DEBUG org.jbake.parser.MarkupEngine - Header separator found
18:41:50.332 INFO  org.jbake.app.Crawler - Processing [/home/csmajs/jgarc271/git/jbake-testing-and-verification/jbake-core/build/resources/test/fixture/content/papers/draft-paper.html]...  : new 
18:41:50.334 DEBUG org.jbake.parser.MarkupEngine - Type property found
18:41:50.334 DEBUG org.jbake.parser.MarkupEngine - Status property found
18:41:50.334 DEBUG org.jbake.parser.MarkupEngine - Header separator found
18:41:50.335 INFO  org.jbake.app.Crawler - Processing [/home/csmajs/jgarc271/git/jbake-testing-and-verification/jbake-core/build/resources/test/fixture/content/papers/published-paper.html]...  : new 
18:41:50.336 DEBUG org.jbake.parser.MarkupEngine - Type property found
18:41:50.336 DEBUG org.jbake.parser.MarkupEngine - Status property found
18:41:50.336 DEBUG org.jbake.parser.MarkupEngine - Header separator found
18:41:50.337 INFO  org.jbake.app.Crawler - Processing [/home/csmajs/jgarc271/git/jbake-testing-and-verification/jbake-core/build/resources/test/fixture/content/projects.html]...  : new 
18:41:50.337 INFO  org.jbake.app.Crawler - Content detected:
18:41:50.337 INFO  org.jbake.app.Crawler - Parsed 3 files of type: page
18:41:50.337 INFO  org.jbake.app.Crawler - Parsed 4 files of type: post
18:41:50.363 INFO  o.j.t.DelegatingTemplateEngine - Default template: tags.ftl was not found, searching for others...
18:41:50.364 INFO  o.j.t.DelegatingTemplateEngine - Found alternative template file: tags.gsp using this instead
18:41:50.481 INFO  org.jbake.app.Renderer - Rendering tag [/tmp/junit1118141899665380494/tags/blog.html]... done!
18:41:50.483 INFO  o.j.t.DelegatingTemplateEngine - Default template: tags-index.ftl was not found, searching for others...
18:41:50.483 INFO  o.j.t.DelegatingTemplateEngine - Found alternative template file: tags-index.gsp using this instead
18:41:50.519 INFO  org.jbake.app.Renderer - Rendering tagindex [/tmp/junit1118141899665380494/tags/index.html]... done!
18:41:50.523 INFO  c.o.o.c.s.m.ODirectMemoryStorage - Storage 'memory:/tmp/junit216538728363467265/documents1584063689900' is created under OrientDB distribution : 3.0.14 - Veloce (build ac128c5a9ba4c6dc9d25a32b92962d8863774423, branch 3.0.x)
18:41:51.547 DEBUG org.jbake.app.ContentStore - Create document class 'page'
18:41:51.570 DEBUG org.jbake.app.ContentStore - Create document class 'post'
18:41:51.596 DEBUG org.jbake.app.ContentStore - Create document class 'masterindex'
18:41:51.625 DEBUG org.jbake.app.ContentStore - Create document class 'archive'
18:41:51.657 DEBUG org.jbake.app.ContentStore - Create document class 'feed'
18:41:51.714 DEBUG org.jbake.parser.MarkupEngine - Type property found
18:41:51.714 DEBUG org.jbake.parser.MarkupEngine - Status property found
18:41:51.714 DEBUG org.jbake.parser.MarkupEngine - Header separator found
18:41:51.715 INFO  org.jbake.app.Crawler - Processing [/home/csmajs/jgarc271/git/jbake-testing-and-verification/jbake-core/build/resources/test/fixture/content/about.html]...  : new 
18:41:51.716 DEBUG org.jbake.parser.MarkupEngine - Type property found
18:41:51.716 DEBUG org.jbake.parser.MarkupEngine - Status property found
18:41:51.716 DEBUG org.jbake.parser.MarkupEngine - Header separator found
18:41:51.729 INFO  org.jbake.app.Crawler - Processing [/home/csmajs/jgarc271/git/jbake-testing-and-verification/jbake-core/build/resources/test/fixture/content/allcontent.html]...  : new 
18:41:51.734 DEBUG org.jbake.parser.MarkupEngine - Type property found
18:41:51.734 DEBUG org.jbake.parser.MarkupEngine - Status property found
18:41:51.734 DEBUG org.jbake.parser.MarkupEngine - Header separator found
18:41:51.735 INFO  org.jbake.app.Crawler - Processing [/home/csmajs/jgarc271/git/jbake-testing-and-verification/jbake-core/build/resources/test/fixture/content/blog/2012/first-post.html]...  : new 
18:41:51.737 DEBUG org.jbake.parser.MarkupEngine - Type property found
18:41:51.737 DEBUG org.jbake.parser.MarkupEngine - Status property found
18:41:51.737 DEBUG org.jbake.parser.MarkupEngine - Header separator found
18:41:51.738 INFO  org.jbake.app.Crawler - Processing [/home/csmajs/jgarc271/git/jbake-testing-and-verification/jbake-core/build/resources/test/fixture/content/blog/2013/second-post.html]...  : new 
18:41:51.739 DEBUG org.jbake.parser.MarkupEngine - Type property found
18:41:51.739 DEBUG org.jbake.parser.MarkupEngine - Status property found
18:41:51.739 DEBUG org.jbake.parser.MarkupEngine - Header separator found
18:41:51.740 INFO  org.jbake.app.Crawler - Processing [/home/csmajs/jgarc271/git/jbake-testing-and-verification/jbake-core/build/resources/test/fixture/content/blog/2016/another-post.html]...  : new 
18:41:51.741 DEBUG org.jbake.parser.MarkupEngine - Type property found
18:41:51.741 DEBUG org.jbake.parser.MarkupEngine - Status property found
18:41:51.741 DEBUG org.jbake.parser.MarkupEngine - Header separator found
18:41:51.742 INFO  org.jbake.app.Crawler - Processing [/home/csmajs/jgarc271/git/jbake-testing-and-verification/jbake-core/build/resources/test/fixture/content/blog/2016/draft-post.html]...  : new 
18:41:51.743 DEBUG org.jbake.parser.MarkupEngine - Header separator found
18:41:51.743 WARN  org.jbake.parser.MarkupEngine - Parsing skipped (missing type or status value in header meta data) for file /home/csmajs/jgarc271/git/jbake-testing-and-verification/jbake-core/build/resources/test/fixture/content/blog/invalid_header.html!
18:41:51.743 WARN  org.jbake.app.Crawler - /home/csmajs/jgarc271/git/jbake-testing-and-verification/jbake-core/build/resources/test/fixture/content/blog/invalid_header.html has an invalid header, it has been ignored!
18:41:51.743 INFO  org.jbake.app.Crawler - Processing [/home/csmajs/jgarc271/git/jbake-testing-and-verification/jbake-core/build/resources/test/fixture/content/blog/invalid_header.html]...  : new 
18:41:51.744 DEBUG org.jbake.parser.MarkupEngine - Type property found
18:41:51.744 DEBUG org.jbake.parser.MarkupEngine - Status property found
18:41:51.744 DEBUG org.jbake.parser.MarkupEngine - Header separator found
18:41:51.745 INFO  org.jbake.app.Crawler - Processing [/home/csmajs/jgarc271/git/jbake-testing-and-verification/jbake-core/build/resources/test/fixture/content/index2.html]...  : new 
18:41:51.746 DEBUG org.jbake.parser.MarkupEngine - Type property found
18:41:51.746 DEBUG org.jbake.parser.MarkupEngine - Status property found
18:41:51.746 DEBUG org.jbake.parser.MarkupEngine - Header separator found
18:41:51.761 INFO  org.jbake.app.Crawler - Processing [/home/csmajs/jgarc271/git/jbake-testing-and-verification/jbake-core/build/resources/test/fixture/content/papers/draft-paper.html]...  : new 
18:41:51.763 DEBUG org.jbake.parser.MarkupEngine - Type property found
18:41:51.763 DEBUG org.jbake.parser.MarkupEngine - Status property found
18:41:51.763 DEBUG org.jbake.parser.MarkupEngine - Header separator found
18:41:51.764 INFO  org.jbake.app.Crawler - Processing [/home/csmajs/jgarc271/git/jbake-testing-and-verification/jbake-core/build/resources/test/fixture/content/papers/published-paper.html]...  : new 
18:41:51.765 DEBUG org.jbake.parser.MarkupEngine - Type property found
18:41:51.765 DEBUG org.jbake.parser.MarkupEngine - Status property found
18:41:51.765 DEBUG org.jbake.parser.MarkupEngine - Header separator found
18:41:51.765 INFO  org.jbake.app.Crawler - Processing [/home/csmajs/jgarc271/git/jbake-testing-and-verification/jbake-core/build/resources/test/fixture/content/projects.html]...  : new 
18:41:51.765 INFO  org.jbake.app.Crawler - Content detected:
18:41:51.765 INFO  org.jbake.app.Crawler - Parsed 3 files of type: page
18:41:51.765 INFO  org.jbake.app.Crawler - Parsed 4 files of type: post
18:41:51.818 INFO  org.jbake.app.Renderer - Rendering feed [/tmp/junit1118141899665380494/feed.xml]... done!
18:41:51.822 INFO  c.o.o.c.s.m.ODirectMemoryStorage - Storage 'memory:/tmp/junit216538728363467265/documents1584063689900' is created under OrientDB distribution : 3.0.14 - Veloce (build ac128c5a9ba4c6dc9d25a32b92962d8863774423, branch 3.0.x)
18:41:52.843 DEBUG org.jbake.app.ContentStore - Create document class 'page'
18:41:52.867 DEBUG org.jbake.app.ContentStore - Create document class 'post'
18:41:52.893 DEBUG org.jbake.app.ContentStore - Create document class 'masterindex'
18:41:52.923 DEBUG org.jbake.app.ContentStore - Create document class 'archive'
18:41:52.954 DEBUG org.jbake.app.ContentStore - Create document class 'feed'
18:41:53.021 DEBUG org.jbake.parser.MarkupEngine - Type property found
18:41:53.021 DEBUG org.jbake.parser.MarkupEngine - Status property found
18:41:53.021 DEBUG org.jbake.parser.MarkupEngine - Header separator found
18:41:53.022 INFO  org.jbake.app.Crawler - Processing [/home/csmajs/jgarc271/git/jbake-testing-and-verification/jbake-core/build/resources/test/fixture/content/about.html]...  : new 
18:41:53.023 DEBUG org.jbake.parser.MarkupEngine - Type property found
18:41:53.023 DEBUG org.jbake.parser.MarkupEngine - Status property found
18:41:53.023 DEBUG org.jbake.parser.MarkupEngine - Header separator found
18:41:53.042 INFO  org.jbake.app.Crawler - Processing [/home/csmajs/jgarc271/git/jbake-testing-and-verification/jbake-core/build/resources/test/fixture/content/allcontent.html]...  : new 
18:41:53.047 DEBUG org.jbake.parser.MarkupEngine - Type property found
18:41:53.047 DEBUG org.jbake.parser.MarkupEngine - Status property found
18:41:53.047 DEBUG org.jbake.parser.MarkupEngine - Header separator found
18:41:53.048 INFO  org.jbake.app.Crawler - Processing [/home/csmajs/jgarc271/git/jbake-testing-and-verification/jbake-core/build/resources/test/fixture/content/blog/2012/first-post.html]...  : new 
18:41:53.050 DEBUG org.jbake.parser.MarkupEngine - Type property found
18:41:53.051 DEBUG org.jbake.parser.MarkupEngine - Status property found
18:41:53.051 DEBUG org.jbake.parser.MarkupEngine - Header separator found
18:41:53.051 INFO  org.jbake.app.Crawler - Processing [/home/csmajs/jgarc271/git/jbake-testing-and-verification/jbake-core/build/resources/test/fixture/content/blog/2013/second-post.html]...  : new 
18:41:53.053 DEBUG org.jbake.parser.MarkupEngine - Type property found
18:41:53.053 DEBUG org.jbake.parser.MarkupEngine - Status property found
18:41:53.053 DEBUG org.jbake.parser.MarkupEngine - Header separator found
18:41:53.054 INFO  org.jbake.app.Crawler - Processing [/home/csmajs/jgarc271/git/jbake-testing-and-verification/jbake-core/build/resources/test/fixture/content/blog/2016/another-post.html]...  : new 
18:41:53.055 DEBUG org.jbake.parser.MarkupEngine - Type property found
18:41:53.055 DEBUG org.jbake.parser.MarkupEngine - Status property found
18:41:53.055 DEBUG org.jbake.parser.MarkupEngine - Header separator found
18:41:53.055 INFO  org.jbake.app.Crawler - Processing [/home/csmajs/jgarc271/git/jbake-testing-and-verification/jbake-core/build/resources/test/fixture/content/blog/2016/draft-post.html]...  : new 
18:41:53.057 DEBUG org.jbake.parser.MarkupEngine - Header separator found
18:41:53.057 WARN  org.jbake.parser.MarkupEngine - Parsing skipped (missing type or status value in header meta data) for file /home/csmajs/jgarc271/git/jbake-testing-and-verification/jbake-core/build/resources/test/fixture/content/blog/invalid_header.html!
18:41:53.057 WARN  org.jbake.app.Crawler - /home/csmajs/jgarc271/git/jbake-testing-and-verification/jbake-core/build/resources/test/fixture/content/blog/invalid_header.html has an invalid header, it has been ignored!
18:41:53.057 INFO  org.jbake.app.Crawler - Processing [/home/csmajs/jgarc271/git/jbake-testing-and-verification/jbake-core/build/resources/test/fixture/content/blog/invalid_header.html]...  : new 
18:41:53.058 DEBUG org.jbake.parser.MarkupEngine - Type property found
18:41:53.058 DEBUG org.jbake.parser.MarkupEngine - Status property found
18:41:53.058 DEBUG org.jbake.parser.MarkupEngine - Header separator found
18:41:53.058 INFO  org.jbake.app.Crawler - Processing [/home/csmajs/jgarc271/git/jbake-testing-and-verification/jbake-core/build/resources/test/fixture/content/index2.html]...  : new 
18:41:53.060 DEBUG org.jbake.parser.MarkupEngine - Type property found
18:41:53.060 DEBUG org.jbake.parser.MarkupEngine - Status property found
18:41:53.060 DEBUG org.jbake.parser.MarkupEngine - Header separator found
18:41:53.083 INFO  org.jbake.app.Crawler - Processing [/home/csmajs/jgarc271/git/jbake-testing-and-verification/jbake-core/build/resources/test/fixture/content/papers/draft-paper.html]...  : new 
18:41:53.086 DEBUG org.jbake.parser.MarkupEngine - Type property found
18:41:53.086 DEBUG org.jbake.parser.MarkupEngine - Status property found
18:41:53.086 DEBUG org.jbake.parser.MarkupEngine - Header separator found
18:41:53.086 INFO  org.jbake.app.Crawler - Processing [/home/csmajs/jgarc271/git/jbake-testing-and-verification/jbake-core/build/resources/test/fixture/content/papers/published-paper.html]...  : new 
18:41:53.087 DEBUG org.jbake.parser.MarkupEngine - Type property found
18:41:53.087 DEBUG org.jbake.parser.MarkupEngine - Status property found
18:41:53.087 DEBUG org.jbake.parser.MarkupEngine - Header separator found
18:41:53.088 INFO  org.jbake.app.Crawler - Processing [/home/csmajs/jgarc271/git/jbake-testing-and-verification/jbake-core/build/resources/test/fixture/content/projects.html]...  : new 
18:41:53.088 INFO  org.jbake.app.Crawler - Content detected:
18:41:53.088 INFO  org.jbake.app.Crawler - Parsed 3 files of type: page
18:41:53.088 INFO  org.jbake.app.Crawler - Parsed 4 files of type: post
18:41:53.100 DEBUG org.jbake.parser.MarkupEngine - Type property found
18:41:53.100 DEBUG org.jbake.parser.MarkupEngine - Status property found
18:41:53.100 DEBUG org.jbake.parser.MarkupEngine - Header separator found
18:41:53.146 INFO  org.jbake.app.Renderer - Rendering [/tmp/junit1118141899665380494/about.html]... done!
18:41:53.150 INFO  c.o.o.c.s.m.ODirectMemoryStorage - Storage 'memory:/tmp/junit216538728363467265/documents1584063689900' is created under OrientDB distribution : 3.0.14 - Veloce (build ac128c5a9ba4c6dc9d25a32b92962d8863774423, branch 3.0.x)
18:41:54.171 DEBUG org.jbake.app.ContentStore - Create document class 'page'
18:41:54.194 DEBUG org.jbake.app.ContentStore - Create document class 'post'
18:41:54.219 DEBUG org.jbake.app.ContentStore - Create document class 'masterindex'
18:41:54.247 DEBUG org.jbake.app.ContentStore - Create document class 'archive'
18:41:54.280 DEBUG org.jbake.app.ContentStore - Create document class 'feed'
18:41:54.337 DEBUG org.jbake.parser.MarkupEngine - Type property found
18:41:54.337 DEBUG org.jbake.parser.MarkupEngine - Status property found
18:41:54.337 DEBUG org.jbake.parser.MarkupEngine - Header separator found
18:41:54.338 INFO  org.jbake.app.Crawler - Processing [/home/csmajs/jgarc271/git/jbake-testing-and-verification/jbake-core/build/resources/test/fixture/content/about.html]...  : new 
18:41:54.339 DEBUG org.jbake.parser.MarkupEngine - Type property found
18:41:54.339 DEBUG org.jbake.parser.MarkupEngine - Status property found
18:41:54.339 DEBUG org.jbake.parser.MarkupEngine - Header separator found
18:41:54.353 INFO  org.jbake.app.Crawler - Processing [/home/csmajs/jgarc271/git/jbake-testing-and-verification/jbake-core/build/resources/test/fixture/content/allcontent.html]...  : new 
18:41:54.357 DEBUG org.jbake.parser.MarkupEngine - Type property found
18:41:54.357 DEBUG org.jbake.parser.MarkupEngine - Status property found
18:41:54.357 DEBUG org.jbake.parser.MarkupEngine - Header separator found
18:41:54.358 INFO  org.jbake.app.Crawler - Processing [/home/csmajs/jgarc271/git/jbake-testing-and-verification/jbake-core/build/resources/test/fixture/content/blog/2012/first-post.html]...  : new 
18:41:54.360 DEBUG org.jbake.parser.MarkupEngine - Type property found
18:41:54.361 DEBUG org.jbake.parser.MarkupEngine - Status property found
18:41:54.361 DEBUG org.jbake.parser.MarkupEngine - Header separator found
18:41:54.361 INFO  org.jbake.app.Crawler - Processing [/home/csmajs/jgarc271/git/jbake-testing-and-verification/jbake-core/build/resources/test/fixture/content/blog/2013/second-post.html]...  : new 
18:41:54.363 DEBUG org.jbake.parser.MarkupEngine - Type property found
18:41:54.363 DEBUG org.jbake.parser.MarkupEngine - Status property found
18:41:54.363 DEBUG org.jbake.parser.MarkupEngine - Header separator found
18:41:54.363 INFO  org.jbake.app.Crawler - Processing [/home/csmajs/jgarc271/git/jbake-testing-and-verification/jbake-core/build/resources/test/fixture/content/blog/2016/another-post.html]...  : new 
18:41:54.364 DEBUG org.jbake.parser.MarkupEngine - Type property found
18:41:54.364 DEBUG org.jbake.parser.MarkupEngine - Status property found
18:41:54.364 DEBUG org.jbake.parser.MarkupEngine - Header separator found
18:41:54.365 INFO  org.jbake.app.Crawler - Processing [/home/csmajs/jgarc271/git/jbake-testing-and-verification/jbake-core/build/resources/test/fixture/content/blog/2016/draft-post.html]...  : new 
18:41:54.366 DEBUG org.jbake.parser.MarkupEngine - Header separator found
18:41:54.366 WARN  org.jbake.parser.MarkupEngine - Parsing skipped (missing type or status value in header meta data) for file /home/csmajs/jgarc271/git/jbake-testing-and-verification/jbake-core/build/resources/test/fixture/content/blog/invalid_header.html!
18:41:54.366 WARN  org.jbake.app.Crawler - /home/csmajs/jgarc271/git/jbake-testing-and-verification/jbake-core/build/resources/test/fixture/content/blog/invalid_header.html has an invalid header, it has been ignored!
18:41:54.366 INFO  org.jbake.app.Crawler - Processing [/home/csmajs/jgarc271/git/jbake-testing-and-verification/jbake-core/build/resources/test/fixture/content/blog/invalid_header.html]...  : new 
18:41:54.367 DEBUG org.jbake.parser.MarkupEngine - Type property found
18:41:54.367 DEBUG org.jbake.parser.MarkupEngine - Status property found
18:41:54.367 DEBUG org.jbake.parser.MarkupEngine - Header separator found
18:41:54.368 INFO  org.jbake.app.Crawler - Processing [/home/csmajs/jgarc271/git/jbake-testing-and-verification/jbake-core/build/resources/test/fixture/content/index2.html]...  : new 
18:41:54.369 DEBUG org.jbake.parser.MarkupEngine - Type property found
18:41:54.369 DEBUG org.jbake.parser.MarkupEngine - Status property found
18:41:54.369 DEBUG org.jbake.parser.MarkupEngine - Header separator found
18:41:54.384 INFO  org.jbake.app.Crawler - Processing [/home/csmajs/jgarc271/git/jbake-testing-and-verification/jbake-core/build/resources/test/fixture/content/papers/draft-paper.html]...  : new 
18:41:54.386 DEBUG org.jbake.parser.MarkupEngine - Type property found
18:41:54.386 DEBUG org.jbake.parser.MarkupEngine - Status property found
18:41:54.386 DEBUG org.jbake.parser.MarkupEngine - Header separator found
18:41:54.387 INFO  org.jbake.app.Crawler - Processing [/home/csmajs/jgarc271/git/jbake-testing-and-verification/jbake-core/build/resources/test/fixture/content/papers/published-paper.html]...  : new 
18:41:54.388 DEBUG org.jbake.parser.MarkupEngine - Type property found
18:41:54.388 DEBUG org.jbake.parser.MarkupEngine - Status property found
18:41:54.388 DEBUG org.jbake.parser.MarkupEngine - Header separator found
18:41:54.389 INFO  org.jbake.app.Crawler - Processing [/home/csmajs/jgarc271/git/jbake-testing-and-verification/jbake-core/build/resources/test/fixture/content/projects.html]...  : new 
18:41:54.389 INFO  org.jbake.app.Crawler - Content detected:
18:41:54.389 INFO  org.jbake.app.Crawler - Parsed 3 files of type: page
18:41:54.389 INFO  org.jbake.app.Crawler - Parsed 4 files of type: post
18:41:54.400 DEBUG org.jbake.parser.MarkupEngine - Type property found
18:41:54.400 DEBUG org.jbake.parser.MarkupEngine - Status property found
18:41:54.400 DEBUG org.jbake.parser.MarkupEngine - Header separator found
18:41:54.474 INFO  org.jbake.app.Renderer - Rendering [/tmp/junit1118141899665380494/second-post.html]... done!
18:41:54.479 INFO  c.o.o.c.s.m.ODirectMemoryStorage - Storage 'memory:/tmp/junit216538728363467265/documents1584063689900' is created under OrientDB distribution : 3.0.14 - Veloce (build ac128c5a9ba4c6dc9d25a32b92962d8863774423, branch 3.0.x)
18:41:55.499 DEBUG org.jbake.app.ContentStore - Create document class 'page'
18:41:55.521 DEBUG org.jbake.app.ContentStore - Create document class 'post'
18:41:55.547 DEBUG org.jbake.app.ContentStore - Create document class 'masterindex'
18:41:55.574 DEBUG org.jbake.app.ContentStore - Create document class 'archive'
18:41:55.605 DEBUG org.jbake.app.ContentStore - Create document class 'feed'
18:41:55.661 DEBUG org.jbake.parser.MarkupEngine - Type property found
18:41:55.661 DEBUG org.jbake.parser.MarkupEngine - Status property found
18:41:55.661 DEBUG org.jbake.parser.MarkupEngine - Header separator found
18:41:55.662 INFO  org.jbake.app.Crawler - Processing [/home/csmajs/jgarc271/git/jbake-testing-and-verification/jbake-core/build/resources/test/fixture/content/about.html]...  : new 
18:41:55.663 DEBUG org.jbake.parser.MarkupEngine - Type property found
18:41:55.663 DEBUG org.jbake.parser.MarkupEngine - Status property found
18:41:55.663 DEBUG org.jbake.parser.MarkupEngine - Header separator found
18:41:55.676 INFO  org.jbake.app.Crawler - Processing [/home/csmajs/jgarc271/git/jbake-testing-and-verification/jbake-core/build/resources/test/fixture/content/allcontent.html]...  : new 
18:41:55.680 DEBUG org.jbake.parser.MarkupEngine - Type property found
18:41:55.680 DEBUG org.jbake.parser.MarkupEngine - Status property found
18:41:55.680 DEBUG org.jbake.parser.MarkupEngine - Header separator found
18:41:55.681 INFO  org.jbake.app.Crawler - Processing [/home/csmajs/jgarc271/git/jbake-testing-and-verification/jbake-core/build/resources/test/fixture/content/blog/2012/first-post.html]...  : new 
18:41:55.684 DEBUG org.jbake.parser.MarkupEngine - Type property found
18:41:55.684 DEBUG org.jbake.parser.MarkupEngine - Status property found
18:41:55.684 DEBUG org.jbake.parser.MarkupEngine - Header separator found
18:41:55.684 INFO  org.jbake.app.Crawler - Processing [/home/csmajs/jgarc271/git/jbake-testing-and-verification/jbake-core/build/resources/test/fixture/content/blog/2013/second-post.html]...  : new 
18:41:55.686 DEBUG org.jbake.parser.MarkupEngine - Type property found
18:41:55.686 DEBUG org.jbake.parser.MarkupEngine - Status property found
18:41:55.686 DEBUG org.jbake.parser.MarkupEngine - Header separator found
18:41:55.687 INFO  org.jbake.app.Crawler - Processing [/home/csmajs/jgarc271/git/jbake-testing-and-verification/jbake-core/build/resources/test/fixture/content/blog/2016/another-post.html]...  : new 
18:41:55.688 DEBUG org.jbake.parser.MarkupEngine - Type property found
18:41:55.688 DEBUG org.jbake.parser.MarkupEngine - Status property found
18:41:55.688 DEBUG org.jbake.parser.MarkupEngine - Header separator found
18:41:55.688 INFO  org.jbake.app.Crawler - Processing [/home/csmajs/jgarc271/git/jbake-testing-and-verification/jbake-core/build/resources/test/fixture/content/blog/2016/draft-post.html]...  : new 
18:41:55.689 DEBUG org.jbake.parser.MarkupEngine - Header separator found
18:41:55.689 WARN  org.jbake.parser.MarkupEngine - Parsing skipped (missing type or status value in header meta data) for file /home/csmajs/jgarc271/git/jbake-testing-and-verification/jbake-core/build/resources/test/fixture/content/blog/invalid_header.html!
18:41:55.689 WARN  org.jbake.app.Crawler - /home/csmajs/jgarc271/git/jbake-testing-and-verification/jbake-core/build/resources/test/fixture/content/blog/invalid_header.html has an invalid header, it has been ignored!
18:41:55.690 INFO  org.jbake.app.Crawler - Processing [/home/csmajs/jgarc271/git/jbake-testing-and-verification/jbake-core/build/resources/test/fixture/content/blog/invalid_header.html]...  : new 
18:41:55.691 DEBUG org.jbake.parser.MarkupEngine - Type property found
18:41:55.691 DEBUG org.jbake.parser.MarkupEngine - Status property found
18:41:55.691 DEBUG org.jbake.parser.MarkupEngine - Header separator found
18:41:55.691 INFO  org.jbake.app.Crawler - Processing [/home/csmajs/jgarc271/git/jbake-testing-and-verification/jbake-core/build/resources/test/fixture/content/index2.html]...  : new 
18:41:55.692 DEBUG org.jbake.parser.MarkupEngine - Type property found
18:41:55.693 DEBUG org.jbake.parser.MarkupEngine - Status property found
18:41:55.693 DEBUG org.jbake.parser.MarkupEngine - Header separator found
18:41:55.707 INFO  org.jbake.app.Crawler - Processing [/home/csmajs/jgarc271/git/jbake-testing-and-verification/jbake-core/build/resources/test/fixture/content/papers/draft-paper.html]...  : new 
18:41:55.709 DEBUG org.jbake.parser.MarkupEngine - Type property found
18:41:55.709 DEBUG org.jbake.parser.MarkupEngine - Status property found
18:41:55.709 DEBUG org.jbake.parser.MarkupEngine - Header separator found
18:41:55.710 INFO  org.jbake.app.Crawler - Processing [/home/csmajs/jgarc271/git/jbake-testing-and-verification/jbake-core/build/resources/test/fixture/content/papers/published-paper.html]...  : new 
18:41:55.711 DEBUG org.jbake.parser.MarkupEngine - Type property found
18:41:55.711 DEBUG org.jbake.parser.MarkupEngine - Status property found
18:41:55.711 DEBUG org.jbake.parser.MarkupEngine - Header separator found
18:41:55.711 INFO  org.jbake.app.Crawler - Processing [/home/csmajs/jgarc271/git/jbake-testing-and-verification/jbake-core/build/resources/test/fixture/content/projects.html]...  : new 
18:41:55.711 INFO  org.jbake.app.Crawler - Content detected:
18:41:55.711 INFO  org.jbake.app.Crawler - Parsed 3 files of type: page
18:41:55.712 INFO  org.jbake.app.Crawler - Parsed 4 files of type: post
18:41:55.728 INFO  o.j.t.DelegatingTemplateEngine - Default template: tags.ftl was not found, searching for others...
18:41:55.728 INFO  o.j.t.DelegatingTemplateEngine - Found alternative template file: tags.gsp using this instead
18:41:55.800 INFO  org.jbake.app.Renderer - Rendering tag [/tmp/junit1118141899665380494/tags/blog.html]... done!
18:41:55.802 INFO  o.j.t.DelegatingTemplateEngine - Default template: tags-index.ftl was not found, searching for others...
18:41:55.802 INFO  o.j.t.DelegatingTemplateEngine - Found alternative template file: tags-index.gsp using this instead
18:41:55.828 INFO  org.jbake.app.Renderer - Rendering tagindex [/tmp/junit1118141899665380494/tags/index.html]... done!
18:41:55.833 INFO  c.o.o.c.s.m.ODirectMemoryStorage - Storage 'memory:/tmp/junit216538728363467265/documents1584063689900' is created under OrientDB distribution : 3.0.14 - Veloce (build ac128c5a9ba4c6dc9d25a32b92962d8863774423, branch 3.0.x)
18:41:56.855 DEBUG org.jbake.app.ContentStore - Create document class 'page'
18:41:56.877 DEBUG org.jbake.app.ContentStore - Create document class 'post'
18:41:56.902 DEBUG org.jbake.app.ContentStore - Create document class 'masterindex'
18:41:56.930 DEBUG org.jbake.app.ContentStore - Create document class 'archive'
18:41:56.961 DEBUG org.jbake.app.ContentStore - Create document class 'feed'
18:41:57.017 DEBUG org.jbake.parser.MarkupEngine - Type property found
18:41:57.017 DEBUG org.jbake.parser.MarkupEngine - Status property found
18:41:57.017 DEBUG org.jbake.parser.MarkupEngine - Header separator found
18:41:57.017 INFO  org.jbake.app.Crawler - Processing [/home/csmajs/jgarc271/git/jbake-testing-and-verification/jbake-core/build/resources/test/fixture/content/about.html]...  : new 
18:41:57.018 DEBUG org.jbake.parser.MarkupEngine - Type property found
18:41:57.018 DEBUG org.jbake.parser.MarkupEngine - Status property found
18:41:57.018 DEBUG org.jbake.parser.MarkupEngine - Header separator found
18:41:57.032 INFO  org.jbake.app.Crawler - Processing [/home/csmajs/jgarc271/git/jbake-testing-and-verification/jbake-core/build/resources/test/fixture/content/allcontent.html]...  : new 
18:41:57.036 DEBUG org.jbake.parser.MarkupEngine - Type property found
18:41:57.036 DEBUG org.jbake.parser.MarkupEngine - Status property found
18:41:57.036 DEBUG org.jbake.parser.MarkupEngine - Header separator found
18:41:57.036 INFO  org.jbake.app.Crawler - Processing [/home/csmajs/jgarc271/git/jbake-testing-and-verification/jbake-core/build/resources/test/fixture/content/blog/2012/first-post.html]...  : new 
18:41:57.039 DEBUG org.jbake.parser.MarkupEngine - Type property found
18:41:57.039 DEBUG org.jbake.parser.MarkupEngine - Status property found
18:41:57.039 DEBUG org.jbake.parser.MarkupEngine - Header separator found
18:41:57.040 INFO  org.jbake.app.Crawler - Processing [/home/csmajs/jgarc271/git/jbake-testing-and-verification/jbake-core/build/resources/test/fixture/content/blog/2013/second-post.html]...  : new 
18:41:57.041 DEBUG org.jbake.parser.MarkupEngine - Type property found
18:41:57.041 DEBUG org.jbake.parser.MarkupEngine - Status property found
18:41:57.041 DEBUG org.jbake.parser.MarkupEngine - Header separator found
18:41:57.042 INFO  org.jbake.app.Crawler - Processing [/home/csmajs/jgarc271/git/jbake-testing-and-verification/jbake-core/build/resources/test/fixture/content/blog/2016/another-post.html]...  : new 
18:41:57.043 DEBUG org.jbake.parser.MarkupEngine - Type property found
18:41:57.043 DEBUG org.jbake.parser.MarkupEngine - Status property found
18:41:57.043 DEBUG org.jbake.parser.MarkupEngine - Header separator found
18:41:57.044 INFO  org.jbake.app.Crawler - Processing [/home/csmajs/jgarc271/git/jbake-testing-and-verification/jbake-core/build/resources/test/fixture/content/blog/2016/draft-post.html]...  : new 
18:41:57.045 DEBUG org.jbake.parser.MarkupEngine - Header separator found
18:41:57.045 WARN  org.jbake.parser.MarkupEngine - Parsing skipped (missing type or status value in header meta data) for file /home/csmajs/jgarc271/git/jbake-testing-and-verification/jbake-core/build/resources/test/fixture/content/blog/invalid_header.html!
18:41:57.045 WARN  org.jbake.app.Crawler - /home/csmajs/jgarc271/git/jbake-testing-and-verification/jbake-core/build/resources/test/fixture/content/blog/invalid_header.html has an invalid header, it has been ignored!
18:41:57.045 INFO  org.jbake.app.Crawler - Processing [/home/csmajs/jgarc271/git/jbake-testing-and-verification/jbake-core/build/resources/test/fixture/content/blog/invalid_header.html]...  : new 
18:41:57.046 DEBUG org.jbake.parser.MarkupEngine - Type property found
18:41:57.046 DEBUG org.jbake.parser.MarkupEngine - Status property found
18:41:57.046 DEBUG org.jbake.parser.MarkupEngine - Header separator found
18:41:57.046 INFO  org.jbake.app.Crawler - Processing [/home/csmajs/jgarc271/git/jbake-testing-and-verification/jbake-core/build/resources/test/fixture/content/index2.html]...  : new 
18:41:57.048 DEBUG org.jbake.parser.MarkupEngine - Type property found
18:41:57.048 DEBUG org.jbake.parser.MarkupEngine - Status property found
18:41:57.048 DEBUG org.jbake.parser.MarkupEngine - Header separator found
18:41:57.062 INFO  org.jbake.app.Crawler - Processing [/home/csmajs/jgarc271/git/jbake-testing-and-verification/jbake-core/build/resources/test/fixture/content/papers/draft-paper.html]...  : new 
18:41:57.064 DEBUG org.jbake.parser.MarkupEngine - Type property found
18:41:57.065 DEBUG org.jbake.parser.MarkupEngine - Status property found
18:41:57.065 DEBUG org.jbake.parser.MarkupEngine - Header separator found
18:41:57.065 INFO  org.jbake.app.Crawler - Processing [/home/csmajs/jgarc271/git/jbake-testing-and-verification/jbake-core/build/resources/test/fixture/content/papers/published-paper.html]...  : new 
18:41:57.066 DEBUG org.jbake.parser.MarkupEngine - Type property found
18:41:57.066 DEBUG org.jbake.parser.MarkupEngine - Status property found
18:41:57.066 DEBUG org.jbake.parser.MarkupEngine - Header separator found
18:41:57.067 INFO  org.jbake.app.Crawler - Processing [/home/csmajs/jgarc271/git/jbake-testing-and-verification/jbake-core/build/resources/test/fixture/content/projects.html]...  : new 
18:41:57.067 INFO  org.jbake.app.Crawler - Content detected:
18:41:57.067 INFO  org.jbake.app.Crawler - Parsed 3 files of type: page
18:41:57.067 INFO  org.jbake.app.Crawler - Parsed 4 files of type: post
18:41:57.078 INFO  org.jbake.template.ModelExtractors - register new extractors for document type: paper
18:41:57.080 INFO  o.j.t.DelegatingTemplateEngine - Default template: sitemap.ftl was not found, searching for others...
18:41:57.080 INFO  o.j.t.DelegatingTemplateEngine - Found alternative template file: sitemap.gsp using this instead
18:41:57.115 INFO  org.jbake.app.Renderer - Rendering sitemap [/tmp/junit1118141899665380494/sitemap.xml]... done!
]]></system-out>
  <system-err><![CDATA[]]></system-err>
</testsuite>
