<?xml version="1.0" encoding="UTF-8"?>
<testsuite name="org.jbake.app.template.ThymeleafTemplateEngineRenderingTest" tests="9" skipped="0" failures="0" errors="0" timestamp="2020-03-13T02:01:14" hostname="bolt.cs.ucr.edu" time="11.788">
  <properties/>
  <testcase name="renderIndex" classname="org.jbake.app.template.ThymeleafTemplateEngineRenderingTest" time="1.54"/>
  <testcase name="renderArchive" classname="org.jbake.app.template.ThymeleafTemplateEngineRenderingTest" time="1.288"/>
  <testcase name="checkDbTemplateModelIsPopulated" classname="org.jbake.app.template.ThymeleafTemplateEngineRenderingTest" time="1.271"/>
  <testcase name="renderTagsIndex" classname="org.jbake.app.template.ThymeleafTemplateEngineRenderingTest" time="1.273"/>
  <testcase name="renderFeed" classname="org.jbake.app.template.ThymeleafTemplateEngineRenderingTest" time="1.287"/>
  <testcase name="renderPage" classname="org.jbake.app.template.ThymeleafTemplateEngineRenderingTest" time="1.286"/>
  <testcase name="renderPost" classname="org.jbake.app.template.ThymeleafTemplateEngineRenderingTest" time="1.288"/>
  <testcase name="renderTags" classname="org.jbake.app.template.ThymeleafTemplateEngineRenderingTest" time="1.284"/>
  <testcase name="renderSitemap" classname="org.jbake.app.template.ThymeleafTemplateEngineRenderingTest" time="1.269"/>
  <system-out><![CDATA[19:01:14.598 INFO  c.o.o.c.s.m.ODirectMemoryStorage - Storage 'memory:/tmp/junit932720049452006923/documents1584064874596' is created under OrientDB distribution : 3.0.14 - Veloce (build ac128c5a9ba4c6dc9d25a32b92962d8863774423, branch 3.0.x)
19:01:15.605 DEBUG org.jbake.app.ContentStore - Create document class 'page'
19:01:15.628 DEBUG org.jbake.app.ContentStore - Create document class 'post'
19:01:15.652 DEBUG org.jbake.app.ContentStore - Create document class 'masterindex'
19:01:15.680 DEBUG org.jbake.app.ContentStore - Create document class 'archive'
19:01:15.711 DEBUG org.jbake.app.ContentStore - Create document class 'feed'
19:01:15.767 DEBUG org.jbake.parser.MarkupEngine - Type property found
19:01:15.767 DEBUG org.jbake.parser.MarkupEngine - Status property found
19:01:15.767 DEBUG org.jbake.parser.MarkupEngine - Header separator found
19:01:15.768 INFO  org.jbake.app.Crawler - Processing [/home/csmajs/jgarc271/git/jbake-testing-and-verification/jbake-core/build/resources/test/fixture/content/about.html]...  : new 
19:01:15.769 DEBUG org.jbake.parser.MarkupEngine - Type property found
19:01:15.769 DEBUG org.jbake.parser.MarkupEngine - Status property found
19:01:15.769 DEBUG org.jbake.parser.MarkupEngine - Header separator found
19:01:15.782 INFO  org.jbake.app.Crawler - Processing [/home/csmajs/jgarc271/git/jbake-testing-and-verification/jbake-core/build/resources/test/fixture/content/allcontent.html]...  : new 
19:01:15.786 DEBUG org.jbake.parser.MarkupEngine - Type property found
19:01:15.786 DEBUG org.jbake.parser.MarkupEngine - Status property found
19:01:15.786 DEBUG org.jbake.parser.MarkupEngine - Header separator found
19:01:15.786 INFO  org.jbake.app.Crawler - Processing [/home/csmajs/jgarc271/git/jbake-testing-and-verification/jbake-core/build/resources/test/fixture/content/blog/2012/first-post.html]...  : new 
19:01:15.789 DEBUG org.jbake.parser.MarkupEngine - Type property found
19:01:15.789 DEBUG org.jbake.parser.MarkupEngine - Status property found
19:01:15.789 DEBUG org.jbake.parser.MarkupEngine - Header separator found
19:01:15.789 INFO  org.jbake.app.Crawler - Processing [/home/csmajs/jgarc271/git/jbake-testing-and-verification/jbake-core/build/resources/test/fixture/content/blog/2013/second-post.html]...  : new 
19:01:15.791 DEBUG org.jbake.parser.MarkupEngine - Type property found
19:01:15.791 DEBUG org.jbake.parser.MarkupEngine - Status property found
19:01:15.791 DEBUG org.jbake.parser.MarkupEngine - Header separator found
19:01:15.791 INFO  org.jbake.app.Crawler - Processing [/home/csmajs/jgarc271/git/jbake-testing-and-verification/jbake-core/build/resources/test/fixture/content/blog/2016/another-post.html]...  : new 
19:01:15.792 DEBUG org.jbake.parser.MarkupEngine - Type property found
19:01:15.792 DEBUG org.jbake.parser.MarkupEngine - Status property found
19:01:15.792 DEBUG org.jbake.parser.MarkupEngine - Header separator found
19:01:15.793 INFO  org.jbake.app.Crawler - Processing [/home/csmajs/jgarc271/git/jbake-testing-and-verification/jbake-core/build/resources/test/fixture/content/blog/2016/draft-post.html]...  : new 
19:01:15.793 DEBUG org.jbake.parser.MarkupEngine - Header separator found
19:01:15.794 WARN  org.jbake.parser.MarkupEngine - Parsing skipped (missing type or status value in header meta data) for file /home/csmajs/jgarc271/git/jbake-testing-and-verification/jbake-core/build/resources/test/fixture/content/blog/invalid_header.html!
19:01:15.794 WARN  org.jbake.app.Crawler - /home/csmajs/jgarc271/git/jbake-testing-and-verification/jbake-core/build/resources/test/fixture/content/blog/invalid_header.html has an invalid header, it has been ignored!
19:01:15.794 INFO  org.jbake.app.Crawler - Processing [/home/csmajs/jgarc271/git/jbake-testing-and-verification/jbake-core/build/resources/test/fixture/content/blog/invalid_header.html]...  : new 
19:01:15.795 DEBUG org.jbake.parser.MarkupEngine - Type property found
19:01:15.795 DEBUG org.jbake.parser.MarkupEngine - Status property found
19:01:15.795 DEBUG org.jbake.parser.MarkupEngine - Header separator found
19:01:15.795 INFO  org.jbake.app.Crawler - Processing [/home/csmajs/jgarc271/git/jbake-testing-and-verification/jbake-core/build/resources/test/fixture/content/index2.html]...  : new 
19:01:15.796 DEBUG org.jbake.parser.MarkupEngine - Type property found
19:01:15.796 DEBUG org.jbake.parser.MarkupEngine - Status property found
19:01:15.796 DEBUG org.jbake.parser.MarkupEngine - Header separator found
19:01:15.811 INFO  org.jbake.app.Crawler - Processing [/home/csmajs/jgarc271/git/jbake-testing-and-verification/jbake-core/build/resources/test/fixture/content/papers/draft-paper.html]...  : new 
19:01:15.813 DEBUG org.jbake.parser.MarkupEngine - Type property found
19:01:15.813 DEBUG org.jbake.parser.MarkupEngine - Status property found
19:01:15.813 DEBUG org.jbake.parser.MarkupEngine - Header separator found
19:01:15.813 INFO  org.jbake.app.Crawler - Processing [/home/csmajs/jgarc271/git/jbake-testing-and-verification/jbake-core/build/resources/test/fixture/content/papers/published-paper.html]...  : new 
19:01:15.815 DEBUG org.jbake.parser.MarkupEngine - Type property found
19:01:15.815 DEBUG org.jbake.parser.MarkupEngine - Status property found
19:01:15.815 DEBUG org.jbake.parser.MarkupEngine - Header separator found
19:01:15.815 INFO  org.jbake.app.Crawler - Processing [/home/csmajs/jgarc271/git/jbake-testing-and-verification/jbake-core/build/resources/test/fixture/content/projects.html]...  : new 
19:01:15.815 INFO  org.jbake.app.Crawler - Content detected:
19:01:15.815 INFO  org.jbake.app.Crawler - Parsed 3 files of type: page
19:01:15.815 INFO  org.jbake.app.Crawler - Parsed 4 files of type: post
19:01:16.133 INFO  org.jbake.app.Renderer - Rendering masterindex [/tmp/junit932720049452006923/index.html]... done!
19:01:16.137 INFO  c.o.o.c.s.m.ODirectMemoryStorage - Storage 'memory:/tmp/junit932720049452006923/documents1584064874596' is created under OrientDB distribution : 3.0.14 - Veloce (build ac128c5a9ba4c6dc9d25a32b92962d8863774423, branch 3.0.x)
19:01:17.146 DEBUG org.jbake.app.ContentStore - Create document class 'page'
19:01:17.170 DEBUG org.jbake.app.ContentStore - Create document class 'post'
19:01:17.196 DEBUG org.jbake.app.ContentStore - Create document class 'masterindex'
19:01:17.225 DEBUG org.jbake.app.ContentStore - Create document class 'archive'
19:01:17.256 DEBUG org.jbake.app.ContentStore - Create document class 'feed'
19:01:17.312 DEBUG org.jbake.parser.MarkupEngine - Type property found
19:01:17.312 DEBUG org.jbake.parser.MarkupEngine - Status property found
19:01:17.312 DEBUG org.jbake.parser.MarkupEngine - Header separator found
19:01:17.312 INFO  org.jbake.app.Crawler - Processing [/home/csmajs/jgarc271/git/jbake-testing-and-verification/jbake-core/build/resources/test/fixture/content/about.html]...  : new 
19:01:17.313 DEBUG org.jbake.parser.MarkupEngine - Type property found
19:01:17.313 DEBUG org.jbake.parser.MarkupEngine - Status property found
19:01:17.313 DEBUG org.jbake.parser.MarkupEngine - Header separator found
19:01:17.327 INFO  org.jbake.app.Crawler - Processing [/home/csmajs/jgarc271/git/jbake-testing-and-verification/jbake-core/build/resources/test/fixture/content/allcontent.html]...  : new 
19:01:17.331 DEBUG org.jbake.parser.MarkupEngine - Type property found
19:01:17.331 DEBUG org.jbake.parser.MarkupEngine - Status property found
19:01:17.331 DEBUG org.jbake.parser.MarkupEngine - Header separator found
19:01:17.331 INFO  org.jbake.app.Crawler - Processing [/home/csmajs/jgarc271/git/jbake-testing-and-verification/jbake-core/build/resources/test/fixture/content/blog/2012/first-post.html]...  : new 
19:01:17.334 DEBUG org.jbake.parser.MarkupEngine - Type property found
19:01:17.334 DEBUG org.jbake.parser.MarkupEngine - Status property found
19:01:17.334 DEBUG org.jbake.parser.MarkupEngine - Header separator found
19:01:17.334 INFO  org.jbake.app.Crawler - Processing [/home/csmajs/jgarc271/git/jbake-testing-and-verification/jbake-core/build/resources/test/fixture/content/blog/2013/second-post.html]...  : new 
19:01:17.336 DEBUG org.jbake.parser.MarkupEngine - Type property found
19:01:17.336 DEBUG org.jbake.parser.MarkupEngine - Status property found
19:01:17.336 DEBUG org.jbake.parser.MarkupEngine - Header separator found
19:01:17.336 INFO  org.jbake.app.Crawler - Processing [/home/csmajs/jgarc271/git/jbake-testing-and-verification/jbake-core/build/resources/test/fixture/content/blog/2016/another-post.html]...  : new 
19:01:17.337 DEBUG org.jbake.parser.MarkupEngine - Type property found
19:01:17.337 DEBUG org.jbake.parser.MarkupEngine - Status property found
19:01:17.337 DEBUG org.jbake.parser.MarkupEngine - Header separator found
19:01:17.338 INFO  org.jbake.app.Crawler - Processing [/home/csmajs/jgarc271/git/jbake-testing-and-verification/jbake-core/build/resources/test/fixture/content/blog/2016/draft-post.html]...  : new 
19:01:17.339 DEBUG org.jbake.parser.MarkupEngine - Header separator found
19:01:17.339 WARN  org.jbake.parser.MarkupEngine - Parsing skipped (missing type or status value in header meta data) for file /home/csmajs/jgarc271/git/jbake-testing-and-verification/jbake-core/build/resources/test/fixture/content/blog/invalid_header.html!
19:01:17.339 WARN  org.jbake.app.Crawler - /home/csmajs/jgarc271/git/jbake-testing-and-verification/jbake-core/build/resources/test/fixture/content/blog/invalid_header.html has an invalid header, it has been ignored!
19:01:17.339 INFO  org.jbake.app.Crawler - Processing [/home/csmajs/jgarc271/git/jbake-testing-and-verification/jbake-core/build/resources/test/fixture/content/blog/invalid_header.html]...  : new 
19:01:17.340 DEBUG org.jbake.parser.MarkupEngine - Type property found
19:01:17.340 DEBUG org.jbake.parser.MarkupEngine - Status property found
19:01:17.340 DEBUG org.jbake.parser.MarkupEngine - Header separator found
19:01:17.340 INFO  org.jbake.app.Crawler - Processing [/home/csmajs/jgarc271/git/jbake-testing-and-verification/jbake-core/build/resources/test/fixture/content/index2.html]...  : new 
19:01:17.341 DEBUG org.jbake.parser.MarkupEngine - Type property found
19:01:17.341 DEBUG org.jbake.parser.MarkupEngine - Status property found
19:01:17.341 DEBUG org.jbake.parser.MarkupEngine - Header separator found
19:01:17.356 INFO  org.jbake.app.Crawler - Processing [/home/csmajs/jgarc271/git/jbake-testing-and-verification/jbake-core/build/resources/test/fixture/content/papers/draft-paper.html]...  : new 
19:01:17.359 DEBUG org.jbake.parser.MarkupEngine - Type property found
19:01:17.359 DEBUG org.jbake.parser.MarkupEngine - Status property found
19:01:17.359 DEBUG org.jbake.parser.MarkupEngine - Header separator found
19:01:17.359 INFO  org.jbake.app.Crawler - Processing [/home/csmajs/jgarc271/git/jbake-testing-and-verification/jbake-core/build/resources/test/fixture/content/papers/published-paper.html]...  : new 
19:01:17.360 DEBUG org.jbake.parser.MarkupEngine - Type property found
19:01:17.360 DEBUG org.jbake.parser.MarkupEngine - Status property found
19:01:17.360 DEBUG org.jbake.parser.MarkupEngine - Header separator found
19:01:17.361 INFO  org.jbake.app.Crawler - Processing [/home/csmajs/jgarc271/git/jbake-testing-and-verification/jbake-core/build/resources/test/fixture/content/projects.html]...  : new 
19:01:17.361 INFO  org.jbake.app.Crawler - Content detected:
19:01:17.361 INFO  org.jbake.app.Crawler - Parsed 3 files of type: page
19:01:17.361 INFO  org.jbake.app.Crawler - Parsed 4 files of type: post
19:01:17.421 INFO  org.jbake.app.Renderer - Rendering archive [/tmp/junit932720049452006923/archive.html]... done!
19:01:17.425 INFO  c.o.o.c.s.m.ODirectMemoryStorage - Storage 'memory:/tmp/junit932720049452006923/documents1584064874596' is created under OrientDB distribution : 3.0.14 - Veloce (build ac128c5a9ba4c6dc9d25a32b92962d8863774423, branch 3.0.x)
19:01:18.430 DEBUG org.jbake.app.ContentStore - Create document class 'page'
19:01:18.453 DEBUG org.jbake.app.ContentStore - Create document class 'post'
19:01:18.478 DEBUG org.jbake.app.ContentStore - Create document class 'masterindex'
19:01:18.507 DEBUG org.jbake.app.ContentStore - Create document class 'archive'
19:01:18.539 DEBUG org.jbake.app.ContentStore - Create document class 'feed'
19:01:18.596 DEBUG org.jbake.parser.MarkupEngine - Type property found
19:01:18.596 DEBUG org.jbake.parser.MarkupEngine - Status property found
19:01:18.596 DEBUG org.jbake.parser.MarkupEngine - Header separator found
19:01:18.596 INFO  org.jbake.app.Crawler - Processing [/home/csmajs/jgarc271/git/jbake-testing-and-verification/jbake-core/build/resources/test/fixture/content/about.html]...  : new 
19:01:18.597 DEBUG org.jbake.parser.MarkupEngine - Type property found
19:01:18.597 DEBUG org.jbake.parser.MarkupEngine - Status property found
19:01:18.597 DEBUG org.jbake.parser.MarkupEngine - Header separator found
19:01:18.611 INFO  org.jbake.app.Crawler - Processing [/home/csmajs/jgarc271/git/jbake-testing-and-verification/jbake-core/build/resources/test/fixture/content/allcontent.html]...  : new 
19:01:18.615 DEBUG org.jbake.parser.MarkupEngine - Type property found
19:01:18.615 DEBUG org.jbake.parser.MarkupEngine - Status property found
19:01:18.615 DEBUG org.jbake.parser.MarkupEngine - Header separator found
19:01:18.616 INFO  org.jbake.app.Crawler - Processing [/home/csmajs/jgarc271/git/jbake-testing-and-verification/jbake-core/build/resources/test/fixture/content/blog/2012/first-post.html]...  : new 
19:01:18.618 DEBUG org.jbake.parser.MarkupEngine - Type property found
19:01:18.618 DEBUG org.jbake.parser.MarkupEngine - Status property found
19:01:18.618 DEBUG org.jbake.parser.MarkupEngine - Header separator found
19:01:18.618 INFO  org.jbake.app.Crawler - Processing [/home/csmajs/jgarc271/git/jbake-testing-and-verification/jbake-core/build/resources/test/fixture/content/blog/2013/second-post.html]...  : new 
19:01:18.620 DEBUG org.jbake.parser.MarkupEngine - Type property found
19:01:18.620 DEBUG org.jbake.parser.MarkupEngine - Status property found
19:01:18.620 DEBUG org.jbake.parser.MarkupEngine - Header separator found
19:01:18.620 INFO  org.jbake.app.Crawler - Processing [/home/csmajs/jgarc271/git/jbake-testing-and-verification/jbake-core/build/resources/test/fixture/content/blog/2016/another-post.html]...  : new 
19:01:18.621 DEBUG org.jbake.parser.MarkupEngine - Type property found
19:01:18.621 DEBUG org.jbake.parser.MarkupEngine - Status property found
19:01:18.621 DEBUG org.jbake.parser.MarkupEngine - Header separator found
19:01:18.622 INFO  org.jbake.app.Crawler - Processing [/home/csmajs/jgarc271/git/jbake-testing-and-verification/jbake-core/build/resources/test/fixture/content/blog/2016/draft-post.html]...  : new 
19:01:18.623 DEBUG org.jbake.parser.MarkupEngine - Header separator found
19:01:18.623 WARN  org.jbake.parser.MarkupEngine - Parsing skipped (missing type or status value in header meta data) for file /home/csmajs/jgarc271/git/jbake-testing-and-verification/jbake-core/build/resources/test/fixture/content/blog/invalid_header.html!
19:01:18.623 WARN  org.jbake.app.Crawler - /home/csmajs/jgarc271/git/jbake-testing-and-verification/jbake-core/build/resources/test/fixture/content/blog/invalid_header.html has an invalid header, it has been ignored!
19:01:18.623 INFO  org.jbake.app.Crawler - Processing [/home/csmajs/jgarc271/git/jbake-testing-and-verification/jbake-core/build/resources/test/fixture/content/blog/invalid_header.html]...  : new 
19:01:18.624 DEBUG org.jbake.parser.MarkupEngine - Type property found
19:01:18.624 DEBUG org.jbake.parser.MarkupEngine - Status property found
19:01:18.624 DEBUG org.jbake.parser.MarkupEngine - Header separator found
19:01:18.624 INFO  org.jbake.app.Crawler - Processing [/home/csmajs/jgarc271/git/jbake-testing-and-verification/jbake-core/build/resources/test/fixture/content/index2.html]...  : new 
19:01:18.626 DEBUG org.jbake.parser.MarkupEngine - Type property found
19:01:18.626 DEBUG org.jbake.parser.MarkupEngine - Status property found
19:01:18.626 DEBUG org.jbake.parser.MarkupEngine - Header separator found
19:01:18.640 INFO  org.jbake.app.Crawler - Processing [/home/csmajs/jgarc271/git/jbake-testing-and-verification/jbake-core/build/resources/test/fixture/content/papers/draft-paper.html]...  : new 
19:01:18.643 DEBUG org.jbake.parser.MarkupEngine - Type property found
19:01:18.643 DEBUG org.jbake.parser.MarkupEngine - Status property found
19:01:18.643 DEBUG org.jbake.parser.MarkupEngine - Header separator found
19:01:18.643 INFO  org.jbake.app.Crawler - Processing [/home/csmajs/jgarc271/git/jbake-testing-and-verification/jbake-core/build/resources/test/fixture/content/papers/published-paper.html]...  : new 
19:01:18.644 DEBUG org.jbake.parser.MarkupEngine - Type property found
19:01:18.644 DEBUG org.jbake.parser.MarkupEngine - Status property found
19:01:18.644 DEBUG org.jbake.parser.MarkupEngine - Header separator found
19:01:18.644 INFO  org.jbake.app.Crawler - Processing [/home/csmajs/jgarc271/git/jbake-testing-and-verification/jbake-core/build/resources/test/fixture/content/projects.html]...  : new 
19:01:18.645 INFO  org.jbake.app.Crawler - Content detected:
19:01:18.645 INFO  org.jbake.app.Crawler - Parsed 3 files of type: page
19:01:18.645 INFO  org.jbake.app.Crawler - Parsed 4 files of type: post
19:01:18.692 INFO  org.jbake.app.Renderer - Rendering masterindex [/tmp/junit932720049452006923/index.html]... done!
19:01:18.696 INFO  c.o.o.c.s.m.ODirectMemoryStorage - Storage 'memory:/tmp/junit932720049452006923/documents1584064874596' is created under OrientDB distribution : 3.0.14 - Veloce (build ac128c5a9ba4c6dc9d25a32b92962d8863774423, branch 3.0.x)
19:01:19.701 DEBUG org.jbake.app.ContentStore - Create document class 'page'
19:01:19.724 DEBUG org.jbake.app.ContentStore - Create document class 'post'
19:01:19.748 DEBUG org.jbake.app.ContentStore - Create document class 'masterindex'
19:01:19.775 DEBUG org.jbake.app.ContentStore - Create document class 'archive'
19:01:19.806 DEBUG org.jbake.app.ContentStore - Create document class 'feed'
19:01:19.860 DEBUG org.jbake.parser.MarkupEngine - Type property found
19:01:19.860 DEBUG org.jbake.parser.MarkupEngine - Status property found
19:01:19.860 DEBUG org.jbake.parser.MarkupEngine - Header separator found
19:01:19.861 INFO  org.jbake.app.Crawler - Processing [/home/csmajs/jgarc271/git/jbake-testing-and-verification/jbake-core/build/resources/test/fixture/content/about.html]...  : new 
19:01:19.862 DEBUG org.jbake.parser.MarkupEngine - Type property found
19:01:19.862 DEBUG org.jbake.parser.MarkupEngine - Status property found
19:01:19.862 DEBUG org.jbake.parser.MarkupEngine - Header separator found
19:01:19.875 INFO  org.jbake.app.Crawler - Processing [/home/csmajs/jgarc271/git/jbake-testing-and-verification/jbake-core/build/resources/test/fixture/content/allcontent.html]...  : new 
19:01:19.879 DEBUG org.jbake.parser.MarkupEngine - Type property found
19:01:19.879 DEBUG org.jbake.parser.MarkupEngine - Status property found
19:01:19.879 DEBUG org.jbake.parser.MarkupEngine - Header separator found
19:01:19.879 INFO  org.jbake.app.Crawler - Processing [/home/csmajs/jgarc271/git/jbake-testing-and-verification/jbake-core/build/resources/test/fixture/content/blog/2012/first-post.html]...  : new 
19:01:19.882 DEBUG org.jbake.parser.MarkupEngine - Type property found
19:01:19.882 DEBUG org.jbake.parser.MarkupEngine - Status property found
19:01:19.882 DEBUG org.jbake.parser.MarkupEngine - Header separator found
19:01:19.882 INFO  org.jbake.app.Crawler - Processing [/home/csmajs/jgarc271/git/jbake-testing-and-verification/jbake-core/build/resources/test/fixture/content/blog/2013/second-post.html]...  : new 
19:01:19.884 DEBUG org.jbake.parser.MarkupEngine - Type property found
19:01:19.884 DEBUG org.jbake.parser.MarkupEngine - Status property found
19:01:19.884 DEBUG org.jbake.parser.MarkupEngine - Header separator found
19:01:19.884 INFO  org.jbake.app.Crawler - Processing [/home/csmajs/jgarc271/git/jbake-testing-and-verification/jbake-core/build/resources/test/fixture/content/blog/2016/another-post.html]...  : new 
19:01:19.885 DEBUG org.jbake.parser.MarkupEngine - Type property found
19:01:19.885 DEBUG org.jbake.parser.MarkupEngine - Status property found
19:01:19.885 DEBUG org.jbake.parser.MarkupEngine - Header separator found
19:01:19.886 INFO  org.jbake.app.Crawler - Processing [/home/csmajs/jgarc271/git/jbake-testing-and-verification/jbake-core/build/resources/test/fixture/content/blog/2016/draft-post.html]...  : new 
19:01:19.887 DEBUG org.jbake.parser.MarkupEngine - Header separator found
19:01:19.887 WARN  org.jbake.parser.MarkupEngine - Parsing skipped (missing type or status value in header meta data) for file /home/csmajs/jgarc271/git/jbake-testing-and-verification/jbake-core/build/resources/test/fixture/content/blog/invalid_header.html!
19:01:19.887 WARN  org.jbake.app.Crawler - /home/csmajs/jgarc271/git/jbake-testing-and-verification/jbake-core/build/resources/test/fixture/content/blog/invalid_header.html has an invalid header, it has been ignored!
19:01:19.887 INFO  org.jbake.app.Crawler - Processing [/home/csmajs/jgarc271/git/jbake-testing-and-verification/jbake-core/build/resources/test/fixture/content/blog/invalid_header.html]...  : new 
19:01:19.888 DEBUG org.jbake.parser.MarkupEngine - Type property found
19:01:19.888 DEBUG org.jbake.parser.MarkupEngine - Status property found
19:01:19.888 DEBUG org.jbake.parser.MarkupEngine - Header separator found
19:01:19.888 INFO  org.jbake.app.Crawler - Processing [/home/csmajs/jgarc271/git/jbake-testing-and-verification/jbake-core/build/resources/test/fixture/content/index2.html]...  : new 
19:01:19.889 DEBUG org.jbake.parser.MarkupEngine - Type property found
19:01:19.889 DEBUG org.jbake.parser.MarkupEngine - Status property found
19:01:19.889 DEBUG org.jbake.parser.MarkupEngine - Header separator found
19:01:19.904 INFO  org.jbake.app.Crawler - Processing [/home/csmajs/jgarc271/git/jbake-testing-and-verification/jbake-core/build/resources/test/fixture/content/papers/draft-paper.html]...  : new 
19:01:19.906 DEBUG org.jbake.parser.MarkupEngine - Type property found
19:01:19.906 DEBUG org.jbake.parser.MarkupEngine - Status property found
19:01:19.906 DEBUG org.jbake.parser.MarkupEngine - Header separator found
19:01:19.906 INFO  org.jbake.app.Crawler - Processing [/home/csmajs/jgarc271/git/jbake-testing-and-verification/jbake-core/build/resources/test/fixture/content/papers/published-paper.html]...  : new 
19:01:19.907 DEBUG org.jbake.parser.MarkupEngine - Type property found
19:01:19.907 DEBUG org.jbake.parser.MarkupEngine - Status property found
19:01:19.907 DEBUG org.jbake.parser.MarkupEngine - Header separator found
19:01:19.908 INFO  org.jbake.app.Crawler - Processing [/home/csmajs/jgarc271/git/jbake-testing-and-verification/jbake-core/build/resources/test/fixture/content/projects.html]...  : new 
19:01:19.908 INFO  org.jbake.app.Crawler - Content detected:
19:01:19.908 INFO  org.jbake.app.Crawler - Parsed 3 files of type: page
19:01:19.908 INFO  org.jbake.app.Crawler - Parsed 4 files of type: post
19:01:19.924 INFO  o.j.t.DelegatingTemplateEngine - Default template: tags.ftl was not found, searching for others...
19:01:19.924 INFO  o.j.t.DelegatingTemplateEngine - Found alternative template file: tags.thyme using this instead
19:01:19.947 INFO  org.jbake.app.Renderer - Rendering tag [/tmp/junit932720049452006923/tags/blog.html]... done!
19:01:19.949 INFO  o.j.t.DelegatingTemplateEngine - Default template: tags-index.ftl was not found, searching for others...
19:01:19.949 INFO  o.j.t.DelegatingTemplateEngine - Found alternative template file: tags-index.thyme using this instead
19:01:19.966 INFO  org.jbake.app.Renderer - Rendering tagindex [/tmp/junit932720049452006923/tags/index.html]... done!
19:01:19.970 INFO  c.o.o.c.s.m.ODirectMemoryStorage - Storage 'memory:/tmp/junit932720049452006923/documents1584064874596' is created under OrientDB distribution : 3.0.14 - Veloce (build ac128c5a9ba4c6dc9d25a32b92962d8863774423, branch 3.0.x)
19:01:20.978 DEBUG org.jbake.app.ContentStore - Create document class 'page'
19:01:21.000 DEBUG org.jbake.app.ContentStore - Create document class 'post'
19:01:21.025 DEBUG org.jbake.app.ContentStore - Create document class 'masterindex'
19:01:21.053 DEBUG org.jbake.app.ContentStore - Create document class 'archive'
19:01:21.084 DEBUG org.jbake.app.ContentStore - Create document class 'feed'
19:01:21.139 DEBUG org.jbake.parser.MarkupEngine - Type property found
19:01:21.139 DEBUG org.jbake.parser.MarkupEngine - Status property found
19:01:21.139 DEBUG org.jbake.parser.MarkupEngine - Header separator found
19:01:21.140 INFO  org.jbake.app.Crawler - Processing [/home/csmajs/jgarc271/git/jbake-testing-and-verification/jbake-core/build/resources/test/fixture/content/about.html]...  : new 
19:01:21.140 DEBUG org.jbake.parser.MarkupEngine - Type property found
19:01:21.141 DEBUG org.jbake.parser.MarkupEngine - Status property found
19:01:21.141 DEBUG org.jbake.parser.MarkupEngine - Header separator found
19:01:21.153 INFO  org.jbake.app.Crawler - Processing [/home/csmajs/jgarc271/git/jbake-testing-and-verification/jbake-core/build/resources/test/fixture/content/allcontent.html]...  : new 
19:01:21.157 DEBUG org.jbake.parser.MarkupEngine - Type property found
19:01:21.157 DEBUG org.jbake.parser.MarkupEngine - Status property found
19:01:21.157 DEBUG org.jbake.parser.MarkupEngine - Header separator found
19:01:21.158 INFO  org.jbake.app.Crawler - Processing [/home/csmajs/jgarc271/git/jbake-testing-and-verification/jbake-core/build/resources/test/fixture/content/blog/2012/first-post.html]...  : new 
19:01:21.160 DEBUG org.jbake.parser.MarkupEngine - Type property found
19:01:21.160 DEBUG org.jbake.parser.MarkupEngine - Status property found
19:01:21.160 DEBUG org.jbake.parser.MarkupEngine - Header separator found
19:01:21.160 INFO  org.jbake.app.Crawler - Processing [/home/csmajs/jgarc271/git/jbake-testing-and-verification/jbake-core/build/resources/test/fixture/content/blog/2013/second-post.html]...  : new 
19:01:21.162 DEBUG org.jbake.parser.MarkupEngine - Type property found
19:01:21.162 DEBUG org.jbake.parser.MarkupEngine - Status property found
19:01:21.162 DEBUG org.jbake.parser.MarkupEngine - Header separator found
19:01:21.162 INFO  org.jbake.app.Crawler - Processing [/home/csmajs/jgarc271/git/jbake-testing-and-verification/jbake-core/build/resources/test/fixture/content/blog/2016/another-post.html]...  : new 
19:01:21.163 DEBUG org.jbake.parser.MarkupEngine - Type property found
19:01:21.163 DEBUG org.jbake.parser.MarkupEngine - Status property found
19:01:21.163 DEBUG org.jbake.parser.MarkupEngine - Header separator found
19:01:21.164 INFO  org.jbake.app.Crawler - Processing [/home/csmajs/jgarc271/git/jbake-testing-and-verification/jbake-core/build/resources/test/fixture/content/blog/2016/draft-post.html]...  : new 
19:01:21.164 DEBUG org.jbake.parser.MarkupEngine - Header separator found
19:01:21.165 WARN  org.jbake.parser.MarkupEngine - Parsing skipped (missing type or status value in header meta data) for file /home/csmajs/jgarc271/git/jbake-testing-and-verification/jbake-core/build/resources/test/fixture/content/blog/invalid_header.html!
19:01:21.165 WARN  org.jbake.app.Crawler - /home/csmajs/jgarc271/git/jbake-testing-and-verification/jbake-core/build/resources/test/fixture/content/blog/invalid_header.html has an invalid header, it has been ignored!
19:01:21.165 INFO  org.jbake.app.Crawler - Processing [/home/csmajs/jgarc271/git/jbake-testing-and-verification/jbake-core/build/resources/test/fixture/content/blog/invalid_header.html]...  : new 
19:01:21.165 DEBUG org.jbake.parser.MarkupEngine - Type property found
19:01:21.165 DEBUG org.jbake.parser.MarkupEngine - Status property found
19:01:21.165 DEBUG org.jbake.parser.MarkupEngine - Header separator found
19:01:21.166 INFO  org.jbake.app.Crawler - Processing [/home/csmajs/jgarc271/git/jbake-testing-and-verification/jbake-core/build/resources/test/fixture/content/index2.html]...  : new 
19:01:21.167 DEBUG org.jbake.parser.MarkupEngine - Type property found
19:01:21.167 DEBUG org.jbake.parser.MarkupEngine - Status property found
19:01:21.167 DEBUG org.jbake.parser.MarkupEngine - Header separator found
19:01:21.181 INFO  org.jbake.app.Crawler - Processing [/home/csmajs/jgarc271/git/jbake-testing-and-verification/jbake-core/build/resources/test/fixture/content/papers/draft-paper.html]...  : new 
19:01:21.183 DEBUG org.jbake.parser.MarkupEngine - Type property found
19:01:21.183 DEBUG org.jbake.parser.MarkupEngine - Status property found
19:01:21.183 DEBUG org.jbake.parser.MarkupEngine - Header separator found
19:01:21.184 INFO  org.jbake.app.Crawler - Processing [/home/csmajs/jgarc271/git/jbake-testing-and-verification/jbake-core/build/resources/test/fixture/content/papers/published-paper.html]...  : new 
19:01:21.185 DEBUG org.jbake.parser.MarkupEngine - Type property found
19:01:21.185 DEBUG org.jbake.parser.MarkupEngine - Status property found
19:01:21.185 DEBUG org.jbake.parser.MarkupEngine - Header separator found
19:01:21.185 INFO  org.jbake.app.Crawler - Processing [/home/csmajs/jgarc271/git/jbake-testing-and-verification/jbake-core/build/resources/test/fixture/content/projects.html]...  : new 
19:01:21.185 INFO  org.jbake.app.Crawler - Content detected:
19:01:21.185 INFO  org.jbake.app.Crawler - Parsed 3 files of type: page
19:01:21.185 INFO  org.jbake.app.Crawler - Parsed 4 files of type: post
19:01:21.252 INFO  org.jbake.app.Renderer - Rendering feed [/tmp/junit932720049452006923/feed.xml]... done!
19:01:21.256 INFO  c.o.o.c.s.m.ODirectMemoryStorage - Storage 'memory:/tmp/junit932720049452006923/documents1584064874596' is created under OrientDB distribution : 3.0.14 - Veloce (build ac128c5a9ba4c6dc9d25a32b92962d8863774423, branch 3.0.x)
19:01:22.266 DEBUG org.jbake.app.ContentStore - Create document class 'page'
19:01:22.289 DEBUG org.jbake.app.ContentStore - Create document class 'post'
19:01:22.315 DEBUG org.jbake.app.ContentStore - Create document class 'masterindex'
19:01:22.344 DEBUG org.jbake.app.ContentStore - Create document class 'archive'
19:01:22.376 DEBUG org.jbake.app.ContentStore - Create document class 'feed'
19:01:22.432 DEBUG org.jbake.parser.MarkupEngine - Type property found
19:01:22.432 DEBUG org.jbake.parser.MarkupEngine - Status property found
19:01:22.432 DEBUG org.jbake.parser.MarkupEngine - Header separator found
19:01:22.433 INFO  org.jbake.app.Crawler - Processing [/home/csmajs/jgarc271/git/jbake-testing-and-verification/jbake-core/build/resources/test/fixture/content/about.html]...  : new 
19:01:22.434 DEBUG org.jbake.parser.MarkupEngine - Type property found
19:01:22.434 DEBUG org.jbake.parser.MarkupEngine - Status property found
19:01:22.434 DEBUG org.jbake.parser.MarkupEngine - Header separator found
19:01:22.447 INFO  org.jbake.app.Crawler - Processing [/home/csmajs/jgarc271/git/jbake-testing-and-verification/jbake-core/build/resources/test/fixture/content/allcontent.html]...  : new 
19:01:22.451 DEBUG org.jbake.parser.MarkupEngine - Type property found
19:01:22.451 DEBUG org.jbake.parser.MarkupEngine - Status property found
19:01:22.451 DEBUG org.jbake.parser.MarkupEngine - Header separator found
19:01:22.451 INFO  org.jbake.app.Crawler - Processing [/home/csmajs/jgarc271/git/jbake-testing-and-verification/jbake-core/build/resources/test/fixture/content/blog/2012/first-post.html]...  : new 
19:01:22.454 DEBUG org.jbake.parser.MarkupEngine - Type property found
19:01:22.454 DEBUG org.jbake.parser.MarkupEngine - Status property found
19:01:22.454 DEBUG org.jbake.parser.MarkupEngine - Header separator found
19:01:22.454 INFO  org.jbake.app.Crawler - Processing [/home/csmajs/jgarc271/git/jbake-testing-and-verification/jbake-core/build/resources/test/fixture/content/blog/2013/second-post.html]...  : new 
19:01:22.456 DEBUG org.jbake.parser.MarkupEngine - Type property found
19:01:22.456 DEBUG org.jbake.parser.MarkupEngine - Status property found
19:01:22.456 DEBUG org.jbake.parser.MarkupEngine - Header separator found
19:01:22.456 INFO  org.jbake.app.Crawler - Processing [/home/csmajs/jgarc271/git/jbake-testing-and-verification/jbake-core/build/resources/test/fixture/content/blog/2016/another-post.html]...  : new 
19:01:22.457 DEBUG org.jbake.parser.MarkupEngine - Type property found
19:01:22.457 DEBUG org.jbake.parser.MarkupEngine - Status property found
19:01:22.457 DEBUG org.jbake.parser.MarkupEngine - Header separator found
19:01:22.458 INFO  org.jbake.app.Crawler - Processing [/home/csmajs/jgarc271/git/jbake-testing-and-verification/jbake-core/build/resources/test/fixture/content/blog/2016/draft-post.html]...  : new 
19:01:22.459 DEBUG org.jbake.parser.MarkupEngine - Header separator found
19:01:22.459 WARN  org.jbake.parser.MarkupEngine - Parsing skipped (missing type or status value in header meta data) for file /home/csmajs/jgarc271/git/jbake-testing-and-verification/jbake-core/build/resources/test/fixture/content/blog/invalid_header.html!
19:01:22.459 WARN  org.jbake.app.Crawler - /home/csmajs/jgarc271/git/jbake-testing-and-verification/jbake-core/build/resources/test/fixture/content/blog/invalid_header.html has an invalid header, it has been ignored!
19:01:22.459 INFO  org.jbake.app.Crawler - Processing [/home/csmajs/jgarc271/git/jbake-testing-and-verification/jbake-core/build/resources/test/fixture/content/blog/invalid_header.html]...  : new 
19:01:22.460 DEBUG org.jbake.parser.MarkupEngine - Type property found
19:01:22.460 DEBUG org.jbake.parser.MarkupEngine - Status property found
19:01:22.460 DEBUG org.jbake.parser.MarkupEngine - Header separator found
19:01:22.460 INFO  org.jbake.app.Crawler - Processing [/home/csmajs/jgarc271/git/jbake-testing-and-verification/jbake-core/build/resources/test/fixture/content/index2.html]...  : new 
19:01:22.461 DEBUG org.jbake.parser.MarkupEngine - Type property found
19:01:22.461 DEBUG org.jbake.parser.MarkupEngine - Status property found
19:01:22.461 DEBUG org.jbake.parser.MarkupEngine - Header separator found
19:01:22.476 INFO  org.jbake.app.Crawler - Processing [/home/csmajs/jgarc271/git/jbake-testing-and-verification/jbake-core/build/resources/test/fixture/content/papers/draft-paper.html]...  : new 
19:01:22.478 DEBUG org.jbake.parser.MarkupEngine - Type property found
19:01:22.478 DEBUG org.jbake.parser.MarkupEngine - Status property found
19:01:22.478 DEBUG org.jbake.parser.MarkupEngine - Header separator found
19:01:22.478 INFO  org.jbake.app.Crawler - Processing [/home/csmajs/jgarc271/git/jbake-testing-and-verification/jbake-core/build/resources/test/fixture/content/papers/published-paper.html]...  : new 
19:01:22.479 DEBUG org.jbake.parser.MarkupEngine - Type property found
19:01:22.479 DEBUG org.jbake.parser.MarkupEngine - Status property found
19:01:22.480 DEBUG org.jbake.parser.MarkupEngine - Header separator found
19:01:22.480 INFO  org.jbake.app.Crawler - Processing [/home/csmajs/jgarc271/git/jbake-testing-and-verification/jbake-core/build/resources/test/fixture/content/projects.html]...  : new 
19:01:22.480 INFO  org.jbake.app.Crawler - Content detected:
19:01:22.480 INFO  org.jbake.app.Crawler - Parsed 3 files of type: page
19:01:22.480 INFO  org.jbake.app.Crawler - Parsed 4 files of type: post
19:01:22.500 DEBUG org.jbake.parser.MarkupEngine - Type property found
19:01:22.500 DEBUG org.jbake.parser.MarkupEngine - Status property found
19:01:22.500 DEBUG org.jbake.parser.MarkupEngine - Header separator found
19:01:22.538 INFO  org.jbake.app.Renderer - Rendering [/tmp/junit932720049452006923/about.html]... done!
19:01:22.543 INFO  c.o.o.c.s.m.ODirectMemoryStorage - Storage 'memory:/tmp/junit932720049452006923/documents1584064874596' is created under OrientDB distribution : 3.0.14 - Veloce (build ac128c5a9ba4c6dc9d25a32b92962d8863774423, branch 3.0.x)
19:01:23.575 DEBUG org.jbake.app.ContentStore - Create document class 'page'
19:01:23.597 DEBUG org.jbake.app.ContentStore - Create document class 'post'
19:01:23.622 DEBUG org.jbake.app.ContentStore - Create document class 'masterindex'
19:01:23.650 DEBUG org.jbake.app.ContentStore - Create document class 'archive'
19:01:23.689 DEBUG org.jbake.app.ContentStore - Create document class 'feed'
19:01:23.741 DEBUG org.jbake.parser.MarkupEngine - Type property found
19:01:23.741 DEBUG org.jbake.parser.MarkupEngine - Status property found
19:01:23.741 DEBUG org.jbake.parser.MarkupEngine - Header separator found
19:01:23.742 INFO  org.jbake.app.Crawler - Processing [/home/csmajs/jgarc271/git/jbake-testing-and-verification/jbake-core/build/resources/test/fixture/content/about.html]...  : new 
19:01:23.743 DEBUG org.jbake.parser.MarkupEngine - Type property found
19:01:23.743 DEBUG org.jbake.parser.MarkupEngine - Status property found
19:01:23.743 DEBUG org.jbake.parser.MarkupEngine - Header separator found
19:01:23.756 INFO  org.jbake.app.Crawler - Processing [/home/csmajs/jgarc271/git/jbake-testing-and-verification/jbake-core/build/resources/test/fixture/content/allcontent.html]...  : new 
19:01:23.760 DEBUG org.jbake.parser.MarkupEngine - Type property found
19:01:23.760 DEBUG org.jbake.parser.MarkupEngine - Status property found
19:01:23.760 DEBUG org.jbake.parser.MarkupEngine - Header separator found
19:01:23.760 INFO  org.jbake.app.Crawler - Processing [/home/csmajs/jgarc271/git/jbake-testing-and-verification/jbake-core/build/resources/test/fixture/content/blog/2012/first-post.html]...  : new 
19:01:23.762 DEBUG org.jbake.parser.MarkupEngine - Type property found
19:01:23.762 DEBUG org.jbake.parser.MarkupEngine - Status property found
19:01:23.762 DEBUG org.jbake.parser.MarkupEngine - Header separator found
19:01:23.763 INFO  org.jbake.app.Crawler - Processing [/home/csmajs/jgarc271/git/jbake-testing-and-verification/jbake-core/build/resources/test/fixture/content/blog/2013/second-post.html]...  : new 
19:01:23.764 DEBUG org.jbake.parser.MarkupEngine - Type property found
19:01:23.764 DEBUG org.jbake.parser.MarkupEngine - Status property found
19:01:23.764 DEBUG org.jbake.parser.MarkupEngine - Header separator found
19:01:23.765 INFO  org.jbake.app.Crawler - Processing [/home/csmajs/jgarc271/git/jbake-testing-and-verification/jbake-core/build/resources/test/fixture/content/blog/2016/another-post.html]...  : new 
19:01:23.766 DEBUG org.jbake.parser.MarkupEngine - Type property found
19:01:23.766 DEBUG org.jbake.parser.MarkupEngine - Status property found
19:01:23.766 DEBUG org.jbake.parser.MarkupEngine - Header separator found
19:01:23.766 INFO  org.jbake.app.Crawler - Processing [/home/csmajs/jgarc271/git/jbake-testing-and-verification/jbake-core/build/resources/test/fixture/content/blog/2016/draft-post.html]...  : new 
19:01:23.767 DEBUG org.jbake.parser.MarkupEngine - Header separator found
19:01:23.767 WARN  org.jbake.parser.MarkupEngine - Parsing skipped (missing type or status value in header meta data) for file /home/csmajs/jgarc271/git/jbake-testing-and-verification/jbake-core/build/resources/test/fixture/content/blog/invalid_header.html!
19:01:23.767 WARN  org.jbake.app.Crawler - /home/csmajs/jgarc271/git/jbake-testing-and-verification/jbake-core/build/resources/test/fixture/content/blog/invalid_header.html has an invalid header, it has been ignored!
19:01:23.767 INFO  org.jbake.app.Crawler - Processing [/home/csmajs/jgarc271/git/jbake-testing-and-verification/jbake-core/build/resources/test/fixture/content/blog/invalid_header.html]...  : new 
19:01:23.768 DEBUG org.jbake.parser.MarkupEngine - Type property found
19:01:23.768 DEBUG org.jbake.parser.MarkupEngine - Status property found
19:01:23.768 DEBUG org.jbake.parser.MarkupEngine - Header separator found
19:01:23.768 INFO  org.jbake.app.Crawler - Processing [/home/csmajs/jgarc271/git/jbake-testing-and-verification/jbake-core/build/resources/test/fixture/content/index2.html]...  : new 
19:01:23.770 DEBUG org.jbake.parser.MarkupEngine - Type property found
19:01:23.770 DEBUG org.jbake.parser.MarkupEngine - Status property found
19:01:23.770 DEBUG org.jbake.parser.MarkupEngine - Header separator found
19:01:23.784 INFO  org.jbake.app.Crawler - Processing [/home/csmajs/jgarc271/git/jbake-testing-and-verification/jbake-core/build/resources/test/fixture/content/papers/draft-paper.html]...  : new 
19:01:23.786 DEBUG org.jbake.parser.MarkupEngine - Type property found
19:01:23.786 DEBUG org.jbake.parser.MarkupEngine - Status property found
19:01:23.786 DEBUG org.jbake.parser.MarkupEngine - Header separator found
19:01:23.786 INFO  org.jbake.app.Crawler - Processing [/home/csmajs/jgarc271/git/jbake-testing-and-verification/jbake-core/build/resources/test/fixture/content/papers/published-paper.html]...  : new 
19:01:23.787 DEBUG org.jbake.parser.MarkupEngine - Type property found
19:01:23.787 DEBUG org.jbake.parser.MarkupEngine - Status property found
19:01:23.787 DEBUG org.jbake.parser.MarkupEngine - Header separator found
19:01:23.788 INFO  org.jbake.app.Crawler - Processing [/home/csmajs/jgarc271/git/jbake-testing-and-verification/jbake-core/build/resources/test/fixture/content/projects.html]...  : new 
19:01:23.788 INFO  org.jbake.app.Crawler - Content detected:
19:01:23.788 INFO  org.jbake.app.Crawler - Parsed 3 files of type: page
19:01:23.788 INFO  org.jbake.app.Crawler - Parsed 4 files of type: post
19:01:23.799 DEBUG org.jbake.parser.MarkupEngine - Type property found
19:01:23.799 DEBUG org.jbake.parser.MarkupEngine - Status property found
19:01:23.799 DEBUG org.jbake.parser.MarkupEngine - Header separator found
19:01:23.828 INFO  org.jbake.app.Renderer - Rendering [/tmp/junit932720049452006923/second-post.html]... done!
19:01:23.831 INFO  c.o.o.c.s.m.ODirectMemoryStorage - Storage 'memory:/tmp/junit932720049452006923/documents1584064874596' is created under OrientDB distribution : 3.0.14 - Veloce (build ac128c5a9ba4c6dc9d25a32b92962d8863774423, branch 3.0.x)
19:01:24.837 DEBUG org.jbake.app.ContentStore - Create document class 'page'
19:01:24.859 DEBUG org.jbake.app.ContentStore - Create document class 'post'
19:01:24.884 DEBUG org.jbake.app.ContentStore - Create document class 'masterindex'
19:01:24.913 DEBUG org.jbake.app.ContentStore - Create document class 'archive'
19:01:24.944 DEBUG org.jbake.app.ContentStore - Create document class 'feed'
19:01:25.000 DEBUG org.jbake.parser.MarkupEngine - Type property found
19:01:25.000 DEBUG org.jbake.parser.MarkupEngine - Status property found
19:01:25.000 DEBUG org.jbake.parser.MarkupEngine - Header separator found
19:01:25.000 INFO  org.jbake.app.Crawler - Processing [/home/csmajs/jgarc271/git/jbake-testing-and-verification/jbake-core/build/resources/test/fixture/content/about.html]...  : new 
19:01:25.001 DEBUG org.jbake.parser.MarkupEngine - Type property found
19:01:25.001 DEBUG org.jbake.parser.MarkupEngine - Status property found
19:01:25.001 DEBUG org.jbake.parser.MarkupEngine - Header separator found
19:01:25.014 INFO  org.jbake.app.Crawler - Processing [/home/csmajs/jgarc271/git/jbake-testing-and-verification/jbake-core/build/resources/test/fixture/content/allcontent.html]...  : new 
19:01:25.019 DEBUG org.jbake.parser.MarkupEngine - Type property found
19:01:25.019 DEBUG org.jbake.parser.MarkupEngine - Status property found
19:01:25.019 DEBUG org.jbake.parser.MarkupEngine - Header separator found
19:01:25.019 INFO  org.jbake.app.Crawler - Processing [/home/csmajs/jgarc271/git/jbake-testing-and-verification/jbake-core/build/resources/test/fixture/content/blog/2012/first-post.html]...  : new 
19:01:25.022 DEBUG org.jbake.parser.MarkupEngine - Type property found
19:01:25.022 DEBUG org.jbake.parser.MarkupEngine - Status property found
19:01:25.022 DEBUG org.jbake.parser.MarkupEngine - Header separator found
19:01:25.022 INFO  org.jbake.app.Crawler - Processing [/home/csmajs/jgarc271/git/jbake-testing-and-verification/jbake-core/build/resources/test/fixture/content/blog/2013/second-post.html]...  : new 
19:01:25.024 DEBUG org.jbake.parser.MarkupEngine - Type property found
19:01:25.024 DEBUG org.jbake.parser.MarkupEngine - Status property found
19:01:25.024 DEBUG org.jbake.parser.MarkupEngine - Header separator found
19:01:25.024 INFO  org.jbake.app.Crawler - Processing [/home/csmajs/jgarc271/git/jbake-testing-and-verification/jbake-core/build/resources/test/fixture/content/blog/2016/another-post.html]...  : new 
19:01:25.025 DEBUG org.jbake.parser.MarkupEngine - Type property found
19:01:25.025 DEBUG org.jbake.parser.MarkupEngine - Status property found
19:01:25.025 DEBUG org.jbake.parser.MarkupEngine - Header separator found
19:01:25.025 INFO  org.jbake.app.Crawler - Processing [/home/csmajs/jgarc271/git/jbake-testing-and-verification/jbake-core/build/resources/test/fixture/content/blog/2016/draft-post.html]...  : new 
19:01:25.026 DEBUG org.jbake.parser.MarkupEngine - Header separator found
19:01:25.027 WARN  org.jbake.parser.MarkupEngine - Parsing skipped (missing type or status value in header meta data) for file /home/csmajs/jgarc271/git/jbake-testing-and-verification/jbake-core/build/resources/test/fixture/content/blog/invalid_header.html!
19:01:25.027 WARN  org.jbake.app.Crawler - /home/csmajs/jgarc271/git/jbake-testing-and-verification/jbake-core/build/resources/test/fixture/content/blog/invalid_header.html has an invalid header, it has been ignored!
19:01:25.027 INFO  org.jbake.app.Crawler - Processing [/home/csmajs/jgarc271/git/jbake-testing-and-verification/jbake-core/build/resources/test/fixture/content/blog/invalid_header.html]...  : new 
19:01:25.027 DEBUG org.jbake.parser.MarkupEngine - Type property found
19:01:25.027 DEBUG org.jbake.parser.MarkupEngine - Status property found
19:01:25.027 DEBUG org.jbake.parser.MarkupEngine - Header separator found
19:01:25.028 INFO  org.jbake.app.Crawler - Processing [/home/csmajs/jgarc271/git/jbake-testing-and-verification/jbake-core/build/resources/test/fixture/content/index2.html]...  : new 
19:01:25.029 DEBUG org.jbake.parser.MarkupEngine - Type property found
19:01:25.029 DEBUG org.jbake.parser.MarkupEngine - Status property found
19:01:25.029 DEBUG org.jbake.parser.MarkupEngine - Header separator found
19:01:25.043 INFO  org.jbake.app.Crawler - Processing [/home/csmajs/jgarc271/git/jbake-testing-and-verification/jbake-core/build/resources/test/fixture/content/papers/draft-paper.html]...  : new 
19:01:25.045 DEBUG org.jbake.parser.MarkupEngine - Type property found
19:01:25.045 DEBUG org.jbake.parser.MarkupEngine - Status property found
19:01:25.045 DEBUG org.jbake.parser.MarkupEngine - Header separator found
19:01:25.046 INFO  org.jbake.app.Crawler - Processing [/home/csmajs/jgarc271/git/jbake-testing-and-verification/jbake-core/build/resources/test/fixture/content/papers/published-paper.html]...  : new 
19:01:25.047 DEBUG org.jbake.parser.MarkupEngine - Type property found
19:01:25.047 DEBUG org.jbake.parser.MarkupEngine - Status property found
19:01:25.047 DEBUG org.jbake.parser.MarkupEngine - Header separator found
19:01:25.047 INFO  org.jbake.app.Crawler - Processing [/home/csmajs/jgarc271/git/jbake-testing-and-verification/jbake-core/build/resources/test/fixture/content/projects.html]...  : new 
19:01:25.047 INFO  org.jbake.app.Crawler - Content detected:
19:01:25.047 INFO  org.jbake.app.Crawler - Parsed 3 files of type: page
19:01:25.047 INFO  org.jbake.app.Crawler - Parsed 4 files of type: post
19:01:25.063 INFO  o.j.t.DelegatingTemplateEngine - Default template: tags.ftl was not found, searching for others...
19:01:25.063 INFO  o.j.t.DelegatingTemplateEngine - Found alternative template file: tags.thyme using this instead
19:01:25.099 INFO  org.jbake.app.Renderer - Rendering tag [/tmp/junit932720049452006923/tags/blog.html]... done!
19:01:25.101 INFO  o.j.t.DelegatingTemplateEngine - Default template: tags-index.ftl was not found, searching for others...
19:01:25.101 INFO  o.j.t.DelegatingTemplateEngine - Found alternative template file: tags-index.thyme using this instead
19:01:25.112 INFO  org.jbake.app.Renderer - Rendering tagindex [/tmp/junit932720049452006923/tags/index.html]... done!
19:01:25.116 INFO  c.o.o.c.s.m.ODirectMemoryStorage - Storage 'memory:/tmp/junit932720049452006923/documents1584064874596' is created under OrientDB distribution : 3.0.14 - Veloce (build ac128c5a9ba4c6dc9d25a32b92962d8863774423, branch 3.0.x)
19:01:26.123 DEBUG org.jbake.app.ContentStore - Create document class 'page'
19:01:26.146 DEBUG org.jbake.app.ContentStore - Create document class 'post'
19:01:26.171 DEBUG org.jbake.app.ContentStore - Create document class 'masterindex'
19:01:26.199 DEBUG org.jbake.app.ContentStore - Create document class 'archive'
19:01:26.230 DEBUG org.jbake.app.ContentStore - Create document class 'feed'
19:01:26.286 DEBUG org.jbake.parser.MarkupEngine - Type property found
19:01:26.286 DEBUG org.jbake.parser.MarkupEngine - Status property found
19:01:26.286 DEBUG org.jbake.parser.MarkupEngine - Header separator found
19:01:26.286 INFO  org.jbake.app.Crawler - Processing [/home/csmajs/jgarc271/git/jbake-testing-and-verification/jbake-core/build/resources/test/fixture/content/about.html]...  : new 
19:01:26.287 DEBUG org.jbake.parser.MarkupEngine - Type property found
19:01:26.287 DEBUG org.jbake.parser.MarkupEngine - Status property found
19:01:26.287 DEBUG org.jbake.parser.MarkupEngine - Header separator found
19:01:26.300 INFO  org.jbake.app.Crawler - Processing [/home/csmajs/jgarc271/git/jbake-testing-and-verification/jbake-core/build/resources/test/fixture/content/allcontent.html]...  : new 
19:01:26.305 DEBUG org.jbake.parser.MarkupEngine - Type property found
19:01:26.305 DEBUG org.jbake.parser.MarkupEngine - Status property found
19:01:26.305 DEBUG org.jbake.parser.MarkupEngine - Header separator found
19:01:26.305 INFO  org.jbake.app.Crawler - Processing [/home/csmajs/jgarc271/git/jbake-testing-and-verification/jbake-core/build/resources/test/fixture/content/blog/2012/first-post.html]...  : new 
19:01:26.307 DEBUG org.jbake.parser.MarkupEngine - Type property found
19:01:26.308 DEBUG org.jbake.parser.MarkupEngine - Status property found
19:01:26.308 DEBUG org.jbake.parser.MarkupEngine - Header separator found
19:01:26.308 INFO  org.jbake.app.Crawler - Processing [/home/csmajs/jgarc271/git/jbake-testing-and-verification/jbake-core/build/resources/test/fixture/content/blog/2013/second-post.html]...  : new 
19:01:26.309 DEBUG org.jbake.parser.MarkupEngine - Type property found
19:01:26.309 DEBUG org.jbake.parser.MarkupEngine - Status property found
19:01:26.309 DEBUG org.jbake.parser.MarkupEngine - Header separator found
19:01:26.310 INFO  org.jbake.app.Crawler - Processing [/home/csmajs/jgarc271/git/jbake-testing-and-verification/jbake-core/build/resources/test/fixture/content/blog/2016/another-post.html]...  : new 
19:01:26.311 DEBUG org.jbake.parser.MarkupEngine - Type property found
19:01:26.311 DEBUG org.jbake.parser.MarkupEngine - Status property found
19:01:26.311 DEBUG org.jbake.parser.MarkupEngine - Header separator found
19:01:26.311 INFO  org.jbake.app.Crawler - Processing [/home/csmajs/jgarc271/git/jbake-testing-and-verification/jbake-core/build/resources/test/fixture/content/blog/2016/draft-post.html]...  : new 
19:01:26.312 DEBUG org.jbake.parser.MarkupEngine - Header separator found
19:01:26.312 WARN  org.jbake.parser.MarkupEngine - Parsing skipped (missing type or status value in header meta data) for file /home/csmajs/jgarc271/git/jbake-testing-and-verification/jbake-core/build/resources/test/fixture/content/blog/invalid_header.html!
19:01:26.312 WARN  org.jbake.app.Crawler - /home/csmajs/jgarc271/git/jbake-testing-and-verification/jbake-core/build/resources/test/fixture/content/blog/invalid_header.html has an invalid header, it has been ignored!
19:01:26.312 INFO  org.jbake.app.Crawler - Processing [/home/csmajs/jgarc271/git/jbake-testing-and-verification/jbake-core/build/resources/test/fixture/content/blog/invalid_header.html]...  : new 
19:01:26.313 DEBUG org.jbake.parser.MarkupEngine - Type property found
19:01:26.313 DEBUG org.jbake.parser.MarkupEngine - Status property found
19:01:26.313 DEBUG org.jbake.parser.MarkupEngine - Header separator found
19:01:26.314 INFO  org.jbake.app.Crawler - Processing [/home/csmajs/jgarc271/git/jbake-testing-and-verification/jbake-core/build/resources/test/fixture/content/index2.html]...  : new 
19:01:26.315 DEBUG org.jbake.parser.MarkupEngine - Type property found
19:01:26.315 DEBUG org.jbake.parser.MarkupEngine - Status property found
19:01:26.315 DEBUG org.jbake.parser.MarkupEngine - Header separator found
19:01:26.330 INFO  org.jbake.app.Crawler - Processing [/home/csmajs/jgarc271/git/jbake-testing-and-verification/jbake-core/build/resources/test/fixture/content/papers/draft-paper.html]...  : new 
19:01:26.332 DEBUG org.jbake.parser.MarkupEngine - Type property found
19:01:26.332 DEBUG org.jbake.parser.MarkupEngine - Status property found
19:01:26.332 DEBUG org.jbake.parser.MarkupEngine - Header separator found
19:01:26.332 INFO  org.jbake.app.Crawler - Processing [/home/csmajs/jgarc271/git/jbake-testing-and-verification/jbake-core/build/resources/test/fixture/content/papers/published-paper.html]...  : new 
19:01:26.333 DEBUG org.jbake.parser.MarkupEngine - Type property found
19:01:26.333 DEBUG org.jbake.parser.MarkupEngine - Status property found
19:01:26.333 DEBUG org.jbake.parser.MarkupEngine - Header separator found
19:01:26.334 INFO  org.jbake.app.Crawler - Processing [/home/csmajs/jgarc271/git/jbake-testing-and-verification/jbake-core/build/resources/test/fixture/content/projects.html]...  : new 
19:01:26.334 INFO  org.jbake.app.Crawler - Content detected:
19:01:26.334 INFO  org.jbake.app.Crawler - Parsed 3 files of type: page
19:01:26.334 INFO  org.jbake.app.Crawler - Parsed 4 files of type: post
19:01:26.344 INFO  org.jbake.template.ModelExtractors - register new extractors for document type: paper
19:01:26.347 INFO  o.j.t.DelegatingTemplateEngine - Default template: sitemap.ftl was not found, searching for others...
19:01:26.347 INFO  o.j.t.DelegatingTemplateEngine - Found alternative template file: sitemap.thyme using this instead
19:01:26.382 INFO  org.jbake.app.Renderer - Rendering sitemap [/tmp/junit932720049452006923/sitemap.xml]... done!
]]></system-out>
  <system-err><![CDATA[]]></system-err>
</testsuite>
