<?xml version="1.0" encoding="UTF-8"?>
<testsuite name="org.jbake.app.configuration.ConfigUtilTest" tests="24" skipped="0" failures="0" errors="0" timestamp="2020-03-11T02:06:44" hostname="bolt.cs.ucr.edu" time="1.43">
  <properties/>
  <testcase name="shouldHandleCustomAssetFolder()" classname="org.jbake.app.configuration.ConfigUtilTest" time="1.055"/>
  <testcase name="shouldHandleCustomContentFolder()" classname="org.jbake.app.configuration.ConfigUtilTest" time="0.008"/>
  <testcase name="shouldReturnAnAsciidoctorOption()" classname="org.jbake.app.configuration.ConfigUtilTest" time="0.009"/>
  <testcase name="shouldLoadACustomConfiguration()" classname="org.jbake.app.configuration.ConfigUtilTest" time="0.009"/>
  <testcase name="shouldLogAWarningIfAsciidocOptionCouldNotBeFound()" classname="org.jbake.app.configuration.ConfigUtilTest" time="0.049"/>
  <testcase name="shouldReturnAnAsciidoctorOptionWithAListValue()" classname="org.jbake.app.configuration.ConfigUtilTest" time="0.017"/>
  <testcase name="shouldHandleNonExistingFiles()" classname="org.jbake.app.configuration.ConfigUtilTest" time="0.009"/>
  <testcase name="shouldLoadSiteHost()" classname="org.jbake.app.configuration.ConfigUtilTest" time="0.005"/>
  <testcase name="shouldGetMarkdownExtensionsAsList()" classname="org.jbake.app.configuration.ConfigUtilTest" time="0.006"/>
  <testcase name="shouldLogWarningIfDocumentTypeNotFound()" classname="org.jbake.app.configuration.ConfigUtilTest" time="0.005"/>
  <testcase name="shouldGetTemplateOutputExtension()" classname="org.jbake.app.configuration.ConfigUtilTest" time="0.005"/>
  <testcase name="shouldReturnContentFolderFromConfiguration()" classname="org.jbake.app.configuration.ConfigUtilTest" time="0.004"/>
  <testcase name="shouldAddSourcefolderToConfiguration()" classname="org.jbake.app.configuration.ConfigUtilTest" time="0.005"/>
  <testcase name="shouldGetTemplateFileDoctype()" classname="org.jbake.app.configuration.ConfigUtilTest" time="0.004"/>
  <testcase name="shouldReturnAssetFolderFromConfiguration()" classname="org.jbake.app.configuration.ConfigUtilTest" time="0.006"/>
  <testcase name="shouldThrowAnExceptionIfSourcefolderDoesNotExist()" classname="org.jbake.app.configuration.ConfigUtilTest" time="0.183"/>
  <testcase name="shouldReturnDestinationFolderFromConfiguration()" classname="org.jbake.app.configuration.ConfigUtilTest" time="0.004"/>
  <testcase name="shouldHandleCustomTemplateFolder()" classname="org.jbake.app.configuration.ConfigUtilTest" time="0.004"/>
  <testcase name="shouldReturnAListOfAsciidoctorOptionsKeys()" classname="org.jbake.app.configuration.ConfigUtilTest" time="0.008"/>
  <testcase name="shouldThrowAnExceptionIfSourcefolderIsNotADirectory()" classname="org.jbake.app.configuration.ConfigUtilTest" time="0.003"/>
  <testcase name="shouldReturnEmptyStringIfOptionNotAvailable()" classname="org.jbake.app.configuration.ConfigUtilTest" time="0.005"/>
  <testcase name="shouldReturnConfiguredDocTypes()" classname="org.jbake.app.configuration.ConfigUtilTest" time="0.004"/>
  <testcase name="shouldLoadADefaultConfiguration()" classname="org.jbake.app.configuration.ConfigUtilTest" time="0.004"/>
  <testcase name="shouldReturnTemplateFolderFromConfiguration()" classname="org.jbake.app.configuration.ConfigUtilTest" time="0.005"/>
  <system-out><![CDATA[19:06:45.361 WARN  o.j.a.c.DefaultJBakeConfiguration - Cannot find asciidoctor option 'asciidoctor.option.template_dirs'
19:06:45.446 WARN  o.j.a.c.DefaultJBakeConfiguration - Cannot find configuration key 'template.none.file' for document type 'none'
19:06:45.683 WARN  o.j.a.c.DefaultJBakeConfiguration - Cannot find asciidoctor option 'asciidoctor.option.template_dirs'
]]></system-out>
  <system-err><![CDATA[]]></system-err>
</testsuite>
