<?xml version="1.0" encoding="UTF-8"?>
<testsuite name="org.jbake.app.template.GroovyMarkupTemplateEngineRenderingTest" tests="10" skipped="0" failures="0" errors="0" timestamp="2020-03-13T04:43:51" hostname="bolt.cs.ucr.edu" time="436.685">
  <properties/>
  <testcase name="renderCustomTypePaper" classname="org.jbake.app.template.GroovyMarkupTemplateEngineRenderingTest" time="44.088"/>
  <testcase name="renderIndex" classname="org.jbake.app.template.GroovyMarkupTemplateEngineRenderingTest" time="44.126"/>
  <testcase name="renderArchive" classname="org.jbake.app.template.GroovyMarkupTemplateEngineRenderingTest" time="43.778"/>
  <testcase name="checkDbTemplateModelIsPopulated" classname="org.jbake.app.template.GroovyMarkupTemplateEngineRenderingTest" time="43.776"/>
  <testcase name="renderTagsIndex" classname="org.jbake.app.template.GroovyMarkupTemplateEngineRenderingTest" time="43.903"/>
  <testcase name="renderFeed" classname="org.jbake.app.template.GroovyMarkupTemplateEngineRenderingTest" time="43.529"/>
  <testcase name="renderPage" classname="org.jbake.app.template.GroovyMarkupTemplateEngineRenderingTest" time="43.183"/>
  <testcase name="renderPost" classname="org.jbake.app.template.GroovyMarkupTemplateEngineRenderingTest" time="43.875"/>
  <testcase name="renderTags" classname="org.jbake.app.template.GroovyMarkupTemplateEngineRenderingTest" time="43.313"/>
  <testcase name="renderSitemap" classname="org.jbake.app.template.GroovyMarkupTemplateEngineRenderingTest" time="43.114"/>
  <system-out><![CDATA[21:43:51.477 INFO  c.o.orient.core.db.OrientDBEmbedded - WAL maximum segment size is set to 6,144 MB
21:43:51.519 INFO  c.o.o.c.s.i.l.p.w.c.OCASDiskWriteAheadLog - Direct IO for WAL located in /tmp/junit3514048574355168429/documents1584074631469/tmp/junit3514048574355168429/documents1584074631469 is allowed with block size 4096 bytes.
21:43:51.520 INFO  c.o.o.c.s.i.l.p.w.c.OCASDiskWriteAheadLog - Page size for WAL located in /tmp/junit3514048574355168429/documents1584074631469/tmp/junit3514048574355168429/documents1584074631469 is set to 4096 bytes.
21:43:52.084 INFO  c.o.o.c.s.d.OLocalPaginatedStorage - Storage 'plocal:/tmp/junit3514048574355168429/documents1584074631469//tmp/junit3514048574355168429/documents1584074631469' is created under OrientDB distribution : 3.0.14 - Veloce (build ac128c5a9ba4c6dc9d25a32b92962d8863774423, branch 3.0.x)
21:44:00.651 DEBUG org.jbake.app.ContentStore - Create document class 'page'
21:44:04.777 DEBUG org.jbake.app.ContentStore - Create document class 'post'
21:44:08.878 DEBUG org.jbake.app.ContentStore - Create document class 'masterindex'
21:44:13.017 DEBUG org.jbake.app.ContentStore - Create document class 'archive'
21:44:17.293 DEBUG org.jbake.app.ContentStore - Create document class 'feed'
21:44:26.136 DEBUG org.jbake.parser.MarkupEngine - Type property found
21:44:26.136 DEBUG org.jbake.parser.MarkupEngine - Status property found
21:44:26.136 DEBUG org.jbake.parser.MarkupEngine - Header separator found
21:44:26.137 INFO  org.jbake.app.Crawler - Processing [/home/csmajs/jgarc271/git/jbake-testing-and-verification/jbake-core/build/resources/test/fixture/content/about.html]...  : new 
21:44:26.138 DEBUG org.jbake.parser.MarkupEngine - Type property found
21:44:26.138 DEBUG org.jbake.parser.MarkupEngine - Status property found
21:44:26.138 DEBUG org.jbake.parser.MarkupEngine - Header separator found
21:44:29.849 INFO  org.jbake.app.Crawler - Processing [/home/csmajs/jgarc271/git/jbake-testing-and-verification/jbake-core/build/resources/test/fixture/content/allcontent.html]...  : new 
21:44:29.853 DEBUG org.jbake.parser.MarkupEngine - Type property found
21:44:29.853 DEBUG org.jbake.parser.MarkupEngine - Status property found
21:44:29.853 DEBUG org.jbake.parser.MarkupEngine - Header separator found
21:44:29.854 INFO  org.jbake.app.Crawler - Processing [/home/csmajs/jgarc271/git/jbake-testing-and-verification/jbake-core/build/resources/test/fixture/content/blog/2012/first-post.html]...  : new 
21:44:29.856 DEBUG org.jbake.parser.MarkupEngine - Type property found
21:44:29.856 DEBUG org.jbake.parser.MarkupEngine - Status property found
21:44:29.856 DEBUG org.jbake.parser.MarkupEngine - Header separator found
21:44:29.857 INFO  org.jbake.app.Crawler - Processing [/home/csmajs/jgarc271/git/jbake-testing-and-verification/jbake-core/build/resources/test/fixture/content/blog/2013/second-post.html]...  : new 
21:44:29.859 DEBUG org.jbake.parser.MarkupEngine - Type property found
21:44:29.859 DEBUG org.jbake.parser.MarkupEngine - Status property found
21:44:29.859 DEBUG org.jbake.parser.MarkupEngine - Header separator found
21:44:29.859 INFO  org.jbake.app.Crawler - Processing [/home/csmajs/jgarc271/git/jbake-testing-and-verification/jbake-core/build/resources/test/fixture/content/blog/2016/another-post.html]...  : new 
21:44:29.860 DEBUG org.jbake.parser.MarkupEngine - Type property found
21:44:29.860 DEBUG org.jbake.parser.MarkupEngine - Status property found
21:44:29.860 DEBUG org.jbake.parser.MarkupEngine - Header separator found
21:44:29.861 INFO  org.jbake.app.Crawler - Processing [/home/csmajs/jgarc271/git/jbake-testing-and-verification/jbake-core/build/resources/test/fixture/content/blog/2016/draft-post.html]...  : new 
21:44:29.862 DEBUG org.jbake.parser.MarkupEngine - Header separator found
21:44:29.862 WARN  org.jbake.parser.MarkupEngine - Parsing skipped (missing type or status value in header meta data) for file /home/csmajs/jgarc271/git/jbake-testing-and-verification/jbake-core/build/resources/test/fixture/content/blog/invalid_header.html!
21:44:29.862 WARN  org.jbake.app.Crawler - /home/csmajs/jgarc271/git/jbake-testing-and-verification/jbake-core/build/resources/test/fixture/content/blog/invalid_header.html has an invalid header, it has been ignored!
21:44:29.862 INFO  org.jbake.app.Crawler - Processing [/home/csmajs/jgarc271/git/jbake-testing-and-verification/jbake-core/build/resources/test/fixture/content/blog/invalid_header.html]...  : new 
21:44:29.863 DEBUG org.jbake.parser.MarkupEngine - Type property found
21:44:29.863 DEBUG org.jbake.parser.MarkupEngine - Status property found
21:44:29.863 DEBUG org.jbake.parser.MarkupEngine - Header separator found
21:44:29.864 INFO  org.jbake.app.Crawler - Processing [/home/csmajs/jgarc271/git/jbake-testing-and-verification/jbake-core/build/resources/test/fixture/content/index2.html]...  : new 
21:44:29.865 DEBUG org.jbake.parser.MarkupEngine - Type property found
21:44:29.865 DEBUG org.jbake.parser.MarkupEngine - Status property found
21:44:29.865 DEBUG org.jbake.parser.MarkupEngine - Header separator found
21:44:33.624 INFO  org.jbake.app.Crawler - Processing [/home/csmajs/jgarc271/git/jbake-testing-and-verification/jbake-core/build/resources/test/fixture/content/papers/draft-paper.html]...  : new 
21:44:33.626 DEBUG org.jbake.parser.MarkupEngine - Type property found
21:44:33.626 DEBUG org.jbake.parser.MarkupEngine - Status property found
21:44:33.626 DEBUG org.jbake.parser.MarkupEngine - Header separator found
21:44:33.627 INFO  org.jbake.app.Crawler - Processing [/home/csmajs/jgarc271/git/jbake-testing-and-verification/jbake-core/build/resources/test/fixture/content/papers/published-paper.html]...  : new 
21:44:33.628 DEBUG org.jbake.parser.MarkupEngine - Type property found
21:44:33.628 DEBUG org.jbake.parser.MarkupEngine - Status property found
21:44:33.628 DEBUG org.jbake.parser.MarkupEngine - Header separator found
21:44:33.629 INFO  org.jbake.app.Crawler - Processing [/home/csmajs/jgarc271/git/jbake-testing-and-verification/jbake-core/build/resources/test/fixture/content/projects.html]...  : new 
21:44:33.629 INFO  org.jbake.app.Crawler - Content detected:
21:44:33.629 INFO  org.jbake.app.Crawler - Parsed 3 files of type: page
21:44:33.629 INFO  org.jbake.app.Crawler - Parsed 4 files of type: post
21:44:33.640 INFO  org.jbake.template.ModelExtractors - register new extractors for document type: paper
21:44:33.645 DEBUG org.jbake.parser.MarkupEngine - Type property found
21:44:33.645 DEBUG org.jbake.parser.MarkupEngine - Status property found
21:44:33.645 DEBUG org.jbake.parser.MarkupEngine - Header separator found
21:44:33.646 INFO  org.jbake.app.Crawler - Processing [/home/csmajs/jgarc271/git/jbake-testing-and-verification/jbake-core/build/resources/test/fixture/content/about.html]...  : modified  : new 
21:44:33.647 DEBUG org.jbake.parser.MarkupEngine - Type property found
21:44:33.647 DEBUG org.jbake.parser.MarkupEngine - Status property found
21:44:33.647 DEBUG org.jbake.parser.MarkupEngine - Header separator found
21:44:33.647 INFO  org.jbake.app.Crawler - Processing [/home/csmajs/jgarc271/git/jbake-testing-and-verification/jbake-core/build/resources/test/fixture/content/allcontent.html]...  : new 
21:44:33.651 DEBUG org.jbake.parser.MarkupEngine - Type property found
21:44:33.651 DEBUG org.jbake.parser.MarkupEngine - Status property found
21:44:33.651 DEBUG org.jbake.parser.MarkupEngine - Header separator found
21:44:33.652 INFO  org.jbake.app.Crawler - Processing [/home/csmajs/jgarc271/git/jbake-testing-and-verification/jbake-core/build/resources/test/fixture/content/blog/2012/first-post.html]...  : modified  : new 
21:44:33.656 DEBUG org.jbake.parser.MarkupEngine - Type property found
21:44:33.656 DEBUG org.jbake.parser.MarkupEngine - Status property found
21:44:33.656 DEBUG org.jbake.parser.MarkupEngine - Header separator found
21:44:33.657 INFO  org.jbake.app.Crawler - Processing [/home/csmajs/jgarc271/git/jbake-testing-and-verification/jbake-core/build/resources/test/fixture/content/blog/2013/second-post.html]...  : modified  : new 
21:44:33.659 DEBUG org.jbake.parser.MarkupEngine - Type property found
21:44:33.659 DEBUG org.jbake.parser.MarkupEngine - Status property found
21:44:33.659 DEBUG org.jbake.parser.MarkupEngine - Header separator found
21:44:33.660 INFO  org.jbake.app.Crawler - Processing [/home/csmajs/jgarc271/git/jbake-testing-and-verification/jbake-core/build/resources/test/fixture/content/blog/2016/another-post.html]...  : modified  : new 
21:44:33.662 DEBUG org.jbake.parser.MarkupEngine - Type property found
21:44:33.663 DEBUG org.jbake.parser.MarkupEngine - Status property found
21:44:33.663 DEBUG org.jbake.parser.MarkupEngine - Header separator found
21:44:33.663 INFO  org.jbake.app.Crawler - Processing [/home/csmajs/jgarc271/git/jbake-testing-and-verification/jbake-core/build/resources/test/fixture/content/blog/2016/draft-post.html]...  : modified  : new 
21:44:33.665 DEBUG org.jbake.parser.MarkupEngine - Header separator found
21:44:33.665 WARN  org.jbake.parser.MarkupEngine - Parsing skipped (missing type or status value in header meta data) for file /home/csmajs/jgarc271/git/jbake-testing-and-verification/jbake-core/build/resources/test/fixture/content/blog/invalid_header.html!
21:44:33.665 WARN  org.jbake.app.Crawler - /home/csmajs/jgarc271/git/jbake-testing-and-verification/jbake-core/build/resources/test/fixture/content/blog/invalid_header.html has an invalid header, it has been ignored!
21:44:33.665 INFO  org.jbake.app.Crawler - Processing [/home/csmajs/jgarc271/git/jbake-testing-and-verification/jbake-core/build/resources/test/fixture/content/blog/invalid_header.html]...  : new 
21:44:33.667 DEBUG org.jbake.parser.MarkupEngine - Type property found
21:44:33.667 DEBUG org.jbake.parser.MarkupEngine - Status property found
21:44:33.667 DEBUG org.jbake.parser.MarkupEngine - Header separator found
21:44:33.668 INFO  org.jbake.app.Crawler - Processing [/home/csmajs/jgarc271/git/jbake-testing-and-verification/jbake-core/build/resources/test/fixture/content/index2.html]...  : modified  : new 
21:44:33.670 DEBUG org.jbake.parser.MarkupEngine - Type property found
21:44:33.670 DEBUG org.jbake.parser.MarkupEngine - Status property found
21:44:33.670 DEBUG org.jbake.parser.MarkupEngine - Header separator found
21:44:33.671 INFO  org.jbake.app.Crawler - Processing [/home/csmajs/jgarc271/git/jbake-testing-and-verification/jbake-core/build/resources/test/fixture/content/papers/draft-paper.html]...  : modified 
21:44:33.673 DEBUG org.jbake.parser.MarkupEngine - Type property found
21:44:33.673 DEBUG org.jbake.parser.MarkupEngine - Status property found
21:44:33.674 DEBUG org.jbake.parser.MarkupEngine - Header separator found
21:44:33.674 INFO  org.jbake.app.Crawler - Processing [/home/csmajs/jgarc271/git/jbake-testing-and-verification/jbake-core/build/resources/test/fixture/content/papers/published-paper.html]...  : modified 
21:44:33.676 DEBUG org.jbake.parser.MarkupEngine - Type property found
21:44:33.676 DEBUG org.jbake.parser.MarkupEngine - Status property found
21:44:33.676 DEBUG org.jbake.parser.MarkupEngine - Header separator found
21:44:33.677 INFO  org.jbake.app.Crawler - Processing [/home/csmajs/jgarc271/git/jbake-testing-and-verification/jbake-core/build/resources/test/fixture/content/projects.html]...  : modified  : new 
21:44:33.677 INFO  org.jbake.app.Crawler - Content detected:
21:44:33.677 INFO  org.jbake.app.Crawler - Parsed 3 files of type: page
21:44:33.677 INFO  org.jbake.app.Crawler - Parsed 4 files of type: post
21:44:33.678 INFO  org.jbake.app.Crawler - Parsed 2 files of type: paper
21:44:33.689 DEBUG org.jbake.parser.MarkupEngine - Type property found
21:44:33.689 DEBUG org.jbake.parser.MarkupEngine - Status property found
21:44:33.689 DEBUG org.jbake.parser.MarkupEngine - Header separator found
21:44:34.475 INFO  org.jbake.app.Renderer - Rendering [/tmp/junit3514048574355168429/published-paper.html]... done!
21:44:35.559 INFO  c.o.orient.core.db.OrientDBEmbedded - WAL maximum segment size is set to 6,144 MB
21:44:35.561 INFO  c.o.o.c.s.i.l.p.w.c.OCASDiskWriteAheadLog - Direct IO for WAL located in /tmp/junit3514048574355168429/documents1584074631469/tmp/junit3514048574355168429/documents1584074631469 is allowed with block size 4096 bytes.
21:44:35.561 INFO  c.o.o.c.s.i.l.p.w.c.OCASDiskWriteAheadLog - Page size for WAL located in /tmp/junit3514048574355168429/documents1584074631469/tmp/junit3514048574355168429/documents1584074631469 is set to 4096 bytes.
21:44:36.152 INFO  c.o.o.c.s.d.OLocalPaginatedStorage - Storage 'plocal:/tmp/junit3514048574355168429/documents1584074631469//tmp/junit3514048574355168429/documents1584074631469' is created under OrientDB distribution : 3.0.14 - Veloce (build ac128c5a9ba4c6dc9d25a32b92962d8863774423, branch 3.0.x)
21:44:45.192 DEBUG org.jbake.app.ContentStore - Create document class 'page'
21:44:49.342 DEBUG org.jbake.app.ContentStore - Create document class 'post'
21:44:53.556 DEBUG org.jbake.app.ContentStore - Create document class 'masterindex'
21:44:57.816 DEBUG org.jbake.app.ContentStore - Create document class 'archive'
21:45:02.086 DEBUG org.jbake.app.ContentStore - Create document class 'feed'
21:45:10.195 DEBUG org.jbake.parser.MarkupEngine - Type property found
21:45:10.195 DEBUG org.jbake.parser.MarkupEngine - Status property found
21:45:10.195 DEBUG org.jbake.parser.MarkupEngine - Header separator found
21:45:10.196 INFO  org.jbake.app.Crawler - Processing [/home/csmajs/jgarc271/git/jbake-testing-and-verification/jbake-core/build/resources/test/fixture/content/about.html]...  : new 
21:45:10.197 DEBUG org.jbake.parser.MarkupEngine - Type property found
21:45:10.197 DEBUG org.jbake.parser.MarkupEngine - Status property found
21:45:10.197 DEBUG org.jbake.parser.MarkupEngine - Header separator found
21:45:14.608 INFO  org.jbake.app.Crawler - Processing [/home/csmajs/jgarc271/git/jbake-testing-and-verification/jbake-core/build/resources/test/fixture/content/allcontent.html]...  : new 
21:45:14.613 DEBUG org.jbake.parser.MarkupEngine - Type property found
21:45:14.613 DEBUG org.jbake.parser.MarkupEngine - Status property found
21:45:14.613 DEBUG org.jbake.parser.MarkupEngine - Header separator found
21:45:14.613 INFO  org.jbake.app.Crawler - Processing [/home/csmajs/jgarc271/git/jbake-testing-and-verification/jbake-core/build/resources/test/fixture/content/blog/2012/first-post.html]...  : new 
21:45:14.616 DEBUG org.jbake.parser.MarkupEngine - Type property found
21:45:14.616 DEBUG org.jbake.parser.MarkupEngine - Status property found
21:45:14.616 DEBUG org.jbake.parser.MarkupEngine - Header separator found
21:45:14.617 INFO  org.jbake.app.Crawler - Processing [/home/csmajs/jgarc271/git/jbake-testing-and-verification/jbake-core/build/resources/test/fixture/content/blog/2013/second-post.html]...  : new 
21:45:14.618 DEBUG org.jbake.parser.MarkupEngine - Type property found
21:45:14.618 DEBUG org.jbake.parser.MarkupEngine - Status property found
21:45:14.618 DEBUG org.jbake.parser.MarkupEngine - Header separator found
21:45:14.619 INFO  org.jbake.app.Crawler - Processing [/home/csmajs/jgarc271/git/jbake-testing-and-verification/jbake-core/build/resources/test/fixture/content/blog/2016/another-post.html]...  : new 
21:45:14.620 DEBUG org.jbake.parser.MarkupEngine - Type property found
21:45:14.620 DEBUG org.jbake.parser.MarkupEngine - Status property found
21:45:14.620 DEBUG org.jbake.parser.MarkupEngine - Header separator found
21:45:14.620 INFO  org.jbake.app.Crawler - Processing [/home/csmajs/jgarc271/git/jbake-testing-and-verification/jbake-core/build/resources/test/fixture/content/blog/2016/draft-post.html]...  : new 
21:45:14.621 DEBUG org.jbake.parser.MarkupEngine - Header separator found
21:45:14.621 WARN  org.jbake.parser.MarkupEngine - Parsing skipped (missing type or status value in header meta data) for file /home/csmajs/jgarc271/git/jbake-testing-and-verification/jbake-core/build/resources/test/fixture/content/blog/invalid_header.html!
21:45:14.621 WARN  org.jbake.app.Crawler - /home/csmajs/jgarc271/git/jbake-testing-and-verification/jbake-core/build/resources/test/fixture/content/blog/invalid_header.html has an invalid header, it has been ignored!
21:45:14.621 INFO  org.jbake.app.Crawler - Processing [/home/csmajs/jgarc271/git/jbake-testing-and-verification/jbake-core/build/resources/test/fixture/content/blog/invalid_header.html]...  : new 
21:45:14.622 DEBUG org.jbake.parser.MarkupEngine - Type property found
21:45:14.622 DEBUG org.jbake.parser.MarkupEngine - Status property found
21:45:14.622 DEBUG org.jbake.parser.MarkupEngine - Header separator found
21:45:14.623 INFO  org.jbake.app.Crawler - Processing [/home/csmajs/jgarc271/git/jbake-testing-and-verification/jbake-core/build/resources/test/fixture/content/index2.html]...  : new 
21:45:14.624 DEBUG org.jbake.parser.MarkupEngine - Type property found
21:45:14.624 DEBUG org.jbake.parser.MarkupEngine - Status property found
21:45:14.624 DEBUG org.jbake.parser.MarkupEngine - Header separator found
21:45:18.554 INFO  org.jbake.app.Crawler - Processing [/home/csmajs/jgarc271/git/jbake-testing-and-verification/jbake-core/build/resources/test/fixture/content/papers/draft-paper.html]...  : new 
21:45:18.557 DEBUG org.jbake.parser.MarkupEngine - Type property found
21:45:18.557 DEBUG org.jbake.parser.MarkupEngine - Status property found
21:45:18.557 DEBUG org.jbake.parser.MarkupEngine - Header separator found
21:45:18.557 INFO  org.jbake.app.Crawler - Processing [/home/csmajs/jgarc271/git/jbake-testing-and-verification/jbake-core/build/resources/test/fixture/content/papers/published-paper.html]...  : new 
21:45:18.558 DEBUG org.jbake.parser.MarkupEngine - Type property found
21:45:18.558 DEBUG org.jbake.parser.MarkupEngine - Status property found
21:45:18.558 DEBUG org.jbake.parser.MarkupEngine - Header separator found
21:45:18.559 INFO  org.jbake.app.Crawler - Processing [/home/csmajs/jgarc271/git/jbake-testing-and-verification/jbake-core/build/resources/test/fixture/content/projects.html]...  : new 
21:45:18.559 INFO  org.jbake.app.Crawler - Content detected:
21:45:18.559 INFO  org.jbake.app.Crawler - Parsed 3 files of type: page
21:45:18.559 INFO  org.jbake.app.Crawler - Parsed 4 files of type: post
21:45:18.770 INFO  org.jbake.app.Renderer - Rendering masterindex [/tmp/junit3514048574355168429/index.html]... done!
21:45:19.685 INFO  c.o.orient.core.db.OrientDBEmbedded - WAL maximum segment size is set to 6,144 MB
21:45:19.686 INFO  c.o.o.c.s.i.l.p.w.c.OCASDiskWriteAheadLog - Direct IO for WAL located in /tmp/junit3514048574355168429/documents1584074631469/tmp/junit3514048574355168429/documents1584074631469 is allowed with block size 4096 bytes.
21:45:19.686 INFO  c.o.o.c.s.i.l.p.w.c.OCASDiskWriteAheadLog - Page size for WAL located in /tmp/junit3514048574355168429/documents1584074631469/tmp/junit3514048574355168429/documents1584074631469 is set to 4096 bytes.
21:45:20.313 INFO  c.o.o.c.s.d.OLocalPaginatedStorage - Storage 'plocal:/tmp/junit3514048574355168429/documents1584074631469//tmp/junit3514048574355168429/documents1584074631469' is created under OrientDB distribution : 3.0.14 - Veloce (build ac128c5a9ba4c6dc9d25a32b92962d8863774423, branch 3.0.x)
21:45:29.289 DEBUG org.jbake.app.ContentStore - Create document class 'page'
21:45:33.520 DEBUG org.jbake.app.ContentStore - Create document class 'post'
21:45:37.659 DEBUG org.jbake.app.ContentStore - Create document class 'masterindex'
21:45:41.876 DEBUG org.jbake.app.ContentStore - Create document class 'archive'
21:45:46.101 DEBUG org.jbake.app.ContentStore - Create document class 'feed'
21:45:54.228 DEBUG org.jbake.parser.MarkupEngine - Type property found
21:45:54.228 DEBUG org.jbake.parser.MarkupEngine - Status property found
21:45:54.228 DEBUG org.jbake.parser.MarkupEngine - Header separator found
21:45:54.229 INFO  org.jbake.app.Crawler - Processing [/home/csmajs/jgarc271/git/jbake-testing-and-verification/jbake-core/build/resources/test/fixture/content/about.html]...  : new 
21:45:54.230 DEBUG org.jbake.parser.MarkupEngine - Type property found
21:45:54.230 DEBUG org.jbake.parser.MarkupEngine - Status property found
21:45:54.230 DEBUG org.jbake.parser.MarkupEngine - Header separator found
21:45:58.498 INFO  org.jbake.app.Crawler - Processing [/home/csmajs/jgarc271/git/jbake-testing-and-verification/jbake-core/build/resources/test/fixture/content/allcontent.html]...  : new 
21:45:58.501 DEBUG org.jbake.parser.MarkupEngine - Type property found
21:45:58.501 DEBUG org.jbake.parser.MarkupEngine - Status property found
21:45:58.501 DEBUG org.jbake.parser.MarkupEngine - Header separator found
21:45:58.502 INFO  org.jbake.app.Crawler - Processing [/home/csmajs/jgarc271/git/jbake-testing-and-verification/jbake-core/build/resources/test/fixture/content/blog/2012/first-post.html]...  : new 
21:45:58.504 DEBUG org.jbake.parser.MarkupEngine - Type property found
21:45:58.504 DEBUG org.jbake.parser.MarkupEngine - Status property found
21:45:58.504 DEBUG org.jbake.parser.MarkupEngine - Header separator found
21:45:58.505 INFO  org.jbake.app.Crawler - Processing [/home/csmajs/jgarc271/git/jbake-testing-and-verification/jbake-core/build/resources/test/fixture/content/blog/2013/second-post.html]...  : new 
21:45:58.506 DEBUG org.jbake.parser.MarkupEngine - Type property found
21:45:58.506 DEBUG org.jbake.parser.MarkupEngine - Status property found
21:45:58.506 DEBUG org.jbake.parser.MarkupEngine - Header separator found
21:45:58.507 INFO  org.jbake.app.Crawler - Processing [/home/csmajs/jgarc271/git/jbake-testing-and-verification/jbake-core/build/resources/test/fixture/content/blog/2016/another-post.html]...  : new 
21:45:58.508 DEBUG org.jbake.parser.MarkupEngine - Type property found
21:45:58.508 DEBUG org.jbake.parser.MarkupEngine - Status property found
21:45:58.508 DEBUG org.jbake.parser.MarkupEngine - Header separator found
21:45:58.508 INFO  org.jbake.app.Crawler - Processing [/home/csmajs/jgarc271/git/jbake-testing-and-verification/jbake-core/build/resources/test/fixture/content/blog/2016/draft-post.html]...  : new 
21:45:58.509 DEBUG org.jbake.parser.MarkupEngine - Header separator found
21:45:58.509 WARN  org.jbake.parser.MarkupEngine - Parsing skipped (missing type or status value in header meta data) for file /home/csmajs/jgarc271/git/jbake-testing-and-verification/jbake-core/build/resources/test/fixture/content/blog/invalid_header.html!
21:45:58.509 WARN  org.jbake.app.Crawler - /home/csmajs/jgarc271/git/jbake-testing-and-verification/jbake-core/build/resources/test/fixture/content/blog/invalid_header.html has an invalid header, it has been ignored!
21:45:58.509 INFO  org.jbake.app.Crawler - Processing [/home/csmajs/jgarc271/git/jbake-testing-and-verification/jbake-core/build/resources/test/fixture/content/blog/invalid_header.html]...  : new 
21:45:58.510 DEBUG org.jbake.parser.MarkupEngine - Type property found
21:45:58.510 DEBUG org.jbake.parser.MarkupEngine - Status property found
21:45:58.510 DEBUG org.jbake.parser.MarkupEngine - Header separator found
21:45:58.511 INFO  org.jbake.app.Crawler - Processing [/home/csmajs/jgarc271/git/jbake-testing-and-verification/jbake-core/build/resources/test/fixture/content/index2.html]...  : new 
21:45:58.512 DEBUG org.jbake.parser.MarkupEngine - Type property found
21:45:58.512 DEBUG org.jbake.parser.MarkupEngine - Status property found
21:45:58.512 DEBUG org.jbake.parser.MarkupEngine - Header separator found
21:46:02.354 INFO  org.jbake.app.Crawler - Processing [/home/csmajs/jgarc271/git/jbake-testing-and-verification/jbake-core/build/resources/test/fixture/content/papers/draft-paper.html]...  : new 
21:46:02.356 DEBUG org.jbake.parser.MarkupEngine - Type property found
21:46:02.356 DEBUG org.jbake.parser.MarkupEngine - Status property found
21:46:02.356 DEBUG org.jbake.parser.MarkupEngine - Header separator found
21:46:02.357 INFO  org.jbake.app.Crawler - Processing [/home/csmajs/jgarc271/git/jbake-testing-and-verification/jbake-core/build/resources/test/fixture/content/papers/published-paper.html]...  : new 
21:46:02.358 DEBUG org.jbake.parser.MarkupEngine - Type property found
21:46:02.358 DEBUG org.jbake.parser.MarkupEngine - Status property found
21:46:02.358 DEBUG org.jbake.parser.MarkupEngine - Header separator found
21:46:02.359 INFO  org.jbake.app.Crawler - Processing [/home/csmajs/jgarc271/git/jbake-testing-and-verification/jbake-core/build/resources/test/fixture/content/projects.html]...  : new 
21:46:02.359 INFO  org.jbake.app.Crawler - Content detected:
21:46:02.359 INFO  org.jbake.app.Crawler - Parsed 3 files of type: page
21:46:02.359 INFO  org.jbake.app.Crawler - Parsed 4 files of type: post
21:46:02.550 INFO  org.jbake.app.Renderer - Rendering archive [/tmp/junit3514048574355168429/archive.html]... done!
21:46:03.463 INFO  c.o.orient.core.db.OrientDBEmbedded - WAL maximum segment size is set to 6,144 MB
21:46:03.464 INFO  c.o.o.c.s.i.l.p.w.c.OCASDiskWriteAheadLog - Direct IO for WAL located in /tmp/junit3514048574355168429/documents1584074631469/tmp/junit3514048574355168429/documents1584074631469 is allowed with block size 4096 bytes.
21:46:03.464 INFO  c.o.o.c.s.i.l.p.w.c.OCASDiskWriteAheadLog - Page size for WAL located in /tmp/junit3514048574355168429/documents1584074631469/tmp/junit3514048574355168429/documents1584074631469 is set to 4096 bytes.
21:46:04.064 INFO  c.o.o.c.s.d.OLocalPaginatedStorage - Storage 'plocal:/tmp/junit3514048574355168429/documents1584074631469//tmp/junit3514048574355168429/documents1584074631469' is created under OrientDB distribution : 3.0.14 - Veloce (build ac128c5a9ba4c6dc9d25a32b92962d8863774423, branch 3.0.x)
21:46:12.998 DEBUG org.jbake.app.ContentStore - Create document class 'page'
21:46:17.201 DEBUG org.jbake.app.ContentStore - Create document class 'post'
21:46:21.400 DEBUG org.jbake.app.ContentStore - Create document class 'masterindex'
21:46:25.661 DEBUG org.jbake.app.ContentStore - Create document class 'archive'
21:46:29.983 DEBUG org.jbake.app.ContentStore - Create document class 'feed'
21:46:38.645 DEBUG org.jbake.parser.MarkupEngine - Type property found
21:46:38.645 DEBUG org.jbake.parser.MarkupEngine - Status property found
21:46:38.645 DEBUG org.jbake.parser.MarkupEngine - Header separator found
21:46:38.646 INFO  org.jbake.app.Crawler - Processing [/home/csmajs/jgarc271/git/jbake-testing-and-verification/jbake-core/build/resources/test/fixture/content/about.html]...  : new 
21:46:38.647 DEBUG org.jbake.parser.MarkupEngine - Type property found
21:46:38.647 DEBUG org.jbake.parser.MarkupEngine - Status property found
21:46:38.647 DEBUG org.jbake.parser.MarkupEngine - Header separator found
21:46:42.478 INFO  org.jbake.app.Crawler - Processing [/home/csmajs/jgarc271/git/jbake-testing-and-verification/jbake-core/build/resources/test/fixture/content/allcontent.html]...  : new 
21:46:42.482 DEBUG org.jbake.parser.MarkupEngine - Type property found
21:46:42.482 DEBUG org.jbake.parser.MarkupEngine - Status property found
21:46:42.482 DEBUG org.jbake.parser.MarkupEngine - Header separator found
21:46:42.483 INFO  org.jbake.app.Crawler - Processing [/home/csmajs/jgarc271/git/jbake-testing-and-verification/jbake-core/build/resources/test/fixture/content/blog/2012/first-post.html]...  : new 
21:46:42.485 DEBUG org.jbake.parser.MarkupEngine - Type property found
21:46:42.485 DEBUG org.jbake.parser.MarkupEngine - Status property found
21:46:42.485 DEBUG org.jbake.parser.MarkupEngine - Header separator found
21:46:42.486 INFO  org.jbake.app.Crawler - Processing [/home/csmajs/jgarc271/git/jbake-testing-and-verification/jbake-core/build/resources/test/fixture/content/blog/2013/second-post.html]...  : new 
21:46:42.488 DEBUG org.jbake.parser.MarkupEngine - Type property found
21:46:42.488 DEBUG org.jbake.parser.MarkupEngine - Status property found
21:46:42.488 DEBUG org.jbake.parser.MarkupEngine - Header separator found
21:46:42.488 INFO  org.jbake.app.Crawler - Processing [/home/csmajs/jgarc271/git/jbake-testing-and-verification/jbake-core/build/resources/test/fixture/content/blog/2016/another-post.html]...  : new 
21:46:42.489 DEBUG org.jbake.parser.MarkupEngine - Type property found
21:46:42.489 DEBUG org.jbake.parser.MarkupEngine - Status property found
21:46:42.489 DEBUG org.jbake.parser.MarkupEngine - Header separator found
21:46:42.490 INFO  org.jbake.app.Crawler - Processing [/home/csmajs/jgarc271/git/jbake-testing-and-verification/jbake-core/build/resources/test/fixture/content/blog/2016/draft-post.html]...  : new 
21:46:42.491 DEBUG org.jbake.parser.MarkupEngine - Header separator found
21:46:42.491 WARN  org.jbake.parser.MarkupEngine - Parsing skipped (missing type or status value in header meta data) for file /home/csmajs/jgarc271/git/jbake-testing-and-verification/jbake-core/build/resources/test/fixture/content/blog/invalid_header.html!
21:46:42.491 WARN  org.jbake.app.Crawler - /home/csmajs/jgarc271/git/jbake-testing-and-verification/jbake-core/build/resources/test/fixture/content/blog/invalid_header.html has an invalid header, it has been ignored!
21:46:42.491 INFO  org.jbake.app.Crawler - Processing [/home/csmajs/jgarc271/git/jbake-testing-and-verification/jbake-core/build/resources/test/fixture/content/blog/invalid_header.html]...  : new 
21:46:42.492 DEBUG org.jbake.parser.MarkupEngine - Type property found
21:46:42.492 DEBUG org.jbake.parser.MarkupEngine - Status property found
21:46:42.492 DEBUG org.jbake.parser.MarkupEngine - Header separator found
21:46:42.493 INFO  org.jbake.app.Crawler - Processing [/home/csmajs/jgarc271/git/jbake-testing-and-verification/jbake-core/build/resources/test/fixture/content/index2.html]...  : new 
21:46:42.494 DEBUG org.jbake.parser.MarkupEngine - Type property found
21:46:42.494 DEBUG org.jbake.parser.MarkupEngine - Status property found
21:46:42.494 DEBUG org.jbake.parser.MarkupEngine - Header separator found
21:46:46.168 INFO  org.jbake.app.Crawler - Processing [/home/csmajs/jgarc271/git/jbake-testing-and-verification/jbake-core/build/resources/test/fixture/content/papers/draft-paper.html]...  : new 
21:46:46.170 DEBUG org.jbake.parser.MarkupEngine - Type property found
21:46:46.170 DEBUG org.jbake.parser.MarkupEngine - Status property found
21:46:46.170 DEBUG org.jbake.parser.MarkupEngine - Header separator found
21:46:46.171 INFO  org.jbake.app.Crawler - Processing [/home/csmajs/jgarc271/git/jbake-testing-and-verification/jbake-core/build/resources/test/fixture/content/papers/published-paper.html]...  : new 
21:46:46.172 DEBUG org.jbake.parser.MarkupEngine - Type property found
21:46:46.172 DEBUG org.jbake.parser.MarkupEngine - Status property found
21:46:46.172 DEBUG org.jbake.parser.MarkupEngine - Header separator found
21:46:46.172 INFO  org.jbake.app.Crawler - Processing [/home/csmajs/jgarc271/git/jbake-testing-and-verification/jbake-core/build/resources/test/fixture/content/projects.html]...  : new 
21:46:46.172 INFO  org.jbake.app.Crawler - Content detected:
21:46:46.172 INFO  org.jbake.app.Crawler - Parsed 3 files of type: page
21:46:46.173 INFO  org.jbake.app.Crawler - Parsed 4 files of type: post
21:46:46.335 INFO  org.jbake.app.Renderer - Rendering masterindex [/tmp/junit3514048574355168429/index.html]... done!
21:46:47.240 INFO  c.o.orient.core.db.OrientDBEmbedded - WAL maximum segment size is set to 6,144 MB
21:46:47.241 INFO  c.o.o.c.s.i.l.p.w.c.OCASDiskWriteAheadLog - Direct IO for WAL located in /tmp/junit3514048574355168429/documents1584074631469/tmp/junit3514048574355168429/documents1584074631469 is allowed with block size 4096 bytes.
21:46:47.241 INFO  c.o.o.c.s.i.l.p.w.c.OCASDiskWriteAheadLog - Page size for WAL located in /tmp/junit3514048574355168429/documents1584074631469/tmp/junit3514048574355168429/documents1584074631469 is set to 4096 bytes.
21:46:47.835 INFO  c.o.o.c.s.d.OLocalPaginatedStorage - Storage 'plocal:/tmp/junit3514048574355168429/documents1584074631469//tmp/junit3514048574355168429/documents1584074631469' is created under OrientDB distribution : 3.0.14 - Veloce (build ac128c5a9ba4c6dc9d25a32b92962d8863774423, branch 3.0.x)
21:46:56.755 DEBUG org.jbake.app.ContentStore - Create document class 'page'
21:47:00.997 DEBUG org.jbake.app.ContentStore - Create document class 'post'
21:47:05.234 DEBUG org.jbake.app.ContentStore - Create document class 'masterindex'
21:47:09.402 DEBUG org.jbake.app.ContentStore - Create document class 'archive'
21:47:13.627 DEBUG org.jbake.app.ContentStore - Create document class 'feed'
21:47:21.788 DEBUG org.jbake.parser.MarkupEngine - Type property found
21:47:21.788 DEBUG org.jbake.parser.MarkupEngine - Status property found
21:47:21.788 DEBUG org.jbake.parser.MarkupEngine - Header separator found
21:47:21.788 INFO  org.jbake.app.Crawler - Processing [/home/csmajs/jgarc271/git/jbake-testing-and-verification/jbake-core/build/resources/test/fixture/content/about.html]...  : new 
21:47:21.789 DEBUG org.jbake.parser.MarkupEngine - Type property found
21:47:21.790 DEBUG org.jbake.parser.MarkupEngine - Status property found
21:47:21.790 DEBUG org.jbake.parser.MarkupEngine - Header separator found
21:47:26.018 INFO  org.jbake.app.Crawler - Processing [/home/csmajs/jgarc271/git/jbake-testing-and-verification/jbake-core/build/resources/test/fixture/content/allcontent.html]...  : new 
21:47:26.023 DEBUG org.jbake.parser.MarkupEngine - Type property found
21:47:26.023 DEBUG org.jbake.parser.MarkupEngine - Status property found
21:47:26.023 DEBUG org.jbake.parser.MarkupEngine - Header separator found
21:47:26.024 INFO  org.jbake.app.Crawler - Processing [/home/csmajs/jgarc271/git/jbake-testing-and-verification/jbake-core/build/resources/test/fixture/content/blog/2012/first-post.html]...  : new 
21:47:26.027 DEBUG org.jbake.parser.MarkupEngine - Type property found
21:47:26.027 DEBUG org.jbake.parser.MarkupEngine - Status property found
21:47:26.027 DEBUG org.jbake.parser.MarkupEngine - Header separator found
21:47:26.028 INFO  org.jbake.app.Crawler - Processing [/home/csmajs/jgarc271/git/jbake-testing-and-verification/jbake-core/build/resources/test/fixture/content/blog/2013/second-post.html]...  : new 
21:47:26.030 DEBUG org.jbake.parser.MarkupEngine - Type property found
21:47:26.030 DEBUG org.jbake.parser.MarkupEngine - Status property found
21:47:26.030 DEBUG org.jbake.parser.MarkupEngine - Header separator found
21:47:26.031 INFO  org.jbake.app.Crawler - Processing [/home/csmajs/jgarc271/git/jbake-testing-and-verification/jbake-core/build/resources/test/fixture/content/blog/2016/another-post.html]...  : new 
21:47:26.032 DEBUG org.jbake.parser.MarkupEngine - Type property found
21:47:26.032 DEBUG org.jbake.parser.MarkupEngine - Status property found
21:47:26.032 DEBUG org.jbake.parser.MarkupEngine - Header separator found
21:47:26.033 INFO  org.jbake.app.Crawler - Processing [/home/csmajs/jgarc271/git/jbake-testing-and-verification/jbake-core/build/resources/test/fixture/content/blog/2016/draft-post.html]...  : new 
21:47:26.034 DEBUG org.jbake.parser.MarkupEngine - Header separator found
21:47:26.034 WARN  org.jbake.parser.MarkupEngine - Parsing skipped (missing type or status value in header meta data) for file /home/csmajs/jgarc271/git/jbake-testing-and-verification/jbake-core/build/resources/test/fixture/content/blog/invalid_header.html!
21:47:26.034 WARN  org.jbake.app.Crawler - /home/csmajs/jgarc271/git/jbake-testing-and-verification/jbake-core/build/resources/test/fixture/content/blog/invalid_header.html has an invalid header, it has been ignored!
21:47:26.034 INFO  org.jbake.app.Crawler - Processing [/home/csmajs/jgarc271/git/jbake-testing-and-verification/jbake-core/build/resources/test/fixture/content/blog/invalid_header.html]...  : new 
21:47:26.035 DEBUG org.jbake.parser.MarkupEngine - Type property found
21:47:26.035 DEBUG org.jbake.parser.MarkupEngine - Status property found
21:47:26.035 DEBUG org.jbake.parser.MarkupEngine - Header separator found
21:47:26.036 INFO  org.jbake.app.Crawler - Processing [/home/csmajs/jgarc271/git/jbake-testing-and-verification/jbake-core/build/resources/test/fixture/content/index2.html]...  : new 
21:47:26.037 DEBUG org.jbake.parser.MarkupEngine - Type property found
21:47:26.037 DEBUG org.jbake.parser.MarkupEngine - Status property found
21:47:26.037 DEBUG org.jbake.parser.MarkupEngine - Header separator found
21:47:29.972 INFO  org.jbake.app.Crawler - Processing [/home/csmajs/jgarc271/git/jbake-testing-and-verification/jbake-core/build/resources/test/fixture/content/papers/draft-paper.html]...  : new 
21:47:29.974 DEBUG org.jbake.parser.MarkupEngine - Type property found
21:47:29.974 DEBUG org.jbake.parser.MarkupEngine - Status property found
21:47:29.974 DEBUG org.jbake.parser.MarkupEngine - Header separator found
21:47:29.975 INFO  org.jbake.app.Crawler - Processing [/home/csmajs/jgarc271/git/jbake-testing-and-verification/jbake-core/build/resources/test/fixture/content/papers/published-paper.html]...  : new 
21:47:29.976 DEBUG org.jbake.parser.MarkupEngine - Type property found
21:47:29.976 DEBUG org.jbake.parser.MarkupEngine - Status property found
21:47:29.976 DEBUG org.jbake.parser.MarkupEngine - Header separator found
21:47:29.976 INFO  org.jbake.app.Crawler - Processing [/home/csmajs/jgarc271/git/jbake-testing-and-verification/jbake-core/build/resources/test/fixture/content/projects.html]...  : new 
21:47:29.977 INFO  org.jbake.app.Crawler - Content detected:
21:47:29.977 INFO  org.jbake.app.Crawler - Parsed 3 files of type: page
21:47:29.977 INFO  org.jbake.app.Crawler - Parsed 4 files of type: post
21:47:30.008 INFO  o.j.t.DelegatingTemplateEngine - Default template: tags.ftl was not found, searching for others...
21:47:30.008 INFO  o.j.t.DelegatingTemplateEngine - Found alternative template file: tags.tpl using this instead
21:47:30.178 INFO  org.jbake.app.Renderer - Rendering tag [/tmp/junit3514048574355168429/tags/blog.html]... done!
21:47:30.180 INFO  o.j.t.DelegatingTemplateEngine - Default template: tags-index.ftl was not found, searching for others...
21:47:30.180 INFO  o.j.t.DelegatingTemplateEngine - Found alternative template file: tags-index.tpl using this instead
21:47:30.218 INFO  org.jbake.app.Renderer - Rendering tagindex [/tmp/junit3514048574355168429/tags/index.html]... done!
21:47:31.142 INFO  c.o.orient.core.db.OrientDBEmbedded - WAL maximum segment size is set to 6,144 MB
21:47:31.144 INFO  c.o.o.c.s.i.l.p.w.c.OCASDiskWriteAheadLog - Direct IO for WAL located in /tmp/junit3514048574355168429/documents1584074631469/tmp/junit3514048574355168429/documents1584074631469 is allowed with block size 4096 bytes.
21:47:31.144 INFO  c.o.o.c.s.i.l.p.w.c.OCASDiskWriteAheadLog - Page size for WAL located in /tmp/junit3514048574355168429/documents1584074631469/tmp/junit3514048574355168429/documents1584074631469 is set to 4096 bytes.
21:47:31.730 INFO  c.o.o.c.s.d.OLocalPaginatedStorage - Storage 'plocal:/tmp/junit3514048574355168429/documents1584074631469//tmp/junit3514048574355168429/documents1584074631469' is created under OrientDB distribution : 3.0.14 - Veloce (build ac128c5a9ba4c6dc9d25a32b92962d8863774423, branch 3.0.x)
21:47:40.640 DEBUG org.jbake.app.ContentStore - Create document class 'page'
21:47:45.159 DEBUG org.jbake.app.ContentStore - Create document class 'post'
21:47:49.266 DEBUG org.jbake.app.ContentStore - Create document class 'masterindex'
21:47:53.488 DEBUG org.jbake.app.ContentStore - Create document class 'archive'
21:47:57.620 DEBUG org.jbake.app.ContentStore - Create document class 'feed'
21:48:06.132 DEBUG org.jbake.parser.MarkupEngine - Type property found
21:48:06.132 DEBUG org.jbake.parser.MarkupEngine - Status property found
21:48:06.132 DEBUG org.jbake.parser.MarkupEngine - Header separator found
21:48:06.133 INFO  org.jbake.app.Crawler - Processing [/home/csmajs/jgarc271/git/jbake-testing-and-verification/jbake-core/build/resources/test/fixture/content/about.html]...  : new 
21:48:06.134 DEBUG org.jbake.parser.MarkupEngine - Type property found
21:48:06.134 DEBUG org.jbake.parser.MarkupEngine - Status property found
21:48:06.134 DEBUG org.jbake.parser.MarkupEngine - Header separator found
21:48:09.952 INFO  org.jbake.app.Crawler - Processing [/home/csmajs/jgarc271/git/jbake-testing-and-verification/jbake-core/build/resources/test/fixture/content/allcontent.html]...  : new 
21:48:09.956 DEBUG org.jbake.parser.MarkupEngine - Type property found
21:48:09.956 DEBUG org.jbake.parser.MarkupEngine - Status property found
21:48:09.956 DEBUG org.jbake.parser.MarkupEngine - Header separator found
21:48:09.957 INFO  org.jbake.app.Crawler - Processing [/home/csmajs/jgarc271/git/jbake-testing-and-verification/jbake-core/build/resources/test/fixture/content/blog/2012/first-post.html]...  : new 
21:48:09.960 DEBUG org.jbake.parser.MarkupEngine - Type property found
21:48:09.960 DEBUG org.jbake.parser.MarkupEngine - Status property found
21:48:09.960 DEBUG org.jbake.parser.MarkupEngine - Header separator found
21:48:09.960 INFO  org.jbake.app.Crawler - Processing [/home/csmajs/jgarc271/git/jbake-testing-and-verification/jbake-core/build/resources/test/fixture/content/blog/2013/second-post.html]...  : new 
21:48:09.962 DEBUG org.jbake.parser.MarkupEngine - Type property found
21:48:09.962 DEBUG org.jbake.parser.MarkupEngine - Status property found
21:48:09.962 DEBUG org.jbake.parser.MarkupEngine - Header separator found
21:48:09.963 INFO  org.jbake.app.Crawler - Processing [/home/csmajs/jgarc271/git/jbake-testing-and-verification/jbake-core/build/resources/test/fixture/content/blog/2016/another-post.html]...  : new 
21:48:09.964 DEBUG org.jbake.parser.MarkupEngine - Type property found
21:48:09.964 DEBUG org.jbake.parser.MarkupEngine - Status property found
21:48:09.964 DEBUG org.jbake.parser.MarkupEngine - Header separator found
21:48:09.964 INFO  org.jbake.app.Crawler - Processing [/home/csmajs/jgarc271/git/jbake-testing-and-verification/jbake-core/build/resources/test/fixture/content/blog/2016/draft-post.html]...  : new 
21:48:09.965 DEBUG org.jbake.parser.MarkupEngine - Header separator found
21:48:09.966 WARN  org.jbake.parser.MarkupEngine - Parsing skipped (missing type or status value in header meta data) for file /home/csmajs/jgarc271/git/jbake-testing-and-verification/jbake-core/build/resources/test/fixture/content/blog/invalid_header.html!
21:48:09.966 WARN  org.jbake.app.Crawler - /home/csmajs/jgarc271/git/jbake-testing-and-verification/jbake-core/build/resources/test/fixture/content/blog/invalid_header.html has an invalid header, it has been ignored!
21:48:09.966 INFO  org.jbake.app.Crawler - Processing [/home/csmajs/jgarc271/git/jbake-testing-and-verification/jbake-core/build/resources/test/fixture/content/blog/invalid_header.html]...  : new 
21:48:09.967 DEBUG org.jbake.parser.MarkupEngine - Type property found
21:48:09.967 DEBUG org.jbake.parser.MarkupEngine - Status property found
21:48:09.967 DEBUG org.jbake.parser.MarkupEngine - Header separator found
21:48:09.967 INFO  org.jbake.app.Crawler - Processing [/home/csmajs/jgarc271/git/jbake-testing-and-verification/jbake-core/build/resources/test/fixture/content/index2.html]...  : new 
21:48:09.969 DEBUG org.jbake.parser.MarkupEngine - Type property found
21:48:09.969 DEBUG org.jbake.parser.MarkupEngine - Status property found
21:48:09.969 DEBUG org.jbake.parser.MarkupEngine - Header separator found
21:48:13.643 INFO  org.jbake.app.Crawler - Processing [/home/csmajs/jgarc271/git/jbake-testing-and-verification/jbake-core/build/resources/test/fixture/content/papers/draft-paper.html]...  : new 
21:48:13.646 DEBUG org.jbake.parser.MarkupEngine - Type property found
21:48:13.646 DEBUG org.jbake.parser.MarkupEngine - Status property found
21:48:13.646 DEBUG org.jbake.parser.MarkupEngine - Header separator found
21:48:13.646 INFO  org.jbake.app.Crawler - Processing [/home/csmajs/jgarc271/git/jbake-testing-and-verification/jbake-core/build/resources/test/fixture/content/papers/published-paper.html]...  : new 
21:48:13.647 DEBUG org.jbake.parser.MarkupEngine - Type property found
21:48:13.647 DEBUG org.jbake.parser.MarkupEngine - Status property found
21:48:13.647 DEBUG org.jbake.parser.MarkupEngine - Header separator found
21:48:13.648 INFO  org.jbake.app.Crawler - Processing [/home/csmajs/jgarc271/git/jbake-testing-and-verification/jbake-core/build/resources/test/fixture/content/projects.html]...  : new 
21:48:13.648 INFO  org.jbake.app.Crawler - Content detected:
21:48:13.648 INFO  org.jbake.app.Crawler - Parsed 3 files of type: page
21:48:13.648 INFO  org.jbake.app.Crawler - Parsed 4 files of type: post
21:48:13.700 INFO  org.jbake.app.Renderer - Rendering feed [/tmp/junit3514048574355168429/feed.xml]... done!
21:48:14.671 INFO  c.o.orient.core.db.OrientDBEmbedded - WAL maximum segment size is set to 6,144 MB
21:48:14.673 INFO  c.o.o.c.s.i.l.p.w.c.OCASDiskWriteAheadLog - Direct IO for WAL located in /tmp/junit3514048574355168429/documents1584074631469/tmp/junit3514048574355168429/documents1584074631469 is allowed with block size 4096 bytes.
21:48:14.673 INFO  c.o.o.c.s.i.l.p.w.c.OCASDiskWriteAheadLog - Page size for WAL located in /tmp/junit3514048574355168429/documents1584074631469/tmp/junit3514048574355168429/documents1584074631469 is set to 4096 bytes.
21:48:15.290 INFO  c.o.o.c.s.d.OLocalPaginatedStorage - Storage 'plocal:/tmp/junit3514048574355168429/documents1584074631469//tmp/junit3514048574355168429/documents1584074631469' is created under OrientDB distribution : 3.0.14 - Veloce (build ac128c5a9ba4c6dc9d25a32b92962d8863774423, branch 3.0.x)
21:48:24.238 DEBUG org.jbake.app.ContentStore - Create document class 'page'
21:48:28.309 DEBUG org.jbake.app.ContentStore - Create document class 'post'
21:48:32.520 DEBUG org.jbake.app.ContentStore - Create document class 'masterindex'
21:48:36.668 DEBUG org.jbake.app.ContentStore - Create document class 'archive'
21:48:40.867 DEBUG org.jbake.app.ContentStore - Create document class 'feed'
21:48:48.803 DEBUG org.jbake.parser.MarkupEngine - Type property found
21:48:48.803 DEBUG org.jbake.parser.MarkupEngine - Status property found
21:48:48.803 DEBUG org.jbake.parser.MarkupEngine - Header separator found
21:48:48.804 INFO  org.jbake.app.Crawler - Processing [/home/csmajs/jgarc271/git/jbake-testing-and-verification/jbake-core/build/resources/test/fixture/content/about.html]...  : new 
21:48:48.805 DEBUG org.jbake.parser.MarkupEngine - Type property found
21:48:48.805 DEBUG org.jbake.parser.MarkupEngine - Status property found
21:48:48.805 DEBUG org.jbake.parser.MarkupEngine - Header separator found
21:48:53.033 INFO  org.jbake.app.Crawler - Processing [/home/csmajs/jgarc271/git/jbake-testing-and-verification/jbake-core/build/resources/test/fixture/content/allcontent.html]...  : new 
21:48:53.038 DEBUG org.jbake.parser.MarkupEngine - Type property found
21:48:53.038 DEBUG org.jbake.parser.MarkupEngine - Status property found
21:48:53.038 DEBUG org.jbake.parser.MarkupEngine - Header separator found
21:48:53.038 INFO  org.jbake.app.Crawler - Processing [/home/csmajs/jgarc271/git/jbake-testing-and-verification/jbake-core/build/resources/test/fixture/content/blog/2012/first-post.html]...  : new 
21:48:53.041 DEBUG org.jbake.parser.MarkupEngine - Type property found
21:48:53.041 DEBUG org.jbake.parser.MarkupEngine - Status property found
21:48:53.041 DEBUG org.jbake.parser.MarkupEngine - Header separator found
21:48:53.042 INFO  org.jbake.app.Crawler - Processing [/home/csmajs/jgarc271/git/jbake-testing-and-verification/jbake-core/build/resources/test/fixture/content/blog/2013/second-post.html]...  : new 
21:48:53.043 DEBUG org.jbake.parser.MarkupEngine - Type property found
21:48:53.043 DEBUG org.jbake.parser.MarkupEngine - Status property found
21:48:53.043 DEBUG org.jbake.parser.MarkupEngine - Header separator found
21:48:53.044 INFO  org.jbake.app.Crawler - Processing [/home/csmajs/jgarc271/git/jbake-testing-and-verification/jbake-core/build/resources/test/fixture/content/blog/2016/another-post.html]...  : new 
21:48:53.045 DEBUG org.jbake.parser.MarkupEngine - Type property found
21:48:53.045 DEBUG org.jbake.parser.MarkupEngine - Status property found
21:48:53.045 DEBUG org.jbake.parser.MarkupEngine - Header separator found
21:48:53.046 INFO  org.jbake.app.Crawler - Processing [/home/csmajs/jgarc271/git/jbake-testing-and-verification/jbake-core/build/resources/test/fixture/content/blog/2016/draft-post.html]...  : new 
21:48:53.047 DEBUG org.jbake.parser.MarkupEngine - Header separator found
21:48:53.047 WARN  org.jbake.parser.MarkupEngine - Parsing skipped (missing type or status value in header meta data) for file /home/csmajs/jgarc271/git/jbake-testing-and-verification/jbake-core/build/resources/test/fixture/content/blog/invalid_header.html!
21:48:53.047 WARN  org.jbake.app.Crawler - /home/csmajs/jgarc271/git/jbake-testing-and-verification/jbake-core/build/resources/test/fixture/content/blog/invalid_header.html has an invalid header, it has been ignored!
21:48:53.047 INFO  org.jbake.app.Crawler - Processing [/home/csmajs/jgarc271/git/jbake-testing-and-verification/jbake-core/build/resources/test/fixture/content/blog/invalid_header.html]...  : new 
21:48:53.048 DEBUG org.jbake.parser.MarkupEngine - Type property found
21:48:53.048 DEBUG org.jbake.parser.MarkupEngine - Status property found
21:48:53.048 DEBUG org.jbake.parser.MarkupEngine - Header separator found
21:48:53.048 INFO  org.jbake.app.Crawler - Processing [/home/csmajs/jgarc271/git/jbake-testing-and-verification/jbake-core/build/resources/test/fixture/content/index2.html]...  : new 
21:48:53.050 DEBUG org.jbake.parser.MarkupEngine - Type property found
21:48:53.050 DEBUG org.jbake.parser.MarkupEngine - Status property found
21:48:53.050 DEBUG org.jbake.parser.MarkupEngine - Header separator found
21:48:56.801 INFO  org.jbake.app.Crawler - Processing [/home/csmajs/jgarc271/git/jbake-testing-and-verification/jbake-core/build/resources/test/fixture/content/papers/draft-paper.html]...  : new 
21:48:56.803 DEBUG org.jbake.parser.MarkupEngine - Type property found
21:48:56.803 DEBUG org.jbake.parser.MarkupEngine - Status property found
21:48:56.804 DEBUG org.jbake.parser.MarkupEngine - Header separator found
21:48:56.804 INFO  org.jbake.app.Crawler - Processing [/home/csmajs/jgarc271/git/jbake-testing-and-verification/jbake-core/build/resources/test/fixture/content/papers/published-paper.html]...  : new 
21:48:56.805 DEBUG org.jbake.parser.MarkupEngine - Type property found
21:48:56.805 DEBUG org.jbake.parser.MarkupEngine - Status property found
21:48:56.805 DEBUG org.jbake.parser.MarkupEngine - Header separator found
21:48:56.806 INFO  org.jbake.app.Crawler - Processing [/home/csmajs/jgarc271/git/jbake-testing-and-verification/jbake-core/build/resources/test/fixture/content/projects.html]...  : new 
21:48:56.806 INFO  org.jbake.app.Crawler - Content detected:
21:48:56.806 INFO  org.jbake.app.Crawler - Parsed 3 files of type: page
21:48:56.806 INFO  org.jbake.app.Crawler - Parsed 4 files of type: post
21:48:56.817 DEBUG org.jbake.parser.MarkupEngine - Type property found
21:48:56.817 DEBUG org.jbake.parser.MarkupEngine - Status property found
21:48:56.817 DEBUG org.jbake.parser.MarkupEngine - Header separator found
21:48:56.954 INFO  org.jbake.app.Renderer - Rendering [/tmp/junit3514048574355168429/about.html]... done!
21:48:57.854 INFO  c.o.orient.core.db.OrientDBEmbedded - WAL maximum segment size is set to 6,144 MB
21:48:57.856 INFO  c.o.o.c.s.i.l.p.w.c.OCASDiskWriteAheadLog - Direct IO for WAL located in /tmp/junit3514048574355168429/documents1584074631469/tmp/junit3514048574355168429/documents1584074631469 is allowed with block size 4096 bytes.
21:48:57.856 INFO  c.o.o.c.s.i.l.p.w.c.OCASDiskWriteAheadLog - Page size for WAL located in /tmp/junit3514048574355168429/documents1584074631469/tmp/junit3514048574355168429/documents1584074631469 is set to 4096 bytes.
21:48:58.471 INFO  c.o.o.c.s.d.OLocalPaginatedStorage - Storage 'plocal:/tmp/junit3514048574355168429/documents1584074631469//tmp/junit3514048574355168429/documents1584074631469' is created under OrientDB distribution : 3.0.14 - Veloce (build ac128c5a9ba4c6dc9d25a32b92962d8863774423, branch 3.0.x)
21:49:07.483 DEBUG org.jbake.app.ContentStore - Create document class 'page'
21:49:11.629 DEBUG org.jbake.app.ContentStore - Create document class 'post'
21:49:15.850 DEBUG org.jbake.app.ContentStore - Create document class 'masterindex'
21:49:20.054 DEBUG org.jbake.app.ContentStore - Create document class 'archive'
21:49:24.259 DEBUG org.jbake.app.ContentStore - Create document class 'feed'
21:49:33.183 DEBUG org.jbake.parser.MarkupEngine - Type property found
21:49:33.183 DEBUG org.jbake.parser.MarkupEngine - Status property found
21:49:33.183 DEBUG org.jbake.parser.MarkupEngine - Header separator found
21:49:33.184 INFO  org.jbake.app.Crawler - Processing [/home/csmajs/jgarc271/git/jbake-testing-and-verification/jbake-core/build/resources/test/fixture/content/about.html]...  : new 
21:49:33.185 DEBUG org.jbake.parser.MarkupEngine - Type property found
21:49:33.185 DEBUG org.jbake.parser.MarkupEngine - Status property found
21:49:33.185 DEBUG org.jbake.parser.MarkupEngine - Header separator found
21:49:36.903 INFO  org.jbake.app.Crawler - Processing [/home/csmajs/jgarc271/git/jbake-testing-and-verification/jbake-core/build/resources/test/fixture/content/allcontent.html]...  : new 
21:49:36.908 DEBUG org.jbake.parser.MarkupEngine - Type property found
21:49:36.908 DEBUG org.jbake.parser.MarkupEngine - Status property found
21:49:36.908 DEBUG org.jbake.parser.MarkupEngine - Header separator found
21:49:36.908 INFO  org.jbake.app.Crawler - Processing [/home/csmajs/jgarc271/git/jbake-testing-and-verification/jbake-core/build/resources/test/fixture/content/blog/2012/first-post.html]...  : new 
21:49:36.910 DEBUG org.jbake.parser.MarkupEngine - Type property found
21:49:36.910 DEBUG org.jbake.parser.MarkupEngine - Status property found
21:49:36.910 DEBUG org.jbake.parser.MarkupEngine - Header separator found
21:49:36.911 INFO  org.jbake.app.Crawler - Processing [/home/csmajs/jgarc271/git/jbake-testing-and-verification/jbake-core/build/resources/test/fixture/content/blog/2013/second-post.html]...  : new 
21:49:36.912 DEBUG org.jbake.parser.MarkupEngine - Type property found
21:49:36.913 DEBUG org.jbake.parser.MarkupEngine - Status property found
21:49:36.913 DEBUG org.jbake.parser.MarkupEngine - Header separator found
21:49:36.913 INFO  org.jbake.app.Crawler - Processing [/home/csmajs/jgarc271/git/jbake-testing-and-verification/jbake-core/build/resources/test/fixture/content/blog/2016/another-post.html]...  : new 
21:49:36.914 DEBUG org.jbake.parser.MarkupEngine - Type property found
21:49:36.914 DEBUG org.jbake.parser.MarkupEngine - Status property found
21:49:36.914 DEBUG org.jbake.parser.MarkupEngine - Header separator found
21:49:36.915 INFO  org.jbake.app.Crawler - Processing [/home/csmajs/jgarc271/git/jbake-testing-and-verification/jbake-core/build/resources/test/fixture/content/blog/2016/draft-post.html]...  : new 
21:49:36.916 DEBUG org.jbake.parser.MarkupEngine - Header separator found
21:49:36.916 WARN  org.jbake.parser.MarkupEngine - Parsing skipped (missing type or status value in header meta data) for file /home/csmajs/jgarc271/git/jbake-testing-and-verification/jbake-core/build/resources/test/fixture/content/blog/invalid_header.html!
21:49:36.916 WARN  org.jbake.app.Crawler - /home/csmajs/jgarc271/git/jbake-testing-and-verification/jbake-core/build/resources/test/fixture/content/blog/invalid_header.html has an invalid header, it has been ignored!
21:49:36.916 INFO  org.jbake.app.Crawler - Processing [/home/csmajs/jgarc271/git/jbake-testing-and-verification/jbake-core/build/resources/test/fixture/content/blog/invalid_header.html]...  : new 
21:49:36.917 DEBUG org.jbake.parser.MarkupEngine - Type property found
21:49:36.917 DEBUG org.jbake.parser.MarkupEngine - Status property found
21:49:36.917 DEBUG org.jbake.parser.MarkupEngine - Header separator found
21:49:36.917 INFO  org.jbake.app.Crawler - Processing [/home/csmajs/jgarc271/git/jbake-testing-and-verification/jbake-core/build/resources/test/fixture/content/index2.html]...  : new 
21:49:36.919 DEBUG org.jbake.parser.MarkupEngine - Type property found
21:49:36.919 DEBUG org.jbake.parser.MarkupEngine - Status property found
21:49:36.919 DEBUG org.jbake.parser.MarkupEngine - Header separator found
21:49:40.699 INFO  org.jbake.app.Crawler - Processing [/home/csmajs/jgarc271/git/jbake-testing-and-verification/jbake-core/build/resources/test/fixture/content/papers/draft-paper.html]...  : new 
21:49:40.701 DEBUG org.jbake.parser.MarkupEngine - Type property found
21:49:40.701 DEBUG org.jbake.parser.MarkupEngine - Status property found
21:49:40.701 DEBUG org.jbake.parser.MarkupEngine - Header separator found
21:49:40.702 INFO  org.jbake.app.Crawler - Processing [/home/csmajs/jgarc271/git/jbake-testing-and-verification/jbake-core/build/resources/test/fixture/content/papers/published-paper.html]...  : new 
21:49:40.703 DEBUG org.jbake.parser.MarkupEngine - Type property found
21:49:40.703 DEBUG org.jbake.parser.MarkupEngine - Status property found
21:49:40.703 DEBUG org.jbake.parser.MarkupEngine - Header separator found
21:49:40.704 INFO  org.jbake.app.Crawler - Processing [/home/csmajs/jgarc271/git/jbake-testing-and-verification/jbake-core/build/resources/test/fixture/content/projects.html]...  : new 
21:49:40.704 INFO  org.jbake.app.Crawler - Content detected:
21:49:40.704 INFO  org.jbake.app.Crawler - Parsed 3 files of type: page
21:49:40.704 INFO  org.jbake.app.Crawler - Parsed 4 files of type: post
21:49:40.716 DEBUG org.jbake.parser.MarkupEngine - Type property found
21:49:40.716 DEBUG org.jbake.parser.MarkupEngine - Status property found
21:49:40.716 DEBUG org.jbake.parser.MarkupEngine - Header separator found
21:49:40.848 INFO  org.jbake.app.Renderer - Rendering [/tmp/junit3514048574355168429/second-post.html]... done!
21:49:41.729 INFO  c.o.orient.core.db.OrientDBEmbedded - WAL maximum segment size is set to 6,144 MB
21:49:41.731 INFO  c.o.o.c.s.i.l.p.w.c.OCASDiskWriteAheadLog - Direct IO for WAL located in /tmp/junit3514048574355168429/documents1584074631469/tmp/junit3514048574355168429/documents1584074631469 is allowed with block size 4096 bytes.
21:49:41.731 INFO  c.o.o.c.s.i.l.p.w.c.OCASDiskWriteAheadLog - Page size for WAL located in /tmp/junit3514048574355168429/documents1584074631469/tmp/junit3514048574355168429/documents1584074631469 is set to 4096 bytes.
21:49:42.356 INFO  c.o.o.c.s.d.OLocalPaginatedStorage - Storage 'plocal:/tmp/junit3514048574355168429/documents1584074631469//tmp/junit3514048574355168429/documents1584074631469' is created under OrientDB distribution : 3.0.14 - Veloce (build ac128c5a9ba4c6dc9d25a32b92962d8863774423, branch 3.0.x)
21:49:51.206 DEBUG org.jbake.app.ContentStore - Create document class 'page'
21:49:55.302 DEBUG org.jbake.app.ContentStore - Create document class 'post'
21:49:59.389 DEBUG org.jbake.app.ContentStore - Create document class 'masterindex'
21:50:03.628 DEBUG org.jbake.app.ContentStore - Create document class 'archive'
21:50:07.778 DEBUG org.jbake.app.ContentStore - Create document class 'feed'
21:50:16.494 DEBUG org.jbake.parser.MarkupEngine - Type property found
21:50:16.494 DEBUG org.jbake.parser.MarkupEngine - Status property found
21:50:16.494 DEBUG org.jbake.parser.MarkupEngine - Header separator found
21:50:16.494 INFO  org.jbake.app.Crawler - Processing [/home/csmajs/jgarc271/git/jbake-testing-and-verification/jbake-core/build/resources/test/fixture/content/about.html]...  : new 
21:50:16.495 DEBUG org.jbake.parser.MarkupEngine - Type property found
21:50:16.495 DEBUG org.jbake.parser.MarkupEngine - Status property found
21:50:16.495 DEBUG org.jbake.parser.MarkupEngine - Header separator found
21:50:20.119 INFO  org.jbake.app.Crawler - Processing [/home/csmajs/jgarc271/git/jbake-testing-and-verification/jbake-core/build/resources/test/fixture/content/allcontent.html]...  : new 
21:50:20.123 DEBUG org.jbake.parser.MarkupEngine - Type property found
21:50:20.123 DEBUG org.jbake.parser.MarkupEngine - Status property found
21:50:20.123 DEBUG org.jbake.parser.MarkupEngine - Header separator found
21:50:20.124 INFO  org.jbake.app.Crawler - Processing [/home/csmajs/jgarc271/git/jbake-testing-and-verification/jbake-core/build/resources/test/fixture/content/blog/2012/first-post.html]...  : new 
21:50:20.126 DEBUG org.jbake.parser.MarkupEngine - Type property found
21:50:20.126 DEBUG org.jbake.parser.MarkupEngine - Status property found
21:50:20.126 DEBUG org.jbake.parser.MarkupEngine - Header separator found
21:50:20.127 INFO  org.jbake.app.Crawler - Processing [/home/csmajs/jgarc271/git/jbake-testing-and-verification/jbake-core/build/resources/test/fixture/content/blog/2013/second-post.html]...  : new 
21:50:20.128 DEBUG org.jbake.parser.MarkupEngine - Type property found
21:50:20.128 DEBUG org.jbake.parser.MarkupEngine - Status property found
21:50:20.129 DEBUG org.jbake.parser.MarkupEngine - Header separator found
21:50:20.129 INFO  org.jbake.app.Crawler - Processing [/home/csmajs/jgarc271/git/jbake-testing-and-verification/jbake-core/build/resources/test/fixture/content/blog/2016/another-post.html]...  : new 
21:50:20.130 DEBUG org.jbake.parser.MarkupEngine - Type property found
21:50:20.130 DEBUG org.jbake.parser.MarkupEngine - Status property found
21:50:20.130 DEBUG org.jbake.parser.MarkupEngine - Header separator found
21:50:20.131 INFO  org.jbake.app.Crawler - Processing [/home/csmajs/jgarc271/git/jbake-testing-and-verification/jbake-core/build/resources/test/fixture/content/blog/2016/draft-post.html]...  : new 
21:50:20.132 DEBUG org.jbake.parser.MarkupEngine - Header separator found
21:50:20.132 WARN  org.jbake.parser.MarkupEngine - Parsing skipped (missing type or status value in header meta data) for file /home/csmajs/jgarc271/git/jbake-testing-and-verification/jbake-core/build/resources/test/fixture/content/blog/invalid_header.html!
21:50:20.132 WARN  org.jbake.app.Crawler - /home/csmajs/jgarc271/git/jbake-testing-and-verification/jbake-core/build/resources/test/fixture/content/blog/invalid_header.html has an invalid header, it has been ignored!
21:50:20.132 INFO  org.jbake.app.Crawler - Processing [/home/csmajs/jgarc271/git/jbake-testing-and-verification/jbake-core/build/resources/test/fixture/content/blog/invalid_header.html]...  : new 
21:50:20.133 DEBUG org.jbake.parser.MarkupEngine - Type property found
21:50:20.133 DEBUG org.jbake.parser.MarkupEngine - Status property found
21:50:20.133 DEBUG org.jbake.parser.MarkupEngine - Header separator found
21:50:20.134 INFO  org.jbake.app.Crawler - Processing [/home/csmajs/jgarc271/git/jbake-testing-and-verification/jbake-core/build/resources/test/fixture/content/index2.html]...  : new 
21:50:20.135 DEBUG org.jbake.parser.MarkupEngine - Type property found
21:50:20.135 DEBUG org.jbake.parser.MarkupEngine - Status property found
21:50:20.135 DEBUG org.jbake.parser.MarkupEngine - Header separator found
21:50:23.922 INFO  org.jbake.app.Crawler - Processing [/home/csmajs/jgarc271/git/jbake-testing-and-verification/jbake-core/build/resources/test/fixture/content/papers/draft-paper.html]...  : new 
21:50:23.925 DEBUG org.jbake.parser.MarkupEngine - Type property found
21:50:23.925 DEBUG org.jbake.parser.MarkupEngine - Status property found
21:50:23.925 DEBUG org.jbake.parser.MarkupEngine - Header separator found
21:50:23.925 INFO  org.jbake.app.Crawler - Processing [/home/csmajs/jgarc271/git/jbake-testing-and-verification/jbake-core/build/resources/test/fixture/content/papers/published-paper.html]...  : new 
21:50:23.926 DEBUG org.jbake.parser.MarkupEngine - Type property found
21:50:23.926 DEBUG org.jbake.parser.MarkupEngine - Status property found
21:50:23.926 DEBUG org.jbake.parser.MarkupEngine - Header separator found
21:50:23.927 INFO  org.jbake.app.Crawler - Processing [/home/csmajs/jgarc271/git/jbake-testing-and-verification/jbake-core/build/resources/test/fixture/content/projects.html]...  : new 
21:50:23.927 INFO  org.jbake.app.Crawler - Content detected:
21:50:23.927 INFO  org.jbake.app.Crawler - Parsed 3 files of type: page
21:50:23.927 INFO  org.jbake.app.Crawler - Parsed 4 files of type: post
21:50:23.943 INFO  o.j.t.DelegatingTemplateEngine - Default template: tags.ftl was not found, searching for others...
21:50:23.943 INFO  o.j.t.DelegatingTemplateEngine - Found alternative template file: tags.tpl using this instead
21:50:24.093 INFO  org.jbake.app.Renderer - Rendering tag [/tmp/junit3514048574355168429/tags/blog.html]... done!
21:50:24.095 INFO  o.j.t.DelegatingTemplateEngine - Default template: tags-index.ftl was not found, searching for others...
21:50:24.095 INFO  o.j.t.DelegatingTemplateEngine - Found alternative template file: tags-index.tpl using this instead
21:50:24.128 INFO  org.jbake.app.Renderer - Rendering tagindex [/tmp/junit3514048574355168429/tags/index.html]... done!
21:50:25.042 INFO  c.o.orient.core.db.OrientDBEmbedded - WAL maximum segment size is set to 6,144 MB
21:50:25.044 INFO  c.o.o.c.s.i.l.p.w.c.OCASDiskWriteAheadLog - Direct IO for WAL located in /tmp/junit3514048574355168429/documents1584074631469/tmp/junit3514048574355168429/documents1584074631469 is allowed with block size 4096 bytes.
21:50:25.044 INFO  c.o.o.c.s.i.l.p.w.c.OCASDiskWriteAheadLog - Page size for WAL located in /tmp/junit3514048574355168429/documents1584074631469/tmp/junit3514048574355168429/documents1584074631469 is set to 4096 bytes.
21:50:25.618 INFO  c.o.o.c.s.d.OLocalPaginatedStorage - Storage 'plocal:/tmp/junit3514048574355168429/documents1584074631469//tmp/junit3514048574355168429/documents1584074631469' is created under OrientDB distribution : 3.0.14 - Veloce (build ac128c5a9ba4c6dc9d25a32b92962d8863774423, branch 3.0.x)
21:50:34.516 DEBUG org.jbake.app.ContentStore - Create document class 'page'
21:50:38.577 DEBUG org.jbake.app.ContentStore - Create document class 'post'
21:50:42.686 DEBUG org.jbake.app.ContentStore - Create document class 'masterindex'
21:50:46.803 DEBUG org.jbake.app.ContentStore - Create document class 'archive'
21:50:51.041 DEBUG org.jbake.app.ContentStore - Create document class 'feed'
21:50:59.175 DEBUG org.jbake.parser.MarkupEngine - Type property found
21:50:59.175 DEBUG org.jbake.parser.MarkupEngine - Status property found
21:50:59.175 DEBUG org.jbake.parser.MarkupEngine - Header separator found
21:50:59.176 INFO  org.jbake.app.Crawler - Processing [/home/csmajs/jgarc271/git/jbake-testing-and-verification/jbake-core/build/resources/test/fixture/content/about.html]...  : new 
21:50:59.177 DEBUG org.jbake.parser.MarkupEngine - Type property found
21:50:59.177 DEBUG org.jbake.parser.MarkupEngine - Status property found
21:50:59.177 DEBUG org.jbake.parser.MarkupEngine - Header separator found
21:51:03.439 INFO  org.jbake.app.Crawler - Processing [/home/csmajs/jgarc271/git/jbake-testing-and-verification/jbake-core/build/resources/test/fixture/content/allcontent.html]...  : new 
21:51:03.443 DEBUG org.jbake.parser.MarkupEngine - Type property found
21:51:03.443 DEBUG org.jbake.parser.MarkupEngine - Status property found
21:51:03.443 DEBUG org.jbake.parser.MarkupEngine - Header separator found
21:51:03.444 INFO  org.jbake.app.Crawler - Processing [/home/csmajs/jgarc271/git/jbake-testing-and-verification/jbake-core/build/resources/test/fixture/content/blog/2012/first-post.html]...  : new 
21:51:03.446 DEBUG org.jbake.parser.MarkupEngine - Type property found
21:51:03.446 DEBUG org.jbake.parser.MarkupEngine - Status property found
21:51:03.446 DEBUG org.jbake.parser.MarkupEngine - Header separator found
21:51:03.447 INFO  org.jbake.app.Crawler - Processing [/home/csmajs/jgarc271/git/jbake-testing-and-verification/jbake-core/build/resources/test/fixture/content/blog/2013/second-post.html]...  : new 
21:51:03.448 DEBUG org.jbake.parser.MarkupEngine - Type property found
21:51:03.448 DEBUG org.jbake.parser.MarkupEngine - Status property found
21:51:03.448 DEBUG org.jbake.parser.MarkupEngine - Header separator found
21:51:03.449 INFO  org.jbake.app.Crawler - Processing [/home/csmajs/jgarc271/git/jbake-testing-and-verification/jbake-core/build/resources/test/fixture/content/blog/2016/another-post.html]...  : new 
21:51:03.450 DEBUG org.jbake.parser.MarkupEngine - Type property found
21:51:03.450 DEBUG org.jbake.parser.MarkupEngine - Status property found
21:51:03.450 DEBUG org.jbake.parser.MarkupEngine - Header separator found
21:51:03.451 INFO  org.jbake.app.Crawler - Processing [/home/csmajs/jgarc271/git/jbake-testing-and-verification/jbake-core/build/resources/test/fixture/content/blog/2016/draft-post.html]...  : new 
21:51:03.452 DEBUG org.jbake.parser.MarkupEngine - Header separator found
21:51:03.452 WARN  org.jbake.parser.MarkupEngine - Parsing skipped (missing type or status value in header meta data) for file /home/csmajs/jgarc271/git/jbake-testing-and-verification/jbake-core/build/resources/test/fixture/content/blog/invalid_header.html!
21:51:03.452 WARN  org.jbake.app.Crawler - /home/csmajs/jgarc271/git/jbake-testing-and-verification/jbake-core/build/resources/test/fixture/content/blog/invalid_header.html has an invalid header, it has been ignored!
21:51:03.452 INFO  org.jbake.app.Crawler - Processing [/home/csmajs/jgarc271/git/jbake-testing-and-verification/jbake-core/build/resources/test/fixture/content/blog/invalid_header.html]...  : new 
21:51:03.453 DEBUG org.jbake.parser.MarkupEngine - Type property found
21:51:03.453 DEBUG org.jbake.parser.MarkupEngine - Status property found
21:51:03.453 DEBUG org.jbake.parser.MarkupEngine - Header separator found
21:51:03.454 INFO  org.jbake.app.Crawler - Processing [/home/csmajs/jgarc271/git/jbake-testing-and-verification/jbake-core/build/resources/test/fixture/content/index2.html]...  : new 
21:51:03.455 DEBUG org.jbake.parser.MarkupEngine - Type property found
21:51:03.455 DEBUG org.jbake.parser.MarkupEngine - Status property found
21:51:03.455 DEBUG org.jbake.parser.MarkupEngine - Header separator found
21:51:07.232 INFO  org.jbake.app.Crawler - Processing [/home/csmajs/jgarc271/git/jbake-testing-and-verification/jbake-core/build/resources/test/fixture/content/papers/draft-paper.html]...  : new 
21:51:07.235 DEBUG org.jbake.parser.MarkupEngine - Type property found
21:51:07.235 DEBUG org.jbake.parser.MarkupEngine - Status property found
21:51:07.235 DEBUG org.jbake.parser.MarkupEngine - Header separator found
21:51:07.236 INFO  org.jbake.app.Crawler - Processing [/home/csmajs/jgarc271/git/jbake-testing-and-verification/jbake-core/build/resources/test/fixture/content/papers/published-paper.html]...  : new 
21:51:07.237 DEBUG org.jbake.parser.MarkupEngine - Type property found
21:51:07.237 DEBUG org.jbake.parser.MarkupEngine - Status property found
21:51:07.237 DEBUG org.jbake.parser.MarkupEngine - Header separator found
21:51:07.238 INFO  org.jbake.app.Crawler - Processing [/home/csmajs/jgarc271/git/jbake-testing-and-verification/jbake-core/build/resources/test/fixture/content/projects.html]...  : new 
21:51:07.238 INFO  org.jbake.app.Crawler - Content detected:
21:51:07.238 INFO  org.jbake.app.Crawler - Parsed 3 files of type: page
21:51:07.238 INFO  org.jbake.app.Crawler - Parsed 4 files of type: post
21:51:07.250 INFO  org.jbake.template.ModelExtractors - register new extractors for document type: paper
21:51:07.253 INFO  o.j.t.DelegatingTemplateEngine - Default template: sitemap.ftl was not found, searching for others...
21:51:07.253 INFO  o.j.t.DelegatingTemplateEngine - Found alternative template file: sitemap.tpl using this instead
21:51:07.288 INFO  org.jbake.app.Renderer - Rendering sitemap [/tmp/junit3514048574355168429/sitemap.xml]... done!
]]></system-out>
  <system-err><![CDATA[]]></system-err>
</testsuite>
