<?xml version="1.0" encoding="UTF-8"?>
<testsuite name="org.jbake.app.PaginationTest" tests="1" skipped="0" failures="0" errors="0" timestamp="2020-03-13T01:49:45" hostname="bolt.cs.ucr.edu" time="1.185">
  <properties/>
  <testcase name="testPagination" classname="org.jbake.app.PaginationTest" time="1.185"/>
  <system-out><![CDATA[18:49:45.121 INFO  c.o.o.c.s.m.ODirectMemoryStorage - Storage 'memory:/tmp/junit9074937975399475370/documents1584064185120' is created under OrientDB distribution : 3.0.14 - Veloce (build ac128c5a9ba4c6dc9d25a32b92962d8863774423, branch 3.0.x)
18:49:46.138 DEBUG org.jbake.app.ContentStore - Create document class 'page'
18:49:46.160 DEBUG org.jbake.app.ContentStore - Create document class 'post'
18:49:46.185 DEBUG org.jbake.app.ContentStore - Create document class 'masterindex'
18:49:46.212 DEBUG org.jbake.app.ContentStore - Create document class 'archive'
18:49:46.243 DEBUG org.jbake.app.ContentStore - Create document class 'feed'
]]></system-out>
  <system-err><![CDATA[]]></system-err>
</testsuite>
