<?xml version="1.0" encoding="UTF-8"?>
<testsuite name="org.jbake.app.template.FreemarkerTemplateEngineRenderingTest" tests="11" skipped="0" failures="0" errors="0" timestamp="2020-03-13T04:43:19" hostname="bolt.cs.ucr.edu" time="9.325">
  <properties/>
  <testcase name="renderPaginatedIndex" classname="org.jbake.app.template.FreemarkerTemplateEngineRenderingTest" time="1.279"/>
  <testcase name="shouldFallbackToRenderSingleIndexIfNoPostArePresent" classname="org.jbake.app.template.FreemarkerTemplateEngineRenderingTest" time="0.8"/>
  <testcase name="renderIndex" classname="org.jbake.app.template.FreemarkerTemplateEngineRenderingTest" time="0.816"/>
  <testcase name="renderArchive" classname="org.jbake.app.template.FreemarkerTemplateEngineRenderingTest" time="0.805"/>
  <testcase name="checkDbTemplateModelIsPopulated" classname="org.jbake.app.template.FreemarkerTemplateEngineRenderingTest" time="0.779"/>
  <testcase name="renderTagsIndex" classname="org.jbake.app.template.FreemarkerTemplateEngineRenderingTest" time="0.85"/>
  <testcase name="renderFeed" classname="org.jbake.app.template.FreemarkerTemplateEngineRenderingTest" time="0.805"/>
  <testcase name="renderPage" classname="org.jbake.app.template.FreemarkerTemplateEngineRenderingTest" time="0.813"/>
  <testcase name="renderPost" classname="org.jbake.app.template.FreemarkerTemplateEngineRenderingTest" time="0.789"/>
  <testcase name="renderTags" classname="org.jbake.app.template.FreemarkerTemplateEngineRenderingTest" time="0.801"/>
  <testcase name="renderSitemap" classname="org.jbake.app.template.FreemarkerTemplateEngineRenderingTest" time="0.786"/>
  <system-out><![CDATA[21:43:19.460 INFO  c.o.o.c.s.m.ODirectMemoryStorage - Storage 'memory:/tmp/junit9123478333572704875/documents1584074599458' is created under OrientDB distribution : 3.0.14 - Veloce (build ac128c5a9ba4c6dc9d25a32b92962d8863774423, branch 3.0.x)
21:43:20.003 DEBUG org.jbake.app.ContentStore - Create document class 'page'
21:43:20.052 DEBUG org.jbake.app.ContentStore - Create document class 'post'
21:43:20.106 DEBUG org.jbake.app.ContentStore - Create document class 'masterindex'
21:43:20.150 DEBUG org.jbake.app.ContentStore - Create document class 'archive'
21:43:20.199 DEBUG org.jbake.app.ContentStore - Create document class 'feed'
21:43:20.252 DEBUG org.jbake.app.ContentStore - Create document class 'allcontent'
21:43:20.308 DEBUG org.jbake.app.ContentStore - Create document class 'tag'
21:43:20.400 DEBUG org.jbake.app.ContentStore - Create document class 'tagsindex'
21:43:20.459 DEBUG org.jbake.app.ContentStore - Create document class 'sitemap'
21:43:20.578 DEBUG org.jbake.parser.MarkupEngine - Type property found
21:43:20.578 DEBUG org.jbake.parser.MarkupEngine - Status property found
21:43:20.578 DEBUG org.jbake.parser.MarkupEngine - Header separator found
21:43:20.580 INFO  org.jbake.app.Crawler - Processing [/home/csmajs/jgarc271/git/jbake-testing-and-verification/jbake-core/build/resources/test/fixture/content/about.html]...  : new 
21:43:20.582 DEBUG org.jbake.parser.MarkupEngine - Type property found
21:43:20.582 DEBUG org.jbake.parser.MarkupEngine - Status property found
21:43:20.582 DEBUG org.jbake.parser.MarkupEngine - Header separator found
21:43:20.583 INFO  org.jbake.app.Crawler - Processing [/home/csmajs/jgarc271/git/jbake-testing-and-verification/jbake-core/build/resources/test/fixture/content/allcontent.html]...  : new 
21:43:20.587 DEBUG org.jbake.parser.MarkupEngine - Type property found
21:43:20.587 DEBUG org.jbake.parser.MarkupEngine - Status property found
21:43:20.587 DEBUG org.jbake.parser.MarkupEngine - Header separator found
21:43:20.588 INFO  org.jbake.app.Crawler - Processing [/home/csmajs/jgarc271/git/jbake-testing-and-verification/jbake-core/build/resources/test/fixture/content/blog/2012/first-post.html]...  : new 
21:43:20.591 DEBUG org.jbake.parser.MarkupEngine - Type property found
21:43:20.591 DEBUG org.jbake.parser.MarkupEngine - Status property found
21:43:20.591 DEBUG org.jbake.parser.MarkupEngine - Header separator found
21:43:20.592 INFO  org.jbake.app.Crawler - Processing [/home/csmajs/jgarc271/git/jbake-testing-and-verification/jbake-core/build/resources/test/fixture/content/blog/2013/second-post.html]...  : new 
21:43:20.595 DEBUG org.jbake.parser.MarkupEngine - Type property found
21:43:20.595 DEBUG org.jbake.parser.MarkupEngine - Status property found
21:43:20.595 DEBUG org.jbake.parser.MarkupEngine - Header separator found
21:43:20.596 INFO  org.jbake.app.Crawler - Processing [/home/csmajs/jgarc271/git/jbake-testing-and-verification/jbake-core/build/resources/test/fixture/content/blog/2016/another-post.html]...  : new 
21:43:20.598 DEBUG org.jbake.parser.MarkupEngine - Type property found
21:43:20.598 DEBUG org.jbake.parser.MarkupEngine - Status property found
21:43:20.598 DEBUG org.jbake.parser.MarkupEngine - Header separator found
21:43:20.599 INFO  org.jbake.app.Crawler - Processing [/home/csmajs/jgarc271/git/jbake-testing-and-verification/jbake-core/build/resources/test/fixture/content/blog/2016/draft-post.html]...  : new 
21:43:20.601 DEBUG org.jbake.parser.MarkupEngine - Header separator found
21:43:20.601 WARN  org.jbake.parser.MarkupEngine - Parsing skipped (missing type or status value in header meta data) for file /home/csmajs/jgarc271/git/jbake-testing-and-verification/jbake-core/build/resources/test/fixture/content/blog/invalid_header.html!
21:43:20.601 WARN  org.jbake.app.Crawler - /home/csmajs/jgarc271/git/jbake-testing-and-verification/jbake-core/build/resources/test/fixture/content/blog/invalid_header.html has an invalid header, it has been ignored!
21:43:20.601 INFO  org.jbake.app.Crawler - Processing [/home/csmajs/jgarc271/git/jbake-testing-and-verification/jbake-core/build/resources/test/fixture/content/blog/invalid_header.html]...  : new 
21:43:20.603 DEBUG org.jbake.parser.MarkupEngine - Type property found
21:43:20.603 DEBUG org.jbake.parser.MarkupEngine - Status property found
21:43:20.603 DEBUG org.jbake.parser.MarkupEngine - Header separator found
21:43:20.604 INFO  org.jbake.app.Crawler - Processing [/home/csmajs/jgarc271/git/jbake-testing-and-verification/jbake-core/build/resources/test/fixture/content/index2.html]...  : new 
21:43:20.606 DEBUG org.jbake.parser.MarkupEngine - Type property found
21:43:20.606 DEBUG org.jbake.parser.MarkupEngine - Status property found
21:43:20.606 DEBUG org.jbake.parser.MarkupEngine - Header separator found
21:43:20.644 INFO  org.jbake.app.Crawler - Processing [/home/csmajs/jgarc271/git/jbake-testing-and-verification/jbake-core/build/resources/test/fixture/content/papers/draft-paper.html]...  : new 
21:43:20.649 DEBUG org.jbake.parser.MarkupEngine - Type property found
21:43:20.649 DEBUG org.jbake.parser.MarkupEngine - Status property found
21:43:20.649 DEBUG org.jbake.parser.MarkupEngine - Header separator found
21:43:20.650 INFO  org.jbake.app.Crawler - Processing [/home/csmajs/jgarc271/git/jbake-testing-and-verification/jbake-core/build/resources/test/fixture/content/papers/published-paper.html]...  : new 
21:43:20.651 DEBUG org.jbake.parser.MarkupEngine - Type property found
21:43:20.652 DEBUG org.jbake.parser.MarkupEngine - Status property found
21:43:20.652 DEBUG org.jbake.parser.MarkupEngine - Header separator found
21:43:20.653 INFO  org.jbake.app.Crawler - Processing [/home/csmajs/jgarc271/git/jbake-testing-and-verification/jbake-core/build/resources/test/fixture/content/projects.html]...  : new 
21:43:20.653 INFO  org.jbake.app.Crawler - Content detected:
21:43:20.653 INFO  org.jbake.app.Crawler - Parsed 3 files of type: page
21:43:20.653 INFO  org.jbake.app.Crawler - Parsed 4 files of type: post
21:43:20.653 INFO  org.jbake.app.Crawler - Parsed 1 files of type: allcontent
21:43:20.722 INFO  org.jbake.app.Renderer - Rendering index.html [/tmp/junit9123478333572704875/index.html]... done!
21:43:20.729 INFO  org.jbake.app.Renderer - Rendering 2/index.html [/tmp/junit9123478333572704875/2/index.html]... done!
21:43:20.734 INFO  org.jbake.app.Renderer - Rendering 3/index.html [/tmp/junit9123478333572704875/3/index.html]... done!
21:43:20.739 INFO  c.o.o.c.s.m.ODirectMemoryStorage - Storage 'memory:/tmp/junit9123478333572704875/documents1584074599458' is created under OrientDB distribution : 3.0.14 - Veloce (build ac128c5a9ba4c6dc9d25a32b92962d8863774423, branch 3.0.x)
21:43:21.270 DEBUG org.jbake.app.ContentStore - Create document class 'page'
21:43:21.295 DEBUG org.jbake.app.ContentStore - Create document class 'post'
21:43:21.323 DEBUG org.jbake.app.ContentStore - Create document class 'masterindex'
21:43:21.354 DEBUG org.jbake.app.ContentStore - Create document class 'archive'
21:43:21.388 DEBUG org.jbake.app.ContentStore - Create document class 'feed'
21:43:21.448 DEBUG org.jbake.parser.MarkupEngine - Type property found
21:43:21.448 DEBUG org.jbake.parser.MarkupEngine - Status property found
21:43:21.448 DEBUG org.jbake.parser.MarkupEngine - Header separator found
21:43:21.449 INFO  org.jbake.app.Crawler - Processing [/home/csmajs/jgarc271/git/jbake-testing-and-verification/jbake-core/build/resources/test/fixture/content/about.html]...  : new 
21:43:21.450 DEBUG org.jbake.parser.MarkupEngine - Type property found
21:43:21.450 DEBUG org.jbake.parser.MarkupEngine - Status property found
21:43:21.450 DEBUG org.jbake.parser.MarkupEngine - Header separator found
21:43:21.464 INFO  org.jbake.app.Crawler - Processing [/home/csmajs/jgarc271/git/jbake-testing-and-verification/jbake-core/build/resources/test/fixture/content/allcontent.html]...  : new 
21:43:21.468 DEBUG org.jbake.parser.MarkupEngine - Type property found
21:43:21.469 DEBUG org.jbake.parser.MarkupEngine - Status property found
21:43:21.469 DEBUG org.jbake.parser.MarkupEngine - Header separator found
21:43:21.470 INFO  org.jbake.app.Crawler - Processing [/home/csmajs/jgarc271/git/jbake-testing-and-verification/jbake-core/build/resources/test/fixture/content/blog/2012/first-post.html]...  : new 
21:43:21.472 DEBUG org.jbake.parser.MarkupEngine - Type property found
21:43:21.472 DEBUG org.jbake.parser.MarkupEngine - Status property found
21:43:21.472 DEBUG org.jbake.parser.MarkupEngine - Header separator found
21:43:21.473 INFO  org.jbake.app.Crawler - Processing [/home/csmajs/jgarc271/git/jbake-testing-and-verification/jbake-core/build/resources/test/fixture/content/blog/2013/second-post.html]...  : new 
21:43:21.475 DEBUG org.jbake.parser.MarkupEngine - Type property found
21:43:21.475 DEBUG org.jbake.parser.MarkupEngine - Status property found
21:43:21.475 DEBUG org.jbake.parser.MarkupEngine - Header separator found
21:43:21.476 INFO  org.jbake.app.Crawler - Processing [/home/csmajs/jgarc271/git/jbake-testing-and-verification/jbake-core/build/resources/test/fixture/content/blog/2016/another-post.html]...  : new 
21:43:21.477 DEBUG org.jbake.parser.MarkupEngine - Type property found
21:43:21.477 DEBUG org.jbake.parser.MarkupEngine - Status property found
21:43:21.477 DEBUG org.jbake.parser.MarkupEngine - Header separator found
21:43:21.478 INFO  org.jbake.app.Crawler - Processing [/home/csmajs/jgarc271/git/jbake-testing-and-verification/jbake-core/build/resources/test/fixture/content/blog/2016/draft-post.html]...  : new 
21:43:21.479 DEBUG org.jbake.parser.MarkupEngine - Header separator found
21:43:21.479 WARN  org.jbake.parser.MarkupEngine - Parsing skipped (missing type or status value in header meta data) for file /home/csmajs/jgarc271/git/jbake-testing-and-verification/jbake-core/build/resources/test/fixture/content/blog/invalid_header.html!
21:43:21.479 WARN  org.jbake.app.Crawler - /home/csmajs/jgarc271/git/jbake-testing-and-verification/jbake-core/build/resources/test/fixture/content/blog/invalid_header.html has an invalid header, it has been ignored!
21:43:21.479 INFO  org.jbake.app.Crawler - Processing [/home/csmajs/jgarc271/git/jbake-testing-and-verification/jbake-core/build/resources/test/fixture/content/blog/invalid_header.html]...  : new 
21:43:21.480 DEBUG org.jbake.parser.MarkupEngine - Type property found
21:43:21.480 DEBUG org.jbake.parser.MarkupEngine - Status property found
21:43:21.480 DEBUG org.jbake.parser.MarkupEngine - Header separator found
21:43:21.481 INFO  org.jbake.app.Crawler - Processing [/home/csmajs/jgarc271/git/jbake-testing-and-verification/jbake-core/build/resources/test/fixture/content/index2.html]...  : new 
21:43:21.483 DEBUG org.jbake.parser.MarkupEngine - Type property found
21:43:21.483 DEBUG org.jbake.parser.MarkupEngine - Status property found
21:43:21.483 DEBUG org.jbake.parser.MarkupEngine - Header separator found
21:43:21.498 INFO  org.jbake.app.Crawler - Processing [/home/csmajs/jgarc271/git/jbake-testing-and-verification/jbake-core/build/resources/test/fixture/content/papers/draft-paper.html]...  : new 
21:43:21.501 DEBUG org.jbake.parser.MarkupEngine - Type property found
21:43:21.501 DEBUG org.jbake.parser.MarkupEngine - Status property found
21:43:21.501 DEBUG org.jbake.parser.MarkupEngine - Header separator found
21:43:21.501 INFO  org.jbake.app.Crawler - Processing [/home/csmajs/jgarc271/git/jbake-testing-and-verification/jbake-core/build/resources/test/fixture/content/papers/published-paper.html]...  : new 
21:43:21.503 DEBUG org.jbake.parser.MarkupEngine - Type property found
21:43:21.503 DEBUG org.jbake.parser.MarkupEngine - Status property found
21:43:21.503 DEBUG org.jbake.parser.MarkupEngine - Header separator found
21:43:21.503 INFO  org.jbake.app.Crawler - Processing [/home/csmajs/jgarc271/git/jbake-testing-and-verification/jbake-core/build/resources/test/fixture/content/projects.html]...  : new 
21:43:21.504 INFO  org.jbake.app.Crawler - Content detected:
21:43:21.504 INFO  org.jbake.app.Crawler - Parsed 3 files of type: page
21:43:21.504 INFO  org.jbake.app.Crawler - Parsed 4 files of type: post
21:43:21.535 INFO  org.jbake.app.Renderer - Rendering masterindex [/tmp/junit9123478333572704875/index.html]... done!
21:43:21.539 INFO  c.o.o.c.s.m.ODirectMemoryStorage - Storage 'memory:/tmp/junit9123478333572704875/documents1584074599458' is created under OrientDB distribution : 3.0.14 - Veloce (build ac128c5a9ba4c6dc9d25a32b92962d8863774423, branch 3.0.x)
21:43:22.073 DEBUG org.jbake.app.ContentStore - Create document class 'page'
21:43:22.097 DEBUG org.jbake.app.ContentStore - Create document class 'post'
21:43:22.124 DEBUG org.jbake.app.ContentStore - Create document class 'masterindex'
21:43:22.155 DEBUG org.jbake.app.ContentStore - Create document class 'archive'
21:43:22.188 DEBUG org.jbake.app.ContentStore - Create document class 'feed'
21:43:22.247 DEBUG org.jbake.parser.MarkupEngine - Type property found
21:43:22.247 DEBUG org.jbake.parser.MarkupEngine - Status property found
21:43:22.247 DEBUG org.jbake.parser.MarkupEngine - Header separator found
21:43:22.248 INFO  org.jbake.app.Crawler - Processing [/home/csmajs/jgarc271/git/jbake-testing-and-verification/jbake-core/build/resources/test/fixture/content/about.html]...  : new 
21:43:22.249 DEBUG org.jbake.parser.MarkupEngine - Type property found
21:43:22.249 DEBUG org.jbake.parser.MarkupEngine - Status property found
21:43:22.249 DEBUG org.jbake.parser.MarkupEngine - Header separator found
21:43:22.263 INFO  org.jbake.app.Crawler - Processing [/home/csmajs/jgarc271/git/jbake-testing-and-verification/jbake-core/build/resources/test/fixture/content/allcontent.html]...  : new 
21:43:22.269 DEBUG org.jbake.parser.MarkupEngine - Type property found
21:43:22.269 DEBUG org.jbake.parser.MarkupEngine - Status property found
21:43:22.269 DEBUG org.jbake.parser.MarkupEngine - Header separator found
21:43:22.269 INFO  org.jbake.app.Crawler - Processing [/home/csmajs/jgarc271/git/jbake-testing-and-verification/jbake-core/build/resources/test/fixture/content/blog/2012/first-post.html]...  : new 
21:43:22.272 DEBUG org.jbake.parser.MarkupEngine - Type property found
21:43:22.272 DEBUG org.jbake.parser.MarkupEngine - Status property found
21:43:22.272 DEBUG org.jbake.parser.MarkupEngine - Header separator found
21:43:22.273 INFO  org.jbake.app.Crawler - Processing [/home/csmajs/jgarc271/git/jbake-testing-and-verification/jbake-core/build/resources/test/fixture/content/blog/2013/second-post.html]...  : new 
21:43:22.275 DEBUG org.jbake.parser.MarkupEngine - Type property found
21:43:22.275 DEBUG org.jbake.parser.MarkupEngine - Status property found
21:43:22.275 DEBUG org.jbake.parser.MarkupEngine - Header separator found
21:43:22.276 INFO  org.jbake.app.Crawler - Processing [/home/csmajs/jgarc271/git/jbake-testing-and-verification/jbake-core/build/resources/test/fixture/content/blog/2016/another-post.html]...  : new 
21:43:22.277 DEBUG org.jbake.parser.MarkupEngine - Type property found
21:43:22.277 DEBUG org.jbake.parser.MarkupEngine - Status property found
21:43:22.277 DEBUG org.jbake.parser.MarkupEngine - Header separator found
21:43:22.278 INFO  org.jbake.app.Crawler - Processing [/home/csmajs/jgarc271/git/jbake-testing-and-verification/jbake-core/build/resources/test/fixture/content/blog/2016/draft-post.html]...  : new 
21:43:22.279 DEBUG org.jbake.parser.MarkupEngine - Header separator found
21:43:22.279 WARN  org.jbake.parser.MarkupEngine - Parsing skipped (missing type or status value in header meta data) for file /home/csmajs/jgarc271/git/jbake-testing-and-verification/jbake-core/build/resources/test/fixture/content/blog/invalid_header.html!
21:43:22.279 WARN  org.jbake.app.Crawler - /home/csmajs/jgarc271/git/jbake-testing-and-verification/jbake-core/build/resources/test/fixture/content/blog/invalid_header.html has an invalid header, it has been ignored!
21:43:22.279 INFO  org.jbake.app.Crawler - Processing [/home/csmajs/jgarc271/git/jbake-testing-and-verification/jbake-core/build/resources/test/fixture/content/blog/invalid_header.html]...  : new 
21:43:22.281 DEBUG org.jbake.parser.MarkupEngine - Type property found
21:43:22.281 DEBUG org.jbake.parser.MarkupEngine - Status property found
21:43:22.281 DEBUG org.jbake.parser.MarkupEngine - Header separator found
21:43:22.281 INFO  org.jbake.app.Crawler - Processing [/home/csmajs/jgarc271/git/jbake-testing-and-verification/jbake-core/build/resources/test/fixture/content/index2.html]...  : new 
21:43:22.283 DEBUG org.jbake.parser.MarkupEngine - Type property found
21:43:22.283 DEBUG org.jbake.parser.MarkupEngine - Status property found
21:43:22.283 DEBUG org.jbake.parser.MarkupEngine - Header separator found
21:43:22.298 INFO  org.jbake.app.Crawler - Processing [/home/csmajs/jgarc271/git/jbake-testing-and-verification/jbake-core/build/resources/test/fixture/content/papers/draft-paper.html]...  : new 
21:43:22.301 DEBUG org.jbake.parser.MarkupEngine - Type property found
21:43:22.301 DEBUG org.jbake.parser.MarkupEngine - Status property found
21:43:22.301 DEBUG org.jbake.parser.MarkupEngine - Header separator found
21:43:22.302 INFO  org.jbake.app.Crawler - Processing [/home/csmajs/jgarc271/git/jbake-testing-and-verification/jbake-core/build/resources/test/fixture/content/papers/published-paper.html]...  : new 
21:43:22.303 DEBUG org.jbake.parser.MarkupEngine - Type property found
21:43:22.303 DEBUG org.jbake.parser.MarkupEngine - Status property found
21:43:22.303 DEBUG org.jbake.parser.MarkupEngine - Header separator found
21:43:22.304 INFO  org.jbake.app.Crawler - Processing [/home/csmajs/jgarc271/git/jbake-testing-and-verification/jbake-core/build/resources/test/fixture/content/projects.html]...  : new 
21:43:22.304 INFO  org.jbake.app.Crawler - Content detected:
21:43:22.305 INFO  org.jbake.app.Crawler - Parsed 3 files of type: page
21:43:22.305 INFO  org.jbake.app.Crawler - Parsed 4 files of type: post
21:43:22.350 INFO  org.jbake.app.Renderer - Rendering masterindex [/tmp/junit9123478333572704875/index.html]... done!
21:43:22.354 INFO  c.o.o.c.s.m.ODirectMemoryStorage - Storage 'memory:/tmp/junit9123478333572704875/documents1584074599458' is created under OrientDB distribution : 3.0.14 - Veloce (build ac128c5a9ba4c6dc9d25a32b92962d8863774423, branch 3.0.x)
21:43:22.879 DEBUG org.jbake.app.ContentStore - Create document class 'page'
21:43:22.904 DEBUG org.jbake.app.ContentStore - Create document class 'post'
21:43:22.931 DEBUG org.jbake.app.ContentStore - Create document class 'masterindex'
21:43:22.963 DEBUG org.jbake.app.ContentStore - Create document class 'archive'
21:43:22.997 DEBUG org.jbake.app.ContentStore - Create document class 'feed'
21:43:23.058 DEBUG org.jbake.parser.MarkupEngine - Type property found
21:43:23.058 DEBUG org.jbake.parser.MarkupEngine - Status property found
21:43:23.058 DEBUG org.jbake.parser.MarkupEngine - Header separator found
21:43:23.059 INFO  org.jbake.app.Crawler - Processing [/home/csmajs/jgarc271/git/jbake-testing-and-verification/jbake-core/build/resources/test/fixture/content/about.html]...  : new 
21:43:23.060 DEBUG org.jbake.parser.MarkupEngine - Type property found
21:43:23.060 DEBUG org.jbake.parser.MarkupEngine - Status property found
21:43:23.060 DEBUG org.jbake.parser.MarkupEngine - Header separator found
21:43:23.074 INFO  org.jbake.app.Crawler - Processing [/home/csmajs/jgarc271/git/jbake-testing-and-verification/jbake-core/build/resources/test/fixture/content/allcontent.html]...  : new 
21:43:23.079 DEBUG org.jbake.parser.MarkupEngine - Type property found
21:43:23.079 DEBUG org.jbake.parser.MarkupEngine - Status property found
21:43:23.079 DEBUG org.jbake.parser.MarkupEngine - Header separator found
21:43:23.080 INFO  org.jbake.app.Crawler - Processing [/home/csmajs/jgarc271/git/jbake-testing-and-verification/jbake-core/build/resources/test/fixture/content/blog/2012/first-post.html]...  : new 
21:43:23.083 DEBUG org.jbake.parser.MarkupEngine - Type property found
21:43:23.083 DEBUG org.jbake.parser.MarkupEngine - Status property found
21:43:23.083 DEBUG org.jbake.parser.MarkupEngine - Header separator found
21:43:23.084 INFO  org.jbake.app.Crawler - Processing [/home/csmajs/jgarc271/git/jbake-testing-and-verification/jbake-core/build/resources/test/fixture/content/blog/2013/second-post.html]...  : new 
21:43:23.086 DEBUG org.jbake.parser.MarkupEngine - Type property found
21:43:23.086 DEBUG org.jbake.parser.MarkupEngine - Status property found
21:43:23.086 DEBUG org.jbake.parser.MarkupEngine - Header separator found
21:43:23.087 INFO  org.jbake.app.Crawler - Processing [/home/csmajs/jgarc271/git/jbake-testing-and-verification/jbake-core/build/resources/test/fixture/content/blog/2016/another-post.html]...  : new 
21:43:23.088 DEBUG org.jbake.parser.MarkupEngine - Type property found
21:43:23.088 DEBUG org.jbake.parser.MarkupEngine - Status property found
21:43:23.088 DEBUG org.jbake.parser.MarkupEngine - Header separator found
21:43:23.089 INFO  org.jbake.app.Crawler - Processing [/home/csmajs/jgarc271/git/jbake-testing-and-verification/jbake-core/build/resources/test/fixture/content/blog/2016/draft-post.html]...  : new 
21:43:23.091 DEBUG org.jbake.parser.MarkupEngine - Header separator found
21:43:23.091 WARN  org.jbake.parser.MarkupEngine - Parsing skipped (missing type or status value in header meta data) for file /home/csmajs/jgarc271/git/jbake-testing-and-verification/jbake-core/build/resources/test/fixture/content/blog/invalid_header.html!
21:43:23.091 WARN  org.jbake.app.Crawler - /home/csmajs/jgarc271/git/jbake-testing-and-verification/jbake-core/build/resources/test/fixture/content/blog/invalid_header.html has an invalid header, it has been ignored!
21:43:23.091 INFO  org.jbake.app.Crawler - Processing [/home/csmajs/jgarc271/git/jbake-testing-and-verification/jbake-core/build/resources/test/fixture/content/blog/invalid_header.html]...  : new 
21:43:23.092 DEBUG org.jbake.parser.MarkupEngine - Type property found
21:43:23.092 DEBUG org.jbake.parser.MarkupEngine - Status property found
21:43:23.092 DEBUG org.jbake.parser.MarkupEngine - Header separator found
21:43:23.093 INFO  org.jbake.app.Crawler - Processing [/home/csmajs/jgarc271/git/jbake-testing-and-verification/jbake-core/build/resources/test/fixture/content/index2.html]...  : new 
21:43:23.094 DEBUG org.jbake.parser.MarkupEngine - Type property found
21:43:23.094 DEBUG org.jbake.parser.MarkupEngine - Status property found
21:43:23.094 DEBUG org.jbake.parser.MarkupEngine - Header separator found
21:43:23.109 INFO  org.jbake.app.Crawler - Processing [/home/csmajs/jgarc271/git/jbake-testing-and-verification/jbake-core/build/resources/test/fixture/content/papers/draft-paper.html]...  : new 
21:43:23.112 DEBUG org.jbake.parser.MarkupEngine - Type property found
21:43:23.112 DEBUG org.jbake.parser.MarkupEngine - Status property found
21:43:23.112 DEBUG org.jbake.parser.MarkupEngine - Header separator found
21:43:23.113 INFO  org.jbake.app.Crawler - Processing [/home/csmajs/jgarc271/git/jbake-testing-and-verification/jbake-core/build/resources/test/fixture/content/papers/published-paper.html]...  : new 
21:43:23.114 DEBUG org.jbake.parser.MarkupEngine - Type property found
21:43:23.114 DEBUG org.jbake.parser.MarkupEngine - Status property found
21:43:23.114 DEBUG org.jbake.parser.MarkupEngine - Header separator found
21:43:23.115 INFO  org.jbake.app.Crawler - Processing [/home/csmajs/jgarc271/git/jbake-testing-and-verification/jbake-core/build/resources/test/fixture/content/projects.html]...  : new 
21:43:23.115 INFO  org.jbake.app.Crawler - Content detected:
21:43:23.115 INFO  org.jbake.app.Crawler - Parsed 3 files of type: page
21:43:23.115 INFO  org.jbake.app.Crawler - Parsed 4 files of type: post
21:43:23.155 INFO  org.jbake.app.Renderer - Rendering archive [/tmp/junit9123478333572704875/archive.html]... done!
21:43:23.159 INFO  c.o.o.c.s.m.ODirectMemoryStorage - Storage 'memory:/tmp/junit9123478333572704875/documents1584074599458' is created under OrientDB distribution : 3.0.14 - Veloce (build ac128c5a9ba4c6dc9d25a32b92962d8863774423, branch 3.0.x)
21:43:23.684 DEBUG org.jbake.app.ContentStore - Create document class 'page'
21:43:23.708 DEBUG org.jbake.app.ContentStore - Create document class 'post'
21:43:23.734 DEBUG org.jbake.app.ContentStore - Create document class 'masterindex'
21:43:23.762 DEBUG org.jbake.app.ContentStore - Create document class 'archive'
21:43:23.794 DEBUG org.jbake.app.ContentStore - Create document class 'feed'
21:43:23.851 DEBUG org.jbake.parser.MarkupEngine - Type property found
21:43:23.851 DEBUG org.jbake.parser.MarkupEngine - Status property found
21:43:23.851 DEBUG org.jbake.parser.MarkupEngine - Header separator found
21:43:23.852 INFO  org.jbake.app.Crawler - Processing [/home/csmajs/jgarc271/git/jbake-testing-and-verification/jbake-core/build/resources/test/fixture/content/about.html]...  : new 
21:43:23.853 DEBUG org.jbake.parser.MarkupEngine - Type property found
21:43:23.853 DEBUG org.jbake.parser.MarkupEngine - Status property found
21:43:23.853 DEBUG org.jbake.parser.MarkupEngine - Header separator found
21:43:23.867 INFO  org.jbake.app.Crawler - Processing [/home/csmajs/jgarc271/git/jbake-testing-and-verification/jbake-core/build/resources/test/fixture/content/allcontent.html]...  : new 
21:43:23.871 DEBUG org.jbake.parser.MarkupEngine - Type property found
21:43:23.871 DEBUG org.jbake.parser.MarkupEngine - Status property found
21:43:23.871 DEBUG org.jbake.parser.MarkupEngine - Header separator found
21:43:23.872 INFO  org.jbake.app.Crawler - Processing [/home/csmajs/jgarc271/git/jbake-testing-and-verification/jbake-core/build/resources/test/fixture/content/blog/2012/first-post.html]...  : new 
21:43:23.875 DEBUG org.jbake.parser.MarkupEngine - Type property found
21:43:23.875 DEBUG org.jbake.parser.MarkupEngine - Status property found
21:43:23.875 DEBUG org.jbake.parser.MarkupEngine - Header separator found
21:43:23.876 INFO  org.jbake.app.Crawler - Processing [/home/csmajs/jgarc271/git/jbake-testing-and-verification/jbake-core/build/resources/test/fixture/content/blog/2013/second-post.html]...  : new 
21:43:23.878 DEBUG org.jbake.parser.MarkupEngine - Type property found
21:43:23.878 DEBUG org.jbake.parser.MarkupEngine - Status property found
21:43:23.878 DEBUG org.jbake.parser.MarkupEngine - Header separator found
21:43:23.879 INFO  org.jbake.app.Crawler - Processing [/home/csmajs/jgarc271/git/jbake-testing-and-verification/jbake-core/build/resources/test/fixture/content/blog/2016/another-post.html]...  : new 
21:43:23.880 DEBUG org.jbake.parser.MarkupEngine - Type property found
21:43:23.880 DEBUG org.jbake.parser.MarkupEngine - Status property found
21:43:23.880 DEBUG org.jbake.parser.MarkupEngine - Header separator found
21:43:23.881 INFO  org.jbake.app.Crawler - Processing [/home/csmajs/jgarc271/git/jbake-testing-and-verification/jbake-core/build/resources/test/fixture/content/blog/2016/draft-post.html]...  : new 
21:43:23.882 DEBUG org.jbake.parser.MarkupEngine - Header separator found
21:43:23.882 WARN  org.jbake.parser.MarkupEngine - Parsing skipped (missing type or status value in header meta data) for file /home/csmajs/jgarc271/git/jbake-testing-and-verification/jbake-core/build/resources/test/fixture/content/blog/invalid_header.html!
21:43:23.882 WARN  org.jbake.app.Crawler - /home/csmajs/jgarc271/git/jbake-testing-and-verification/jbake-core/build/resources/test/fixture/content/blog/invalid_header.html has an invalid header, it has been ignored!
21:43:23.882 INFO  org.jbake.app.Crawler - Processing [/home/csmajs/jgarc271/git/jbake-testing-and-verification/jbake-core/build/resources/test/fixture/content/blog/invalid_header.html]...  : new 
21:43:23.883 DEBUG org.jbake.parser.MarkupEngine - Type property found
21:43:23.883 DEBUG org.jbake.parser.MarkupEngine - Status property found
21:43:23.883 DEBUG org.jbake.parser.MarkupEngine - Header separator found
21:43:23.884 INFO  org.jbake.app.Crawler - Processing [/home/csmajs/jgarc271/git/jbake-testing-and-verification/jbake-core/build/resources/test/fixture/content/index2.html]...  : new 
21:43:23.886 DEBUG org.jbake.parser.MarkupEngine - Type property found
21:43:23.886 DEBUG org.jbake.parser.MarkupEngine - Status property found
21:43:23.886 DEBUG org.jbake.parser.MarkupEngine - Header separator found
21:43:23.900 INFO  org.jbake.app.Crawler - Processing [/home/csmajs/jgarc271/git/jbake-testing-and-verification/jbake-core/build/resources/test/fixture/content/papers/draft-paper.html]...  : new 
21:43:23.903 DEBUG org.jbake.parser.MarkupEngine - Type property found
21:43:23.903 DEBUG org.jbake.parser.MarkupEngine - Status property found
21:43:23.903 DEBUG org.jbake.parser.MarkupEngine - Header separator found
21:43:23.903 INFO  org.jbake.app.Crawler - Processing [/home/csmajs/jgarc271/git/jbake-testing-and-verification/jbake-core/build/resources/test/fixture/content/papers/published-paper.html]...  : new 
21:43:23.905 DEBUG org.jbake.parser.MarkupEngine - Type property found
21:43:23.905 DEBUG org.jbake.parser.MarkupEngine - Status property found
21:43:23.905 DEBUG org.jbake.parser.MarkupEngine - Header separator found
21:43:23.906 INFO  org.jbake.app.Crawler - Processing [/home/csmajs/jgarc271/git/jbake-testing-and-verification/jbake-core/build/resources/test/fixture/content/projects.html]...  : new 
21:43:23.906 INFO  org.jbake.app.Crawler - Content detected:
21:43:23.906 INFO  org.jbake.app.Crawler - Parsed 3 files of type: page
21:43:23.906 INFO  org.jbake.app.Crawler - Parsed 4 files of type: post
21:43:23.934 INFO  org.jbake.app.Renderer - Rendering masterindex [/tmp/junit9123478333572704875/index.html]... done!
21:43:23.939 INFO  c.o.o.c.s.m.ODirectMemoryStorage - Storage 'memory:/tmp/junit9123478333572704875/documents1584074599458' is created under OrientDB distribution : 3.0.14 - Veloce (build ac128c5a9ba4c6dc9d25a32b92962d8863774423, branch 3.0.x)
21:43:24.462 DEBUG org.jbake.app.ContentStore - Create document class 'page'
21:43:24.485 DEBUG org.jbake.app.ContentStore - Create document class 'post'
21:43:24.511 DEBUG org.jbake.app.ContentStore - Create document class 'masterindex'
21:43:24.541 DEBUG org.jbake.app.ContentStore - Create document class 'archive'
21:43:24.579 DEBUG org.jbake.app.ContentStore - Create document class 'feed'
21:43:24.654 DEBUG org.jbake.parser.MarkupEngine - Type property found
21:43:24.654 DEBUG org.jbake.parser.MarkupEngine - Status property found
21:43:24.654 DEBUG org.jbake.parser.MarkupEngine - Header separator found
21:43:24.655 INFO  org.jbake.app.Crawler - Processing [/home/csmajs/jgarc271/git/jbake-testing-and-verification/jbake-core/build/resources/test/fixture/content/about.html]...  : new 
21:43:24.656 DEBUG org.jbake.parser.MarkupEngine - Type property found
21:43:24.656 DEBUG org.jbake.parser.MarkupEngine - Status property found
21:43:24.656 DEBUG org.jbake.parser.MarkupEngine - Header separator found
21:43:24.676 INFO  org.jbake.app.Crawler - Processing [/home/csmajs/jgarc271/git/jbake-testing-and-verification/jbake-core/build/resources/test/fixture/content/allcontent.html]...  : new 
21:43:24.681 DEBUG org.jbake.parser.MarkupEngine - Type property found
21:43:24.681 DEBUG org.jbake.parser.MarkupEngine - Status property found
21:43:24.681 DEBUG org.jbake.parser.MarkupEngine - Header separator found
21:43:24.682 INFO  org.jbake.app.Crawler - Processing [/home/csmajs/jgarc271/git/jbake-testing-and-verification/jbake-core/build/resources/test/fixture/content/blog/2012/first-post.html]...  : new 
21:43:24.685 DEBUG org.jbake.parser.MarkupEngine - Type property found
21:43:24.685 DEBUG org.jbake.parser.MarkupEngine - Status property found
21:43:24.685 DEBUG org.jbake.parser.MarkupEngine - Header separator found
21:43:24.686 INFO  org.jbake.app.Crawler - Processing [/home/csmajs/jgarc271/git/jbake-testing-and-verification/jbake-core/build/resources/test/fixture/content/blog/2013/second-post.html]...  : new 
21:43:24.687 DEBUG org.jbake.parser.MarkupEngine - Type property found
21:43:24.688 DEBUG org.jbake.parser.MarkupEngine - Status property found
21:43:24.688 DEBUG org.jbake.parser.MarkupEngine - Header separator found
21:43:24.688 INFO  org.jbake.app.Crawler - Processing [/home/csmajs/jgarc271/git/jbake-testing-and-verification/jbake-core/build/resources/test/fixture/content/blog/2016/another-post.html]...  : new 
21:43:24.690 DEBUG org.jbake.parser.MarkupEngine - Type property found
21:43:24.690 DEBUG org.jbake.parser.MarkupEngine - Status property found
21:43:24.690 DEBUG org.jbake.parser.MarkupEngine - Header separator found
21:43:24.691 INFO  org.jbake.app.Crawler - Processing [/home/csmajs/jgarc271/git/jbake-testing-and-verification/jbake-core/build/resources/test/fixture/content/blog/2016/draft-post.html]...  : new 
21:43:24.692 DEBUG org.jbake.parser.MarkupEngine - Header separator found
21:43:24.692 WARN  org.jbake.parser.MarkupEngine - Parsing skipped (missing type or status value in header meta data) for file /home/csmajs/jgarc271/git/jbake-testing-and-verification/jbake-core/build/resources/test/fixture/content/blog/invalid_header.html!
21:43:24.692 WARN  org.jbake.app.Crawler - /home/csmajs/jgarc271/git/jbake-testing-and-verification/jbake-core/build/resources/test/fixture/content/blog/invalid_header.html has an invalid header, it has been ignored!
21:43:24.692 INFO  org.jbake.app.Crawler - Processing [/home/csmajs/jgarc271/git/jbake-testing-and-verification/jbake-core/build/resources/test/fixture/content/blog/invalid_header.html]...  : new 
21:43:24.693 DEBUG org.jbake.parser.MarkupEngine - Type property found
21:43:24.693 DEBUG org.jbake.parser.MarkupEngine - Status property found
21:43:24.693 DEBUG org.jbake.parser.MarkupEngine - Header separator found
21:43:24.694 INFO  org.jbake.app.Crawler - Processing [/home/csmajs/jgarc271/git/jbake-testing-and-verification/jbake-core/build/resources/test/fixture/content/index2.html]...  : new 
21:43:24.695 DEBUG org.jbake.parser.MarkupEngine - Type property found
21:43:24.696 DEBUG org.jbake.parser.MarkupEngine - Status property found
21:43:24.696 DEBUG org.jbake.parser.MarkupEngine - Header separator found
21:43:24.718 INFO  org.jbake.app.Crawler - Processing [/home/csmajs/jgarc271/git/jbake-testing-and-verification/jbake-core/build/resources/test/fixture/content/papers/draft-paper.html]...  : new 
21:43:24.721 DEBUG org.jbake.parser.MarkupEngine - Type property found
21:43:24.721 DEBUG org.jbake.parser.MarkupEngine - Status property found
21:43:24.721 DEBUG org.jbake.parser.MarkupEngine - Header separator found
21:43:24.722 INFO  org.jbake.app.Crawler - Processing [/home/csmajs/jgarc271/git/jbake-testing-and-verification/jbake-core/build/resources/test/fixture/content/papers/published-paper.html]...  : new 
21:43:24.723 DEBUG org.jbake.parser.MarkupEngine - Type property found
21:43:24.723 DEBUG org.jbake.parser.MarkupEngine - Status property found
21:43:24.723 DEBUG org.jbake.parser.MarkupEngine - Header separator found
21:43:24.724 INFO  org.jbake.app.Crawler - Processing [/home/csmajs/jgarc271/git/jbake-testing-and-verification/jbake-core/build/resources/test/fixture/content/projects.html]...  : new 
21:43:24.724 INFO  org.jbake.app.Crawler - Content detected:
21:43:24.724 INFO  org.jbake.app.Crawler - Parsed 3 files of type: page
21:43:24.724 INFO  org.jbake.app.Crawler - Parsed 4 files of type: post
21:43:24.773 INFO  org.jbake.app.Renderer - Rendering tag [/tmp/junit9123478333572704875/tags/blog.html]... done!
21:43:24.784 INFO  org.jbake.app.Renderer - Rendering tagindex [/tmp/junit9123478333572704875/tags/index.html]... done!
21:43:24.789 INFO  c.o.o.c.s.m.ODirectMemoryStorage - Storage 'memory:/tmp/junit9123478333572704875/documents1584074599458' is created under OrientDB distribution : 3.0.14 - Veloce (build ac128c5a9ba4c6dc9d25a32b92962d8863774423, branch 3.0.x)
21:43:25.331 DEBUG org.jbake.app.ContentStore - Create document class 'page'
21:43:25.355 DEBUG org.jbake.app.ContentStore - Create document class 'post'
21:43:25.381 DEBUG org.jbake.app.ContentStore - Create document class 'masterindex'
21:43:25.410 DEBUG org.jbake.app.ContentStore - Create document class 'archive'
21:43:25.441 DEBUG org.jbake.app.ContentStore - Create document class 'feed'
21:43:25.498 DEBUG org.jbake.parser.MarkupEngine - Type property found
21:43:25.498 DEBUG org.jbake.parser.MarkupEngine - Status property found
21:43:25.499 DEBUG org.jbake.parser.MarkupEngine - Header separator found
21:43:25.499 INFO  org.jbake.app.Crawler - Processing [/home/csmajs/jgarc271/git/jbake-testing-and-verification/jbake-core/build/resources/test/fixture/content/about.html]...  : new 
21:43:25.501 DEBUG org.jbake.parser.MarkupEngine - Type property found
21:43:25.501 DEBUG org.jbake.parser.MarkupEngine - Status property found
21:43:25.501 DEBUG org.jbake.parser.MarkupEngine - Header separator found
21:43:25.514 INFO  org.jbake.app.Crawler - Processing [/home/csmajs/jgarc271/git/jbake-testing-and-verification/jbake-core/build/resources/test/fixture/content/allcontent.html]...  : new 
21:43:25.518 DEBUG org.jbake.parser.MarkupEngine - Type property found
21:43:25.518 DEBUG org.jbake.parser.MarkupEngine - Status property found
21:43:25.518 DEBUG org.jbake.parser.MarkupEngine - Header separator found
21:43:25.519 INFO  org.jbake.app.Crawler - Processing [/home/csmajs/jgarc271/git/jbake-testing-and-verification/jbake-core/build/resources/test/fixture/content/blog/2012/first-post.html]...  : new 
21:43:25.521 DEBUG org.jbake.parser.MarkupEngine - Type property found
21:43:25.521 DEBUG org.jbake.parser.MarkupEngine - Status property found
21:43:25.521 DEBUG org.jbake.parser.MarkupEngine - Header separator found
21:43:25.522 INFO  org.jbake.app.Crawler - Processing [/home/csmajs/jgarc271/git/jbake-testing-and-verification/jbake-core/build/resources/test/fixture/content/blog/2013/second-post.html]...  : new 
21:43:25.524 DEBUG org.jbake.parser.MarkupEngine - Type property found
21:43:25.524 DEBUG org.jbake.parser.MarkupEngine - Status property found
21:43:25.524 DEBUG org.jbake.parser.MarkupEngine - Header separator found
21:43:25.525 INFO  org.jbake.app.Crawler - Processing [/home/csmajs/jgarc271/git/jbake-testing-and-verification/jbake-core/build/resources/test/fixture/content/blog/2016/another-post.html]...  : new 
21:43:25.526 DEBUG org.jbake.parser.MarkupEngine - Type property found
21:43:25.526 DEBUG org.jbake.parser.MarkupEngine - Status property found
21:43:25.526 DEBUG org.jbake.parser.MarkupEngine - Header separator found
21:43:25.527 INFO  org.jbake.app.Crawler - Processing [/home/csmajs/jgarc271/git/jbake-testing-and-verification/jbake-core/build/resources/test/fixture/content/blog/2016/draft-post.html]...  : new 
21:43:25.528 DEBUG org.jbake.parser.MarkupEngine - Header separator found
21:43:25.528 WARN  org.jbake.parser.MarkupEngine - Parsing skipped (missing type or status value in header meta data) for file /home/csmajs/jgarc271/git/jbake-testing-and-verification/jbake-core/build/resources/test/fixture/content/blog/invalid_header.html!
21:43:25.528 WARN  org.jbake.app.Crawler - /home/csmajs/jgarc271/git/jbake-testing-and-verification/jbake-core/build/resources/test/fixture/content/blog/invalid_header.html has an invalid header, it has been ignored!
21:43:25.528 INFO  org.jbake.app.Crawler - Processing [/home/csmajs/jgarc271/git/jbake-testing-and-verification/jbake-core/build/resources/test/fixture/content/blog/invalid_header.html]...  : new 
21:43:25.529 DEBUG org.jbake.parser.MarkupEngine - Type property found
21:43:25.529 DEBUG org.jbake.parser.MarkupEngine - Status property found
21:43:25.529 DEBUG org.jbake.parser.MarkupEngine - Header separator found
21:43:25.530 INFO  org.jbake.app.Crawler - Processing [/home/csmajs/jgarc271/git/jbake-testing-and-verification/jbake-core/build/resources/test/fixture/content/index2.html]...  : new 
21:43:25.531 DEBUG org.jbake.parser.MarkupEngine - Type property found
21:43:25.531 DEBUG org.jbake.parser.MarkupEngine - Status property found
21:43:25.531 DEBUG org.jbake.parser.MarkupEngine - Header separator found
21:43:25.546 INFO  org.jbake.app.Crawler - Processing [/home/csmajs/jgarc271/git/jbake-testing-and-verification/jbake-core/build/resources/test/fixture/content/papers/draft-paper.html]...  : new 
21:43:25.549 DEBUG org.jbake.parser.MarkupEngine - Type property found
21:43:25.549 DEBUG org.jbake.parser.MarkupEngine - Status property found
21:43:25.549 DEBUG org.jbake.parser.MarkupEngine - Header separator found
21:43:25.550 INFO  org.jbake.app.Crawler - Processing [/home/csmajs/jgarc271/git/jbake-testing-and-verification/jbake-core/build/resources/test/fixture/content/papers/published-paper.html]...  : new 
21:43:25.551 DEBUG org.jbake.parser.MarkupEngine - Type property found
21:43:25.551 DEBUG org.jbake.parser.MarkupEngine - Status property found
21:43:25.551 DEBUG org.jbake.parser.MarkupEngine - Header separator found
21:43:25.551 INFO  org.jbake.app.Crawler - Processing [/home/csmajs/jgarc271/git/jbake-testing-and-verification/jbake-core/build/resources/test/fixture/content/projects.html]...  : new 
21:43:25.552 INFO  org.jbake.app.Crawler - Content detected:
21:43:25.552 INFO  org.jbake.app.Crawler - Parsed 3 files of type: page
21:43:25.552 INFO  org.jbake.app.Crawler - Parsed 4 files of type: post
21:43:25.588 INFO  org.jbake.app.Renderer - Rendering feed [/tmp/junit9123478333572704875/feed.xml]... done!
21:43:25.594 INFO  c.o.o.c.s.m.ODirectMemoryStorage - Storage 'memory:/tmp/junit9123478333572704875/documents1584074599458' is created under OrientDB distribution : 3.0.14 - Veloce (build ac128c5a9ba4c6dc9d25a32b92962d8863774423, branch 3.0.x)
21:43:26.119 DEBUG org.jbake.app.ContentStore - Create document class 'page'
21:43:26.143 DEBUG org.jbake.app.ContentStore - Create document class 'post'
21:43:26.169 DEBUG org.jbake.app.ContentStore - Create document class 'masterindex'
21:43:26.198 DEBUG org.jbake.app.ContentStore - Create document class 'archive'
21:43:26.229 DEBUG org.jbake.app.ContentStore - Create document class 'feed'
21:43:26.286 DEBUG org.jbake.parser.MarkupEngine - Type property found
21:43:26.286 DEBUG org.jbake.parser.MarkupEngine - Status property found
21:43:26.286 DEBUG org.jbake.parser.MarkupEngine - Header separator found
21:43:26.287 INFO  org.jbake.app.Crawler - Processing [/home/csmajs/jgarc271/git/jbake-testing-and-verification/jbake-core/build/resources/test/fixture/content/about.html]...  : new 
21:43:26.288 DEBUG org.jbake.parser.MarkupEngine - Type property found
21:43:26.288 DEBUG org.jbake.parser.MarkupEngine - Status property found
21:43:26.288 DEBUG org.jbake.parser.MarkupEngine - Header separator found
21:43:26.302 INFO  org.jbake.app.Crawler - Processing [/home/csmajs/jgarc271/git/jbake-testing-and-verification/jbake-core/build/resources/test/fixture/content/allcontent.html]...  : new 
21:43:26.307 DEBUG org.jbake.parser.MarkupEngine - Type property found
21:43:26.307 DEBUG org.jbake.parser.MarkupEngine - Status property found
21:43:26.307 DEBUG org.jbake.parser.MarkupEngine - Header separator found
21:43:26.309 INFO  org.jbake.app.Crawler - Processing [/home/csmajs/jgarc271/git/jbake-testing-and-verification/jbake-core/build/resources/test/fixture/content/blog/2012/first-post.html]...  : new 
21:43:26.312 DEBUG org.jbake.parser.MarkupEngine - Type property found
21:43:26.312 DEBUG org.jbake.parser.MarkupEngine - Status property found
21:43:26.312 DEBUG org.jbake.parser.MarkupEngine - Header separator found
21:43:26.313 INFO  org.jbake.app.Crawler - Processing [/home/csmajs/jgarc271/git/jbake-testing-and-verification/jbake-core/build/resources/test/fixture/content/blog/2013/second-post.html]...  : new 
21:43:26.316 DEBUG org.jbake.parser.MarkupEngine - Type property found
21:43:26.316 DEBUG org.jbake.parser.MarkupEngine - Status property found
21:43:26.316 DEBUG org.jbake.parser.MarkupEngine - Header separator found
21:43:26.317 INFO  org.jbake.app.Crawler - Processing [/home/csmajs/jgarc271/git/jbake-testing-and-verification/jbake-core/build/resources/test/fixture/content/blog/2016/another-post.html]...  : new 
21:43:26.319 DEBUG org.jbake.parser.MarkupEngine - Type property found
21:43:26.319 DEBUG org.jbake.parser.MarkupEngine - Status property found
21:43:26.319 DEBUG org.jbake.parser.MarkupEngine - Header separator found
21:43:26.320 INFO  org.jbake.app.Crawler - Processing [/home/csmajs/jgarc271/git/jbake-testing-and-verification/jbake-core/build/resources/test/fixture/content/blog/2016/draft-post.html]...  : new 
21:43:26.321 DEBUG org.jbake.parser.MarkupEngine - Header separator found
21:43:26.321 WARN  org.jbake.parser.MarkupEngine - Parsing skipped (missing type or status value in header meta data) for file /home/csmajs/jgarc271/git/jbake-testing-and-verification/jbake-core/build/resources/test/fixture/content/blog/invalid_header.html!
21:43:26.321 WARN  org.jbake.app.Crawler - /home/csmajs/jgarc271/git/jbake-testing-and-verification/jbake-core/build/resources/test/fixture/content/blog/invalid_header.html has an invalid header, it has been ignored!
21:43:26.321 INFO  org.jbake.app.Crawler - Processing [/home/csmajs/jgarc271/git/jbake-testing-and-verification/jbake-core/build/resources/test/fixture/content/blog/invalid_header.html]...  : new 
21:43:26.323 DEBUG org.jbake.parser.MarkupEngine - Type property found
21:43:26.323 DEBUG org.jbake.parser.MarkupEngine - Status property found
21:43:26.323 DEBUG org.jbake.parser.MarkupEngine - Header separator found
21:43:26.324 INFO  org.jbake.app.Crawler - Processing [/home/csmajs/jgarc271/git/jbake-testing-and-verification/jbake-core/build/resources/test/fixture/content/index2.html]...  : new 
21:43:26.326 DEBUG org.jbake.parser.MarkupEngine - Type property found
21:43:26.326 DEBUG org.jbake.parser.MarkupEngine - Status property found
21:43:26.326 DEBUG org.jbake.parser.MarkupEngine - Header separator found
21:43:26.345 INFO  org.jbake.app.Crawler - Processing [/home/csmajs/jgarc271/git/jbake-testing-and-verification/jbake-core/build/resources/test/fixture/content/papers/draft-paper.html]...  : new 
21:43:26.348 DEBUG org.jbake.parser.MarkupEngine - Type property found
21:43:26.348 DEBUG org.jbake.parser.MarkupEngine - Status property found
21:43:26.348 DEBUG org.jbake.parser.MarkupEngine - Header separator found
21:43:26.349 INFO  org.jbake.app.Crawler - Processing [/home/csmajs/jgarc271/git/jbake-testing-and-verification/jbake-core/build/resources/test/fixture/content/papers/published-paper.html]...  : new 
21:43:26.350 DEBUG org.jbake.parser.MarkupEngine - Type property found
21:43:26.350 DEBUG org.jbake.parser.MarkupEngine - Status property found
21:43:26.350 DEBUG org.jbake.parser.MarkupEngine - Header separator found
21:43:26.351 INFO  org.jbake.app.Crawler - Processing [/home/csmajs/jgarc271/git/jbake-testing-and-verification/jbake-core/build/resources/test/fixture/content/projects.html]...  : new 
21:43:26.351 INFO  org.jbake.app.Crawler - Content detected:
21:43:26.351 INFO  org.jbake.app.Crawler - Parsed 3 files of type: page
21:43:26.351 INFO  org.jbake.app.Crawler - Parsed 4 files of type: post
21:43:26.367 DEBUG org.jbake.parser.MarkupEngine - Type property found
21:43:26.367 DEBUG org.jbake.parser.MarkupEngine - Status property found
21:43:26.367 DEBUG org.jbake.parser.MarkupEngine - Header separator found
21:43:26.403 INFO  org.jbake.app.Renderer - Rendering [/tmp/junit9123478333572704875/about.html]... done!
21:43:26.408 INFO  c.o.o.c.s.m.ODirectMemoryStorage - Storage 'memory:/tmp/junit9123478333572704875/documents1584074599458' is created under OrientDB distribution : 3.0.14 - Veloce (build ac128c5a9ba4c6dc9d25a32b92962d8863774423, branch 3.0.x)
21:43:26.931 DEBUG org.jbake.app.ContentStore - Create document class 'page'
21:43:26.954 DEBUG org.jbake.app.ContentStore - Create document class 'post'
21:43:26.981 DEBUG org.jbake.app.ContentStore - Create document class 'masterindex'
21:43:27.010 DEBUG org.jbake.app.ContentStore - Create document class 'archive'
21:43:27.042 DEBUG org.jbake.app.ContentStore - Create document class 'feed'
21:43:27.100 DEBUG org.jbake.parser.MarkupEngine - Type property found
21:43:27.100 DEBUG org.jbake.parser.MarkupEngine - Status property found
21:43:27.100 DEBUG org.jbake.parser.MarkupEngine - Header separator found
21:43:27.101 INFO  org.jbake.app.Crawler - Processing [/home/csmajs/jgarc271/git/jbake-testing-and-verification/jbake-core/build/resources/test/fixture/content/about.html]...  : new 
21:43:27.102 DEBUG org.jbake.parser.MarkupEngine - Type property found
21:43:27.102 DEBUG org.jbake.parser.MarkupEngine - Status property found
21:43:27.102 DEBUG org.jbake.parser.MarkupEngine - Header separator found
21:43:27.116 INFO  org.jbake.app.Crawler - Processing [/home/csmajs/jgarc271/git/jbake-testing-and-verification/jbake-core/build/resources/test/fixture/content/allcontent.html]...  : new 
21:43:27.121 DEBUG org.jbake.parser.MarkupEngine - Type property found
21:43:27.121 DEBUG org.jbake.parser.MarkupEngine - Status property found
21:43:27.121 DEBUG org.jbake.parser.MarkupEngine - Header separator found
21:43:27.122 INFO  org.jbake.app.Crawler - Processing [/home/csmajs/jgarc271/git/jbake-testing-and-verification/jbake-core/build/resources/test/fixture/content/blog/2012/first-post.html]...  : new 
21:43:27.125 DEBUG org.jbake.parser.MarkupEngine - Type property found
21:43:27.125 DEBUG org.jbake.parser.MarkupEngine - Status property found
21:43:27.125 DEBUG org.jbake.parser.MarkupEngine - Header separator found
21:43:27.126 INFO  org.jbake.app.Crawler - Processing [/home/csmajs/jgarc271/git/jbake-testing-and-verification/jbake-core/build/resources/test/fixture/content/blog/2013/second-post.html]...  : new 
21:43:27.127 DEBUG org.jbake.parser.MarkupEngine - Type property found
21:43:27.127 DEBUG org.jbake.parser.MarkupEngine - Status property found
21:43:27.127 DEBUG org.jbake.parser.MarkupEngine - Header separator found
21:43:27.128 INFO  org.jbake.app.Crawler - Processing [/home/csmajs/jgarc271/git/jbake-testing-and-verification/jbake-core/build/resources/test/fixture/content/blog/2016/another-post.html]...  : new 
21:43:27.129 DEBUG org.jbake.parser.MarkupEngine - Type property found
21:43:27.129 DEBUG org.jbake.parser.MarkupEngine - Status property found
21:43:27.129 DEBUG org.jbake.parser.MarkupEngine - Header separator found
21:43:27.130 INFO  org.jbake.app.Crawler - Processing [/home/csmajs/jgarc271/git/jbake-testing-and-verification/jbake-core/build/resources/test/fixture/content/blog/2016/draft-post.html]...  : new 
21:43:27.131 DEBUG org.jbake.parser.MarkupEngine - Header separator found
21:43:27.132 WARN  org.jbake.parser.MarkupEngine - Parsing skipped (missing type or status value in header meta data) for file /home/csmajs/jgarc271/git/jbake-testing-and-verification/jbake-core/build/resources/test/fixture/content/blog/invalid_header.html!
21:43:27.132 WARN  org.jbake.app.Crawler - /home/csmajs/jgarc271/git/jbake-testing-and-verification/jbake-core/build/resources/test/fixture/content/blog/invalid_header.html has an invalid header, it has been ignored!
21:43:27.132 INFO  org.jbake.app.Crawler - Processing [/home/csmajs/jgarc271/git/jbake-testing-and-verification/jbake-core/build/resources/test/fixture/content/blog/invalid_header.html]...  : new 
21:43:27.133 DEBUG org.jbake.parser.MarkupEngine - Type property found
21:43:27.133 DEBUG org.jbake.parser.MarkupEngine - Status property found
21:43:27.133 DEBUG org.jbake.parser.MarkupEngine - Header separator found
21:43:27.133 INFO  org.jbake.app.Crawler - Processing [/home/csmajs/jgarc271/git/jbake-testing-and-verification/jbake-core/build/resources/test/fixture/content/index2.html]...  : new 
21:43:27.135 DEBUG org.jbake.parser.MarkupEngine - Type property found
21:43:27.135 DEBUG org.jbake.parser.MarkupEngine - Status property found
21:43:27.135 DEBUG org.jbake.parser.MarkupEngine - Header separator found
21:43:27.150 INFO  org.jbake.app.Crawler - Processing [/home/csmajs/jgarc271/git/jbake-testing-and-verification/jbake-core/build/resources/test/fixture/content/papers/draft-paper.html]...  : new 
21:43:27.153 DEBUG org.jbake.parser.MarkupEngine - Type property found
21:43:27.153 DEBUG org.jbake.parser.MarkupEngine - Status property found
21:43:27.153 DEBUG org.jbake.parser.MarkupEngine - Header separator found
21:43:27.153 INFO  org.jbake.app.Crawler - Processing [/home/csmajs/jgarc271/git/jbake-testing-and-verification/jbake-core/build/resources/test/fixture/content/papers/published-paper.html]...  : new 
21:43:27.155 DEBUG org.jbake.parser.MarkupEngine - Type property found
21:43:27.155 DEBUG org.jbake.parser.MarkupEngine - Status property found
21:43:27.155 DEBUG org.jbake.parser.MarkupEngine - Header separator found
21:43:27.155 INFO  org.jbake.app.Crawler - Processing [/home/csmajs/jgarc271/git/jbake-testing-and-verification/jbake-core/build/resources/test/fixture/content/projects.html]...  : new 
21:43:27.155 INFO  org.jbake.app.Crawler - Content detected:
21:43:27.156 INFO  org.jbake.app.Crawler - Parsed 3 files of type: page
21:43:27.156 INFO  org.jbake.app.Crawler - Parsed 4 files of type: post
21:43:27.168 DEBUG org.jbake.parser.MarkupEngine - Type property found
21:43:27.168 DEBUG org.jbake.parser.MarkupEngine - Status property found
21:43:27.168 DEBUG org.jbake.parser.MarkupEngine - Header separator found
21:43:27.193 INFO  org.jbake.app.Renderer - Rendering [/tmp/junit9123478333572704875/second-post.html]... done!
21:43:27.197 INFO  c.o.o.c.s.m.ODirectMemoryStorage - Storage 'memory:/tmp/junit9123478333572704875/documents1584074599458' is created under OrientDB distribution : 3.0.14 - Veloce (build ac128c5a9ba4c6dc9d25a32b92962d8863774423, branch 3.0.x)
21:43:27.721 DEBUG org.jbake.app.ContentStore - Create document class 'page'
21:43:27.744 DEBUG org.jbake.app.ContentStore - Create document class 'post'
21:43:27.770 DEBUG org.jbake.app.ContentStore - Create document class 'masterindex'
21:43:27.798 DEBUG org.jbake.app.ContentStore - Create document class 'archive'
21:43:27.830 DEBUG org.jbake.app.ContentStore - Create document class 'feed'
21:43:27.888 DEBUG org.jbake.parser.MarkupEngine - Type property found
21:43:27.888 DEBUG org.jbake.parser.MarkupEngine - Status property found
21:43:27.888 DEBUG org.jbake.parser.MarkupEngine - Header separator found
21:43:27.889 INFO  org.jbake.app.Crawler - Processing [/home/csmajs/jgarc271/git/jbake-testing-and-verification/jbake-core/build/resources/test/fixture/content/about.html]...  : new 
21:43:27.890 DEBUG org.jbake.parser.MarkupEngine - Type property found
21:43:27.890 DEBUG org.jbake.parser.MarkupEngine - Status property found
21:43:27.890 DEBUG org.jbake.parser.MarkupEngine - Header separator found
21:43:27.904 INFO  org.jbake.app.Crawler - Processing [/home/csmajs/jgarc271/git/jbake-testing-and-verification/jbake-core/build/resources/test/fixture/content/allcontent.html]...  : new 
21:43:27.909 DEBUG org.jbake.parser.MarkupEngine - Type property found
21:43:27.909 DEBUG org.jbake.parser.MarkupEngine - Status property found
21:43:27.909 DEBUG org.jbake.parser.MarkupEngine - Header separator found
21:43:27.910 INFO  org.jbake.app.Crawler - Processing [/home/csmajs/jgarc271/git/jbake-testing-and-verification/jbake-core/build/resources/test/fixture/content/blog/2012/first-post.html]...  : new 
21:43:27.912 DEBUG org.jbake.parser.MarkupEngine - Type property found
21:43:27.912 DEBUG org.jbake.parser.MarkupEngine - Status property found
21:43:27.912 DEBUG org.jbake.parser.MarkupEngine - Header separator found
21:43:27.913 INFO  org.jbake.app.Crawler - Processing [/home/csmajs/jgarc271/git/jbake-testing-and-verification/jbake-core/build/resources/test/fixture/content/blog/2013/second-post.html]...  : new 
21:43:27.915 DEBUG org.jbake.parser.MarkupEngine - Type property found
21:43:27.915 DEBUG org.jbake.parser.MarkupEngine - Status property found
21:43:27.915 DEBUG org.jbake.parser.MarkupEngine - Header separator found
21:43:27.915 INFO  org.jbake.app.Crawler - Processing [/home/csmajs/jgarc271/git/jbake-testing-and-verification/jbake-core/build/resources/test/fixture/content/blog/2016/another-post.html]...  : new 
21:43:27.917 DEBUG org.jbake.parser.MarkupEngine - Type property found
21:43:27.917 DEBUG org.jbake.parser.MarkupEngine - Status property found
21:43:27.917 DEBUG org.jbake.parser.MarkupEngine - Header separator found
21:43:27.917 INFO  org.jbake.app.Crawler - Processing [/home/csmajs/jgarc271/git/jbake-testing-and-verification/jbake-core/build/resources/test/fixture/content/blog/2016/draft-post.html]...  : new 
21:43:27.918 DEBUG org.jbake.parser.MarkupEngine - Header separator found
21:43:27.918 WARN  org.jbake.parser.MarkupEngine - Parsing skipped (missing type or status value in header meta data) for file /home/csmajs/jgarc271/git/jbake-testing-and-verification/jbake-core/build/resources/test/fixture/content/blog/invalid_header.html!
21:43:27.919 WARN  org.jbake.app.Crawler - /home/csmajs/jgarc271/git/jbake-testing-and-verification/jbake-core/build/resources/test/fixture/content/blog/invalid_header.html has an invalid header, it has been ignored!
21:43:27.919 INFO  org.jbake.app.Crawler - Processing [/home/csmajs/jgarc271/git/jbake-testing-and-verification/jbake-core/build/resources/test/fixture/content/blog/invalid_header.html]...  : new 
21:43:27.920 DEBUG org.jbake.parser.MarkupEngine - Type property found
21:43:27.920 DEBUG org.jbake.parser.MarkupEngine - Status property found
21:43:27.920 DEBUG org.jbake.parser.MarkupEngine - Header separator found
21:43:27.920 INFO  org.jbake.app.Crawler - Processing [/home/csmajs/jgarc271/git/jbake-testing-and-verification/jbake-core/build/resources/test/fixture/content/index2.html]...  : new 
21:43:27.922 DEBUG org.jbake.parser.MarkupEngine - Type property found
21:43:27.922 DEBUG org.jbake.parser.MarkupEngine - Status property found
21:43:27.922 DEBUG org.jbake.parser.MarkupEngine - Header separator found
21:43:27.936 INFO  org.jbake.app.Crawler - Processing [/home/csmajs/jgarc271/git/jbake-testing-and-verification/jbake-core/build/resources/test/fixture/content/papers/draft-paper.html]...  : new 
21:43:27.939 DEBUG org.jbake.parser.MarkupEngine - Type property found
21:43:27.939 DEBUG org.jbake.parser.MarkupEngine - Status property found
21:43:27.939 DEBUG org.jbake.parser.MarkupEngine - Header separator found
21:43:27.939 INFO  org.jbake.app.Crawler - Processing [/home/csmajs/jgarc271/git/jbake-testing-and-verification/jbake-core/build/resources/test/fixture/content/papers/published-paper.html]...  : new 
21:43:27.941 DEBUG org.jbake.parser.MarkupEngine - Type property found
21:43:27.941 DEBUG org.jbake.parser.MarkupEngine - Status property found
21:43:27.941 DEBUG org.jbake.parser.MarkupEngine - Header separator found
21:43:27.941 INFO  org.jbake.app.Crawler - Processing [/home/csmajs/jgarc271/git/jbake-testing-and-verification/jbake-core/build/resources/test/fixture/content/projects.html]...  : new 
21:43:27.941 INFO  org.jbake.app.Crawler - Content detected:
21:43:27.941 INFO  org.jbake.app.Crawler - Parsed 3 files of type: page
21:43:27.942 INFO  org.jbake.app.Crawler - Parsed 4 files of type: post
21:43:27.984 INFO  org.jbake.app.Renderer - Rendering tag [/tmp/junit9123478333572704875/tags/blog.html]... done!
21:43:27.994 INFO  org.jbake.app.Renderer - Rendering tagindex [/tmp/junit9123478333572704875/tags/index.html]... done!
21:43:27.998 INFO  c.o.o.c.s.m.ODirectMemoryStorage - Storage 'memory:/tmp/junit9123478333572704875/documents1584074599458' is created under OrientDB distribution : 3.0.14 - Veloce (build ac128c5a9ba4c6dc9d25a32b92962d8863774423, branch 3.0.x)
21:43:28.522 DEBUG org.jbake.app.ContentStore - Create document class 'page'
21:43:28.546 DEBUG org.jbake.app.ContentStore - Create document class 'post'
21:43:28.572 DEBUG org.jbake.app.ContentStore - Create document class 'masterindex'
21:43:28.602 DEBUG org.jbake.app.ContentStore - Create document class 'archive'
21:43:28.634 DEBUG org.jbake.app.ContentStore - Create document class 'feed'
21:43:28.692 DEBUG org.jbake.parser.MarkupEngine - Type property found
21:43:28.692 DEBUG org.jbake.parser.MarkupEngine - Status property found
21:43:28.692 DEBUG org.jbake.parser.MarkupEngine - Header separator found
21:43:28.693 INFO  org.jbake.app.Crawler - Processing [/home/csmajs/jgarc271/git/jbake-testing-and-verification/jbake-core/build/resources/test/fixture/content/about.html]...  : new 
21:43:28.694 DEBUG org.jbake.parser.MarkupEngine - Type property found
21:43:28.694 DEBUG org.jbake.parser.MarkupEngine - Status property found
21:43:28.694 DEBUG org.jbake.parser.MarkupEngine - Header separator found
21:43:28.707 INFO  org.jbake.app.Crawler - Processing [/home/csmajs/jgarc271/git/jbake-testing-and-verification/jbake-core/build/resources/test/fixture/content/allcontent.html]...  : new 
21:43:28.712 DEBUG org.jbake.parser.MarkupEngine - Type property found
21:43:28.712 DEBUG org.jbake.parser.MarkupEngine - Status property found
21:43:28.712 DEBUG org.jbake.parser.MarkupEngine - Header separator found
21:43:28.713 INFO  org.jbake.app.Crawler - Processing [/home/csmajs/jgarc271/git/jbake-testing-and-verification/jbake-core/build/resources/test/fixture/content/blog/2012/first-post.html]...  : new 
21:43:28.715 DEBUG org.jbake.parser.MarkupEngine - Type property found
21:43:28.715 DEBUG org.jbake.parser.MarkupEngine - Status property found
21:43:28.715 DEBUG org.jbake.parser.MarkupEngine - Header separator found
21:43:28.716 INFO  org.jbake.app.Crawler - Processing [/home/csmajs/jgarc271/git/jbake-testing-and-verification/jbake-core/build/resources/test/fixture/content/blog/2013/second-post.html]...  : new 
21:43:28.718 DEBUG org.jbake.parser.MarkupEngine - Type property found
21:43:28.718 DEBUG org.jbake.parser.MarkupEngine - Status property found
21:43:28.718 DEBUG org.jbake.parser.MarkupEngine - Header separator found
21:43:28.719 INFO  org.jbake.app.Crawler - Processing [/home/csmajs/jgarc271/git/jbake-testing-and-verification/jbake-core/build/resources/test/fixture/content/blog/2016/another-post.html]...  : new 
21:43:28.720 DEBUG org.jbake.parser.MarkupEngine - Type property found
21:43:28.720 DEBUG org.jbake.parser.MarkupEngine - Status property found
21:43:28.720 DEBUG org.jbake.parser.MarkupEngine - Header separator found
21:43:28.720 INFO  org.jbake.app.Crawler - Processing [/home/csmajs/jgarc271/git/jbake-testing-and-verification/jbake-core/build/resources/test/fixture/content/blog/2016/draft-post.html]...  : new 
21:43:28.721 DEBUG org.jbake.parser.MarkupEngine - Header separator found
21:43:28.721 WARN  org.jbake.parser.MarkupEngine - Parsing skipped (missing type or status value in header meta data) for file /home/csmajs/jgarc271/git/jbake-testing-and-verification/jbake-core/build/resources/test/fixture/content/blog/invalid_header.html!
21:43:28.722 WARN  org.jbake.app.Crawler - /home/csmajs/jgarc271/git/jbake-testing-and-verification/jbake-core/build/resources/test/fixture/content/blog/invalid_header.html has an invalid header, it has been ignored!
21:43:28.722 INFO  org.jbake.app.Crawler - Processing [/home/csmajs/jgarc271/git/jbake-testing-and-verification/jbake-core/build/resources/test/fixture/content/blog/invalid_header.html]...  : new 
21:43:28.723 DEBUG org.jbake.parser.MarkupEngine - Type property found
21:43:28.723 DEBUG org.jbake.parser.MarkupEngine - Status property found
21:43:28.723 DEBUG org.jbake.parser.MarkupEngine - Header separator found
21:43:28.723 INFO  org.jbake.app.Crawler - Processing [/home/csmajs/jgarc271/git/jbake-testing-and-verification/jbake-core/build/resources/test/fixture/content/index2.html]...  : new 
21:43:28.725 DEBUG org.jbake.parser.MarkupEngine - Type property found
21:43:28.725 DEBUG org.jbake.parser.MarkupEngine - Status property found
21:43:28.725 DEBUG org.jbake.parser.MarkupEngine - Header separator found
21:43:28.740 INFO  org.jbake.app.Crawler - Processing [/home/csmajs/jgarc271/git/jbake-testing-and-verification/jbake-core/build/resources/test/fixture/content/papers/draft-paper.html]...  : new 
21:43:28.742 DEBUG org.jbake.parser.MarkupEngine - Type property found
21:43:28.742 DEBUG org.jbake.parser.MarkupEngine - Status property found
21:43:28.742 DEBUG org.jbake.parser.MarkupEngine - Header separator found
21:43:28.743 INFO  org.jbake.app.Crawler - Processing [/home/csmajs/jgarc271/git/jbake-testing-and-verification/jbake-core/build/resources/test/fixture/content/papers/published-paper.html]...  : new 
21:43:28.744 DEBUG org.jbake.parser.MarkupEngine - Type property found
21:43:28.744 DEBUG org.jbake.parser.MarkupEngine - Status property found
21:43:28.744 DEBUG org.jbake.parser.MarkupEngine - Header separator found
21:43:28.744 INFO  org.jbake.app.Crawler - Processing [/home/csmajs/jgarc271/git/jbake-testing-and-verification/jbake-core/build/resources/test/fixture/content/projects.html]...  : new 
21:43:28.745 INFO  org.jbake.app.Crawler - Content detected:
21:43:28.745 INFO  org.jbake.app.Crawler - Parsed 3 files of type: page
21:43:28.745 INFO  org.jbake.app.Crawler - Parsed 4 files of type: post
21:43:28.757 INFO  org.jbake.template.ModelExtractors - register new extractors for document type: paper
21:43:28.780 INFO  org.jbake.app.Renderer - Rendering sitemap [/tmp/junit9123478333572704875/sitemap.xml]... done!
]]></system-out>
  <system-err><![CDATA[]]></system-err>
</testsuite>
