<?xml version="1.0" encoding="UTF-8"?>
<testsuite name="org.jbake.app.template.ThymeleafTemplateEngineRenderingTest" tests="9" skipped="0" failures="0" errors="0" timestamp="2020-03-13T01:49:33" hostname="bolt.cs.ucr.edu" time="11.828">
  <properties/>
  <testcase name="renderIndex" classname="org.jbake.app.template.ThymeleafTemplateEngineRenderingTest" time="1.524"/>
  <testcase name="renderArchive" classname="org.jbake.app.template.ThymeleafTemplateEngineRenderingTest" time="1.302"/>
  <testcase name="checkDbTemplateModelIsPopulated" classname="org.jbake.app.template.ThymeleafTemplateEngineRenderingTest" time="1.336"/>
  <testcase name="renderTagsIndex" classname="org.jbake.app.template.ThymeleafTemplateEngineRenderingTest" time="1.287"/>
  <testcase name="renderFeed" classname="org.jbake.app.template.ThymeleafTemplateEngineRenderingTest" time="1.286"/>
  <testcase name="renderPage" classname="org.jbake.app.template.ThymeleafTemplateEngineRenderingTest" time="1.271"/>
  <testcase name="renderPost" classname="org.jbake.app.template.ThymeleafTemplateEngineRenderingTest" time="1.273"/>
  <testcase name="renderTags" classname="org.jbake.app.template.ThymeleafTemplateEngineRenderingTest" time="1.27"/>
  <testcase name="renderSitemap" classname="org.jbake.app.template.ThymeleafTemplateEngineRenderingTest" time="1.278"/>
  <system-out><![CDATA[18:49:33.289 INFO  c.o.o.c.s.m.ODirectMemoryStorage - Storage 'memory:/tmp/junit4604967501239269585/documents1584064173287' is created under OrientDB distribution : 3.0.14 - Veloce (build ac128c5a9ba4c6dc9d25a32b92962d8863774423, branch 3.0.x)
18:49:34.306 DEBUG org.jbake.app.ContentStore - Create document class 'page'
18:49:34.327 DEBUG org.jbake.app.ContentStore - Create document class 'post'
18:49:34.352 DEBUG org.jbake.app.ContentStore - Create document class 'masterindex'
18:49:34.379 DEBUG org.jbake.app.ContentStore - Create document class 'archive'
18:49:34.409 DEBUG org.jbake.app.ContentStore - Create document class 'feed'
18:49:34.463 DEBUG org.jbake.parser.MarkupEngine - Type property found
18:49:34.463 DEBUG org.jbake.parser.MarkupEngine - Status property found
18:49:34.463 DEBUG org.jbake.parser.MarkupEngine - Header separator found
18:49:34.463 INFO  org.jbake.app.Crawler - Processing [/home/csmajs/jgarc271/git/jbake-testing-and-verification/jbake-core/build/resources/test/fixture/content/about.html]...  : new 
18:49:34.464 DEBUG org.jbake.parser.MarkupEngine - Type property found
18:49:34.464 DEBUG org.jbake.parser.MarkupEngine - Status property found
18:49:34.464 DEBUG org.jbake.parser.MarkupEngine - Header separator found
18:49:34.477 INFO  org.jbake.app.Crawler - Processing [/home/csmajs/jgarc271/git/jbake-testing-and-verification/jbake-core/build/resources/test/fixture/content/allcontent.html]...  : new 
18:49:34.482 DEBUG org.jbake.parser.MarkupEngine - Type property found
18:49:34.482 DEBUG org.jbake.parser.MarkupEngine - Status property found
18:49:34.482 DEBUG org.jbake.parser.MarkupEngine - Header separator found
18:49:34.482 INFO  org.jbake.app.Crawler - Processing [/home/csmajs/jgarc271/git/jbake-testing-and-verification/jbake-core/build/resources/test/fixture/content/blog/2012/first-post.html]...  : new 
18:49:34.485 DEBUG org.jbake.parser.MarkupEngine - Type property found
18:49:34.485 DEBUG org.jbake.parser.MarkupEngine - Status property found
18:49:34.485 DEBUG org.jbake.parser.MarkupEngine - Header separator found
18:49:34.485 INFO  org.jbake.app.Crawler - Processing [/home/csmajs/jgarc271/git/jbake-testing-and-verification/jbake-core/build/resources/test/fixture/content/blog/2013/second-post.html]...  : new 
18:49:34.486 DEBUG org.jbake.parser.MarkupEngine - Type property found
18:49:34.486 DEBUG org.jbake.parser.MarkupEngine - Status property found
18:49:34.486 DEBUG org.jbake.parser.MarkupEngine - Header separator found
18:49:34.487 INFO  org.jbake.app.Crawler - Processing [/home/csmajs/jgarc271/git/jbake-testing-and-verification/jbake-core/build/resources/test/fixture/content/blog/2016/another-post.html]...  : new 
18:49:34.488 DEBUG org.jbake.parser.MarkupEngine - Type property found
18:49:34.488 DEBUG org.jbake.parser.MarkupEngine - Status property found
18:49:34.488 DEBUG org.jbake.parser.MarkupEngine - Header separator found
18:49:34.488 INFO  org.jbake.app.Crawler - Processing [/home/csmajs/jgarc271/git/jbake-testing-and-verification/jbake-core/build/resources/test/fixture/content/blog/2016/draft-post.html]...  : new 
18:49:34.489 DEBUG org.jbake.parser.MarkupEngine - Header separator found
18:49:34.489 WARN  org.jbake.parser.MarkupEngine - Parsing skipped (missing type or status value in header meta data) for file /home/csmajs/jgarc271/git/jbake-testing-and-verification/jbake-core/build/resources/test/fixture/content/blog/invalid_header.html!
18:49:34.489 WARN  org.jbake.app.Crawler - /home/csmajs/jgarc271/git/jbake-testing-and-verification/jbake-core/build/resources/test/fixture/content/blog/invalid_header.html has an invalid header, it has been ignored!
18:49:34.489 INFO  org.jbake.app.Crawler - Processing [/home/csmajs/jgarc271/git/jbake-testing-and-verification/jbake-core/build/resources/test/fixture/content/blog/invalid_header.html]...  : new 
18:49:34.490 DEBUG org.jbake.parser.MarkupEngine - Type property found
18:49:34.490 DEBUG org.jbake.parser.MarkupEngine - Status property found
18:49:34.490 DEBUG org.jbake.parser.MarkupEngine - Header separator found
18:49:34.491 INFO  org.jbake.app.Crawler - Processing [/home/csmajs/jgarc271/git/jbake-testing-and-verification/jbake-core/build/resources/test/fixture/content/index2.html]...  : new 
18:49:34.492 DEBUG org.jbake.parser.MarkupEngine - Type property found
18:49:34.492 DEBUG org.jbake.parser.MarkupEngine - Status property found
18:49:34.492 DEBUG org.jbake.parser.MarkupEngine - Header separator found
18:49:34.507 INFO  org.jbake.app.Crawler - Processing [/home/csmajs/jgarc271/git/jbake-testing-and-verification/jbake-core/build/resources/test/fixture/content/papers/draft-paper.html]...  : new 
18:49:34.509 DEBUG org.jbake.parser.MarkupEngine - Type property found
18:49:34.509 DEBUG org.jbake.parser.MarkupEngine - Status property found
18:49:34.509 DEBUG org.jbake.parser.MarkupEngine - Header separator found
18:49:34.510 INFO  org.jbake.app.Crawler - Processing [/home/csmajs/jgarc271/git/jbake-testing-and-verification/jbake-core/build/resources/test/fixture/content/papers/published-paper.html]...  : new 
18:49:34.511 DEBUG org.jbake.parser.MarkupEngine - Type property found
18:49:34.511 DEBUG org.jbake.parser.MarkupEngine - Status property found
18:49:34.511 DEBUG org.jbake.parser.MarkupEngine - Header separator found
18:49:34.511 INFO  org.jbake.app.Crawler - Processing [/home/csmajs/jgarc271/git/jbake-testing-and-verification/jbake-core/build/resources/test/fixture/content/projects.html]...  : new 
18:49:34.511 INFO  org.jbake.app.Crawler - Content detected:
18:49:34.511 INFO  org.jbake.app.Crawler - Parsed 3 files of type: page
18:49:34.511 INFO  org.jbake.app.Crawler - Parsed 4 files of type: post
18:49:34.808 INFO  org.jbake.app.Renderer - Rendering masterindex [/tmp/junit4604967501239269585/index.html]... done!
18:49:34.813 INFO  c.o.o.c.s.m.ODirectMemoryStorage - Storage 'memory:/tmp/junit4604967501239269585/documents1584064173287' is created under OrientDB distribution : 3.0.14 - Veloce (build ac128c5a9ba4c6dc9d25a32b92962d8863774423, branch 3.0.x)
18:49:35.836 DEBUG org.jbake.app.ContentStore - Create document class 'page'
18:49:35.859 DEBUG org.jbake.app.ContentStore - Create document class 'post'
18:49:35.884 DEBUG org.jbake.app.ContentStore - Create document class 'masterindex'
18:49:35.912 DEBUG org.jbake.app.ContentStore - Create document class 'archive'
18:49:35.944 DEBUG org.jbake.app.ContentStore - Create document class 'feed'
18:49:35.998 DEBUG org.jbake.parser.MarkupEngine - Type property found
18:49:35.998 DEBUG org.jbake.parser.MarkupEngine - Status property found
18:49:35.998 DEBUG org.jbake.parser.MarkupEngine - Header separator found
18:49:35.999 INFO  org.jbake.app.Crawler - Processing [/home/csmajs/jgarc271/git/jbake-testing-and-verification/jbake-core/build/resources/test/fixture/content/about.html]...  : new 
18:49:36.000 DEBUG org.jbake.parser.MarkupEngine - Type property found
18:49:36.000 DEBUG org.jbake.parser.MarkupEngine - Status property found
18:49:36.000 DEBUG org.jbake.parser.MarkupEngine - Header separator found
18:49:36.013 INFO  org.jbake.app.Crawler - Processing [/home/csmajs/jgarc271/git/jbake-testing-and-verification/jbake-core/build/resources/test/fixture/content/allcontent.html]...  : new 
18:49:36.018 DEBUG org.jbake.parser.MarkupEngine - Type property found
18:49:36.018 DEBUG org.jbake.parser.MarkupEngine - Status property found
18:49:36.018 DEBUG org.jbake.parser.MarkupEngine - Header separator found
18:49:36.019 INFO  org.jbake.app.Crawler - Processing [/home/csmajs/jgarc271/git/jbake-testing-and-verification/jbake-core/build/resources/test/fixture/content/blog/2012/first-post.html]...  : new 
18:49:36.021 DEBUG org.jbake.parser.MarkupEngine - Type property found
18:49:36.021 DEBUG org.jbake.parser.MarkupEngine - Status property found
18:49:36.021 DEBUG org.jbake.parser.MarkupEngine - Header separator found
18:49:36.022 INFO  org.jbake.app.Crawler - Processing [/home/csmajs/jgarc271/git/jbake-testing-and-verification/jbake-core/build/resources/test/fixture/content/blog/2013/second-post.html]...  : new 
18:49:36.023 DEBUG org.jbake.parser.MarkupEngine - Type property found
18:49:36.023 DEBUG org.jbake.parser.MarkupEngine - Status property found
18:49:36.023 DEBUG org.jbake.parser.MarkupEngine - Header separator found
18:49:36.024 INFO  org.jbake.app.Crawler - Processing [/home/csmajs/jgarc271/git/jbake-testing-and-verification/jbake-core/build/resources/test/fixture/content/blog/2016/another-post.html]...  : new 
18:49:36.025 DEBUG org.jbake.parser.MarkupEngine - Type property found
18:49:36.025 DEBUG org.jbake.parser.MarkupEngine - Status property found
18:49:36.025 DEBUG org.jbake.parser.MarkupEngine - Header separator found
18:49:36.025 INFO  org.jbake.app.Crawler - Processing [/home/csmajs/jgarc271/git/jbake-testing-and-verification/jbake-core/build/resources/test/fixture/content/blog/2016/draft-post.html]...  : new 
18:49:36.026 DEBUG org.jbake.parser.MarkupEngine - Header separator found
18:49:36.026 WARN  org.jbake.parser.MarkupEngine - Parsing skipped (missing type or status value in header meta data) for file /home/csmajs/jgarc271/git/jbake-testing-and-verification/jbake-core/build/resources/test/fixture/content/blog/invalid_header.html!
18:49:36.026 WARN  org.jbake.app.Crawler - /home/csmajs/jgarc271/git/jbake-testing-and-verification/jbake-core/build/resources/test/fixture/content/blog/invalid_header.html has an invalid header, it has been ignored!
18:49:36.026 INFO  org.jbake.app.Crawler - Processing [/home/csmajs/jgarc271/git/jbake-testing-and-verification/jbake-core/build/resources/test/fixture/content/blog/invalid_header.html]...  : new 
18:49:36.027 DEBUG org.jbake.parser.MarkupEngine - Type property found
18:49:36.027 DEBUG org.jbake.parser.MarkupEngine - Status property found
18:49:36.027 DEBUG org.jbake.parser.MarkupEngine - Header separator found
18:49:36.028 INFO  org.jbake.app.Crawler - Processing [/home/csmajs/jgarc271/git/jbake-testing-and-verification/jbake-core/build/resources/test/fixture/content/index2.html]...  : new 
18:49:36.029 DEBUG org.jbake.parser.MarkupEngine - Type property found
18:49:36.029 DEBUG org.jbake.parser.MarkupEngine - Status property found
18:49:36.029 DEBUG org.jbake.parser.MarkupEngine - Header separator found
18:49:36.043 INFO  org.jbake.app.Crawler - Processing [/home/csmajs/jgarc271/git/jbake-testing-and-verification/jbake-core/build/resources/test/fixture/content/papers/draft-paper.html]...  : new 
18:49:36.046 DEBUG org.jbake.parser.MarkupEngine - Type property found
18:49:36.046 DEBUG org.jbake.parser.MarkupEngine - Status property found
18:49:36.046 DEBUG org.jbake.parser.MarkupEngine - Header separator found
18:49:36.046 INFO  org.jbake.app.Crawler - Processing [/home/csmajs/jgarc271/git/jbake-testing-and-verification/jbake-core/build/resources/test/fixture/content/papers/published-paper.html]...  : new 
18:49:36.047 DEBUG org.jbake.parser.MarkupEngine - Type property found
18:49:36.047 DEBUG org.jbake.parser.MarkupEngine - Status property found
18:49:36.047 DEBUG org.jbake.parser.MarkupEngine - Header separator found
18:49:36.048 INFO  org.jbake.app.Crawler - Processing [/home/csmajs/jgarc271/git/jbake-testing-and-verification/jbake-core/build/resources/test/fixture/content/projects.html]...  : new 
18:49:36.048 INFO  org.jbake.app.Crawler - Content detected:
18:49:36.048 INFO  org.jbake.app.Crawler - Parsed 3 files of type: page
18:49:36.048 INFO  org.jbake.app.Crawler - Parsed 4 files of type: post
18:49:36.110 INFO  org.jbake.app.Renderer - Rendering archive [/tmp/junit4604967501239269585/archive.html]... done!
18:49:36.115 INFO  c.o.o.c.s.m.ODirectMemoryStorage - Storage 'memory:/tmp/junit4604967501239269585/documents1584064173287' is created under OrientDB distribution : 3.0.14 - Veloce (build ac128c5a9ba4c6dc9d25a32b92962d8863774423, branch 3.0.x)
18:49:37.181 DEBUG org.jbake.app.ContentStore - Create document class 'page'
18:49:37.204 DEBUG org.jbake.app.ContentStore - Create document class 'post'
18:49:37.229 DEBUG org.jbake.app.ContentStore - Create document class 'masterindex'
18:49:37.257 DEBUG org.jbake.app.ContentStore - Create document class 'archive'
18:49:37.288 DEBUG org.jbake.app.ContentStore - Create document class 'feed'
18:49:37.344 DEBUG org.jbake.parser.MarkupEngine - Type property found
18:49:37.344 DEBUG org.jbake.parser.MarkupEngine - Status property found
18:49:37.344 DEBUG org.jbake.parser.MarkupEngine - Header separator found
18:49:37.345 INFO  org.jbake.app.Crawler - Processing [/home/csmajs/jgarc271/git/jbake-testing-and-verification/jbake-core/build/resources/test/fixture/content/about.html]...  : new 
18:49:37.346 DEBUG org.jbake.parser.MarkupEngine - Type property found
18:49:37.346 DEBUG org.jbake.parser.MarkupEngine - Status property found
18:49:37.346 DEBUG org.jbake.parser.MarkupEngine - Header separator found
18:49:37.359 INFO  org.jbake.app.Crawler - Processing [/home/csmajs/jgarc271/git/jbake-testing-and-verification/jbake-core/build/resources/test/fixture/content/allcontent.html]...  : new 
18:49:37.363 DEBUG org.jbake.parser.MarkupEngine - Type property found
18:49:37.363 DEBUG org.jbake.parser.MarkupEngine - Status property found
18:49:37.363 DEBUG org.jbake.parser.MarkupEngine - Header separator found
18:49:37.364 INFO  org.jbake.app.Crawler - Processing [/home/csmajs/jgarc271/git/jbake-testing-and-verification/jbake-core/build/resources/test/fixture/content/blog/2012/first-post.html]...  : new 
18:49:37.366 DEBUG org.jbake.parser.MarkupEngine - Type property found
18:49:37.366 DEBUG org.jbake.parser.MarkupEngine - Status property found
18:49:37.366 DEBUG org.jbake.parser.MarkupEngine - Header separator found
18:49:37.367 INFO  org.jbake.app.Crawler - Processing [/home/csmajs/jgarc271/git/jbake-testing-and-verification/jbake-core/build/resources/test/fixture/content/blog/2013/second-post.html]...  : new 
18:49:37.368 DEBUG org.jbake.parser.MarkupEngine - Type property found
18:49:37.368 DEBUG org.jbake.parser.MarkupEngine - Status property found
18:49:37.368 DEBUG org.jbake.parser.MarkupEngine - Header separator found
18:49:37.369 INFO  org.jbake.app.Crawler - Processing [/home/csmajs/jgarc271/git/jbake-testing-and-verification/jbake-core/build/resources/test/fixture/content/blog/2016/another-post.html]...  : new 
18:49:37.370 DEBUG org.jbake.parser.MarkupEngine - Type property found
18:49:37.370 DEBUG org.jbake.parser.MarkupEngine - Status property found
18:49:37.370 DEBUG org.jbake.parser.MarkupEngine - Header separator found
18:49:37.370 INFO  org.jbake.app.Crawler - Processing [/home/csmajs/jgarc271/git/jbake-testing-and-verification/jbake-core/build/resources/test/fixture/content/blog/2016/draft-post.html]...  : new 
18:49:37.371 DEBUG org.jbake.parser.MarkupEngine - Header separator found
18:49:37.371 WARN  org.jbake.parser.MarkupEngine - Parsing skipped (missing type or status value in header meta data) for file /home/csmajs/jgarc271/git/jbake-testing-and-verification/jbake-core/build/resources/test/fixture/content/blog/invalid_header.html!
18:49:37.371 WARN  org.jbake.app.Crawler - /home/csmajs/jgarc271/git/jbake-testing-and-verification/jbake-core/build/resources/test/fixture/content/blog/invalid_header.html has an invalid header, it has been ignored!
18:49:37.371 INFO  org.jbake.app.Crawler - Processing [/home/csmajs/jgarc271/git/jbake-testing-and-verification/jbake-core/build/resources/test/fixture/content/blog/invalid_header.html]...  : new 
18:49:37.372 DEBUG org.jbake.parser.MarkupEngine - Type property found
18:49:37.373 DEBUG org.jbake.parser.MarkupEngine - Status property found
18:49:37.373 DEBUG org.jbake.parser.MarkupEngine - Header separator found
18:49:37.373 INFO  org.jbake.app.Crawler - Processing [/home/csmajs/jgarc271/git/jbake-testing-and-verification/jbake-core/build/resources/test/fixture/content/index2.html]...  : new 
18:49:37.375 DEBUG org.jbake.parser.MarkupEngine - Type property found
18:49:37.375 DEBUG org.jbake.parser.MarkupEngine - Status property found
18:49:37.375 DEBUG org.jbake.parser.MarkupEngine - Header separator found
18:49:37.389 INFO  org.jbake.app.Crawler - Processing [/home/csmajs/jgarc271/git/jbake-testing-and-verification/jbake-core/build/resources/test/fixture/content/papers/draft-paper.html]...  : new 
18:49:37.392 DEBUG org.jbake.parser.MarkupEngine - Type property found
18:49:37.392 DEBUG org.jbake.parser.MarkupEngine - Status property found
18:49:37.392 DEBUG org.jbake.parser.MarkupEngine - Header separator found
18:49:37.392 INFO  org.jbake.app.Crawler - Processing [/home/csmajs/jgarc271/git/jbake-testing-and-verification/jbake-core/build/resources/test/fixture/content/papers/published-paper.html]...  : new 
18:49:37.393 DEBUG org.jbake.parser.MarkupEngine - Type property found
18:49:37.393 DEBUG org.jbake.parser.MarkupEngine - Status property found
18:49:37.393 DEBUG org.jbake.parser.MarkupEngine - Header separator found
18:49:37.394 INFO  org.jbake.app.Crawler - Processing [/home/csmajs/jgarc271/git/jbake-testing-and-verification/jbake-core/build/resources/test/fixture/content/projects.html]...  : new 
18:49:37.394 INFO  org.jbake.app.Crawler - Content detected:
18:49:37.394 INFO  org.jbake.app.Crawler - Parsed 3 files of type: page
18:49:37.394 INFO  org.jbake.app.Crawler - Parsed 4 files of type: post
18:49:37.446 INFO  org.jbake.app.Renderer - Rendering masterindex [/tmp/junit4604967501239269585/index.html]... done!
18:49:37.450 INFO  c.o.o.c.s.m.ODirectMemoryStorage - Storage 'memory:/tmp/junit4604967501239269585/documents1584064173287' is created under OrientDB distribution : 3.0.14 - Veloce (build ac128c5a9ba4c6dc9d25a32b92962d8863774423, branch 3.0.x)
18:49:38.469 DEBUG org.jbake.app.ContentStore - Create document class 'page'
18:49:38.492 DEBUG org.jbake.app.ContentStore - Create document class 'post'
18:49:38.516 DEBUG org.jbake.app.ContentStore - Create document class 'masterindex'
18:49:38.544 DEBUG org.jbake.app.ContentStore - Create document class 'archive'
18:49:38.574 DEBUG org.jbake.app.ContentStore - Create document class 'feed'
18:49:38.628 DEBUG org.jbake.parser.MarkupEngine - Type property found
18:49:38.628 DEBUG org.jbake.parser.MarkupEngine - Status property found
18:49:38.628 DEBUG org.jbake.parser.MarkupEngine - Header separator found
18:49:38.629 INFO  org.jbake.app.Crawler - Processing [/home/csmajs/jgarc271/git/jbake-testing-and-verification/jbake-core/build/resources/test/fixture/content/about.html]...  : new 
18:49:38.630 DEBUG org.jbake.parser.MarkupEngine - Type property found
18:49:38.630 DEBUG org.jbake.parser.MarkupEngine - Status property found
18:49:38.630 DEBUG org.jbake.parser.MarkupEngine - Header separator found
18:49:38.643 INFO  org.jbake.app.Crawler - Processing [/home/csmajs/jgarc271/git/jbake-testing-and-verification/jbake-core/build/resources/test/fixture/content/allcontent.html]...  : new 
18:49:38.647 DEBUG org.jbake.parser.MarkupEngine - Type property found
18:49:38.647 DEBUG org.jbake.parser.MarkupEngine - Status property found
18:49:38.647 DEBUG org.jbake.parser.MarkupEngine - Header separator found
18:49:38.647 INFO  org.jbake.app.Crawler - Processing [/home/csmajs/jgarc271/git/jbake-testing-and-verification/jbake-core/build/resources/test/fixture/content/blog/2012/first-post.html]...  : new 
18:49:38.650 DEBUG org.jbake.parser.MarkupEngine - Type property found
18:49:38.650 DEBUG org.jbake.parser.MarkupEngine - Status property found
18:49:38.650 DEBUG org.jbake.parser.MarkupEngine - Header separator found
18:49:38.650 INFO  org.jbake.app.Crawler - Processing [/home/csmajs/jgarc271/git/jbake-testing-and-verification/jbake-core/build/resources/test/fixture/content/blog/2013/second-post.html]...  : new 
18:49:38.652 DEBUG org.jbake.parser.MarkupEngine - Type property found
18:49:38.652 DEBUG org.jbake.parser.MarkupEngine - Status property found
18:49:38.652 DEBUG org.jbake.parser.MarkupEngine - Header separator found
18:49:38.652 INFO  org.jbake.app.Crawler - Processing [/home/csmajs/jgarc271/git/jbake-testing-and-verification/jbake-core/build/resources/test/fixture/content/blog/2016/another-post.html]...  : new 
18:49:38.653 DEBUG org.jbake.parser.MarkupEngine - Type property found
18:49:38.653 DEBUG org.jbake.parser.MarkupEngine - Status property found
18:49:38.653 DEBUG org.jbake.parser.MarkupEngine - Header separator found
18:49:38.654 INFO  org.jbake.app.Crawler - Processing [/home/csmajs/jgarc271/git/jbake-testing-and-verification/jbake-core/build/resources/test/fixture/content/blog/2016/draft-post.html]...  : new 
18:49:38.655 DEBUG org.jbake.parser.MarkupEngine - Header separator found
18:49:38.655 WARN  org.jbake.parser.MarkupEngine - Parsing skipped (missing type or status value in header meta data) for file /home/csmajs/jgarc271/git/jbake-testing-and-verification/jbake-core/build/resources/test/fixture/content/blog/invalid_header.html!
18:49:38.655 WARN  org.jbake.app.Crawler - /home/csmajs/jgarc271/git/jbake-testing-and-verification/jbake-core/build/resources/test/fixture/content/blog/invalid_header.html has an invalid header, it has been ignored!
18:49:38.655 INFO  org.jbake.app.Crawler - Processing [/home/csmajs/jgarc271/git/jbake-testing-and-verification/jbake-core/build/resources/test/fixture/content/blog/invalid_header.html]...  : new 
18:49:38.656 DEBUG org.jbake.parser.MarkupEngine - Type property found
18:49:38.656 DEBUG org.jbake.parser.MarkupEngine - Status property found
18:49:38.656 DEBUG org.jbake.parser.MarkupEngine - Header separator found
18:49:38.656 INFO  org.jbake.app.Crawler - Processing [/home/csmajs/jgarc271/git/jbake-testing-and-verification/jbake-core/build/resources/test/fixture/content/index2.html]...  : new 
18:49:38.658 DEBUG org.jbake.parser.MarkupEngine - Type property found
18:49:38.658 DEBUG org.jbake.parser.MarkupEngine - Status property found
18:49:38.658 DEBUG org.jbake.parser.MarkupEngine - Header separator found
18:49:38.672 INFO  org.jbake.app.Crawler - Processing [/home/csmajs/jgarc271/git/jbake-testing-and-verification/jbake-core/build/resources/test/fixture/content/papers/draft-paper.html]...  : new 
18:49:38.674 DEBUG org.jbake.parser.MarkupEngine - Type property found
18:49:38.674 DEBUG org.jbake.parser.MarkupEngine - Status property found
18:49:38.674 DEBUG org.jbake.parser.MarkupEngine - Header separator found
18:49:38.674 INFO  org.jbake.app.Crawler - Processing [/home/csmajs/jgarc271/git/jbake-testing-and-verification/jbake-core/build/resources/test/fixture/content/papers/published-paper.html]...  : new 
18:49:38.676 DEBUG org.jbake.parser.MarkupEngine - Type property found
18:49:38.676 DEBUG org.jbake.parser.MarkupEngine - Status property found
18:49:38.676 DEBUG org.jbake.parser.MarkupEngine - Header separator found
18:49:38.676 INFO  org.jbake.app.Crawler - Processing [/home/csmajs/jgarc271/git/jbake-testing-and-verification/jbake-core/build/resources/test/fixture/content/projects.html]...  : new 
18:49:38.676 INFO  org.jbake.app.Crawler - Content detected:
18:49:38.676 INFO  org.jbake.app.Crawler - Parsed 3 files of type: page
18:49:38.676 INFO  org.jbake.app.Crawler - Parsed 4 files of type: post
18:49:38.692 INFO  o.j.t.DelegatingTemplateEngine - Default template: tags.ftl was not found, searching for others...
18:49:38.692 INFO  o.j.t.DelegatingTemplateEngine - Found alternative template file: tags.thyme using this instead
18:49:38.715 INFO  org.jbake.app.Renderer - Rendering tag [/tmp/junit4604967501239269585/tags/blog.html]... done!
18:49:38.717 INFO  o.j.t.DelegatingTemplateEngine - Default template: tags-index.ftl was not found, searching for others...
18:49:38.717 INFO  o.j.t.DelegatingTemplateEngine - Found alternative template file: tags-index.thyme using this instead
18:49:38.734 INFO  org.jbake.app.Renderer - Rendering tagindex [/tmp/junit4604967501239269585/tags/index.html]... done!
18:49:38.737 INFO  c.o.o.c.s.m.ODirectMemoryStorage - Storage 'memory:/tmp/junit4604967501239269585/documents1584064173287' is created under OrientDB distribution : 3.0.14 - Veloce (build ac128c5a9ba4c6dc9d25a32b92962d8863774423, branch 3.0.x)
18:49:39.753 DEBUG org.jbake.app.ContentStore - Create document class 'page'
18:49:39.775 DEBUG org.jbake.app.ContentStore - Create document class 'post'
18:49:39.799 DEBUG org.jbake.app.ContentStore - Create document class 'masterindex'
18:49:39.826 DEBUG org.jbake.app.ContentStore - Create document class 'archive'
18:49:39.856 DEBUG org.jbake.app.ContentStore - Create document class 'feed'
18:49:39.910 DEBUG org.jbake.parser.MarkupEngine - Type property found
18:49:39.910 DEBUG org.jbake.parser.MarkupEngine - Status property found
18:49:39.910 DEBUG org.jbake.parser.MarkupEngine - Header separator found
18:49:39.910 INFO  org.jbake.app.Crawler - Processing [/home/csmajs/jgarc271/git/jbake-testing-and-verification/jbake-core/build/resources/test/fixture/content/about.html]...  : new 
18:49:39.911 DEBUG org.jbake.parser.MarkupEngine - Type property found
18:49:39.911 DEBUG org.jbake.parser.MarkupEngine - Status property found
18:49:39.911 DEBUG org.jbake.parser.MarkupEngine - Header separator found
18:49:39.924 INFO  org.jbake.app.Crawler - Processing [/home/csmajs/jgarc271/git/jbake-testing-and-verification/jbake-core/build/resources/test/fixture/content/allcontent.html]...  : new 
18:49:39.928 DEBUG org.jbake.parser.MarkupEngine - Type property found
18:49:39.928 DEBUG org.jbake.parser.MarkupEngine - Status property found
18:49:39.928 DEBUG org.jbake.parser.MarkupEngine - Header separator found
18:49:39.929 INFO  org.jbake.app.Crawler - Processing [/home/csmajs/jgarc271/git/jbake-testing-and-verification/jbake-core/build/resources/test/fixture/content/blog/2012/first-post.html]...  : new 
18:49:39.939 DEBUG org.jbake.parser.MarkupEngine - Type property found
18:49:39.939 DEBUG org.jbake.parser.MarkupEngine - Status property found
18:49:39.939 DEBUG org.jbake.parser.MarkupEngine - Header separator found
18:49:39.939 INFO  org.jbake.app.Crawler - Processing [/home/csmajs/jgarc271/git/jbake-testing-and-verification/jbake-core/build/resources/test/fixture/content/blog/2013/second-post.html]...  : new 
18:49:39.941 DEBUG org.jbake.parser.MarkupEngine - Type property found
18:49:39.941 DEBUG org.jbake.parser.MarkupEngine - Status property found
18:49:39.941 DEBUG org.jbake.parser.MarkupEngine - Header separator found
18:49:39.941 INFO  org.jbake.app.Crawler - Processing [/home/csmajs/jgarc271/git/jbake-testing-and-verification/jbake-core/build/resources/test/fixture/content/blog/2016/another-post.html]...  : new 
18:49:39.942 DEBUG org.jbake.parser.MarkupEngine - Type property found
18:49:39.943 DEBUG org.jbake.parser.MarkupEngine - Status property found
18:49:39.943 DEBUG org.jbake.parser.MarkupEngine - Header separator found
18:49:39.943 INFO  org.jbake.app.Crawler - Processing [/home/csmajs/jgarc271/git/jbake-testing-and-verification/jbake-core/build/resources/test/fixture/content/blog/2016/draft-post.html]...  : new 
18:49:39.945 DEBUG org.jbake.parser.MarkupEngine - Header separator found
18:49:39.945 WARN  org.jbake.parser.MarkupEngine - Parsing skipped (missing type or status value in header meta data) for file /home/csmajs/jgarc271/git/jbake-testing-and-verification/jbake-core/build/resources/test/fixture/content/blog/invalid_header.html!
18:49:39.945 WARN  org.jbake.app.Crawler - /home/csmajs/jgarc271/git/jbake-testing-and-verification/jbake-core/build/resources/test/fixture/content/blog/invalid_header.html has an invalid header, it has been ignored!
18:49:39.945 INFO  org.jbake.app.Crawler - Processing [/home/csmajs/jgarc271/git/jbake-testing-and-verification/jbake-core/build/resources/test/fixture/content/blog/invalid_header.html]...  : new 
18:49:39.946 DEBUG org.jbake.parser.MarkupEngine - Type property found
18:49:39.946 DEBUG org.jbake.parser.MarkupEngine - Status property found
18:49:39.946 DEBUG org.jbake.parser.MarkupEngine - Header separator found
18:49:39.946 INFO  org.jbake.app.Crawler - Processing [/home/csmajs/jgarc271/git/jbake-testing-and-verification/jbake-core/build/resources/test/fixture/content/index2.html]...  : new 
18:49:39.948 DEBUG org.jbake.parser.MarkupEngine - Type property found
18:49:39.948 DEBUG org.jbake.parser.MarkupEngine - Status property found
18:49:39.948 DEBUG org.jbake.parser.MarkupEngine - Header separator found
18:49:39.962 INFO  org.jbake.app.Crawler - Processing [/home/csmajs/jgarc271/git/jbake-testing-and-verification/jbake-core/build/resources/test/fixture/content/papers/draft-paper.html]...  : new 
18:49:39.964 DEBUG org.jbake.parser.MarkupEngine - Type property found
18:49:39.964 DEBUG org.jbake.parser.MarkupEngine - Status property found
18:49:39.964 DEBUG org.jbake.parser.MarkupEngine - Header separator found
18:49:39.964 INFO  org.jbake.app.Crawler - Processing [/home/csmajs/jgarc271/git/jbake-testing-and-verification/jbake-core/build/resources/test/fixture/content/papers/published-paper.html]...  : new 
18:49:39.965 DEBUG org.jbake.parser.MarkupEngine - Type property found
18:49:39.965 DEBUG org.jbake.parser.MarkupEngine - Status property found
18:49:39.965 DEBUG org.jbake.parser.MarkupEngine - Header separator found
18:49:39.966 INFO  org.jbake.app.Crawler - Processing [/home/csmajs/jgarc271/git/jbake-testing-and-verification/jbake-core/build/resources/test/fixture/content/projects.html]...  : new 
18:49:39.966 INFO  org.jbake.app.Crawler - Content detected:
18:49:39.966 INFO  org.jbake.app.Crawler - Parsed 3 files of type: page
18:49:39.966 INFO  org.jbake.app.Crawler - Parsed 4 files of type: post
18:49:40.020 INFO  org.jbake.app.Renderer - Rendering feed [/tmp/junit4604967501239269585/feed.xml]... done!
18:49:40.024 INFO  c.o.o.c.s.m.ODirectMemoryStorage - Storage 'memory:/tmp/junit4604967501239269585/documents1584064173287' is created under OrientDB distribution : 3.0.14 - Veloce (build ac128c5a9ba4c6dc9d25a32b92962d8863774423, branch 3.0.x)
18:49:41.041 DEBUG org.jbake.app.ContentStore - Create document class 'page'
18:49:41.064 DEBUG org.jbake.app.ContentStore - Create document class 'post'
18:49:41.089 DEBUG org.jbake.app.ContentStore - Create document class 'masterindex'
18:49:41.117 DEBUG org.jbake.app.ContentStore - Create document class 'archive'
18:49:41.147 DEBUG org.jbake.app.ContentStore - Create document class 'feed'
18:49:41.203 DEBUG org.jbake.parser.MarkupEngine - Type property found
18:49:41.203 DEBUG org.jbake.parser.MarkupEngine - Status property found
18:49:41.203 DEBUG org.jbake.parser.MarkupEngine - Header separator found
18:49:41.203 INFO  org.jbake.app.Crawler - Processing [/home/csmajs/jgarc271/git/jbake-testing-and-verification/jbake-core/build/resources/test/fixture/content/about.html]...  : new 
18:49:41.204 DEBUG org.jbake.parser.MarkupEngine - Type property found
18:49:41.204 DEBUG org.jbake.parser.MarkupEngine - Status property found
18:49:41.204 DEBUG org.jbake.parser.MarkupEngine - Header separator found
18:49:41.218 INFO  org.jbake.app.Crawler - Processing [/home/csmajs/jgarc271/git/jbake-testing-and-verification/jbake-core/build/resources/test/fixture/content/allcontent.html]...  : new 
18:49:41.222 DEBUG org.jbake.parser.MarkupEngine - Type property found
18:49:41.222 DEBUG org.jbake.parser.MarkupEngine - Status property found
18:49:41.222 DEBUG org.jbake.parser.MarkupEngine - Header separator found
18:49:41.222 INFO  org.jbake.app.Crawler - Processing [/home/csmajs/jgarc271/git/jbake-testing-and-verification/jbake-core/build/resources/test/fixture/content/blog/2012/first-post.html]...  : new 
18:49:41.225 DEBUG org.jbake.parser.MarkupEngine - Type property found
18:49:41.225 DEBUG org.jbake.parser.MarkupEngine - Status property found
18:49:41.225 DEBUG org.jbake.parser.MarkupEngine - Header separator found
18:49:41.225 INFO  org.jbake.app.Crawler - Processing [/home/csmajs/jgarc271/git/jbake-testing-and-verification/jbake-core/build/resources/test/fixture/content/blog/2013/second-post.html]...  : new 
18:49:41.227 DEBUG org.jbake.parser.MarkupEngine - Type property found
18:49:41.227 DEBUG org.jbake.parser.MarkupEngine - Status property found
18:49:41.227 DEBUG org.jbake.parser.MarkupEngine - Header separator found
18:49:41.227 INFO  org.jbake.app.Crawler - Processing [/home/csmajs/jgarc271/git/jbake-testing-and-verification/jbake-core/build/resources/test/fixture/content/blog/2016/another-post.html]...  : new 
18:49:41.228 DEBUG org.jbake.parser.MarkupEngine - Type property found
18:49:41.228 DEBUG org.jbake.parser.MarkupEngine - Status property found
18:49:41.228 DEBUG org.jbake.parser.MarkupEngine - Header separator found
18:49:41.229 INFO  org.jbake.app.Crawler - Processing [/home/csmajs/jgarc271/git/jbake-testing-and-verification/jbake-core/build/resources/test/fixture/content/blog/2016/draft-post.html]...  : new 
18:49:41.230 DEBUG org.jbake.parser.MarkupEngine - Header separator found
18:49:41.230 WARN  org.jbake.parser.MarkupEngine - Parsing skipped (missing type or status value in header meta data) for file /home/csmajs/jgarc271/git/jbake-testing-and-verification/jbake-core/build/resources/test/fixture/content/blog/invalid_header.html!
18:49:41.230 WARN  org.jbake.app.Crawler - /home/csmajs/jgarc271/git/jbake-testing-and-verification/jbake-core/build/resources/test/fixture/content/blog/invalid_header.html has an invalid header, it has been ignored!
18:49:41.230 INFO  org.jbake.app.Crawler - Processing [/home/csmajs/jgarc271/git/jbake-testing-and-verification/jbake-core/build/resources/test/fixture/content/blog/invalid_header.html]...  : new 
18:49:41.231 DEBUG org.jbake.parser.MarkupEngine - Type property found
18:49:41.231 DEBUG org.jbake.parser.MarkupEngine - Status property found
18:49:41.231 DEBUG org.jbake.parser.MarkupEngine - Header separator found
18:49:41.231 INFO  org.jbake.app.Crawler - Processing [/home/csmajs/jgarc271/git/jbake-testing-and-verification/jbake-core/build/resources/test/fixture/content/index2.html]...  : new 
18:49:41.233 DEBUG org.jbake.parser.MarkupEngine - Type property found
18:49:41.233 DEBUG org.jbake.parser.MarkupEngine - Status property found
18:49:41.233 DEBUG org.jbake.parser.MarkupEngine - Header separator found
18:49:41.247 INFO  org.jbake.app.Crawler - Processing [/home/csmajs/jgarc271/git/jbake-testing-and-verification/jbake-core/build/resources/test/fixture/content/papers/draft-paper.html]...  : new 
18:49:41.249 DEBUG org.jbake.parser.MarkupEngine - Type property found
18:49:41.249 DEBUG org.jbake.parser.MarkupEngine - Status property found
18:49:41.249 DEBUG org.jbake.parser.MarkupEngine - Header separator found
18:49:41.249 INFO  org.jbake.app.Crawler - Processing [/home/csmajs/jgarc271/git/jbake-testing-and-verification/jbake-core/build/resources/test/fixture/content/papers/published-paper.html]...  : new 
18:49:41.250 DEBUG org.jbake.parser.MarkupEngine - Type property found
18:49:41.250 DEBUG org.jbake.parser.MarkupEngine - Status property found
18:49:41.250 DEBUG org.jbake.parser.MarkupEngine - Header separator found
18:49:41.251 INFO  org.jbake.app.Crawler - Processing [/home/csmajs/jgarc271/git/jbake-testing-and-verification/jbake-core/build/resources/test/fixture/content/projects.html]...  : new 
18:49:41.251 INFO  org.jbake.app.Crawler - Content detected:
18:49:41.251 INFO  org.jbake.app.Crawler - Parsed 3 files of type: page
18:49:41.251 INFO  org.jbake.app.Crawler - Parsed 4 files of type: post
18:49:41.263 DEBUG org.jbake.parser.MarkupEngine - Type property found
18:49:41.263 DEBUG org.jbake.parser.MarkupEngine - Status property found
18:49:41.263 DEBUG org.jbake.parser.MarkupEngine - Header separator found
18:49:41.292 INFO  org.jbake.app.Renderer - Rendering [/tmp/junit4604967501239269585/about.html]... done!
18:49:41.295 INFO  c.o.o.c.s.m.ODirectMemoryStorage - Storage 'memory:/tmp/junit4604967501239269585/documents1584064173287' is created under OrientDB distribution : 3.0.14 - Veloce (build ac128c5a9ba4c6dc9d25a32b92962d8863774423, branch 3.0.x)
18:49:42.315 DEBUG org.jbake.app.ContentStore - Create document class 'page'
18:49:42.338 DEBUG org.jbake.app.ContentStore - Create document class 'post'
18:49:42.362 DEBUG org.jbake.app.ContentStore - Create document class 'masterindex'
18:49:42.389 DEBUG org.jbake.app.ContentStore - Create document class 'archive'
18:49:42.420 DEBUG org.jbake.app.ContentStore - Create document class 'feed'
18:49:42.475 DEBUG org.jbake.parser.MarkupEngine - Type property found
18:49:42.475 DEBUG org.jbake.parser.MarkupEngine - Status property found
18:49:42.475 DEBUG org.jbake.parser.MarkupEngine - Header separator found
18:49:42.475 INFO  org.jbake.app.Crawler - Processing [/home/csmajs/jgarc271/git/jbake-testing-and-verification/jbake-core/build/resources/test/fixture/content/about.html]...  : new 
18:49:42.476 DEBUG org.jbake.parser.MarkupEngine - Type property found
18:49:42.476 DEBUG org.jbake.parser.MarkupEngine - Status property found
18:49:42.476 DEBUG org.jbake.parser.MarkupEngine - Header separator found
18:49:42.490 INFO  org.jbake.app.Crawler - Processing [/home/csmajs/jgarc271/git/jbake-testing-and-verification/jbake-core/build/resources/test/fixture/content/allcontent.html]...  : new 
18:49:42.494 DEBUG org.jbake.parser.MarkupEngine - Type property found
18:49:42.494 DEBUG org.jbake.parser.MarkupEngine - Status property found
18:49:42.494 DEBUG org.jbake.parser.MarkupEngine - Header separator found
18:49:42.494 INFO  org.jbake.app.Crawler - Processing [/home/csmajs/jgarc271/git/jbake-testing-and-verification/jbake-core/build/resources/test/fixture/content/blog/2012/first-post.html]...  : new 
18:49:42.497 DEBUG org.jbake.parser.MarkupEngine - Type property found
18:49:42.497 DEBUG org.jbake.parser.MarkupEngine - Status property found
18:49:42.497 DEBUG org.jbake.parser.MarkupEngine - Header separator found
18:49:42.497 INFO  org.jbake.app.Crawler - Processing [/home/csmajs/jgarc271/git/jbake-testing-and-verification/jbake-core/build/resources/test/fixture/content/blog/2013/second-post.html]...  : new 
18:49:42.499 DEBUG org.jbake.parser.MarkupEngine - Type property found
18:49:42.499 DEBUG org.jbake.parser.MarkupEngine - Status property found
18:49:42.499 DEBUG org.jbake.parser.MarkupEngine - Header separator found
18:49:42.499 INFO  org.jbake.app.Crawler - Processing [/home/csmajs/jgarc271/git/jbake-testing-and-verification/jbake-core/build/resources/test/fixture/content/blog/2016/another-post.html]...  : new 
18:49:42.500 DEBUG org.jbake.parser.MarkupEngine - Type property found
18:49:42.500 DEBUG org.jbake.parser.MarkupEngine - Status property found
18:49:42.500 DEBUG org.jbake.parser.MarkupEngine - Header separator found
18:49:42.500 INFO  org.jbake.app.Crawler - Processing [/home/csmajs/jgarc271/git/jbake-testing-and-verification/jbake-core/build/resources/test/fixture/content/blog/2016/draft-post.html]...  : new 
18:49:42.501 DEBUG org.jbake.parser.MarkupEngine - Header separator found
18:49:42.501 WARN  org.jbake.parser.MarkupEngine - Parsing skipped (missing type or status value in header meta data) for file /home/csmajs/jgarc271/git/jbake-testing-and-verification/jbake-core/build/resources/test/fixture/content/blog/invalid_header.html!
18:49:42.502 WARN  org.jbake.app.Crawler - /home/csmajs/jgarc271/git/jbake-testing-and-verification/jbake-core/build/resources/test/fixture/content/blog/invalid_header.html has an invalid header, it has been ignored!
18:49:42.502 INFO  org.jbake.app.Crawler - Processing [/home/csmajs/jgarc271/git/jbake-testing-and-verification/jbake-core/build/resources/test/fixture/content/blog/invalid_header.html]...  : new 
18:49:42.502 DEBUG org.jbake.parser.MarkupEngine - Type property found
18:49:42.502 DEBUG org.jbake.parser.MarkupEngine - Status property found
18:49:42.502 DEBUG org.jbake.parser.MarkupEngine - Header separator found
18:49:42.503 INFO  org.jbake.app.Crawler - Processing [/home/csmajs/jgarc271/git/jbake-testing-and-verification/jbake-core/build/resources/test/fixture/content/index2.html]...  : new 
18:49:42.504 DEBUG org.jbake.parser.MarkupEngine - Type property found
18:49:42.504 DEBUG org.jbake.parser.MarkupEngine - Status property found
18:49:42.504 DEBUG org.jbake.parser.MarkupEngine - Header separator found
18:49:42.519 INFO  org.jbake.app.Crawler - Processing [/home/csmajs/jgarc271/git/jbake-testing-and-verification/jbake-core/build/resources/test/fixture/content/papers/draft-paper.html]...  : new 
18:49:42.521 DEBUG org.jbake.parser.MarkupEngine - Type property found
18:49:42.521 DEBUG org.jbake.parser.MarkupEngine - Status property found
18:49:42.521 DEBUG org.jbake.parser.MarkupEngine - Header separator found
18:49:42.521 INFO  org.jbake.app.Crawler - Processing [/home/csmajs/jgarc271/git/jbake-testing-and-verification/jbake-core/build/resources/test/fixture/content/papers/published-paper.html]...  : new 
18:49:42.522 DEBUG org.jbake.parser.MarkupEngine - Type property found
18:49:42.522 DEBUG org.jbake.parser.MarkupEngine - Status property found
18:49:42.522 DEBUG org.jbake.parser.MarkupEngine - Header separator found
18:49:42.523 INFO  org.jbake.app.Crawler - Processing [/home/csmajs/jgarc271/git/jbake-testing-and-verification/jbake-core/build/resources/test/fixture/content/projects.html]...  : new 
18:49:42.523 INFO  org.jbake.app.Crawler - Content detected:
18:49:42.523 INFO  org.jbake.app.Crawler - Parsed 3 files of type: page
18:49:42.523 INFO  org.jbake.app.Crawler - Parsed 4 files of type: post
18:49:42.534 DEBUG org.jbake.parser.MarkupEngine - Type property found
18:49:42.534 DEBUG org.jbake.parser.MarkupEngine - Status property found
18:49:42.534 DEBUG org.jbake.parser.MarkupEngine - Header separator found
18:49:42.565 INFO  org.jbake.app.Renderer - Rendering [/tmp/junit4604967501239269585/second-post.html]... done!
18:49:42.569 INFO  c.o.o.c.s.m.ODirectMemoryStorage - Storage 'memory:/tmp/junit4604967501239269585/documents1584064173287' is created under OrientDB distribution : 3.0.14 - Veloce (build ac128c5a9ba4c6dc9d25a32b92962d8863774423, branch 3.0.x)
18:49:43.588 DEBUG org.jbake.app.ContentStore - Create document class 'page'
18:49:43.610 DEBUG org.jbake.app.ContentStore - Create document class 'post'
18:49:43.634 DEBUG org.jbake.app.ContentStore - Create document class 'masterindex'
18:49:43.661 DEBUG org.jbake.app.ContentStore - Create document class 'archive'
18:49:43.692 DEBUG org.jbake.app.ContentStore - Create document class 'feed'
18:49:43.746 DEBUG org.jbake.parser.MarkupEngine - Type property found
18:49:43.746 DEBUG org.jbake.parser.MarkupEngine - Status property found
18:49:43.746 DEBUG org.jbake.parser.MarkupEngine - Header separator found
18:49:43.747 INFO  org.jbake.app.Crawler - Processing [/home/csmajs/jgarc271/git/jbake-testing-and-verification/jbake-core/build/resources/test/fixture/content/about.html]...  : new 
18:49:43.748 DEBUG org.jbake.parser.MarkupEngine - Type property found
18:49:43.748 DEBUG org.jbake.parser.MarkupEngine - Status property found
18:49:43.748 DEBUG org.jbake.parser.MarkupEngine - Header separator found
18:49:43.760 INFO  org.jbake.app.Crawler - Processing [/home/csmajs/jgarc271/git/jbake-testing-and-verification/jbake-core/build/resources/test/fixture/content/allcontent.html]...  : new 
18:49:43.765 DEBUG org.jbake.parser.MarkupEngine - Type property found
18:49:43.765 DEBUG org.jbake.parser.MarkupEngine - Status property found
18:49:43.765 DEBUG org.jbake.parser.MarkupEngine - Header separator found
18:49:43.765 INFO  org.jbake.app.Crawler - Processing [/home/csmajs/jgarc271/git/jbake-testing-and-verification/jbake-core/build/resources/test/fixture/content/blog/2012/first-post.html]...  : new 
18:49:43.767 DEBUG org.jbake.parser.MarkupEngine - Type property found
18:49:43.767 DEBUG org.jbake.parser.MarkupEngine - Status property found
18:49:43.767 DEBUG org.jbake.parser.MarkupEngine - Header separator found
18:49:43.768 INFO  org.jbake.app.Crawler - Processing [/home/csmajs/jgarc271/git/jbake-testing-and-verification/jbake-core/build/resources/test/fixture/content/blog/2013/second-post.html]...  : new 
18:49:43.769 DEBUG org.jbake.parser.MarkupEngine - Type property found
18:49:43.769 DEBUG org.jbake.parser.MarkupEngine - Status property found
18:49:43.769 DEBUG org.jbake.parser.MarkupEngine - Header separator found
18:49:43.770 INFO  org.jbake.app.Crawler - Processing [/home/csmajs/jgarc271/git/jbake-testing-and-verification/jbake-core/build/resources/test/fixture/content/blog/2016/another-post.html]...  : new 
18:49:43.771 DEBUG org.jbake.parser.MarkupEngine - Type property found
18:49:43.771 DEBUG org.jbake.parser.MarkupEngine - Status property found
18:49:43.771 DEBUG org.jbake.parser.MarkupEngine - Header separator found
18:49:43.771 INFO  org.jbake.app.Crawler - Processing [/home/csmajs/jgarc271/git/jbake-testing-and-verification/jbake-core/build/resources/test/fixture/content/blog/2016/draft-post.html]...  : new 
18:49:43.772 DEBUG org.jbake.parser.MarkupEngine - Header separator found
18:49:43.772 WARN  org.jbake.parser.MarkupEngine - Parsing skipped (missing type or status value in header meta data) for file /home/csmajs/jgarc271/git/jbake-testing-and-verification/jbake-core/build/resources/test/fixture/content/blog/invalid_header.html!
18:49:43.772 WARN  org.jbake.app.Crawler - /home/csmajs/jgarc271/git/jbake-testing-and-verification/jbake-core/build/resources/test/fixture/content/blog/invalid_header.html has an invalid header, it has been ignored!
18:49:43.772 INFO  org.jbake.app.Crawler - Processing [/home/csmajs/jgarc271/git/jbake-testing-and-verification/jbake-core/build/resources/test/fixture/content/blog/invalid_header.html]...  : new 
18:49:43.773 DEBUG org.jbake.parser.MarkupEngine - Type property found
18:49:43.773 DEBUG org.jbake.parser.MarkupEngine - Status property found
18:49:43.773 DEBUG org.jbake.parser.MarkupEngine - Header separator found
18:49:43.774 INFO  org.jbake.app.Crawler - Processing [/home/csmajs/jgarc271/git/jbake-testing-and-verification/jbake-core/build/resources/test/fixture/content/index2.html]...  : new 
18:49:43.775 DEBUG org.jbake.parser.MarkupEngine - Type property found
18:49:43.775 DEBUG org.jbake.parser.MarkupEngine - Status property found
18:49:43.775 DEBUG org.jbake.parser.MarkupEngine - Header separator found
18:49:43.789 INFO  org.jbake.app.Crawler - Processing [/home/csmajs/jgarc271/git/jbake-testing-and-verification/jbake-core/build/resources/test/fixture/content/papers/draft-paper.html]...  : new 
18:49:43.791 DEBUG org.jbake.parser.MarkupEngine - Type property found
18:49:43.791 DEBUG org.jbake.parser.MarkupEngine - Status property found
18:49:43.791 DEBUG org.jbake.parser.MarkupEngine - Header separator found
18:49:43.792 INFO  org.jbake.app.Crawler - Processing [/home/csmajs/jgarc271/git/jbake-testing-and-verification/jbake-core/build/resources/test/fixture/content/papers/published-paper.html]...  : new 
18:49:43.793 DEBUG org.jbake.parser.MarkupEngine - Type property found
18:49:43.793 DEBUG org.jbake.parser.MarkupEngine - Status property found
18:49:43.793 DEBUG org.jbake.parser.MarkupEngine - Header separator found
18:49:43.793 INFO  org.jbake.app.Crawler - Processing [/home/csmajs/jgarc271/git/jbake-testing-and-verification/jbake-core/build/resources/test/fixture/content/projects.html]...  : new 
18:49:43.793 INFO  org.jbake.app.Crawler - Content detected:
18:49:43.793 INFO  org.jbake.app.Crawler - Parsed 3 files of type: page
18:49:43.793 INFO  org.jbake.app.Crawler - Parsed 4 files of type: post
18:49:43.808 INFO  o.j.t.DelegatingTemplateEngine - Default template: tags.ftl was not found, searching for others...
18:49:43.809 INFO  o.j.t.DelegatingTemplateEngine - Found alternative template file: tags.thyme using this instead
18:49:43.822 INFO  org.jbake.app.Renderer - Rendering tag [/tmp/junit4604967501239269585/tags/blog.html]... done!
18:49:43.824 INFO  o.j.t.DelegatingTemplateEngine - Default template: tags-index.ftl was not found, searching for others...
18:49:43.824 INFO  o.j.t.DelegatingTemplateEngine - Found alternative template file: tags-index.thyme using this instead
18:49:43.835 INFO  org.jbake.app.Renderer - Rendering tagindex [/tmp/junit4604967501239269585/tags/index.html]... done!
18:49:43.839 INFO  c.o.o.c.s.m.ODirectMemoryStorage - Storage 'memory:/tmp/junit4604967501239269585/documents1584064173287' is created under OrientDB distribution : 3.0.14 - Veloce (build ac128c5a9ba4c6dc9d25a32b92962d8863774423, branch 3.0.x)
18:49:44.862 DEBUG org.jbake.app.ContentStore - Create document class 'page'
18:49:44.884 DEBUG org.jbake.app.ContentStore - Create document class 'post'
18:49:44.909 DEBUG org.jbake.app.ContentStore - Create document class 'masterindex'
18:49:44.936 DEBUG org.jbake.app.ContentStore - Create document class 'archive'
18:49:44.967 DEBUG org.jbake.app.ContentStore - Create document class 'feed'
18:49:45.022 DEBUG org.jbake.parser.MarkupEngine - Type property found
18:49:45.022 DEBUG org.jbake.parser.MarkupEngine - Status property found
18:49:45.022 DEBUG org.jbake.parser.MarkupEngine - Header separator found
18:49:45.023 INFO  org.jbake.app.Crawler - Processing [/home/csmajs/jgarc271/git/jbake-testing-and-verification/jbake-core/build/resources/test/fixture/content/about.html]...  : new 
18:49:45.024 DEBUG org.jbake.parser.MarkupEngine - Type property found
18:49:45.024 DEBUG org.jbake.parser.MarkupEngine - Status property found
18:49:45.024 DEBUG org.jbake.parser.MarkupEngine - Header separator found
18:49:45.036 INFO  org.jbake.app.Crawler - Processing [/home/csmajs/jgarc271/git/jbake-testing-and-verification/jbake-core/build/resources/test/fixture/content/allcontent.html]...  : new 
18:49:45.040 DEBUG org.jbake.parser.MarkupEngine - Type property found
18:49:45.041 DEBUG org.jbake.parser.MarkupEngine - Status property found
18:49:45.041 DEBUG org.jbake.parser.MarkupEngine - Header separator found
18:49:45.041 INFO  org.jbake.app.Crawler - Processing [/home/csmajs/jgarc271/git/jbake-testing-and-verification/jbake-core/build/resources/test/fixture/content/blog/2012/first-post.html]...  : new 
18:49:45.043 DEBUG org.jbake.parser.MarkupEngine - Type property found
18:49:45.043 DEBUG org.jbake.parser.MarkupEngine - Status property found
18:49:45.043 DEBUG org.jbake.parser.MarkupEngine - Header separator found
18:49:45.044 INFO  org.jbake.app.Crawler - Processing [/home/csmajs/jgarc271/git/jbake-testing-and-verification/jbake-core/build/resources/test/fixture/content/blog/2013/second-post.html]...  : new 
18:49:45.045 DEBUG org.jbake.parser.MarkupEngine - Type property found
18:49:45.045 DEBUG org.jbake.parser.MarkupEngine - Status property found
18:49:45.045 DEBUG org.jbake.parser.MarkupEngine - Header separator found
18:49:45.046 INFO  org.jbake.app.Crawler - Processing [/home/csmajs/jgarc271/git/jbake-testing-and-verification/jbake-core/build/resources/test/fixture/content/blog/2016/another-post.html]...  : new 
18:49:45.047 DEBUG org.jbake.parser.MarkupEngine - Type property found
18:49:45.047 DEBUG org.jbake.parser.MarkupEngine - Status property found
18:49:45.047 DEBUG org.jbake.parser.MarkupEngine - Header separator found
18:49:45.047 INFO  org.jbake.app.Crawler - Processing [/home/csmajs/jgarc271/git/jbake-testing-and-verification/jbake-core/build/resources/test/fixture/content/blog/2016/draft-post.html]...  : new 
18:49:45.048 DEBUG org.jbake.parser.MarkupEngine - Header separator found
18:49:45.048 WARN  org.jbake.parser.MarkupEngine - Parsing skipped (missing type or status value in header meta data) for file /home/csmajs/jgarc271/git/jbake-testing-and-verification/jbake-core/build/resources/test/fixture/content/blog/invalid_header.html!
18:49:45.048 WARN  org.jbake.app.Crawler - /home/csmajs/jgarc271/git/jbake-testing-and-verification/jbake-core/build/resources/test/fixture/content/blog/invalid_header.html has an invalid header, it has been ignored!
18:49:45.048 INFO  org.jbake.app.Crawler - Processing [/home/csmajs/jgarc271/git/jbake-testing-and-verification/jbake-core/build/resources/test/fixture/content/blog/invalid_header.html]...  : new 
18:49:45.049 DEBUG org.jbake.parser.MarkupEngine - Type property found
18:49:45.049 DEBUG org.jbake.parser.MarkupEngine - Status property found
18:49:45.049 DEBUG org.jbake.parser.MarkupEngine - Header separator found
18:49:45.049 INFO  org.jbake.app.Crawler - Processing [/home/csmajs/jgarc271/git/jbake-testing-and-verification/jbake-core/build/resources/test/fixture/content/index2.html]...  : new 
18:49:45.051 DEBUG org.jbake.parser.MarkupEngine - Type property found
18:49:45.051 DEBUG org.jbake.parser.MarkupEngine - Status property found
18:49:45.051 DEBUG org.jbake.parser.MarkupEngine - Header separator found
18:49:45.065 INFO  org.jbake.app.Crawler - Processing [/home/csmajs/jgarc271/git/jbake-testing-and-verification/jbake-core/build/resources/test/fixture/content/papers/draft-paper.html]...  : new 
18:49:45.067 DEBUG org.jbake.parser.MarkupEngine - Type property found
18:49:45.067 DEBUG org.jbake.parser.MarkupEngine - Status property found
18:49:45.067 DEBUG org.jbake.parser.MarkupEngine - Header separator found
18:49:45.068 INFO  org.jbake.app.Crawler - Processing [/home/csmajs/jgarc271/git/jbake-testing-and-verification/jbake-core/build/resources/test/fixture/content/papers/published-paper.html]...  : new 
18:49:45.069 DEBUG org.jbake.parser.MarkupEngine - Type property found
18:49:45.069 DEBUG org.jbake.parser.MarkupEngine - Status property found
18:49:45.069 DEBUG org.jbake.parser.MarkupEngine - Header separator found
18:49:45.069 INFO  org.jbake.app.Crawler - Processing [/home/csmajs/jgarc271/git/jbake-testing-and-verification/jbake-core/build/resources/test/fixture/content/projects.html]...  : new 
18:49:45.069 INFO  org.jbake.app.Crawler - Content detected:
18:49:45.069 INFO  org.jbake.app.Crawler - Parsed 3 files of type: page
18:49:45.069 INFO  org.jbake.app.Crawler - Parsed 4 files of type: post
18:49:45.080 INFO  org.jbake.template.ModelExtractors - register new extractors for document type: paper
18:49:45.082 INFO  o.j.t.DelegatingTemplateEngine - Default template: sitemap.ftl was not found, searching for others...
18:49:45.082 INFO  o.j.t.DelegatingTemplateEngine - Found alternative template file: sitemap.thyme using this instead
18:49:45.113 INFO  org.jbake.app.Renderer - Rendering sitemap [/tmp/junit4604967501239269585/sitemap.xml]... done!
]]></system-out>
  <system-err><![CDATA[]]></system-err>
</testsuite>
