<?xml version="1.0" encoding="UTF-8"?>
<testsuite name="org.jbake.app.OvenTest" tests="5" skipped="0" failures="0" errors="0" timestamp="2020-03-13T01:15:27" hostname="bolt.cs.ucr.edu" time="4.132">
  <properties/>
  <testcase name="bakeWithAbsolutePaths" classname="org.jbake.app.OvenTest" time="3.1"/>
  <testcase name="shouldInspectConfigurationDuringInstantiationFromUtils" classname="org.jbake.app.OvenTest" time="0.003"/>
  <testcase name="shouldInstantiateNeededUtensils" classname="org.jbake.app.OvenTest" time="0.02"/>
  <testcase name="shouldThrowExceptionIfSourceFolderDoesNotExist" classname="org.jbake.app.OvenTest" time="0.003"/>
  <testcase name="shouldCrawlRenderAndCopyAssets" classname="org.jbake.app.OvenTest" time="1.006"/>
  <system-out><![CDATA[18:15:29.174 INFO  org.jbake.app.Oven - Baking has started...
18:15:29.177 INFO  c.o.o.c.s.m.ODirectMemoryStorage - Storage 'memory:cache' is created under OrientDB distribution : 3.0.14 - Veloce (build ac128c5a9ba4c6dc9d25a32b92962d8863774423, branch 3.0.x)
18:15:29.720 DEBUG org.jbake.app.ContentStore - Create document class 'page'
18:15:29.751 DEBUG org.jbake.app.ContentStore - Create document class 'post'
18:15:29.785 DEBUG org.jbake.app.ContentStore - Create document class 'masterindex'
18:15:29.824 DEBUG org.jbake.app.ContentStore - Create document class 'archive'
18:15:29.870 DEBUG org.jbake.app.ContentStore - Create document class 'feed'
18:15:29.951 INFO  org.jbake.template.ModelExtractors - register new extractors for document type: allcontent
18:15:29.951 INFO  org.jbake.template.ModelExtractors - register new extractors for document type: masterindex
18:15:29.951 INFO  org.jbake.template.ModelExtractors - register new extractors for document type: tagsindex
18:15:29.952 INFO  org.jbake.template.ModelExtractors - register new extractors for document type: sitemap
18:15:29.952 DEBUG org.jbake.app.ContentStore - Create document class 'allcontent'
18:15:29.998 DEBUG org.jbake.app.ContentStore - Create document class 'tag'
18:15:30.048 DEBUG org.jbake.app.ContentStore - Create document class 'tagsindex'
18:15:30.103 DEBUG org.jbake.app.ContentStore - Create document class 'sitemap'
18:15:30.194 DEBUG org.jbake.parser.MarkupEngine - Type property found
18:15:30.194 DEBUG org.jbake.parser.MarkupEngine - Status property found
18:15:30.194 DEBUG org.jbake.parser.MarkupEngine - Header separator found
18:15:30.195 INFO  org.jbake.app.Crawler - Processing [/home/csmajs/jgarc271/git/jbake-testing-and-verification/jbake-core/build/resources/test/fixture/content/about.html]...  : new 
18:15:30.198 DEBUG org.jbake.parser.MarkupEngine - Type property found
18:15:30.198 DEBUG org.jbake.parser.MarkupEngine - Status property found
18:15:30.198 DEBUG org.jbake.parser.MarkupEngine - Header separator found
18:15:30.200 INFO  org.jbake.app.Crawler - Processing [/home/csmajs/jgarc271/git/jbake-testing-and-verification/jbake-core/build/resources/test/fixture/content/allcontent.html]...  : new 
18:15:30.205 DEBUG org.jbake.parser.MarkupEngine - Type property found
18:15:30.205 DEBUG org.jbake.parser.MarkupEngine - Status property found
18:15:30.205 DEBUG org.jbake.parser.MarkupEngine - Header separator found
18:15:30.206 INFO  org.jbake.app.Crawler - Processing [/home/csmajs/jgarc271/git/jbake-testing-and-verification/jbake-core/build/resources/test/fixture/content/blog/2012/first-post.html]...  : new 
18:15:30.210 DEBUG org.jbake.parser.MarkupEngine - Type property found
18:15:30.210 DEBUG org.jbake.parser.MarkupEngine - Status property found
18:15:30.211 DEBUG org.jbake.parser.MarkupEngine - Header separator found
18:15:30.213 INFO  org.jbake.app.Crawler - Processing [/home/csmajs/jgarc271/git/jbake-testing-and-verification/jbake-core/build/resources/test/fixture/content/blog/2013/second-post.html]...  : new 
18:15:30.215 DEBUG org.jbake.parser.MarkupEngine - Type property found
18:15:30.215 DEBUG org.jbake.parser.MarkupEngine - Status property found
18:15:30.215 DEBUG org.jbake.parser.MarkupEngine - Header separator found
18:15:30.217 INFO  org.jbake.app.Crawler - Processing [/home/csmajs/jgarc271/git/jbake-testing-and-verification/jbake-core/build/resources/test/fixture/content/blog/2016/another-post.html]...  : new 
18:15:30.219 DEBUG org.jbake.parser.MarkupEngine - Type property found
18:15:30.219 DEBUG org.jbake.parser.MarkupEngine - Status property found
18:15:30.219 DEBUG org.jbake.parser.MarkupEngine - Header separator found
18:15:30.220 INFO  org.jbake.app.Crawler - Processing [/home/csmajs/jgarc271/git/jbake-testing-and-verification/jbake-core/build/resources/test/fixture/content/blog/2016/draft-post.html]...  : new 
18:15:30.222 DEBUG org.jbake.parser.MarkupEngine - Header separator found
18:15:30.222 WARN  org.jbake.parser.MarkupEngine - Parsing skipped (missing type or status value in header meta data) for file /home/csmajs/jgarc271/git/jbake-testing-and-verification/jbake-core/build/resources/test/fixture/content/blog/invalid_header.html!
18:15:30.222 WARN  org.jbake.app.Crawler - /home/csmajs/jgarc271/git/jbake-testing-and-verification/jbake-core/build/resources/test/fixture/content/blog/invalid_header.html has an invalid header, it has been ignored!
18:15:30.222 INFO  org.jbake.app.Crawler - Processing [/home/csmajs/jgarc271/git/jbake-testing-and-verification/jbake-core/build/resources/test/fixture/content/blog/invalid_header.html]...  : new 
18:15:30.224 DEBUG org.jbake.parser.MarkupEngine - Type property found
18:15:30.224 DEBUG org.jbake.parser.MarkupEngine - Status property found
18:15:30.224 DEBUG org.jbake.parser.MarkupEngine - Header separator found
18:15:30.225 INFO  org.jbake.app.Crawler - Processing [/home/csmajs/jgarc271/git/jbake-testing-and-verification/jbake-core/build/resources/test/fixture/content/index2.html]...  : new 
18:15:30.228 DEBUG org.jbake.parser.MarkupEngine - Type property found
18:15:30.228 DEBUG org.jbake.parser.MarkupEngine - Status property found
18:15:30.228 DEBUG org.jbake.parser.MarkupEngine - Header separator found
18:15:30.250 INFO  org.jbake.app.Crawler - Processing [/home/csmajs/jgarc271/git/jbake-testing-and-verification/jbake-core/build/resources/test/fixture/content/papers/draft-paper.html]...  : new 
18:15:30.257 DEBUG org.jbake.parser.MarkupEngine - Type property found
18:15:30.257 DEBUG org.jbake.parser.MarkupEngine - Status property found
18:15:30.257 DEBUG org.jbake.parser.MarkupEngine - Header separator found
18:15:30.257 INFO  org.jbake.app.Crawler - Processing [/home/csmajs/jgarc271/git/jbake-testing-and-verification/jbake-core/build/resources/test/fixture/content/papers/published-paper.html]...  : new 
18:15:30.259 DEBUG org.jbake.parser.MarkupEngine - Type property found
18:15:30.259 DEBUG org.jbake.parser.MarkupEngine - Status property found
18:15:30.259 DEBUG org.jbake.parser.MarkupEngine - Header separator found
18:15:30.261 INFO  org.jbake.app.Crawler - Processing [/home/csmajs/jgarc271/git/jbake-testing-and-verification/jbake-core/build/resources/test/fixture/content/projects.html]...  : new 
18:15:30.261 INFO  org.jbake.app.Crawler - Content detected:
18:15:30.261 INFO  org.jbake.app.Crawler - Parsed 3 files of type: page
18:15:30.261 INFO  org.jbake.app.Crawler - Parsed 4 files of type: post
18:15:30.262 INFO  org.jbake.app.Crawler - Parsed 1 files of type: allcontent
18:15:30.720 INFO  org.jbake.app.Renderer - Rendering archive [/tmp/junit7352082752623782667/output/archive.html]... done!
18:15:30.737 INFO  org.jbake.app.Renderer - Rendering [/tmp/junit7352082752623782667/output/about.html]... done!
18:15:30.742 INFO  org.jbake.app.Renderer - Rendering [/tmp/junit7352082752623782667/output/projects.html]... done!
18:15:30.747 INFO  org.jbake.app.Renderer - Rendering [/tmp/junit7352082752623782667/output/index2.html]... done!
18:15:30.770 INFO  org.jbake.app.Renderer - Rendering [/tmp/junit7352082752623782667/output/blog/2016/draft-post-draft.html]... done!
18:15:30.775 INFO  org.jbake.app.Renderer - Rendering [/tmp/junit7352082752623782667/output/blog/2016/another-post.html]... done!
18:15:30.782 INFO  org.jbake.app.Renderer - Rendering [/tmp/junit7352082752623782667/output/blog/2013/second-post.html]... done!
18:15:30.789 INFO  org.jbake.app.Renderer - Rendering [/tmp/junit7352082752623782667/output/blog/2012/first-post.html]... done!
18:15:30.812 INFO  org.jbake.app.Renderer - Rendering [/tmp/junit7352082752623782667/output/allcontent.html]... done!
18:15:30.829 INFO  org.jbake.app.Renderer - Rendering feed [/tmp/junit7352082752623782667/output/feed.xml]... done!
18:15:30.871 INFO  org.jbake.app.Renderer - Rendering masterindex [/tmp/junit7352082752623782667/output/index.html]... done!
18:15:30.874 INFO  org.jbake.app.Asset - Copying [/home/csmajs/jgarc271/git/jbake-testing-and-verification/jbake-core/build/resources/test/fixture/assets/css/bootstrap-responsive.min.css]... done!
18:15:30.875 INFO  org.jbake.app.Asset - Copying [/home/csmajs/jgarc271/git/jbake-testing-and-verification/jbake-core/build/resources/test/fixture/assets/css/bootstrap.min.css]... done!
18:15:30.876 INFO  org.jbake.app.Asset - Copying [/home/csmajs/jgarc271/git/jbake-testing-and-verification/jbake-core/build/resources/test/fixture/assets/img/glyphicons-halflings-white.png]... done!
18:15:30.877 INFO  org.jbake.app.Asset - Copying [/home/csmajs/jgarc271/git/jbake-testing-and-verification/jbake-core/build/resources/test/fixture/assets/img/glyphicons-halflings.png]... done!
18:15:30.878 INFO  org.jbake.app.Asset - Copying [/home/csmajs/jgarc271/git/jbake-testing-and-verification/jbake-core/build/resources/test/fixture/assets/js/bootstrap.min.js]... done!
18:15:30.879 INFO  org.jbake.app.Asset - Copying [/home/csmajs/jgarc271/git/jbake-testing-and-verification/jbake-core/build/resources/test/fixture/assets/js/html5shiv.js]... done!
18:15:30.880 INFO  org.jbake.app.Asset - Copying [/home/csmajs/jgarc271/git/jbake-testing-and-verification/jbake-core/build/resources/test/fixture/assets/js/jquery-1.9.1.min.js]... done!
18:15:30.884 INFO  org.jbake.app.Asset - Copying [/home/csmajs/jgarc271/git/jbake-testing-and-verification/jbake-core/build/resources/test/fixture/content/blog/2012/images/custom-image.png]... done!
18:15:30.885 INFO  org.jbake.app.Asset - Copying [/home/csmajs/jgarc271/git/jbake-testing-and-verification/jbake-core/build/resources/test/fixture/content/blog/2012/sample.json]... done!
18:15:30.887 INFO  org.jbake.app.Asset - Copying [/home/csmajs/jgarc271/git/jbake-testing-and-verification/jbake-core/build/resources/test/fixture/content/blog/2013/images/custom-image.jpg]... done!
18:15:30.888 INFO  org.jbake.app.Oven - Baking finished!
18:15:30.888 INFO  org.jbake.app.Oven - Baked 11 items in 1714ms
18:15:30.889 INFO  c.o.orient.core.db.OrientDBEmbedded - - shutdown storage: cache...
18:15:30.947 INFO  org.jbake.app.Oven - Baking has started...
18:15:30.949 INFO  c.o.o.c.s.m.ODirectMemoryStorage - Storage 'memory:documents1584062130922' is created under OrientDB distribution : 3.0.14 - Veloce (build ac128c5a9ba4c6dc9d25a32b92962d8863774423, branch 3.0.x)
18:15:31.490 DEBUG org.jbake.app.ContentStore - Create document class 'page'
18:15:31.520 DEBUG org.jbake.app.ContentStore - Create document class 'post'
18:15:31.553 DEBUG org.jbake.app.ContentStore - Create document class 'masterindex'
18:15:31.587 DEBUG org.jbake.app.ContentStore - Create document class 'archive'
18:15:31.626 DEBUG org.jbake.app.ContentStore - Create document class 'feed'
18:15:31.687 INFO  org.jbake.template.ModelExtractors - register new extractors for document type: allcontent
18:15:31.687 INFO  org.jbake.template.ModelExtractors - register new extractors for document type: masterindex
18:15:31.688 INFO  org.jbake.template.ModelExtractors - register new extractors for document type: tagsindex
18:15:31.688 INFO  org.jbake.template.ModelExtractors - register new extractors for document type: sitemap
18:15:31.688 DEBUG org.jbake.app.ContentStore - Create document class 'allcontent'
18:15:31.733 DEBUG org.jbake.app.ContentStore - Create document class 'tag'
18:15:31.782 DEBUG org.jbake.app.ContentStore - Create document class 'tagsindex'
18:15:31.835 DEBUG org.jbake.app.ContentStore - Create document class 'sitemap'
18:15:31.919 INFO  org.jbake.app.Oven - Baking finished!
18:15:31.920 INFO  org.jbake.app.Oven - Baked 3 items in 973ms
18:15:31.920 INFO  c.o.orient.core.db.OrientDBEmbedded - - shutdown storage: documents1584062130922...
]]></system-out>
  <system-err><![CDATA[]]></system-err>
</testsuite>
