<?xml version="1.0" encoding="UTF-8"?>
<testsuite name="org.jbake.app.template.ThymeleafTemplateEngineRenderingTest" tests="9" skipped="0" failures="0" errors="0" timestamp="2020-03-13T04:51:08" hostname="bolt.cs.ucr.edu" time="7.341">
  <properties/>
  <testcase name="renderIndex" classname="org.jbake.app.template.ThymeleafTemplateEngineRenderingTest" time="1.037"/>
  <testcase name="renderArchive" classname="org.jbake.app.template.ThymeleafTemplateEngineRenderingTest" time="0.796"/>
  <testcase name="checkDbTemplateModelIsPopulated" classname="org.jbake.app.template.ThymeleafTemplateEngineRenderingTest" time="0.782"/>
  <testcase name="renderTagsIndex" classname="org.jbake.app.template.ThymeleafTemplateEngineRenderingTest" time="0.803"/>
  <testcase name="renderFeed" classname="org.jbake.app.template.ThymeleafTemplateEngineRenderingTest" time="0.788"/>
  <testcase name="renderPage" classname="org.jbake.app.template.ThymeleafTemplateEngineRenderingTest" time="0.772"/>
  <testcase name="renderPost" classname="org.jbake.app.template.ThymeleafTemplateEngineRenderingTest" time="0.792"/>
  <testcase name="renderTags" classname="org.jbake.app.template.ThymeleafTemplateEngineRenderingTest" time="0.797"/>
  <testcase name="renderSitemap" classname="org.jbake.app.template.ThymeleafTemplateEngineRenderingTest" time="0.774"/>
  <system-out><![CDATA[21:51:08.159 INFO  c.o.o.c.s.m.ODirectMemoryStorage - Storage 'memory:/tmp/junit8783538493216446783/documents1584075068158' is created under OrientDB distribution : 3.0.14 - Veloce (build ac128c5a9ba4c6dc9d25a32b92962d8863774423, branch 3.0.x)
21:51:08.677 DEBUG org.jbake.app.ContentStore - Create document class 'page'
21:51:08.699 DEBUG org.jbake.app.ContentStore - Create document class 'post'
21:51:08.741 DEBUG org.jbake.app.ContentStore - Create document class 'masterindex'
21:51:08.767 DEBUG org.jbake.app.ContentStore - Create document class 'archive'
21:51:08.797 DEBUG org.jbake.app.ContentStore - Create document class 'feed'
21:51:08.851 DEBUG org.jbake.parser.MarkupEngine - Type property found
21:51:08.851 DEBUG org.jbake.parser.MarkupEngine - Status property found
21:51:08.851 DEBUG org.jbake.parser.MarkupEngine - Header separator found
21:51:08.851 INFO  org.jbake.app.Crawler - Processing [/home/csmajs/jgarc271/git/jbake-testing-and-verification/jbake-core/build/resources/test/fixture/content/about.html]...  : new 
21:51:08.852 DEBUG org.jbake.parser.MarkupEngine - Type property found
21:51:08.852 DEBUG org.jbake.parser.MarkupEngine - Status property found
21:51:08.852 DEBUG org.jbake.parser.MarkupEngine - Header separator found
21:51:08.865 INFO  org.jbake.app.Crawler - Processing [/home/csmajs/jgarc271/git/jbake-testing-and-verification/jbake-core/build/resources/test/fixture/content/allcontent.html]...  : new 
21:51:08.869 DEBUG org.jbake.parser.MarkupEngine - Type property found
21:51:08.869 DEBUG org.jbake.parser.MarkupEngine - Status property found
21:51:08.869 DEBUG org.jbake.parser.MarkupEngine - Header separator found
21:51:08.869 INFO  org.jbake.app.Crawler - Processing [/home/csmajs/jgarc271/git/jbake-testing-and-verification/jbake-core/build/resources/test/fixture/content/blog/2012/first-post.html]...  : new 
21:51:08.872 DEBUG org.jbake.parser.MarkupEngine - Type property found
21:51:08.872 DEBUG org.jbake.parser.MarkupEngine - Status property found
21:51:08.872 DEBUG org.jbake.parser.MarkupEngine - Header separator found
21:51:08.872 INFO  org.jbake.app.Crawler - Processing [/home/csmajs/jgarc271/git/jbake-testing-and-verification/jbake-core/build/resources/test/fixture/content/blog/2013/second-post.html]...  : new 
21:51:08.874 DEBUG org.jbake.parser.MarkupEngine - Type property found
21:51:08.874 DEBUG org.jbake.parser.MarkupEngine - Status property found
21:51:08.874 DEBUG org.jbake.parser.MarkupEngine - Header separator found
21:51:08.874 INFO  org.jbake.app.Crawler - Processing [/home/csmajs/jgarc271/git/jbake-testing-and-verification/jbake-core/build/resources/test/fixture/content/blog/2016/another-post.html]...  : new 
21:51:08.875 DEBUG org.jbake.parser.MarkupEngine - Type property found
21:51:08.875 DEBUG org.jbake.parser.MarkupEngine - Status property found
21:51:08.875 DEBUG org.jbake.parser.MarkupEngine - Header separator found
21:51:08.875 INFO  org.jbake.app.Crawler - Processing [/home/csmajs/jgarc271/git/jbake-testing-and-verification/jbake-core/build/resources/test/fixture/content/blog/2016/draft-post.html]...  : new 
21:51:08.876 DEBUG org.jbake.parser.MarkupEngine - Header separator found
21:51:08.877 WARN  org.jbake.parser.MarkupEngine - Parsing skipped (missing type or status value in header meta data) for file /home/csmajs/jgarc271/git/jbake-testing-and-verification/jbake-core/build/resources/test/fixture/content/blog/invalid_header.html!
21:51:08.877 WARN  org.jbake.app.Crawler - /home/csmajs/jgarc271/git/jbake-testing-and-verification/jbake-core/build/resources/test/fixture/content/blog/invalid_header.html has an invalid header, it has been ignored!
21:51:08.877 INFO  org.jbake.app.Crawler - Processing [/home/csmajs/jgarc271/git/jbake-testing-and-verification/jbake-core/build/resources/test/fixture/content/blog/invalid_header.html]...  : new 
21:51:08.877 DEBUG org.jbake.parser.MarkupEngine - Type property found
21:51:08.878 DEBUG org.jbake.parser.MarkupEngine - Status property found
21:51:08.878 DEBUG org.jbake.parser.MarkupEngine - Header separator found
21:51:08.878 INFO  org.jbake.app.Crawler - Processing [/home/csmajs/jgarc271/git/jbake-testing-and-verification/jbake-core/build/resources/test/fixture/content/index2.html]...  : new 
21:51:08.879 DEBUG org.jbake.parser.MarkupEngine - Type property found
21:51:08.879 DEBUG org.jbake.parser.MarkupEngine - Status property found
21:51:08.879 DEBUG org.jbake.parser.MarkupEngine - Header separator found
21:51:08.893 INFO  org.jbake.app.Crawler - Processing [/home/csmajs/jgarc271/git/jbake-testing-and-verification/jbake-core/build/resources/test/fixture/content/papers/draft-paper.html]...  : new 
21:51:08.895 DEBUG org.jbake.parser.MarkupEngine - Type property found
21:51:08.895 DEBUG org.jbake.parser.MarkupEngine - Status property found
21:51:08.895 DEBUG org.jbake.parser.MarkupEngine - Header separator found
21:51:08.895 INFO  org.jbake.app.Crawler - Processing [/home/csmajs/jgarc271/git/jbake-testing-and-verification/jbake-core/build/resources/test/fixture/content/papers/published-paper.html]...  : new 
21:51:08.896 DEBUG org.jbake.parser.MarkupEngine - Type property found
21:51:08.896 DEBUG org.jbake.parser.MarkupEngine - Status property found
21:51:08.896 DEBUG org.jbake.parser.MarkupEngine - Header separator found
21:51:08.897 INFO  org.jbake.app.Crawler - Processing [/home/csmajs/jgarc271/git/jbake-testing-and-verification/jbake-core/build/resources/test/fixture/content/projects.html]...  : new 
21:51:08.897 INFO  org.jbake.app.Crawler - Content detected:
21:51:08.897 INFO  org.jbake.app.Crawler - Parsed 3 files of type: page
21:51:08.897 INFO  org.jbake.app.Crawler - Parsed 4 files of type: post
21:51:09.192 INFO  org.jbake.app.Renderer - Rendering masterindex [/tmp/junit8783538493216446783/index.html]... done!
21:51:09.197 INFO  c.o.o.c.s.m.ODirectMemoryStorage - Storage 'memory:/tmp/junit8783538493216446783/documents1584075068158' is created under OrientDB distribution : 3.0.14 - Veloce (build ac128c5a9ba4c6dc9d25a32b92962d8863774423, branch 3.0.x)
21:51:09.719 DEBUG org.jbake.app.ContentStore - Create document class 'page'
21:51:09.742 DEBUG org.jbake.app.ContentStore - Create document class 'post'
21:51:09.767 DEBUG org.jbake.app.ContentStore - Create document class 'masterindex'
21:51:09.795 DEBUG org.jbake.app.ContentStore - Create document class 'archive'
21:51:09.826 DEBUG org.jbake.app.ContentStore - Create document class 'feed'
21:51:09.881 DEBUG org.jbake.parser.MarkupEngine - Type property found
21:51:09.882 DEBUG org.jbake.parser.MarkupEngine - Status property found
21:51:09.882 DEBUG org.jbake.parser.MarkupEngine - Header separator found
21:51:09.882 INFO  org.jbake.app.Crawler - Processing [/home/csmajs/jgarc271/git/jbake-testing-and-verification/jbake-core/build/resources/test/fixture/content/about.html]...  : new 
21:51:09.883 DEBUG org.jbake.parser.MarkupEngine - Type property found
21:51:09.883 DEBUG org.jbake.parser.MarkupEngine - Status property found
21:51:09.883 DEBUG org.jbake.parser.MarkupEngine - Header separator found
21:51:09.896 INFO  org.jbake.app.Crawler - Processing [/home/csmajs/jgarc271/git/jbake-testing-and-verification/jbake-core/build/resources/test/fixture/content/allcontent.html]...  : new 
21:51:09.901 DEBUG org.jbake.parser.MarkupEngine - Type property found
21:51:09.901 DEBUG org.jbake.parser.MarkupEngine - Status property found
21:51:09.901 DEBUG org.jbake.parser.MarkupEngine - Header separator found
21:51:09.901 INFO  org.jbake.app.Crawler - Processing [/home/csmajs/jgarc271/git/jbake-testing-and-verification/jbake-core/build/resources/test/fixture/content/blog/2012/first-post.html]...  : new 
21:51:09.903 DEBUG org.jbake.parser.MarkupEngine - Type property found
21:51:09.903 DEBUG org.jbake.parser.MarkupEngine - Status property found
21:51:09.904 DEBUG org.jbake.parser.MarkupEngine - Header separator found
21:51:09.904 INFO  org.jbake.app.Crawler - Processing [/home/csmajs/jgarc271/git/jbake-testing-and-verification/jbake-core/build/resources/test/fixture/content/blog/2013/second-post.html]...  : new 
21:51:09.905 DEBUG org.jbake.parser.MarkupEngine - Type property found
21:51:09.905 DEBUG org.jbake.parser.MarkupEngine - Status property found
21:51:09.905 DEBUG org.jbake.parser.MarkupEngine - Header separator found
21:51:09.906 INFO  org.jbake.app.Crawler - Processing [/home/csmajs/jgarc271/git/jbake-testing-and-verification/jbake-core/build/resources/test/fixture/content/blog/2016/another-post.html]...  : new 
21:51:09.907 DEBUG org.jbake.parser.MarkupEngine - Type property found
21:51:09.907 DEBUG org.jbake.parser.MarkupEngine - Status property found
21:51:09.907 DEBUG org.jbake.parser.MarkupEngine - Header separator found
21:51:09.907 INFO  org.jbake.app.Crawler - Processing [/home/csmajs/jgarc271/git/jbake-testing-and-verification/jbake-core/build/resources/test/fixture/content/blog/2016/draft-post.html]...  : new 
21:51:09.908 DEBUG org.jbake.parser.MarkupEngine - Header separator found
21:51:09.908 WARN  org.jbake.parser.MarkupEngine - Parsing skipped (missing type or status value in header meta data) for file /home/csmajs/jgarc271/git/jbake-testing-and-verification/jbake-core/build/resources/test/fixture/content/blog/invalid_header.html!
21:51:09.908 WARN  org.jbake.app.Crawler - /home/csmajs/jgarc271/git/jbake-testing-and-verification/jbake-core/build/resources/test/fixture/content/blog/invalid_header.html has an invalid header, it has been ignored!
21:51:09.908 INFO  org.jbake.app.Crawler - Processing [/home/csmajs/jgarc271/git/jbake-testing-and-verification/jbake-core/build/resources/test/fixture/content/blog/invalid_header.html]...  : new 
21:51:09.909 DEBUG org.jbake.parser.MarkupEngine - Type property found
21:51:09.909 DEBUG org.jbake.parser.MarkupEngine - Status property found
21:51:09.909 DEBUG org.jbake.parser.MarkupEngine - Header separator found
21:51:09.910 INFO  org.jbake.app.Crawler - Processing [/home/csmajs/jgarc271/git/jbake-testing-and-verification/jbake-core/build/resources/test/fixture/content/index2.html]...  : new 
21:51:09.911 DEBUG org.jbake.parser.MarkupEngine - Type property found
21:51:09.911 DEBUG org.jbake.parser.MarkupEngine - Status property found
21:51:09.911 DEBUG org.jbake.parser.MarkupEngine - Header separator found
21:51:09.925 INFO  org.jbake.app.Crawler - Processing [/home/csmajs/jgarc271/git/jbake-testing-and-verification/jbake-core/build/resources/test/fixture/content/papers/draft-paper.html]...  : new 
21:51:09.929 DEBUG org.jbake.parser.MarkupEngine - Type property found
21:51:09.929 DEBUG org.jbake.parser.MarkupEngine - Status property found
21:51:09.929 DEBUG org.jbake.parser.MarkupEngine - Header separator found
21:51:09.929 INFO  org.jbake.app.Crawler - Processing [/home/csmajs/jgarc271/git/jbake-testing-and-verification/jbake-core/build/resources/test/fixture/content/papers/published-paper.html]...  : new 
21:51:09.930 DEBUG org.jbake.parser.MarkupEngine - Type property found
21:51:09.930 DEBUG org.jbake.parser.MarkupEngine - Status property found
21:51:09.930 DEBUG org.jbake.parser.MarkupEngine - Header separator found
21:51:09.930 INFO  org.jbake.app.Crawler - Processing [/home/csmajs/jgarc271/git/jbake-testing-and-verification/jbake-core/build/resources/test/fixture/content/projects.html]...  : new 
21:51:09.930 INFO  org.jbake.app.Crawler - Content detected:
21:51:09.931 INFO  org.jbake.app.Crawler - Parsed 3 files of type: page
21:51:09.931 INFO  org.jbake.app.Crawler - Parsed 4 files of type: post
21:51:09.989 INFO  org.jbake.app.Renderer - Rendering archive [/tmp/junit8783538493216446783/archive.html]... done!
21:51:09.993 INFO  c.o.o.c.s.m.ODirectMemoryStorage - Storage 'memory:/tmp/junit8783538493216446783/documents1584075068158' is created under OrientDB distribution : 3.0.14 - Veloce (build ac128c5a9ba4c6dc9d25a32b92962d8863774423, branch 3.0.x)
21:51:10.511 DEBUG org.jbake.app.ContentStore - Create document class 'page'
21:51:10.534 DEBUG org.jbake.app.ContentStore - Create document class 'post'
21:51:10.559 DEBUG org.jbake.app.ContentStore - Create document class 'masterindex'
21:51:10.586 DEBUG org.jbake.app.ContentStore - Create document class 'archive'
21:51:10.617 DEBUG org.jbake.app.ContentStore - Create document class 'feed'
21:51:10.672 DEBUG org.jbake.parser.MarkupEngine - Type property found
21:51:10.672 DEBUG org.jbake.parser.MarkupEngine - Status property found
21:51:10.672 DEBUG org.jbake.parser.MarkupEngine - Header separator found
21:51:10.673 INFO  org.jbake.app.Crawler - Processing [/home/csmajs/jgarc271/git/jbake-testing-and-verification/jbake-core/build/resources/test/fixture/content/about.html]...  : new 
21:51:10.674 DEBUG org.jbake.parser.MarkupEngine - Type property found
21:51:10.674 DEBUG org.jbake.parser.MarkupEngine - Status property found
21:51:10.674 DEBUG org.jbake.parser.MarkupEngine - Header separator found
21:51:10.687 INFO  org.jbake.app.Crawler - Processing [/home/csmajs/jgarc271/git/jbake-testing-and-verification/jbake-core/build/resources/test/fixture/content/allcontent.html]...  : new 
21:51:10.690 DEBUG org.jbake.parser.MarkupEngine - Type property found
21:51:10.690 DEBUG org.jbake.parser.MarkupEngine - Status property found
21:51:10.690 DEBUG org.jbake.parser.MarkupEngine - Header separator found
21:51:10.691 INFO  org.jbake.app.Crawler - Processing [/home/csmajs/jgarc271/git/jbake-testing-and-verification/jbake-core/build/resources/test/fixture/content/blog/2012/first-post.html]...  : new 
21:51:10.693 DEBUG org.jbake.parser.MarkupEngine - Type property found
21:51:10.693 DEBUG org.jbake.parser.MarkupEngine - Status property found
21:51:10.693 DEBUG org.jbake.parser.MarkupEngine - Header separator found
21:51:10.693 INFO  org.jbake.app.Crawler - Processing [/home/csmajs/jgarc271/git/jbake-testing-and-verification/jbake-core/build/resources/test/fixture/content/blog/2013/second-post.html]...  : new 
21:51:10.695 DEBUG org.jbake.parser.MarkupEngine - Type property found
21:51:10.695 DEBUG org.jbake.parser.MarkupEngine - Status property found
21:51:10.695 DEBUG org.jbake.parser.MarkupEngine - Header separator found
21:51:10.695 INFO  org.jbake.app.Crawler - Processing [/home/csmajs/jgarc271/git/jbake-testing-and-verification/jbake-core/build/resources/test/fixture/content/blog/2016/another-post.html]...  : new 
21:51:10.696 DEBUG org.jbake.parser.MarkupEngine - Type property found
21:51:10.696 DEBUG org.jbake.parser.MarkupEngine - Status property found
21:51:10.696 DEBUG org.jbake.parser.MarkupEngine - Header separator found
21:51:10.697 INFO  org.jbake.app.Crawler - Processing [/home/csmajs/jgarc271/git/jbake-testing-and-verification/jbake-core/build/resources/test/fixture/content/blog/2016/draft-post.html]...  : new 
21:51:10.698 DEBUG org.jbake.parser.MarkupEngine - Header separator found
21:51:10.698 WARN  org.jbake.parser.MarkupEngine - Parsing skipped (missing type or status value in header meta data) for file /home/csmajs/jgarc271/git/jbake-testing-and-verification/jbake-core/build/resources/test/fixture/content/blog/invalid_header.html!
21:51:10.698 WARN  org.jbake.app.Crawler - /home/csmajs/jgarc271/git/jbake-testing-and-verification/jbake-core/build/resources/test/fixture/content/blog/invalid_header.html has an invalid header, it has been ignored!
21:51:10.698 INFO  org.jbake.app.Crawler - Processing [/home/csmajs/jgarc271/git/jbake-testing-and-verification/jbake-core/build/resources/test/fixture/content/blog/invalid_header.html]...  : new 
21:51:10.698 DEBUG org.jbake.parser.MarkupEngine - Type property found
21:51:10.698 DEBUG org.jbake.parser.MarkupEngine - Status property found
21:51:10.698 DEBUG org.jbake.parser.MarkupEngine - Header separator found
21:51:10.699 INFO  org.jbake.app.Crawler - Processing [/home/csmajs/jgarc271/git/jbake-testing-and-verification/jbake-core/build/resources/test/fixture/content/index2.html]...  : new 
21:51:10.700 DEBUG org.jbake.parser.MarkupEngine - Type property found
21:51:10.700 DEBUG org.jbake.parser.MarkupEngine - Status property found
21:51:10.700 DEBUG org.jbake.parser.MarkupEngine - Header separator found
21:51:10.714 INFO  org.jbake.app.Crawler - Processing [/home/csmajs/jgarc271/git/jbake-testing-and-verification/jbake-core/build/resources/test/fixture/content/papers/draft-paper.html]...  : new 
21:51:10.717 DEBUG org.jbake.parser.MarkupEngine - Type property found
21:51:10.717 DEBUG org.jbake.parser.MarkupEngine - Status property found
21:51:10.717 DEBUG org.jbake.parser.MarkupEngine - Header separator found
21:51:10.717 INFO  org.jbake.app.Crawler - Processing [/home/csmajs/jgarc271/git/jbake-testing-and-verification/jbake-core/build/resources/test/fixture/content/papers/published-paper.html]...  : new 
21:51:10.718 DEBUG org.jbake.parser.MarkupEngine - Type property found
21:51:10.718 DEBUG org.jbake.parser.MarkupEngine - Status property found
21:51:10.718 DEBUG org.jbake.parser.MarkupEngine - Header separator found
21:51:10.718 INFO  org.jbake.app.Crawler - Processing [/home/csmajs/jgarc271/git/jbake-testing-and-verification/jbake-core/build/resources/test/fixture/content/projects.html]...  : new 
21:51:10.718 INFO  org.jbake.app.Crawler - Content detected:
21:51:10.719 INFO  org.jbake.app.Crawler - Parsed 3 files of type: page
21:51:10.719 INFO  org.jbake.app.Crawler - Parsed 4 files of type: post
21:51:10.771 INFO  org.jbake.app.Renderer - Rendering masterindex [/tmp/junit8783538493216446783/index.html]... done!
21:51:10.774 INFO  c.o.o.c.s.m.ODirectMemoryStorage - Storage 'memory:/tmp/junit8783538493216446783/documents1584075068158' is created under OrientDB distribution : 3.0.14 - Veloce (build ac128c5a9ba4c6dc9d25a32b92962d8863774423, branch 3.0.x)
21:51:11.293 DEBUG org.jbake.app.ContentStore - Create document class 'page'
21:51:11.315 DEBUG org.jbake.app.ContentStore - Create document class 'post'
21:51:11.339 DEBUG org.jbake.app.ContentStore - Create document class 'masterindex'
21:51:11.367 DEBUG org.jbake.app.ContentStore - Create document class 'archive'
21:51:11.397 DEBUG org.jbake.app.ContentStore - Create document class 'feed'
21:51:11.452 DEBUG org.jbake.parser.MarkupEngine - Type property found
21:51:11.452 DEBUG org.jbake.parser.MarkupEngine - Status property found
21:51:11.452 DEBUG org.jbake.parser.MarkupEngine - Header separator found
21:51:11.453 INFO  org.jbake.app.Crawler - Processing [/home/csmajs/jgarc271/git/jbake-testing-and-verification/jbake-core/build/resources/test/fixture/content/about.html]...  : new 
21:51:11.454 DEBUG org.jbake.parser.MarkupEngine - Type property found
21:51:11.454 DEBUG org.jbake.parser.MarkupEngine - Status property found
21:51:11.454 DEBUG org.jbake.parser.MarkupEngine - Header separator found
21:51:11.467 INFO  org.jbake.app.Crawler - Processing [/home/csmajs/jgarc271/git/jbake-testing-and-verification/jbake-core/build/resources/test/fixture/content/allcontent.html]...  : new 
21:51:11.471 DEBUG org.jbake.parser.MarkupEngine - Type property found
21:51:11.471 DEBUG org.jbake.parser.MarkupEngine - Status property found
21:51:11.471 DEBUG org.jbake.parser.MarkupEngine - Header separator found
21:51:11.471 INFO  org.jbake.app.Crawler - Processing [/home/csmajs/jgarc271/git/jbake-testing-and-verification/jbake-core/build/resources/test/fixture/content/blog/2012/first-post.html]...  : new 
21:51:11.474 DEBUG org.jbake.parser.MarkupEngine - Type property found
21:51:11.474 DEBUG org.jbake.parser.MarkupEngine - Status property found
21:51:11.474 DEBUG org.jbake.parser.MarkupEngine - Header separator found
21:51:11.474 INFO  org.jbake.app.Crawler - Processing [/home/csmajs/jgarc271/git/jbake-testing-and-verification/jbake-core/build/resources/test/fixture/content/blog/2013/second-post.html]...  : new 
21:51:11.476 DEBUG org.jbake.parser.MarkupEngine - Type property found
21:51:11.476 DEBUG org.jbake.parser.MarkupEngine - Status property found
21:51:11.476 DEBUG org.jbake.parser.MarkupEngine - Header separator found
21:51:11.476 INFO  org.jbake.app.Crawler - Processing [/home/csmajs/jgarc271/git/jbake-testing-and-verification/jbake-core/build/resources/test/fixture/content/blog/2016/another-post.html]...  : new 
21:51:11.477 DEBUG org.jbake.parser.MarkupEngine - Type property found
21:51:11.477 DEBUG org.jbake.parser.MarkupEngine - Status property found
21:51:11.477 DEBUG org.jbake.parser.MarkupEngine - Header separator found
21:51:11.478 INFO  org.jbake.app.Crawler - Processing [/home/csmajs/jgarc271/git/jbake-testing-and-verification/jbake-core/build/resources/test/fixture/content/blog/2016/draft-post.html]...  : new 
21:51:11.479 DEBUG org.jbake.parser.MarkupEngine - Header separator found
21:51:11.479 WARN  org.jbake.parser.MarkupEngine - Parsing skipped (missing type or status value in header meta data) for file /home/csmajs/jgarc271/git/jbake-testing-and-verification/jbake-core/build/resources/test/fixture/content/blog/invalid_header.html!
21:51:11.479 WARN  org.jbake.app.Crawler - /home/csmajs/jgarc271/git/jbake-testing-and-verification/jbake-core/build/resources/test/fixture/content/blog/invalid_header.html has an invalid header, it has been ignored!
21:51:11.479 INFO  org.jbake.app.Crawler - Processing [/home/csmajs/jgarc271/git/jbake-testing-and-verification/jbake-core/build/resources/test/fixture/content/blog/invalid_header.html]...  : new 
21:51:11.480 DEBUG org.jbake.parser.MarkupEngine - Type property found
21:51:11.480 DEBUG org.jbake.parser.MarkupEngine - Status property found
21:51:11.480 DEBUG org.jbake.parser.MarkupEngine - Header separator found
21:51:11.480 INFO  org.jbake.app.Crawler - Processing [/home/csmajs/jgarc271/git/jbake-testing-and-verification/jbake-core/build/resources/test/fixture/content/index2.html]...  : new 
21:51:11.481 DEBUG org.jbake.parser.MarkupEngine - Type property found
21:51:11.481 DEBUG org.jbake.parser.MarkupEngine - Status property found
21:51:11.481 DEBUG org.jbake.parser.MarkupEngine - Header separator found
21:51:11.496 INFO  org.jbake.app.Crawler - Processing [/home/csmajs/jgarc271/git/jbake-testing-and-verification/jbake-core/build/resources/test/fixture/content/papers/draft-paper.html]...  : new 
21:51:11.498 DEBUG org.jbake.parser.MarkupEngine - Type property found
21:51:11.498 DEBUG org.jbake.parser.MarkupEngine - Status property found
21:51:11.498 DEBUG org.jbake.parser.MarkupEngine - Header separator found
21:51:11.498 INFO  org.jbake.app.Crawler - Processing [/home/csmajs/jgarc271/git/jbake-testing-and-verification/jbake-core/build/resources/test/fixture/content/papers/published-paper.html]...  : new 
21:51:11.499 DEBUG org.jbake.parser.MarkupEngine - Type property found
21:51:11.499 DEBUG org.jbake.parser.MarkupEngine - Status property found
21:51:11.499 DEBUG org.jbake.parser.MarkupEngine - Header separator found
21:51:11.500 INFO  org.jbake.app.Crawler - Processing [/home/csmajs/jgarc271/git/jbake-testing-and-verification/jbake-core/build/resources/test/fixture/content/projects.html]...  : new 
21:51:11.500 INFO  org.jbake.app.Crawler - Content detected:
21:51:11.500 INFO  org.jbake.app.Crawler - Parsed 3 files of type: page
21:51:11.500 INFO  org.jbake.app.Crawler - Parsed 4 files of type: post
21:51:11.516 INFO  o.j.t.DelegatingTemplateEngine - Default template: tags.ftl was not found, searching for others...
21:51:11.516 INFO  o.j.t.DelegatingTemplateEngine - Found alternative template file: tags.thyme using this instead
21:51:11.555 INFO  org.jbake.app.Renderer - Rendering tag [/tmp/junit8783538493216446783/tags/blog.html]... done!
21:51:11.557 INFO  o.j.t.DelegatingTemplateEngine - Default template: tags-index.ftl was not found, searching for others...
21:51:11.557 INFO  o.j.t.DelegatingTemplateEngine - Found alternative template file: tags-index.thyme using this instead
21:51:11.574 INFO  org.jbake.app.Renderer - Rendering tagindex [/tmp/junit8783538493216446783/tags/index.html]... done!
21:51:11.578 INFO  c.o.o.c.s.m.ODirectMemoryStorage - Storage 'memory:/tmp/junit8783538493216446783/documents1584075068158' is created under OrientDB distribution : 3.0.14 - Veloce (build ac128c5a9ba4c6dc9d25a32b92962d8863774423, branch 3.0.x)
21:51:12.098 DEBUG org.jbake.app.ContentStore - Create document class 'page'
21:51:12.120 DEBUG org.jbake.app.ContentStore - Create document class 'post'
21:51:12.146 DEBUG org.jbake.app.ContentStore - Create document class 'masterindex'
21:51:12.174 DEBUG org.jbake.app.ContentStore - Create document class 'archive'
21:51:12.205 DEBUG org.jbake.app.ContentStore - Create document class 'feed'
21:51:12.261 DEBUG org.jbake.parser.MarkupEngine - Type property found
21:51:12.261 DEBUG org.jbake.parser.MarkupEngine - Status property found
21:51:12.261 DEBUG org.jbake.parser.MarkupEngine - Header separator found
21:51:12.262 INFO  org.jbake.app.Crawler - Processing [/home/csmajs/jgarc271/git/jbake-testing-and-verification/jbake-core/build/resources/test/fixture/content/about.html]...  : new 
21:51:12.263 DEBUG org.jbake.parser.MarkupEngine - Type property found
21:51:12.263 DEBUG org.jbake.parser.MarkupEngine - Status property found
21:51:12.263 DEBUG org.jbake.parser.MarkupEngine - Header separator found
21:51:12.276 INFO  org.jbake.app.Crawler - Processing [/home/csmajs/jgarc271/git/jbake-testing-and-verification/jbake-core/build/resources/test/fixture/content/allcontent.html]...  : new 
21:51:12.280 DEBUG org.jbake.parser.MarkupEngine - Type property found
21:51:12.280 DEBUG org.jbake.parser.MarkupEngine - Status property found
21:51:12.280 DEBUG org.jbake.parser.MarkupEngine - Header separator found
21:51:12.281 INFO  org.jbake.app.Crawler - Processing [/home/csmajs/jgarc271/git/jbake-testing-and-verification/jbake-core/build/resources/test/fixture/content/blog/2012/first-post.html]...  : new 
21:51:12.283 DEBUG org.jbake.parser.MarkupEngine - Type property found
21:51:12.283 DEBUG org.jbake.parser.MarkupEngine - Status property found
21:51:12.283 DEBUG org.jbake.parser.MarkupEngine - Header separator found
21:51:12.284 INFO  org.jbake.app.Crawler - Processing [/home/csmajs/jgarc271/git/jbake-testing-and-verification/jbake-core/build/resources/test/fixture/content/blog/2013/second-post.html]...  : new 
21:51:12.285 DEBUG org.jbake.parser.MarkupEngine - Type property found
21:51:12.285 DEBUG org.jbake.parser.MarkupEngine - Status property found
21:51:12.285 DEBUG org.jbake.parser.MarkupEngine - Header separator found
21:51:12.285 INFO  org.jbake.app.Crawler - Processing [/home/csmajs/jgarc271/git/jbake-testing-and-verification/jbake-core/build/resources/test/fixture/content/blog/2016/another-post.html]...  : new 
21:51:12.286 DEBUG org.jbake.parser.MarkupEngine - Type property found
21:51:12.286 DEBUG org.jbake.parser.MarkupEngine - Status property found
21:51:12.287 DEBUG org.jbake.parser.MarkupEngine - Header separator found
21:51:12.287 INFO  org.jbake.app.Crawler - Processing [/home/csmajs/jgarc271/git/jbake-testing-and-verification/jbake-core/build/resources/test/fixture/content/blog/2016/draft-post.html]...  : new 
21:51:12.288 DEBUG org.jbake.parser.MarkupEngine - Header separator found
21:51:12.288 WARN  org.jbake.parser.MarkupEngine - Parsing skipped (missing type or status value in header meta data) for file /home/csmajs/jgarc271/git/jbake-testing-and-verification/jbake-core/build/resources/test/fixture/content/blog/invalid_header.html!
21:51:12.288 WARN  org.jbake.app.Crawler - /home/csmajs/jgarc271/git/jbake-testing-and-verification/jbake-core/build/resources/test/fixture/content/blog/invalid_header.html has an invalid header, it has been ignored!
21:51:12.288 INFO  org.jbake.app.Crawler - Processing [/home/csmajs/jgarc271/git/jbake-testing-and-verification/jbake-core/build/resources/test/fixture/content/blog/invalid_header.html]...  : new 
21:51:12.289 DEBUG org.jbake.parser.MarkupEngine - Type property found
21:51:12.289 DEBUG org.jbake.parser.MarkupEngine - Status property found
21:51:12.289 DEBUG org.jbake.parser.MarkupEngine - Header separator found
21:51:12.289 INFO  org.jbake.app.Crawler - Processing [/home/csmajs/jgarc271/git/jbake-testing-and-verification/jbake-core/build/resources/test/fixture/content/index2.html]...  : new 
21:51:12.290 DEBUG org.jbake.parser.MarkupEngine - Type property found
21:51:12.290 DEBUG org.jbake.parser.MarkupEngine - Status property found
21:51:12.290 DEBUG org.jbake.parser.MarkupEngine - Header separator found
21:51:12.304 INFO  org.jbake.app.Crawler - Processing [/home/csmajs/jgarc271/git/jbake-testing-and-verification/jbake-core/build/resources/test/fixture/content/papers/draft-paper.html]...  : new 
21:51:12.307 DEBUG org.jbake.parser.MarkupEngine - Type property found
21:51:12.307 DEBUG org.jbake.parser.MarkupEngine - Status property found
21:51:12.307 DEBUG org.jbake.parser.MarkupEngine - Header separator found
21:51:12.307 INFO  org.jbake.app.Crawler - Processing [/home/csmajs/jgarc271/git/jbake-testing-and-verification/jbake-core/build/resources/test/fixture/content/papers/published-paper.html]...  : new 
21:51:12.308 DEBUG org.jbake.parser.MarkupEngine - Type property found
21:51:12.308 DEBUG org.jbake.parser.MarkupEngine - Status property found
21:51:12.308 DEBUG org.jbake.parser.MarkupEngine - Header separator found
21:51:12.308 INFO  org.jbake.app.Crawler - Processing [/home/csmajs/jgarc271/git/jbake-testing-and-verification/jbake-core/build/resources/test/fixture/content/projects.html]...  : new 
21:51:12.308 INFO  org.jbake.app.Crawler - Content detected:
21:51:12.308 INFO  org.jbake.app.Crawler - Parsed 3 files of type: page
21:51:12.309 INFO  org.jbake.app.Crawler - Parsed 4 files of type: post
21:51:12.362 INFO  org.jbake.app.Renderer - Rendering feed [/tmp/junit8783538493216446783/feed.xml]... done!
21:51:12.366 INFO  c.o.o.c.s.m.ODirectMemoryStorage - Storage 'memory:/tmp/junit8783538493216446783/documents1584075068158' is created under OrientDB distribution : 3.0.14 - Veloce (build ac128c5a9ba4c6dc9d25a32b92962d8863774423, branch 3.0.x)
21:51:12.885 DEBUG org.jbake.app.ContentStore - Create document class 'page'
21:51:12.908 DEBUG org.jbake.app.ContentStore - Create document class 'post'
21:51:12.932 DEBUG org.jbake.app.ContentStore - Create document class 'masterindex'
21:51:12.960 DEBUG org.jbake.app.ContentStore - Create document class 'archive'
21:51:12.991 DEBUG org.jbake.app.ContentStore - Create document class 'feed'
21:51:13.046 DEBUG org.jbake.parser.MarkupEngine - Type property found
21:51:13.046 DEBUG org.jbake.parser.MarkupEngine - Status property found
21:51:13.046 DEBUG org.jbake.parser.MarkupEngine - Header separator found
21:51:13.046 INFO  org.jbake.app.Crawler - Processing [/home/csmajs/jgarc271/git/jbake-testing-and-verification/jbake-core/build/resources/test/fixture/content/about.html]...  : new 
21:51:13.047 DEBUG org.jbake.parser.MarkupEngine - Type property found
21:51:13.047 DEBUG org.jbake.parser.MarkupEngine - Status property found
21:51:13.047 DEBUG org.jbake.parser.MarkupEngine - Header separator found
21:51:13.060 INFO  org.jbake.app.Crawler - Processing [/home/csmajs/jgarc271/git/jbake-testing-and-verification/jbake-core/build/resources/test/fixture/content/allcontent.html]...  : new 
21:51:13.063 DEBUG org.jbake.parser.MarkupEngine - Type property found
21:51:13.063 DEBUG org.jbake.parser.MarkupEngine - Status property found
21:51:13.063 DEBUG org.jbake.parser.MarkupEngine - Header separator found
21:51:13.064 INFO  org.jbake.app.Crawler - Processing [/home/csmajs/jgarc271/git/jbake-testing-and-verification/jbake-core/build/resources/test/fixture/content/blog/2012/first-post.html]...  : new 
21:51:13.066 DEBUG org.jbake.parser.MarkupEngine - Type property found
21:51:13.066 DEBUG org.jbake.parser.MarkupEngine - Status property found
21:51:13.066 DEBUG org.jbake.parser.MarkupEngine - Header separator found
21:51:13.066 INFO  org.jbake.app.Crawler - Processing [/home/csmajs/jgarc271/git/jbake-testing-and-verification/jbake-core/build/resources/test/fixture/content/blog/2013/second-post.html]...  : new 
21:51:13.067 DEBUG org.jbake.parser.MarkupEngine - Type property found
21:51:13.067 DEBUG org.jbake.parser.MarkupEngine - Status property found
21:51:13.067 DEBUG org.jbake.parser.MarkupEngine - Header separator found
21:51:13.068 INFO  org.jbake.app.Crawler - Processing [/home/csmajs/jgarc271/git/jbake-testing-and-verification/jbake-core/build/resources/test/fixture/content/blog/2016/another-post.html]...  : new 
21:51:13.069 DEBUG org.jbake.parser.MarkupEngine - Type property found
21:51:13.069 DEBUG org.jbake.parser.MarkupEngine - Status property found
21:51:13.069 DEBUG org.jbake.parser.MarkupEngine - Header separator found
21:51:13.069 INFO  org.jbake.app.Crawler - Processing [/home/csmajs/jgarc271/git/jbake-testing-and-verification/jbake-core/build/resources/test/fixture/content/blog/2016/draft-post.html]...  : new 
21:51:13.070 DEBUG org.jbake.parser.MarkupEngine - Header separator found
21:51:13.070 WARN  org.jbake.parser.MarkupEngine - Parsing skipped (missing type or status value in header meta data) for file /home/csmajs/jgarc271/git/jbake-testing-and-verification/jbake-core/build/resources/test/fixture/content/blog/invalid_header.html!
21:51:13.070 WARN  org.jbake.app.Crawler - /home/csmajs/jgarc271/git/jbake-testing-and-verification/jbake-core/build/resources/test/fixture/content/blog/invalid_header.html has an invalid header, it has been ignored!
21:51:13.070 INFO  org.jbake.app.Crawler - Processing [/home/csmajs/jgarc271/git/jbake-testing-and-verification/jbake-core/build/resources/test/fixture/content/blog/invalid_header.html]...  : new 
21:51:13.071 DEBUG org.jbake.parser.MarkupEngine - Type property found
21:51:13.071 DEBUG org.jbake.parser.MarkupEngine - Status property found
21:51:13.071 DEBUG org.jbake.parser.MarkupEngine - Header separator found
21:51:13.071 INFO  org.jbake.app.Crawler - Processing [/home/csmajs/jgarc271/git/jbake-testing-and-verification/jbake-core/build/resources/test/fixture/content/index2.html]...  : new 
21:51:13.072 DEBUG org.jbake.parser.MarkupEngine - Type property found
21:51:13.072 DEBUG org.jbake.parser.MarkupEngine - Status property found
21:51:13.072 DEBUG org.jbake.parser.MarkupEngine - Header separator found
21:51:13.086 INFO  org.jbake.app.Crawler - Processing [/home/csmajs/jgarc271/git/jbake-testing-and-verification/jbake-core/build/resources/test/fixture/content/papers/draft-paper.html]...  : new 
21:51:13.089 DEBUG org.jbake.parser.MarkupEngine - Type property found
21:51:13.089 DEBUG org.jbake.parser.MarkupEngine - Status property found
21:51:13.089 DEBUG org.jbake.parser.MarkupEngine - Header separator found
21:51:13.089 INFO  org.jbake.app.Crawler - Processing [/home/csmajs/jgarc271/git/jbake-testing-and-verification/jbake-core/build/resources/test/fixture/content/papers/published-paper.html]...  : new 
21:51:13.090 DEBUG org.jbake.parser.MarkupEngine - Type property found
21:51:13.090 DEBUG org.jbake.parser.MarkupEngine - Status property found
21:51:13.090 DEBUG org.jbake.parser.MarkupEngine - Header separator found
21:51:13.090 INFO  org.jbake.app.Crawler - Processing [/home/csmajs/jgarc271/git/jbake-testing-and-verification/jbake-core/build/resources/test/fixture/content/projects.html]...  : new 
21:51:13.090 INFO  org.jbake.app.Crawler - Content detected:
21:51:13.090 INFO  org.jbake.app.Crawler - Parsed 3 files of type: page
21:51:13.090 INFO  org.jbake.app.Crawler - Parsed 4 files of type: post
21:51:13.103 DEBUG org.jbake.parser.MarkupEngine - Type property found
21:51:13.103 DEBUG org.jbake.parser.MarkupEngine - Status property found
21:51:13.103 DEBUG org.jbake.parser.MarkupEngine - Header separator found
21:51:13.134 INFO  org.jbake.app.Renderer - Rendering [/tmp/junit8783538493216446783/about.html]... done!
21:51:13.138 INFO  c.o.o.c.s.m.ODirectMemoryStorage - Storage 'memory:/tmp/junit8783538493216446783/documents1584075068158' is created under OrientDB distribution : 3.0.14 - Veloce (build ac128c5a9ba4c6dc9d25a32b92962d8863774423, branch 3.0.x)
21:51:13.658 DEBUG org.jbake.app.ContentStore - Create document class 'page'
21:51:13.682 DEBUG org.jbake.app.ContentStore - Create document class 'post'
21:51:13.709 DEBUG org.jbake.app.ContentStore - Create document class 'masterindex'
21:51:13.739 DEBUG org.jbake.app.ContentStore - Create document class 'archive'
21:51:13.772 DEBUG org.jbake.app.ContentStore - Create document class 'feed'
21:51:13.839 DEBUG org.jbake.parser.MarkupEngine - Type property found
21:51:13.839 DEBUG org.jbake.parser.MarkupEngine - Status property found
21:51:13.839 DEBUG org.jbake.parser.MarkupEngine - Header separator found
21:51:13.840 INFO  org.jbake.app.Crawler - Processing [/home/csmajs/jgarc271/git/jbake-testing-and-verification/jbake-core/build/resources/test/fixture/content/about.html]...  : new 
21:51:13.841 DEBUG org.jbake.parser.MarkupEngine - Type property found
21:51:13.841 DEBUG org.jbake.parser.MarkupEngine - Status property found
21:51:13.841 DEBUG org.jbake.parser.MarkupEngine - Header separator found
21:51:13.853 INFO  org.jbake.app.Crawler - Processing [/home/csmajs/jgarc271/git/jbake-testing-and-verification/jbake-core/build/resources/test/fixture/content/allcontent.html]...  : new 
21:51:13.857 DEBUG org.jbake.parser.MarkupEngine - Type property found
21:51:13.857 DEBUG org.jbake.parser.MarkupEngine - Status property found
21:51:13.857 DEBUG org.jbake.parser.MarkupEngine - Header separator found
21:51:13.857 INFO  org.jbake.app.Crawler - Processing [/home/csmajs/jgarc271/git/jbake-testing-and-verification/jbake-core/build/resources/test/fixture/content/blog/2012/first-post.html]...  : new 
21:51:13.859 DEBUG org.jbake.parser.MarkupEngine - Type property found
21:51:13.859 DEBUG org.jbake.parser.MarkupEngine - Status property found
21:51:13.859 DEBUG org.jbake.parser.MarkupEngine - Header separator found
21:51:13.860 INFO  org.jbake.app.Crawler - Processing [/home/csmajs/jgarc271/git/jbake-testing-and-verification/jbake-core/build/resources/test/fixture/content/blog/2013/second-post.html]...  : new 
21:51:13.861 DEBUG org.jbake.parser.MarkupEngine - Type property found
21:51:13.861 DEBUG org.jbake.parser.MarkupEngine - Status property found
21:51:13.861 DEBUG org.jbake.parser.MarkupEngine - Header separator found
21:51:13.861 INFO  org.jbake.app.Crawler - Processing [/home/csmajs/jgarc271/git/jbake-testing-and-verification/jbake-core/build/resources/test/fixture/content/blog/2016/another-post.html]...  : new 
21:51:13.862 DEBUG org.jbake.parser.MarkupEngine - Type property found
21:51:13.862 DEBUG org.jbake.parser.MarkupEngine - Status property found
21:51:13.862 DEBUG org.jbake.parser.MarkupEngine - Header separator found
21:51:13.862 INFO  org.jbake.app.Crawler - Processing [/home/csmajs/jgarc271/git/jbake-testing-and-verification/jbake-core/build/resources/test/fixture/content/blog/2016/draft-post.html]...  : new 
21:51:13.863 DEBUG org.jbake.parser.MarkupEngine - Header separator found
21:51:13.863 WARN  org.jbake.parser.MarkupEngine - Parsing skipped (missing type or status value in header meta data) for file /home/csmajs/jgarc271/git/jbake-testing-and-verification/jbake-core/build/resources/test/fixture/content/blog/invalid_header.html!
21:51:13.863 WARN  org.jbake.app.Crawler - /home/csmajs/jgarc271/git/jbake-testing-and-verification/jbake-core/build/resources/test/fixture/content/blog/invalid_header.html has an invalid header, it has been ignored!
21:51:13.863 INFO  org.jbake.app.Crawler - Processing [/home/csmajs/jgarc271/git/jbake-testing-and-verification/jbake-core/build/resources/test/fixture/content/blog/invalid_header.html]...  : new 
21:51:13.864 DEBUG org.jbake.parser.MarkupEngine - Type property found
21:51:13.864 DEBUG org.jbake.parser.MarkupEngine - Status property found
21:51:13.864 DEBUG org.jbake.parser.MarkupEngine - Header separator found
21:51:13.864 INFO  org.jbake.app.Crawler - Processing [/home/csmajs/jgarc271/git/jbake-testing-and-verification/jbake-core/build/resources/test/fixture/content/index2.html]...  : new 
21:51:13.865 DEBUG org.jbake.parser.MarkupEngine - Type property found
21:51:13.865 DEBUG org.jbake.parser.MarkupEngine - Status property found
21:51:13.865 DEBUG org.jbake.parser.MarkupEngine - Header separator found
21:51:13.879 INFO  org.jbake.app.Crawler - Processing [/home/csmajs/jgarc271/git/jbake-testing-and-verification/jbake-core/build/resources/test/fixture/content/papers/draft-paper.html]...  : new 
21:51:13.881 DEBUG org.jbake.parser.MarkupEngine - Type property found
21:51:13.881 DEBUG org.jbake.parser.MarkupEngine - Status property found
21:51:13.881 DEBUG org.jbake.parser.MarkupEngine - Header separator found
21:51:13.881 INFO  org.jbake.app.Crawler - Processing [/home/csmajs/jgarc271/git/jbake-testing-and-verification/jbake-core/build/resources/test/fixture/content/papers/published-paper.html]...  : new 
21:51:13.882 DEBUG org.jbake.parser.MarkupEngine - Type property found
21:51:13.882 DEBUG org.jbake.parser.MarkupEngine - Status property found
21:51:13.882 DEBUG org.jbake.parser.MarkupEngine - Header separator found
21:51:13.883 INFO  org.jbake.app.Crawler - Processing [/home/csmajs/jgarc271/git/jbake-testing-and-verification/jbake-core/build/resources/test/fixture/content/projects.html]...  : new 
21:51:13.883 INFO  org.jbake.app.Crawler - Content detected:
21:51:13.883 INFO  org.jbake.app.Crawler - Parsed 3 files of type: page
21:51:13.883 INFO  org.jbake.app.Crawler - Parsed 4 files of type: post
21:51:13.894 DEBUG org.jbake.parser.MarkupEngine - Type property found
21:51:13.894 DEBUG org.jbake.parser.MarkupEngine - Status property found
21:51:13.894 DEBUG org.jbake.parser.MarkupEngine - Header separator found
21:51:13.926 INFO  org.jbake.app.Renderer - Rendering [/tmp/junit8783538493216446783/second-post.html]... done!
21:51:13.930 INFO  c.o.o.c.s.m.ODirectMemoryStorage - Storage 'memory:/tmp/junit8783538493216446783/documents1584075068158' is created under OrientDB distribution : 3.0.14 - Veloce (build ac128c5a9ba4c6dc9d25a32b92962d8863774423, branch 3.0.x)
21:51:14.447 DEBUG org.jbake.app.ContentStore - Create document class 'page'
21:51:14.469 DEBUG org.jbake.app.ContentStore - Create document class 'post'
21:51:14.494 DEBUG org.jbake.app.ContentStore - Create document class 'masterindex'
21:51:14.521 DEBUG org.jbake.app.ContentStore - Create document class 'archive'
21:51:14.552 DEBUG org.jbake.app.ContentStore - Create document class 'feed'
21:51:14.606 DEBUG org.jbake.parser.MarkupEngine - Type property found
21:51:14.606 DEBUG org.jbake.parser.MarkupEngine - Status property found
21:51:14.606 DEBUG org.jbake.parser.MarkupEngine - Header separator found
21:51:14.607 INFO  org.jbake.app.Crawler - Processing [/home/csmajs/jgarc271/git/jbake-testing-and-verification/jbake-core/build/resources/test/fixture/content/about.html]...  : new 
21:51:14.608 DEBUG org.jbake.parser.MarkupEngine - Type property found
21:51:14.608 DEBUG org.jbake.parser.MarkupEngine - Status property found
21:51:14.608 DEBUG org.jbake.parser.MarkupEngine - Header separator found
21:51:14.621 INFO  org.jbake.app.Crawler - Processing [/home/csmajs/jgarc271/git/jbake-testing-and-verification/jbake-core/build/resources/test/fixture/content/allcontent.html]...  : new 
21:51:14.625 DEBUG org.jbake.parser.MarkupEngine - Type property found
21:51:14.625 DEBUG org.jbake.parser.MarkupEngine - Status property found
21:51:14.625 DEBUG org.jbake.parser.MarkupEngine - Header separator found
21:51:14.626 INFO  org.jbake.app.Crawler - Processing [/home/csmajs/jgarc271/git/jbake-testing-and-verification/jbake-core/build/resources/test/fixture/content/blog/2012/first-post.html]...  : new 
21:51:14.628 DEBUG org.jbake.parser.MarkupEngine - Type property found
21:51:14.628 DEBUG org.jbake.parser.MarkupEngine - Status property found
21:51:14.628 DEBUG org.jbake.parser.MarkupEngine - Header separator found
21:51:14.629 INFO  org.jbake.app.Crawler - Processing [/home/csmajs/jgarc271/git/jbake-testing-and-verification/jbake-core/build/resources/test/fixture/content/blog/2013/second-post.html]...  : new 
21:51:14.630 DEBUG org.jbake.parser.MarkupEngine - Type property found
21:51:14.630 DEBUG org.jbake.parser.MarkupEngine - Status property found
21:51:14.630 DEBUG org.jbake.parser.MarkupEngine - Header separator found
21:51:14.630 INFO  org.jbake.app.Crawler - Processing [/home/csmajs/jgarc271/git/jbake-testing-and-verification/jbake-core/build/resources/test/fixture/content/blog/2016/another-post.html]...  : new 
21:51:14.631 DEBUG org.jbake.parser.MarkupEngine - Type property found
21:51:14.631 DEBUG org.jbake.parser.MarkupEngine - Status property found
21:51:14.631 DEBUG org.jbake.parser.MarkupEngine - Header separator found
21:51:14.632 INFO  org.jbake.app.Crawler - Processing [/home/csmajs/jgarc271/git/jbake-testing-and-verification/jbake-core/build/resources/test/fixture/content/blog/2016/draft-post.html]...  : new 
21:51:14.633 DEBUG org.jbake.parser.MarkupEngine - Header separator found
21:51:14.633 WARN  org.jbake.parser.MarkupEngine - Parsing skipped (missing type or status value in header meta data) for file /home/csmajs/jgarc271/git/jbake-testing-and-verification/jbake-core/build/resources/test/fixture/content/blog/invalid_header.html!
21:51:14.633 WARN  org.jbake.app.Crawler - /home/csmajs/jgarc271/git/jbake-testing-and-verification/jbake-core/build/resources/test/fixture/content/blog/invalid_header.html has an invalid header, it has been ignored!
21:51:14.633 INFO  org.jbake.app.Crawler - Processing [/home/csmajs/jgarc271/git/jbake-testing-and-verification/jbake-core/build/resources/test/fixture/content/blog/invalid_header.html]...  : new 
21:51:14.634 DEBUG org.jbake.parser.MarkupEngine - Type property found
21:51:14.634 DEBUG org.jbake.parser.MarkupEngine - Status property found
21:51:14.634 DEBUG org.jbake.parser.MarkupEngine - Header separator found
21:51:14.634 INFO  org.jbake.app.Crawler - Processing [/home/csmajs/jgarc271/git/jbake-testing-and-verification/jbake-core/build/resources/test/fixture/content/index2.html]...  : new 
21:51:14.635 DEBUG org.jbake.parser.MarkupEngine - Type property found
21:51:14.636 DEBUG org.jbake.parser.MarkupEngine - Status property found
21:51:14.636 DEBUG org.jbake.parser.MarkupEngine - Header separator found
21:51:14.650 INFO  org.jbake.app.Crawler - Processing [/home/csmajs/jgarc271/git/jbake-testing-and-verification/jbake-core/build/resources/test/fixture/content/papers/draft-paper.html]...  : new 
21:51:14.652 DEBUG org.jbake.parser.MarkupEngine - Type property found
21:51:14.652 DEBUG org.jbake.parser.MarkupEngine - Status property found
21:51:14.652 DEBUG org.jbake.parser.MarkupEngine - Header separator found
21:51:14.652 INFO  org.jbake.app.Crawler - Processing [/home/csmajs/jgarc271/git/jbake-testing-and-verification/jbake-core/build/resources/test/fixture/content/papers/published-paper.html]...  : new 
21:51:14.653 DEBUG org.jbake.parser.MarkupEngine - Type property found
21:51:14.653 DEBUG org.jbake.parser.MarkupEngine - Status property found
21:51:14.653 DEBUG org.jbake.parser.MarkupEngine - Header separator found
21:51:14.654 INFO  org.jbake.app.Crawler - Processing [/home/csmajs/jgarc271/git/jbake-testing-and-verification/jbake-core/build/resources/test/fixture/content/projects.html]...  : new 
21:51:14.654 INFO  org.jbake.app.Crawler - Content detected:
21:51:14.654 INFO  org.jbake.app.Crawler - Parsed 3 files of type: page
21:51:14.654 INFO  org.jbake.app.Crawler - Parsed 4 files of type: post
21:51:14.670 INFO  o.j.t.DelegatingTemplateEngine - Default template: tags.ftl was not found, searching for others...
21:51:14.670 INFO  o.j.t.DelegatingTemplateEngine - Found alternative template file: tags.thyme using this instead
21:51:14.709 INFO  org.jbake.app.Renderer - Rendering tag [/tmp/junit8783538493216446783/tags/blog.html]... done!
21:51:14.711 INFO  o.j.t.DelegatingTemplateEngine - Default template: tags-index.ftl was not found, searching for others...
21:51:14.711 INFO  o.j.t.DelegatingTemplateEngine - Found alternative template file: tags-index.thyme using this instead
21:51:14.722 INFO  org.jbake.app.Renderer - Rendering tagindex [/tmp/junit8783538493216446783/tags/index.html]... done!
21:51:14.726 INFO  c.o.o.c.s.m.ODirectMemoryStorage - Storage 'memory:/tmp/junit8783538493216446783/documents1584075068158' is created under OrientDB distribution : 3.0.14 - Veloce (build ac128c5a9ba4c6dc9d25a32b92962d8863774423, branch 3.0.x)
21:51:15.245 DEBUG org.jbake.app.ContentStore - Create document class 'page'
21:51:15.268 DEBUG org.jbake.app.ContentStore - Create document class 'post'
21:51:15.292 DEBUG org.jbake.app.ContentStore - Create document class 'masterindex'
21:51:15.319 DEBUG org.jbake.app.ContentStore - Create document class 'archive'
21:51:15.350 DEBUG org.jbake.app.ContentStore - Create document class 'feed'
21:51:15.404 DEBUG org.jbake.parser.MarkupEngine - Type property found
21:51:15.404 DEBUG org.jbake.parser.MarkupEngine - Status property found
21:51:15.404 DEBUG org.jbake.parser.MarkupEngine - Header separator found
21:51:15.405 INFO  org.jbake.app.Crawler - Processing [/home/csmajs/jgarc271/git/jbake-testing-and-verification/jbake-core/build/resources/test/fixture/content/about.html]...  : new 
21:51:15.405 DEBUG org.jbake.parser.MarkupEngine - Type property found
21:51:15.406 DEBUG org.jbake.parser.MarkupEngine - Status property found
21:51:15.406 DEBUG org.jbake.parser.MarkupEngine - Header separator found
21:51:15.418 INFO  org.jbake.app.Crawler - Processing [/home/csmajs/jgarc271/git/jbake-testing-and-verification/jbake-core/build/resources/test/fixture/content/allcontent.html]...  : new 
21:51:15.422 DEBUG org.jbake.parser.MarkupEngine - Type property found
21:51:15.422 DEBUG org.jbake.parser.MarkupEngine - Status property found
21:51:15.422 DEBUG org.jbake.parser.MarkupEngine - Header separator found
21:51:15.422 INFO  org.jbake.app.Crawler - Processing [/home/csmajs/jgarc271/git/jbake-testing-and-verification/jbake-core/build/resources/test/fixture/content/blog/2012/first-post.html]...  : new 
21:51:15.424 DEBUG org.jbake.parser.MarkupEngine - Type property found
21:51:15.424 DEBUG org.jbake.parser.MarkupEngine - Status property found
21:51:15.424 DEBUG org.jbake.parser.MarkupEngine - Header separator found
21:51:15.425 INFO  org.jbake.app.Crawler - Processing [/home/csmajs/jgarc271/git/jbake-testing-and-verification/jbake-core/build/resources/test/fixture/content/blog/2013/second-post.html]...  : new 
21:51:15.426 DEBUG org.jbake.parser.MarkupEngine - Type property found
21:51:15.426 DEBUG org.jbake.parser.MarkupEngine - Status property found
21:51:15.426 DEBUG org.jbake.parser.MarkupEngine - Header separator found
21:51:15.426 INFO  org.jbake.app.Crawler - Processing [/home/csmajs/jgarc271/git/jbake-testing-and-verification/jbake-core/build/resources/test/fixture/content/blog/2016/another-post.html]...  : new 
21:51:15.427 DEBUG org.jbake.parser.MarkupEngine - Type property found
21:51:15.427 DEBUG org.jbake.parser.MarkupEngine - Status property found
21:51:15.427 DEBUG org.jbake.parser.MarkupEngine - Header separator found
21:51:15.427 INFO  org.jbake.app.Crawler - Processing [/home/csmajs/jgarc271/git/jbake-testing-and-verification/jbake-core/build/resources/test/fixture/content/blog/2016/draft-post.html]...  : new 
21:51:15.428 DEBUG org.jbake.parser.MarkupEngine - Header separator found
21:51:15.428 WARN  org.jbake.parser.MarkupEngine - Parsing skipped (missing type or status value in header meta data) for file /home/csmajs/jgarc271/git/jbake-testing-and-verification/jbake-core/build/resources/test/fixture/content/blog/invalid_header.html!
21:51:15.428 WARN  org.jbake.app.Crawler - /home/csmajs/jgarc271/git/jbake-testing-and-verification/jbake-core/build/resources/test/fixture/content/blog/invalid_header.html has an invalid header, it has been ignored!
21:51:15.428 INFO  org.jbake.app.Crawler - Processing [/home/csmajs/jgarc271/git/jbake-testing-and-verification/jbake-core/build/resources/test/fixture/content/blog/invalid_header.html]...  : new 
21:51:15.429 DEBUG org.jbake.parser.MarkupEngine - Type property found
21:51:15.429 DEBUG org.jbake.parser.MarkupEngine - Status property found
21:51:15.429 DEBUG org.jbake.parser.MarkupEngine - Header separator found
21:51:15.429 INFO  org.jbake.app.Crawler - Processing [/home/csmajs/jgarc271/git/jbake-testing-and-verification/jbake-core/build/resources/test/fixture/content/index2.html]...  : new 
21:51:15.430 DEBUG org.jbake.parser.MarkupEngine - Type property found
21:51:15.430 DEBUG org.jbake.parser.MarkupEngine - Status property found
21:51:15.430 DEBUG org.jbake.parser.MarkupEngine - Header separator found
21:51:15.445 INFO  org.jbake.app.Crawler - Processing [/home/csmajs/jgarc271/git/jbake-testing-and-verification/jbake-core/build/resources/test/fixture/content/papers/draft-paper.html]...  : new 
21:51:15.447 DEBUG org.jbake.parser.MarkupEngine - Type property found
21:51:15.447 DEBUG org.jbake.parser.MarkupEngine - Status property found
21:51:15.447 DEBUG org.jbake.parser.MarkupEngine - Header separator found
21:51:15.447 INFO  org.jbake.app.Crawler - Processing [/home/csmajs/jgarc271/git/jbake-testing-and-verification/jbake-core/build/resources/test/fixture/content/papers/published-paper.html]...  : new 
21:51:15.448 DEBUG org.jbake.parser.MarkupEngine - Type property found
21:51:15.448 DEBUG org.jbake.parser.MarkupEngine - Status property found
21:51:15.448 DEBUG org.jbake.parser.MarkupEngine - Header separator found
21:51:15.448 INFO  org.jbake.app.Crawler - Processing [/home/csmajs/jgarc271/git/jbake-testing-and-verification/jbake-core/build/resources/test/fixture/content/projects.html]...  : new 
21:51:15.448 INFO  org.jbake.app.Crawler - Content detected:
21:51:15.448 INFO  org.jbake.app.Crawler - Parsed 3 files of type: page
21:51:15.448 INFO  org.jbake.app.Crawler - Parsed 4 files of type: post
21:51:15.459 INFO  org.jbake.template.ModelExtractors - register new extractors for document type: paper
21:51:15.461 INFO  o.j.t.DelegatingTemplateEngine - Default template: sitemap.ftl was not found, searching for others...
21:51:15.462 INFO  o.j.t.DelegatingTemplateEngine - Found alternative template file: sitemap.thyme using this instead
21:51:15.497 INFO  org.jbake.app.Renderer - Rendering sitemap [/tmp/junit8783538493216446783/sitemap.xml]... done!
]]></system-out>
  <system-err><![CDATA[]]></system-err>
</testsuite>
