<?xml version="1.0" encoding="UTF-8"?>
<testsuite name="org.jbake.app.template.GroovyTemplateEngineRenderingTest" tests="9" skipped="0" failures="0" errors="0" timestamp="2020-03-11T02:07:14" hostname="bolt.cs.ucr.edu" time="8.103">
  <properties/>
  <testcase name="renderIndex" classname="org.jbake.app.template.GroovyTemplateEngineRenderingTest" time="1.437"/>
  <testcase name="renderArchive" classname="org.jbake.app.template.GroovyTemplateEngineRenderingTest" time="0.887"/>
  <testcase name="checkDbTemplateModelIsPopulated" classname="org.jbake.app.template.GroovyTemplateEngineRenderingTest" time="0.834"/>
  <testcase name="renderTagsIndex" classname="org.jbake.app.template.GroovyTemplateEngineRenderingTest" time="0.884"/>
  <testcase name="renderFeed" classname="org.jbake.app.template.GroovyTemplateEngineRenderingTest" time="0.799"/>
  <testcase name="renderPage" classname="org.jbake.app.template.GroovyTemplateEngineRenderingTest" time="0.811"/>
  <testcase name="renderPost" classname="org.jbake.app.template.GroovyTemplateEngineRenderingTest" time="0.827"/>
  <testcase name="renderTags" classname="org.jbake.app.template.GroovyTemplateEngineRenderingTest" time="0.843"/>
  <testcase name="renderSitemap" classname="org.jbake.app.template.GroovyTemplateEngineRenderingTest" time="0.78"/>
  <system-out><![CDATA[19:07:14.054 INFO  c.o.o.c.s.m.ODirectMemoryStorage - Storage 'memory:/tmp/junit6863296331246502884/documents1583892424752' is created under OrientDB distribution : 3.0.14 - Veloce (build ac128c5a9ba4c6dc9d25a32b92962d8863774423, branch 3.0.x)
19:07:14.579 DEBUG org.jbake.app.ContentStore - Create document class 'page'
19:07:14.602 DEBUG org.jbake.app.ContentStore - Create document class 'post'
19:07:14.629 DEBUG org.jbake.app.ContentStore - Create document class 'masterindex'
19:07:14.658 DEBUG org.jbake.app.ContentStore - Create document class 'archive'
19:07:14.691 DEBUG org.jbake.app.ContentStore - Create document class 'feed'
19:07:14.749 DEBUG org.jbake.parser.MarkupEngine - Type property found
19:07:14.750 DEBUG org.jbake.parser.MarkupEngine - Status property found
19:07:14.750 DEBUG org.jbake.parser.MarkupEngine - Header separator found
19:07:14.750 INFO  org.jbake.app.Crawler - Processing [/home/csmajs/jgarc271/git/jbake-testing-and-verification/jbake-core/build/resources/test/fixture/content/about.html]...  : new 
19:07:14.751 DEBUG org.jbake.parser.MarkupEngine - Type property found
19:07:14.751 DEBUG org.jbake.parser.MarkupEngine - Status property found
19:07:14.752 DEBUG org.jbake.parser.MarkupEngine - Header separator found
19:07:14.765 INFO  org.jbake.app.Crawler - Processing [/home/csmajs/jgarc271/git/jbake-testing-and-verification/jbake-core/build/resources/test/fixture/content/allcontent.html]...  : new 
19:07:14.769 DEBUG org.jbake.parser.MarkupEngine - Type property found
19:07:14.769 DEBUG org.jbake.parser.MarkupEngine - Status property found
19:07:14.769 DEBUG org.jbake.parser.MarkupEngine - Header separator found
19:07:14.770 INFO  org.jbake.app.Crawler - Processing [/home/csmajs/jgarc271/git/jbake-testing-and-verification/jbake-core/build/resources/test/fixture/content/blog/2012/first-post.html]...  : new 
19:07:14.772 DEBUG org.jbake.parser.MarkupEngine - Type property found
19:07:14.772 DEBUG org.jbake.parser.MarkupEngine - Status property found
19:07:14.772 DEBUG org.jbake.parser.MarkupEngine - Header separator found
19:07:14.773 INFO  org.jbake.app.Crawler - Processing [/home/csmajs/jgarc271/git/jbake-testing-and-verification/jbake-core/build/resources/test/fixture/content/blog/2013/second-post.html]...  : new 
19:07:14.775 DEBUG org.jbake.parser.MarkupEngine - Type property found
19:07:14.775 DEBUG org.jbake.parser.MarkupEngine - Status property found
19:07:14.775 DEBUG org.jbake.parser.MarkupEngine - Header separator found
19:07:14.775 INFO  org.jbake.app.Crawler - Processing [/home/csmajs/jgarc271/git/jbake-testing-and-verification/jbake-core/build/resources/test/fixture/content/blog/2016/another-post.html]...  : new 
19:07:14.777 DEBUG org.jbake.parser.MarkupEngine - Type property found
19:07:14.777 DEBUG org.jbake.parser.MarkupEngine - Status property found
19:07:14.777 DEBUG org.jbake.parser.MarkupEngine - Header separator found
19:07:14.777 INFO  org.jbake.app.Crawler - Processing [/home/csmajs/jgarc271/git/jbake-testing-and-verification/jbake-core/build/resources/test/fixture/content/blog/2016/draft-post.html]...  : new 
19:07:14.778 DEBUG org.jbake.parser.MarkupEngine - Header separator found
19:07:14.779 WARN  org.jbake.parser.MarkupEngine - Parsing skipped (missing type or status value in header meta data) for file /home/csmajs/jgarc271/git/jbake-testing-and-verification/jbake-core/build/resources/test/fixture/content/blog/invalid_header.html!
19:07:14.779 WARN  org.jbake.app.Crawler - /home/csmajs/jgarc271/git/jbake-testing-and-verification/jbake-core/build/resources/test/fixture/content/blog/invalid_header.html has an invalid header, it has been ignored!
19:07:14.779 INFO  org.jbake.app.Crawler - Processing [/home/csmajs/jgarc271/git/jbake-testing-and-verification/jbake-core/build/resources/test/fixture/content/blog/invalid_header.html]...  : new 
19:07:14.780 DEBUG org.jbake.parser.MarkupEngine - Type property found
19:07:14.780 DEBUG org.jbake.parser.MarkupEngine - Status property found
19:07:14.780 DEBUG org.jbake.parser.MarkupEngine - Header separator found
19:07:14.780 INFO  org.jbake.app.Crawler - Processing [/home/csmajs/jgarc271/git/jbake-testing-and-verification/jbake-core/build/resources/test/fixture/content/index2.html]...  : new 
19:07:14.782 DEBUG org.jbake.parser.MarkupEngine - Type property found
19:07:14.782 DEBUG org.jbake.parser.MarkupEngine - Status property found
19:07:14.782 DEBUG org.jbake.parser.MarkupEngine - Header separator found
19:07:14.796 INFO  org.jbake.app.Crawler - Processing [/home/csmajs/jgarc271/git/jbake-testing-and-verification/jbake-core/build/resources/test/fixture/content/papers/draft-paper.html]...  : new 
19:07:14.799 DEBUG org.jbake.parser.MarkupEngine - Type property found
19:07:14.799 DEBUG org.jbake.parser.MarkupEngine - Status property found
19:07:14.799 DEBUG org.jbake.parser.MarkupEngine - Header separator found
19:07:14.799 INFO  org.jbake.app.Crawler - Processing [/home/csmajs/jgarc271/git/jbake-testing-and-verification/jbake-core/build/resources/test/fixture/content/papers/published-paper.html]...  : new 
19:07:14.800 DEBUG org.jbake.parser.MarkupEngine - Type property found
19:07:14.801 DEBUG org.jbake.parser.MarkupEngine - Status property found
19:07:14.801 DEBUG org.jbake.parser.MarkupEngine - Header separator found
19:07:14.801 INFO  org.jbake.app.Crawler - Processing [/home/csmajs/jgarc271/git/jbake-testing-and-verification/jbake-core/build/resources/test/fixture/content/projects.html]...  : new 
19:07:14.801 INFO  org.jbake.app.Crawler - Content detected:
19:07:14.801 INFO  org.jbake.app.Crawler - Parsed 3 files of type: page
19:07:14.801 INFO  org.jbake.app.Crawler - Parsed 4 files of type: post
19:07:15.487 INFO  org.jbake.app.Renderer - Rendering masterindex [/tmp/junit423664682383987684/index.html]... done!
19:07:15.491 INFO  c.o.o.c.s.m.ODirectMemoryStorage - Storage 'memory:/tmp/junit6863296331246502884/documents1583892424752' is created under OrientDB distribution : 3.0.14 - Veloce (build ac128c5a9ba4c6dc9d25a32b92962d8863774423, branch 3.0.x)
19:07:16.015 DEBUG org.jbake.app.ContentStore - Create document class 'page'
19:07:16.039 DEBUG org.jbake.app.ContentStore - Create document class 'post'
19:07:16.064 DEBUG org.jbake.app.ContentStore - Create document class 'masterindex'
19:07:16.093 DEBUG org.jbake.app.ContentStore - Create document class 'archive'
19:07:16.124 DEBUG org.jbake.app.ContentStore - Create document class 'feed'
19:07:16.180 DEBUG org.jbake.parser.MarkupEngine - Type property found
19:07:16.180 DEBUG org.jbake.parser.MarkupEngine - Status property found
19:07:16.180 DEBUG org.jbake.parser.MarkupEngine - Header separator found
19:07:16.181 INFO  org.jbake.app.Crawler - Processing [/home/csmajs/jgarc271/git/jbake-testing-and-verification/jbake-core/build/resources/test/fixture/content/about.html]...  : new 
19:07:16.182 DEBUG org.jbake.parser.MarkupEngine - Type property found
19:07:16.182 DEBUG org.jbake.parser.MarkupEngine - Status property found
19:07:16.182 DEBUG org.jbake.parser.MarkupEngine - Header separator found
19:07:16.196 INFO  org.jbake.app.Crawler - Processing [/home/csmajs/jgarc271/git/jbake-testing-and-verification/jbake-core/build/resources/test/fixture/content/allcontent.html]...  : new 
19:07:16.200 DEBUG org.jbake.parser.MarkupEngine - Type property found
19:07:16.200 DEBUG org.jbake.parser.MarkupEngine - Status property found
19:07:16.200 DEBUG org.jbake.parser.MarkupEngine - Header separator found
19:07:16.201 INFO  org.jbake.app.Crawler - Processing [/home/csmajs/jgarc271/git/jbake-testing-and-verification/jbake-core/build/resources/test/fixture/content/blog/2012/first-post.html]...  : new 
19:07:16.203 DEBUG org.jbake.parser.MarkupEngine - Type property found
19:07:16.204 DEBUG org.jbake.parser.MarkupEngine - Status property found
19:07:16.204 DEBUG org.jbake.parser.MarkupEngine - Header separator found
19:07:16.204 INFO  org.jbake.app.Crawler - Processing [/home/csmajs/jgarc271/git/jbake-testing-and-verification/jbake-core/build/resources/test/fixture/content/blog/2013/second-post.html]...  : new 
19:07:16.206 DEBUG org.jbake.parser.MarkupEngine - Type property found
19:07:16.206 DEBUG org.jbake.parser.MarkupEngine - Status property found
19:07:16.206 DEBUG org.jbake.parser.MarkupEngine - Header separator found
19:07:16.206 INFO  org.jbake.app.Crawler - Processing [/home/csmajs/jgarc271/git/jbake-testing-and-verification/jbake-core/build/resources/test/fixture/content/blog/2016/another-post.html]...  : new 
19:07:16.208 DEBUG org.jbake.parser.MarkupEngine - Type property found
19:07:16.208 DEBUG org.jbake.parser.MarkupEngine - Status property found
19:07:16.208 DEBUG org.jbake.parser.MarkupEngine - Header separator found
19:07:16.208 INFO  org.jbake.app.Crawler - Processing [/home/csmajs/jgarc271/git/jbake-testing-and-verification/jbake-core/build/resources/test/fixture/content/blog/2016/draft-post.html]...  : new 
19:07:16.209 DEBUG org.jbake.parser.MarkupEngine - Header separator found
19:07:16.209 WARN  org.jbake.parser.MarkupEngine - Parsing skipped (missing type or status value in header meta data) for file /home/csmajs/jgarc271/git/jbake-testing-and-verification/jbake-core/build/resources/test/fixture/content/blog/invalid_header.html!
19:07:16.210 WARN  org.jbake.app.Crawler - /home/csmajs/jgarc271/git/jbake-testing-and-verification/jbake-core/build/resources/test/fixture/content/blog/invalid_header.html has an invalid header, it has been ignored!
19:07:16.210 INFO  org.jbake.app.Crawler - Processing [/home/csmajs/jgarc271/git/jbake-testing-and-verification/jbake-core/build/resources/test/fixture/content/blog/invalid_header.html]...  : new 
19:07:16.211 DEBUG org.jbake.parser.MarkupEngine - Type property found
19:07:16.211 DEBUG org.jbake.parser.MarkupEngine - Status property found
19:07:16.211 DEBUG org.jbake.parser.MarkupEngine - Header separator found
19:07:16.211 INFO  org.jbake.app.Crawler - Processing [/home/csmajs/jgarc271/git/jbake-testing-and-verification/jbake-core/build/resources/test/fixture/content/index2.html]...  : new 
19:07:16.213 DEBUG org.jbake.parser.MarkupEngine - Type property found
19:07:16.213 DEBUG org.jbake.parser.MarkupEngine - Status property found
19:07:16.213 DEBUG org.jbake.parser.MarkupEngine - Header separator found
19:07:16.228 INFO  org.jbake.app.Crawler - Processing [/home/csmajs/jgarc271/git/jbake-testing-and-verification/jbake-core/build/resources/test/fixture/content/papers/draft-paper.html]...  : new 
19:07:16.230 DEBUG org.jbake.parser.MarkupEngine - Type property found
19:07:16.230 DEBUG org.jbake.parser.MarkupEngine - Status property found
19:07:16.230 DEBUG org.jbake.parser.MarkupEngine - Header separator found
19:07:16.231 INFO  org.jbake.app.Crawler - Processing [/home/csmajs/jgarc271/git/jbake-testing-and-verification/jbake-core/build/resources/test/fixture/content/papers/published-paper.html]...  : new 
19:07:16.232 DEBUG org.jbake.parser.MarkupEngine - Type property found
19:07:16.232 DEBUG org.jbake.parser.MarkupEngine - Status property found
19:07:16.232 DEBUG org.jbake.parser.MarkupEngine - Header separator found
19:07:16.233 INFO  org.jbake.app.Crawler - Processing [/home/csmajs/jgarc271/git/jbake-testing-and-verification/jbake-core/build/resources/test/fixture/content/projects.html]...  : new 
19:07:16.233 INFO  org.jbake.app.Crawler - Content detected:
19:07:16.233 INFO  org.jbake.app.Crawler - Parsed 3 files of type: page
19:07:16.233 INFO  org.jbake.app.Crawler - Parsed 4 files of type: post
19:07:16.374 INFO  org.jbake.app.Renderer - Rendering archive [/tmp/junit423664682383987684/archive.html]... done!
19:07:16.378 INFO  c.o.o.c.s.m.ODirectMemoryStorage - Storage 'memory:/tmp/junit6863296331246502884/documents1583892424752' is created under OrientDB distribution : 3.0.14 - Veloce (build ac128c5a9ba4c6dc9d25a32b92962d8863774423, branch 3.0.x)
19:07:16.901 DEBUG org.jbake.app.ContentStore - Create document class 'page'
19:07:16.924 DEBUG org.jbake.app.ContentStore - Create document class 'post'
19:07:16.950 DEBUG org.jbake.app.ContentStore - Create document class 'masterindex'
19:07:16.978 DEBUG org.jbake.app.ContentStore - Create document class 'archive'
19:07:17.010 DEBUG org.jbake.app.ContentStore - Create document class 'feed'
19:07:17.066 DEBUG org.jbake.parser.MarkupEngine - Type property found
19:07:17.066 DEBUG org.jbake.parser.MarkupEngine - Status property found
19:07:17.066 DEBUG org.jbake.parser.MarkupEngine - Header separator found
19:07:17.066 INFO  org.jbake.app.Crawler - Processing [/home/csmajs/jgarc271/git/jbake-testing-and-verification/jbake-core/build/resources/test/fixture/content/about.html]...  : new 
19:07:17.068 DEBUG org.jbake.parser.MarkupEngine - Type property found
19:07:17.068 DEBUG org.jbake.parser.MarkupEngine - Status property found
19:07:17.068 DEBUG org.jbake.parser.MarkupEngine - Header separator found
19:07:17.081 INFO  org.jbake.app.Crawler - Processing [/home/csmajs/jgarc271/git/jbake-testing-and-verification/jbake-core/build/resources/test/fixture/content/allcontent.html]...  : new 
19:07:17.085 DEBUG org.jbake.parser.MarkupEngine - Type property found
19:07:17.085 DEBUG org.jbake.parser.MarkupEngine - Status property found
19:07:17.085 DEBUG org.jbake.parser.MarkupEngine - Header separator found
19:07:17.086 INFO  org.jbake.app.Crawler - Processing [/home/csmajs/jgarc271/git/jbake-testing-and-verification/jbake-core/build/resources/test/fixture/content/blog/2012/first-post.html]...  : new 
19:07:17.089 DEBUG org.jbake.parser.MarkupEngine - Type property found
19:07:17.089 DEBUG org.jbake.parser.MarkupEngine - Status property found
19:07:17.089 DEBUG org.jbake.parser.MarkupEngine - Header separator found
19:07:17.089 INFO  org.jbake.app.Crawler - Processing [/home/csmajs/jgarc271/git/jbake-testing-and-verification/jbake-core/build/resources/test/fixture/content/blog/2013/second-post.html]...  : new 
19:07:17.091 DEBUG org.jbake.parser.MarkupEngine - Type property found
19:07:17.091 DEBUG org.jbake.parser.MarkupEngine - Status property found
19:07:17.091 DEBUG org.jbake.parser.MarkupEngine - Header separator found
19:07:17.092 INFO  org.jbake.app.Crawler - Processing [/home/csmajs/jgarc271/git/jbake-testing-and-verification/jbake-core/build/resources/test/fixture/content/blog/2016/another-post.html]...  : new 
19:07:17.093 DEBUG org.jbake.parser.MarkupEngine - Type property found
19:07:17.093 DEBUG org.jbake.parser.MarkupEngine - Status property found
19:07:17.093 DEBUG org.jbake.parser.MarkupEngine - Header separator found
19:07:17.093 INFO  org.jbake.app.Crawler - Processing [/home/csmajs/jgarc271/git/jbake-testing-and-verification/jbake-core/build/resources/test/fixture/content/blog/2016/draft-post.html]...  : new 
19:07:17.095 DEBUG org.jbake.parser.MarkupEngine - Header separator found
19:07:17.095 WARN  org.jbake.parser.MarkupEngine - Parsing skipped (missing type or status value in header meta data) for file /home/csmajs/jgarc271/git/jbake-testing-and-verification/jbake-core/build/resources/test/fixture/content/blog/invalid_header.html!
19:07:17.095 WARN  org.jbake.app.Crawler - /home/csmajs/jgarc271/git/jbake-testing-and-verification/jbake-core/build/resources/test/fixture/content/blog/invalid_header.html has an invalid header, it has been ignored!
19:07:17.095 INFO  org.jbake.app.Crawler - Processing [/home/csmajs/jgarc271/git/jbake-testing-and-verification/jbake-core/build/resources/test/fixture/content/blog/invalid_header.html]...  : new 
19:07:17.096 DEBUG org.jbake.parser.MarkupEngine - Type property found
19:07:17.096 DEBUG org.jbake.parser.MarkupEngine - Status property found
19:07:17.096 DEBUG org.jbake.parser.MarkupEngine - Header separator found
19:07:17.096 INFO  org.jbake.app.Crawler - Processing [/home/csmajs/jgarc271/git/jbake-testing-and-verification/jbake-core/build/resources/test/fixture/content/index2.html]...  : new 
19:07:17.098 DEBUG org.jbake.parser.MarkupEngine - Type property found
19:07:17.098 DEBUG org.jbake.parser.MarkupEngine - Status property found
19:07:17.098 DEBUG org.jbake.parser.MarkupEngine - Header separator found
19:07:17.113 INFO  org.jbake.app.Crawler - Processing [/home/csmajs/jgarc271/git/jbake-testing-and-verification/jbake-core/build/resources/test/fixture/content/papers/draft-paper.html]...  : new 
19:07:17.115 DEBUG org.jbake.parser.MarkupEngine - Type property found
19:07:17.115 DEBUG org.jbake.parser.MarkupEngine - Status property found
19:07:17.115 DEBUG org.jbake.parser.MarkupEngine - Header separator found
19:07:17.116 INFO  org.jbake.app.Crawler - Processing [/home/csmajs/jgarc271/git/jbake-testing-and-verification/jbake-core/build/resources/test/fixture/content/papers/published-paper.html]...  : new 
19:07:17.117 DEBUG org.jbake.parser.MarkupEngine - Type property found
19:07:17.117 DEBUG org.jbake.parser.MarkupEngine - Status property found
19:07:17.117 DEBUG org.jbake.parser.MarkupEngine - Header separator found
19:07:17.118 INFO  org.jbake.app.Crawler - Processing [/home/csmajs/jgarc271/git/jbake-testing-and-verification/jbake-core/build/resources/test/fixture/content/projects.html]...  : new 
19:07:17.118 INFO  org.jbake.app.Crawler - Content detected:
19:07:17.118 INFO  org.jbake.app.Crawler - Parsed 3 files of type: page
19:07:17.118 INFO  org.jbake.app.Crawler - Parsed 4 files of type: post
19:07:17.208 INFO  org.jbake.app.Renderer - Rendering masterindex [/tmp/junit423664682383987684/index.html]... done!
19:07:17.212 INFO  c.o.o.c.s.m.ODirectMemoryStorage - Storage 'memory:/tmp/junit6863296331246502884/documents1583892424752' is created under OrientDB distribution : 3.0.14 - Veloce (build ac128c5a9ba4c6dc9d25a32b92962d8863774423, branch 3.0.x)
19:07:17.736 DEBUG org.jbake.app.ContentStore - Create document class 'page'
19:07:17.759 DEBUG org.jbake.app.ContentStore - Create document class 'post'
19:07:17.785 DEBUG org.jbake.app.ContentStore - Create document class 'masterindex'
19:07:17.813 DEBUG org.jbake.app.ContentStore - Create document class 'archive'
19:07:17.844 DEBUG org.jbake.app.ContentStore - Create document class 'feed'
19:07:17.899 DEBUG org.jbake.parser.MarkupEngine - Type property found
19:07:17.899 DEBUG org.jbake.parser.MarkupEngine - Status property found
19:07:17.899 DEBUG org.jbake.parser.MarkupEngine - Header separator found
19:07:17.900 INFO  org.jbake.app.Crawler - Processing [/home/csmajs/jgarc271/git/jbake-testing-and-verification/jbake-core/build/resources/test/fixture/content/about.html]...  : new 
19:07:17.901 DEBUG org.jbake.parser.MarkupEngine - Type property found
19:07:17.901 DEBUG org.jbake.parser.MarkupEngine - Status property found
19:07:17.901 DEBUG org.jbake.parser.MarkupEngine - Header separator found
19:07:17.914 INFO  org.jbake.app.Crawler - Processing [/home/csmajs/jgarc271/git/jbake-testing-and-verification/jbake-core/build/resources/test/fixture/content/allcontent.html]...  : new 
19:07:17.919 DEBUG org.jbake.parser.MarkupEngine - Type property found
19:07:17.919 DEBUG org.jbake.parser.MarkupEngine - Status property found
19:07:17.919 DEBUG org.jbake.parser.MarkupEngine - Header separator found
19:07:17.920 INFO  org.jbake.app.Crawler - Processing [/home/csmajs/jgarc271/git/jbake-testing-and-verification/jbake-core/build/resources/test/fixture/content/blog/2012/first-post.html]...  : new 
19:07:17.922 DEBUG org.jbake.parser.MarkupEngine - Type property found
19:07:17.922 DEBUG org.jbake.parser.MarkupEngine - Status property found
19:07:17.922 DEBUG org.jbake.parser.MarkupEngine - Header separator found
19:07:17.923 INFO  org.jbake.app.Crawler - Processing [/home/csmajs/jgarc271/git/jbake-testing-and-verification/jbake-core/build/resources/test/fixture/content/blog/2013/second-post.html]...  : new 
19:07:17.924 DEBUG org.jbake.parser.MarkupEngine - Type property found
19:07:17.924 DEBUG org.jbake.parser.MarkupEngine - Status property found
19:07:17.924 DEBUG org.jbake.parser.MarkupEngine - Header separator found
19:07:17.925 INFO  org.jbake.app.Crawler - Processing [/home/csmajs/jgarc271/git/jbake-testing-and-verification/jbake-core/build/resources/test/fixture/content/blog/2016/another-post.html]...  : new 
19:07:17.926 DEBUG org.jbake.parser.MarkupEngine - Type property found
19:07:17.926 DEBUG org.jbake.parser.MarkupEngine - Status property found
19:07:17.926 DEBUG org.jbake.parser.MarkupEngine - Header separator found
19:07:17.927 INFO  org.jbake.app.Crawler - Processing [/home/csmajs/jgarc271/git/jbake-testing-and-verification/jbake-core/build/resources/test/fixture/content/blog/2016/draft-post.html]...  : new 
19:07:17.928 DEBUG org.jbake.parser.MarkupEngine - Header separator found
19:07:17.928 WARN  org.jbake.parser.MarkupEngine - Parsing skipped (missing type or status value in header meta data) for file /home/csmajs/jgarc271/git/jbake-testing-and-verification/jbake-core/build/resources/test/fixture/content/blog/invalid_header.html!
19:07:17.928 WARN  org.jbake.app.Crawler - /home/csmajs/jgarc271/git/jbake-testing-and-verification/jbake-core/build/resources/test/fixture/content/blog/invalid_header.html has an invalid header, it has been ignored!
19:07:17.928 INFO  org.jbake.app.Crawler - Processing [/home/csmajs/jgarc271/git/jbake-testing-and-verification/jbake-core/build/resources/test/fixture/content/blog/invalid_header.html]...  : new 
19:07:17.929 DEBUG org.jbake.parser.MarkupEngine - Type property found
19:07:17.929 DEBUG org.jbake.parser.MarkupEngine - Status property found
19:07:17.929 DEBUG org.jbake.parser.MarkupEngine - Header separator found
19:07:17.930 INFO  org.jbake.app.Crawler - Processing [/home/csmajs/jgarc271/git/jbake-testing-and-verification/jbake-core/build/resources/test/fixture/content/index2.html]...  : new 
19:07:17.931 DEBUG org.jbake.parser.MarkupEngine - Type property found
19:07:17.931 DEBUG org.jbake.parser.MarkupEngine - Status property found
19:07:17.931 DEBUG org.jbake.parser.MarkupEngine - Header separator found
19:07:17.946 INFO  org.jbake.app.Crawler - Processing [/home/csmajs/jgarc271/git/jbake-testing-and-verification/jbake-core/build/resources/test/fixture/content/papers/draft-paper.html]...  : new 
19:07:17.948 DEBUG org.jbake.parser.MarkupEngine - Type property found
19:07:17.948 DEBUG org.jbake.parser.MarkupEngine - Status property found
19:07:17.948 DEBUG org.jbake.parser.MarkupEngine - Header separator found
19:07:17.949 INFO  org.jbake.app.Crawler - Processing [/home/csmajs/jgarc271/git/jbake-testing-and-verification/jbake-core/build/resources/test/fixture/content/papers/published-paper.html]...  : new 
19:07:17.950 DEBUG org.jbake.parser.MarkupEngine - Type property found
19:07:17.950 DEBUG org.jbake.parser.MarkupEngine - Status property found
19:07:17.950 DEBUG org.jbake.parser.MarkupEngine - Header separator found
19:07:17.951 INFO  org.jbake.app.Crawler - Processing [/home/csmajs/jgarc271/git/jbake-testing-and-verification/jbake-core/build/resources/test/fixture/content/projects.html]...  : new 
19:07:17.951 INFO  org.jbake.app.Crawler - Content detected:
19:07:17.951 INFO  org.jbake.app.Crawler - Parsed 3 files of type: page
19:07:17.951 INFO  org.jbake.app.Crawler - Parsed 4 files of type: post
19:07:17.968 INFO  o.j.t.DelegatingTemplateEngine - Default template: tags.ftl was not found, searching for others...
19:07:17.968 INFO  o.j.t.DelegatingTemplateEngine - Found alternative template file: tags.gsp using this instead
19:07:18.063 INFO  org.jbake.app.Renderer - Rendering tag [/tmp/junit423664682383987684/tags/blog.html]... done!
19:07:18.065 INFO  o.j.t.DelegatingTemplateEngine - Default template: tags-index.ftl was not found, searching for others...
19:07:18.065 INFO  o.j.t.DelegatingTemplateEngine - Found alternative template file: tags-index.gsp using this instead
19:07:18.092 INFO  org.jbake.app.Renderer - Rendering tagindex [/tmp/junit423664682383987684/tags/index.html]... done!
19:07:18.096 INFO  c.o.o.c.s.m.ODirectMemoryStorage - Storage 'memory:/tmp/junit6863296331246502884/documents1583892424752' is created under OrientDB distribution : 3.0.14 - Veloce (build ac128c5a9ba4c6dc9d25a32b92962d8863774423, branch 3.0.x)
19:07:18.619 DEBUG org.jbake.app.ContentStore - Create document class 'page'
19:07:18.642 DEBUG org.jbake.app.ContentStore - Create document class 'post'
19:07:18.667 DEBUG org.jbake.app.ContentStore - Create document class 'masterindex'
19:07:18.696 DEBUG org.jbake.app.ContentStore - Create document class 'archive'
19:07:18.728 DEBUG org.jbake.app.ContentStore - Create document class 'feed'
19:07:18.785 DEBUG org.jbake.parser.MarkupEngine - Type property found
19:07:18.785 DEBUG org.jbake.parser.MarkupEngine - Status property found
19:07:18.785 DEBUG org.jbake.parser.MarkupEngine - Header separator found
19:07:18.786 INFO  org.jbake.app.Crawler - Processing [/home/csmajs/jgarc271/git/jbake-testing-and-verification/jbake-core/build/resources/test/fixture/content/about.html]...  : new 
19:07:18.787 DEBUG org.jbake.parser.MarkupEngine - Type property found
19:07:18.787 DEBUG org.jbake.parser.MarkupEngine - Status property found
19:07:18.787 DEBUG org.jbake.parser.MarkupEngine - Header separator found
19:07:18.800 INFO  org.jbake.app.Crawler - Processing [/home/csmajs/jgarc271/git/jbake-testing-and-verification/jbake-core/build/resources/test/fixture/content/allcontent.html]...  : new 
19:07:18.805 DEBUG org.jbake.parser.MarkupEngine - Type property found
19:07:18.805 DEBUG org.jbake.parser.MarkupEngine - Status property found
19:07:18.805 DEBUG org.jbake.parser.MarkupEngine - Header separator found
19:07:18.806 INFO  org.jbake.app.Crawler - Processing [/home/csmajs/jgarc271/git/jbake-testing-and-verification/jbake-core/build/resources/test/fixture/content/blog/2012/first-post.html]...  : new 
19:07:18.808 DEBUG org.jbake.parser.MarkupEngine - Type property found
19:07:18.808 DEBUG org.jbake.parser.MarkupEngine - Status property found
19:07:18.808 DEBUG org.jbake.parser.MarkupEngine - Header separator found
19:07:18.809 INFO  org.jbake.app.Crawler - Processing [/home/csmajs/jgarc271/git/jbake-testing-and-verification/jbake-core/build/resources/test/fixture/content/blog/2013/second-post.html]...  : new 
19:07:18.810 DEBUG org.jbake.parser.MarkupEngine - Type property found
19:07:18.810 DEBUG org.jbake.parser.MarkupEngine - Status property found
19:07:18.810 DEBUG org.jbake.parser.MarkupEngine - Header separator found
19:07:18.811 INFO  org.jbake.app.Crawler - Processing [/home/csmajs/jgarc271/git/jbake-testing-and-verification/jbake-core/build/resources/test/fixture/content/blog/2016/another-post.html]...  : new 
19:07:18.812 DEBUG org.jbake.parser.MarkupEngine - Type property found
19:07:18.812 DEBUG org.jbake.parser.MarkupEngine - Status property found
19:07:18.812 DEBUG org.jbake.parser.MarkupEngine - Header separator found
19:07:18.813 INFO  org.jbake.app.Crawler - Processing [/home/csmajs/jgarc271/git/jbake-testing-and-verification/jbake-core/build/resources/test/fixture/content/blog/2016/draft-post.html]...  : new 
19:07:18.814 DEBUG org.jbake.parser.MarkupEngine - Header separator found
19:07:18.814 WARN  org.jbake.parser.MarkupEngine - Parsing skipped (missing type or status value in header meta data) for file /home/csmajs/jgarc271/git/jbake-testing-and-verification/jbake-core/build/resources/test/fixture/content/blog/invalid_header.html!
19:07:18.814 WARN  org.jbake.app.Crawler - /home/csmajs/jgarc271/git/jbake-testing-and-verification/jbake-core/build/resources/test/fixture/content/blog/invalid_header.html has an invalid header, it has been ignored!
19:07:18.814 INFO  org.jbake.app.Crawler - Processing [/home/csmajs/jgarc271/git/jbake-testing-and-verification/jbake-core/build/resources/test/fixture/content/blog/invalid_header.html]...  : new 
19:07:18.815 DEBUG org.jbake.parser.MarkupEngine - Type property found
19:07:18.815 DEBUG org.jbake.parser.MarkupEngine - Status property found
19:07:18.815 DEBUG org.jbake.parser.MarkupEngine - Header separator found
19:07:18.815 INFO  org.jbake.app.Crawler - Processing [/home/csmajs/jgarc271/git/jbake-testing-and-verification/jbake-core/build/resources/test/fixture/content/index2.html]...  : new 
19:07:18.817 DEBUG org.jbake.parser.MarkupEngine - Type property found
19:07:18.817 DEBUG org.jbake.parser.MarkupEngine - Status property found
19:07:18.817 DEBUG org.jbake.parser.MarkupEngine - Header separator found
19:07:18.831 INFO  org.jbake.app.Crawler - Processing [/home/csmajs/jgarc271/git/jbake-testing-and-verification/jbake-core/build/resources/test/fixture/content/papers/draft-paper.html]...  : new 
19:07:18.834 DEBUG org.jbake.parser.MarkupEngine - Type property found
19:07:18.834 DEBUG org.jbake.parser.MarkupEngine - Status property found
19:07:18.834 DEBUG org.jbake.parser.MarkupEngine - Header separator found
19:07:18.834 INFO  org.jbake.app.Crawler - Processing [/home/csmajs/jgarc271/git/jbake-testing-and-verification/jbake-core/build/resources/test/fixture/content/papers/published-paper.html]...  : new 
19:07:18.835 DEBUG org.jbake.parser.MarkupEngine - Type property found
19:07:18.835 DEBUG org.jbake.parser.MarkupEngine - Status property found
19:07:18.835 DEBUG org.jbake.parser.MarkupEngine - Header separator found
19:07:18.836 INFO  org.jbake.app.Crawler - Processing [/home/csmajs/jgarc271/git/jbake-testing-and-verification/jbake-core/build/resources/test/fixture/content/projects.html]...  : new 
19:07:18.836 INFO  org.jbake.app.Crawler - Content detected:
19:07:18.836 INFO  org.jbake.app.Crawler - Parsed 3 files of type: page
19:07:18.836 INFO  org.jbake.app.Crawler - Parsed 4 files of type: post
19:07:18.891 INFO  org.jbake.app.Renderer - Rendering feed [/tmp/junit423664682383987684/feed.xml]... done!
19:07:18.896 INFO  c.o.o.c.s.m.ODirectMemoryStorage - Storage 'memory:/tmp/junit6863296331246502884/documents1583892424752' is created under OrientDB distribution : 3.0.14 - Veloce (build ac128c5a9ba4c6dc9d25a32b92962d8863774423, branch 3.0.x)
19:07:19.419 DEBUG org.jbake.app.ContentStore - Create document class 'page'
19:07:19.441 DEBUG org.jbake.app.ContentStore - Create document class 'post'
19:07:19.467 DEBUG org.jbake.app.ContentStore - Create document class 'masterindex'
19:07:19.495 DEBUG org.jbake.app.ContentStore - Create document class 'archive'
19:07:19.526 DEBUG org.jbake.app.ContentStore - Create document class 'feed'
19:07:19.584 DEBUG org.jbake.parser.MarkupEngine - Type property found
19:07:19.584 DEBUG org.jbake.parser.MarkupEngine - Status property found
19:07:19.584 DEBUG org.jbake.parser.MarkupEngine - Header separator found
19:07:19.585 INFO  org.jbake.app.Crawler - Processing [/home/csmajs/jgarc271/git/jbake-testing-and-verification/jbake-core/build/resources/test/fixture/content/about.html]...  : new 
19:07:19.586 DEBUG org.jbake.parser.MarkupEngine - Type property found
19:07:19.586 DEBUG org.jbake.parser.MarkupEngine - Status property found
19:07:19.586 DEBUG org.jbake.parser.MarkupEngine - Header separator found
19:07:19.602 INFO  org.jbake.app.Crawler - Processing [/home/csmajs/jgarc271/git/jbake-testing-and-verification/jbake-core/build/resources/test/fixture/content/allcontent.html]...  : new 
19:07:19.606 DEBUG org.jbake.parser.MarkupEngine - Type property found
19:07:19.606 DEBUG org.jbake.parser.MarkupEngine - Status property found
19:07:19.606 DEBUG org.jbake.parser.MarkupEngine - Header separator found
19:07:19.607 INFO  org.jbake.app.Crawler - Processing [/home/csmajs/jgarc271/git/jbake-testing-and-verification/jbake-core/build/resources/test/fixture/content/blog/2012/first-post.html]...  : new 
19:07:19.609 DEBUG org.jbake.parser.MarkupEngine - Type property found
19:07:19.609 DEBUG org.jbake.parser.MarkupEngine - Status property found
19:07:19.609 DEBUG org.jbake.parser.MarkupEngine - Header separator found
19:07:19.610 INFO  org.jbake.app.Crawler - Processing [/home/csmajs/jgarc271/git/jbake-testing-and-verification/jbake-core/build/resources/test/fixture/content/blog/2013/second-post.html]...  : new 
19:07:19.612 DEBUG org.jbake.parser.MarkupEngine - Type property found
19:07:19.612 DEBUG org.jbake.parser.MarkupEngine - Status property found
19:07:19.612 DEBUG org.jbake.parser.MarkupEngine - Header separator found
19:07:19.612 INFO  org.jbake.app.Crawler - Processing [/home/csmajs/jgarc271/git/jbake-testing-and-verification/jbake-core/build/resources/test/fixture/content/blog/2016/another-post.html]...  : new 
19:07:19.613 DEBUG org.jbake.parser.MarkupEngine - Type property found
19:07:19.613 DEBUG org.jbake.parser.MarkupEngine - Status property found
19:07:19.613 DEBUG org.jbake.parser.MarkupEngine - Header separator found
19:07:19.614 INFO  org.jbake.app.Crawler - Processing [/home/csmajs/jgarc271/git/jbake-testing-and-verification/jbake-core/build/resources/test/fixture/content/blog/2016/draft-post.html]...  : new 
19:07:19.615 DEBUG org.jbake.parser.MarkupEngine - Header separator found
19:07:19.615 WARN  org.jbake.parser.MarkupEngine - Parsing skipped (missing type or status value in header meta data) for file /home/csmajs/jgarc271/git/jbake-testing-and-verification/jbake-core/build/resources/test/fixture/content/blog/invalid_header.html!
19:07:19.615 WARN  org.jbake.app.Crawler - /home/csmajs/jgarc271/git/jbake-testing-and-verification/jbake-core/build/resources/test/fixture/content/blog/invalid_header.html has an invalid header, it has been ignored!
19:07:19.615 INFO  org.jbake.app.Crawler - Processing [/home/csmajs/jgarc271/git/jbake-testing-and-verification/jbake-core/build/resources/test/fixture/content/blog/invalid_header.html]...  : new 
19:07:19.616 DEBUG org.jbake.parser.MarkupEngine - Type property found
19:07:19.616 DEBUG org.jbake.parser.MarkupEngine - Status property found
19:07:19.616 DEBUG org.jbake.parser.MarkupEngine - Header separator found
19:07:19.616 INFO  org.jbake.app.Crawler - Processing [/home/csmajs/jgarc271/git/jbake-testing-and-verification/jbake-core/build/resources/test/fixture/content/index2.html]...  : new 
19:07:19.618 DEBUG org.jbake.parser.MarkupEngine - Type property found
19:07:19.618 DEBUG org.jbake.parser.MarkupEngine - Status property found
19:07:19.618 DEBUG org.jbake.parser.MarkupEngine - Header separator found
19:07:19.635 INFO  org.jbake.app.Crawler - Processing [/home/csmajs/jgarc271/git/jbake-testing-and-verification/jbake-core/build/resources/test/fixture/content/papers/draft-paper.html]...  : new 
19:07:19.638 DEBUG org.jbake.parser.MarkupEngine - Type property found
19:07:19.638 DEBUG org.jbake.parser.MarkupEngine - Status property found
19:07:19.638 DEBUG org.jbake.parser.MarkupEngine - Header separator found
19:07:19.638 INFO  org.jbake.app.Crawler - Processing [/home/csmajs/jgarc271/git/jbake-testing-and-verification/jbake-core/build/resources/test/fixture/content/papers/published-paper.html]...  : new 
19:07:19.640 DEBUG org.jbake.parser.MarkupEngine - Type property found
19:07:19.640 DEBUG org.jbake.parser.MarkupEngine - Status property found
19:07:19.640 DEBUG org.jbake.parser.MarkupEngine - Header separator found
19:07:19.640 INFO  org.jbake.app.Crawler - Processing [/home/csmajs/jgarc271/git/jbake-testing-and-verification/jbake-core/build/resources/test/fixture/content/projects.html]...  : new 
19:07:19.640 INFO  org.jbake.app.Crawler - Content detected:
19:07:19.640 INFO  org.jbake.app.Crawler - Parsed 3 files of type: page
19:07:19.640 INFO  org.jbake.app.Crawler - Parsed 4 files of type: post
19:07:19.653 DEBUG org.jbake.parser.MarkupEngine - Type property found
19:07:19.653 DEBUG org.jbake.parser.MarkupEngine - Status property found
19:07:19.653 DEBUG org.jbake.parser.MarkupEngine - Header separator found
19:07:19.703 INFO  org.jbake.app.Renderer - Rendering [/tmp/junit423664682383987684/about.html]... done!
19:07:19.707 INFO  c.o.o.c.s.m.ODirectMemoryStorage - Storage 'memory:/tmp/junit6863296331246502884/documents1583892424752' is created under OrientDB distribution : 3.0.14 - Veloce (build ac128c5a9ba4c6dc9d25a32b92962d8863774423, branch 3.0.x)
19:07:20.243 DEBUG org.jbake.app.ContentStore - Create document class 'page'
19:07:20.277 DEBUG org.jbake.app.ContentStore - Create document class 'post'
19:07:20.302 DEBUG org.jbake.app.ContentStore - Create document class 'masterindex'
19:07:20.329 DEBUG org.jbake.app.ContentStore - Create document class 'archive'
19:07:20.361 DEBUG org.jbake.app.ContentStore - Create document class 'feed'
19:07:20.416 DEBUG org.jbake.parser.MarkupEngine - Type property found
19:07:20.416 DEBUG org.jbake.parser.MarkupEngine - Status property found
19:07:20.416 DEBUG org.jbake.parser.MarkupEngine - Header separator found
19:07:20.417 INFO  org.jbake.app.Crawler - Processing [/home/csmajs/jgarc271/git/jbake-testing-and-verification/jbake-core/build/resources/test/fixture/content/about.html]...  : new 
19:07:20.418 DEBUG org.jbake.parser.MarkupEngine - Type property found
19:07:20.418 DEBUG org.jbake.parser.MarkupEngine - Status property found
19:07:20.418 DEBUG org.jbake.parser.MarkupEngine - Header separator found
19:07:20.431 INFO  org.jbake.app.Crawler - Processing [/home/csmajs/jgarc271/git/jbake-testing-and-verification/jbake-core/build/resources/test/fixture/content/allcontent.html]...  : new 
19:07:20.435 DEBUG org.jbake.parser.MarkupEngine - Type property found
19:07:20.435 DEBUG org.jbake.parser.MarkupEngine - Status property found
19:07:20.435 DEBUG org.jbake.parser.MarkupEngine - Header separator found
19:07:20.436 INFO  org.jbake.app.Crawler - Processing [/home/csmajs/jgarc271/git/jbake-testing-and-verification/jbake-core/build/resources/test/fixture/content/blog/2012/first-post.html]...  : new 
19:07:20.439 DEBUG org.jbake.parser.MarkupEngine - Type property found
19:07:20.439 DEBUG org.jbake.parser.MarkupEngine - Status property found
19:07:20.439 DEBUG org.jbake.parser.MarkupEngine - Header separator found
19:07:20.439 INFO  org.jbake.app.Crawler - Processing [/home/csmajs/jgarc271/git/jbake-testing-and-verification/jbake-core/build/resources/test/fixture/content/blog/2013/second-post.html]...  : new 
19:07:20.441 DEBUG org.jbake.parser.MarkupEngine - Type property found
19:07:20.441 DEBUG org.jbake.parser.MarkupEngine - Status property found
19:07:20.441 DEBUG org.jbake.parser.MarkupEngine - Header separator found
19:07:20.441 INFO  org.jbake.app.Crawler - Processing [/home/csmajs/jgarc271/git/jbake-testing-and-verification/jbake-core/build/resources/test/fixture/content/blog/2016/another-post.html]...  : new 
19:07:20.442 DEBUG org.jbake.parser.MarkupEngine - Type property found
19:07:20.443 DEBUG org.jbake.parser.MarkupEngine - Status property found
19:07:20.443 DEBUG org.jbake.parser.MarkupEngine - Header separator found
19:07:20.443 INFO  org.jbake.app.Crawler - Processing [/home/csmajs/jgarc271/git/jbake-testing-and-verification/jbake-core/build/resources/test/fixture/content/blog/2016/draft-post.html]...  : new 
19:07:20.444 DEBUG org.jbake.parser.MarkupEngine - Header separator found
19:07:20.444 WARN  org.jbake.parser.MarkupEngine - Parsing skipped (missing type or status value in header meta data) for file /home/csmajs/jgarc271/git/jbake-testing-and-verification/jbake-core/build/resources/test/fixture/content/blog/invalid_header.html!
19:07:20.444 WARN  org.jbake.app.Crawler - /home/csmajs/jgarc271/git/jbake-testing-and-verification/jbake-core/build/resources/test/fixture/content/blog/invalid_header.html has an invalid header, it has been ignored!
19:07:20.444 INFO  org.jbake.app.Crawler - Processing [/home/csmajs/jgarc271/git/jbake-testing-and-verification/jbake-core/build/resources/test/fixture/content/blog/invalid_header.html]...  : new 
19:07:20.445 DEBUG org.jbake.parser.MarkupEngine - Type property found
19:07:20.445 DEBUG org.jbake.parser.MarkupEngine - Status property found
19:07:20.445 DEBUG org.jbake.parser.MarkupEngine - Header separator found
19:07:20.446 INFO  org.jbake.app.Crawler - Processing [/home/csmajs/jgarc271/git/jbake-testing-and-verification/jbake-core/build/resources/test/fixture/content/index2.html]...  : new 
19:07:20.447 DEBUG org.jbake.parser.MarkupEngine - Type property found
19:07:20.447 DEBUG org.jbake.parser.MarkupEngine - Status property found
19:07:20.447 DEBUG org.jbake.parser.MarkupEngine - Header separator found
19:07:20.462 INFO  org.jbake.app.Crawler - Processing [/home/csmajs/jgarc271/git/jbake-testing-and-verification/jbake-core/build/resources/test/fixture/content/papers/draft-paper.html]...  : new 
19:07:20.464 DEBUG org.jbake.parser.MarkupEngine - Type property found
19:07:20.464 DEBUG org.jbake.parser.MarkupEngine - Status property found
19:07:20.464 DEBUG org.jbake.parser.MarkupEngine - Header separator found
19:07:20.465 INFO  org.jbake.app.Crawler - Processing [/home/csmajs/jgarc271/git/jbake-testing-and-verification/jbake-core/build/resources/test/fixture/content/papers/published-paper.html]...  : new 
19:07:20.466 DEBUG org.jbake.parser.MarkupEngine - Type property found
19:07:20.466 DEBUG org.jbake.parser.MarkupEngine - Status property found
19:07:20.466 DEBUG org.jbake.parser.MarkupEngine - Header separator found
19:07:20.466 INFO  org.jbake.app.Crawler - Processing [/home/csmajs/jgarc271/git/jbake-testing-and-verification/jbake-core/build/resources/test/fixture/content/projects.html]...  : new 
19:07:20.466 INFO  org.jbake.app.Crawler - Content detected:
19:07:20.466 INFO  org.jbake.app.Crawler - Parsed 3 files of type: page
19:07:20.467 INFO  org.jbake.app.Crawler - Parsed 4 files of type: post
19:07:20.479 DEBUG org.jbake.parser.MarkupEngine - Type property found
19:07:20.479 DEBUG org.jbake.parser.MarkupEngine - Status property found
19:07:20.479 DEBUG org.jbake.parser.MarkupEngine - Header separator found
19:07:20.530 INFO  org.jbake.app.Renderer - Rendering [/tmp/junit423664682383987684/second-post.html]... done!
19:07:20.534 INFO  c.o.o.c.s.m.ODirectMemoryStorage - Storage 'memory:/tmp/junit6863296331246502884/documents1583892424752' is created under OrientDB distribution : 3.0.14 - Veloce (build ac128c5a9ba4c6dc9d25a32b92962d8863774423, branch 3.0.x)
19:07:21.056 DEBUG org.jbake.app.ContentStore - Create document class 'page'
19:07:21.079 DEBUG org.jbake.app.ContentStore - Create document class 'post'
19:07:21.105 DEBUG org.jbake.app.ContentStore - Create document class 'masterindex'
19:07:21.133 DEBUG org.jbake.app.ContentStore - Create document class 'archive'
19:07:21.165 DEBUG org.jbake.app.ContentStore - Create document class 'feed'
19:07:21.221 DEBUG org.jbake.parser.MarkupEngine - Type property found
19:07:21.221 DEBUG org.jbake.parser.MarkupEngine - Status property found
19:07:21.221 DEBUG org.jbake.parser.MarkupEngine - Header separator found
19:07:21.221 INFO  org.jbake.app.Crawler - Processing [/home/csmajs/jgarc271/git/jbake-testing-and-verification/jbake-core/build/resources/test/fixture/content/about.html]...  : new 
19:07:21.222 DEBUG org.jbake.parser.MarkupEngine - Type property found
19:07:21.223 DEBUG org.jbake.parser.MarkupEngine - Status property found
19:07:21.223 DEBUG org.jbake.parser.MarkupEngine - Header separator found
19:07:21.236 INFO  org.jbake.app.Crawler - Processing [/home/csmajs/jgarc271/git/jbake-testing-and-verification/jbake-core/build/resources/test/fixture/content/allcontent.html]...  : new 
19:07:21.240 DEBUG org.jbake.parser.MarkupEngine - Type property found
19:07:21.240 DEBUG org.jbake.parser.MarkupEngine - Status property found
19:07:21.240 DEBUG org.jbake.parser.MarkupEngine - Header separator found
19:07:21.241 INFO  org.jbake.app.Crawler - Processing [/home/csmajs/jgarc271/git/jbake-testing-and-verification/jbake-core/build/resources/test/fixture/content/blog/2012/first-post.html]...  : new 
19:07:21.243 DEBUG org.jbake.parser.MarkupEngine - Type property found
19:07:21.243 DEBUG org.jbake.parser.MarkupEngine - Status property found
19:07:21.243 DEBUG org.jbake.parser.MarkupEngine - Header separator found
19:07:21.244 INFO  org.jbake.app.Crawler - Processing [/home/csmajs/jgarc271/git/jbake-testing-and-verification/jbake-core/build/resources/test/fixture/content/blog/2013/second-post.html]...  : new 
19:07:21.245 DEBUG org.jbake.parser.MarkupEngine - Type property found
19:07:21.245 DEBUG org.jbake.parser.MarkupEngine - Status property found
19:07:21.245 DEBUG org.jbake.parser.MarkupEngine - Header separator found
19:07:21.246 INFO  org.jbake.app.Crawler - Processing [/home/csmajs/jgarc271/git/jbake-testing-and-verification/jbake-core/build/resources/test/fixture/content/blog/2016/another-post.html]...  : new 
19:07:21.247 DEBUG org.jbake.parser.MarkupEngine - Type property found
19:07:21.247 DEBUG org.jbake.parser.MarkupEngine - Status property found
19:07:21.247 DEBUG org.jbake.parser.MarkupEngine - Header separator found
19:07:21.248 INFO  org.jbake.app.Crawler - Processing [/home/csmajs/jgarc271/git/jbake-testing-and-verification/jbake-core/build/resources/test/fixture/content/blog/2016/draft-post.html]...  : new 
19:07:21.249 DEBUG org.jbake.parser.MarkupEngine - Header separator found
19:07:21.249 WARN  org.jbake.parser.MarkupEngine - Parsing skipped (missing type or status value in header meta data) for file /home/csmajs/jgarc271/git/jbake-testing-and-verification/jbake-core/build/resources/test/fixture/content/blog/invalid_header.html!
19:07:21.249 WARN  org.jbake.app.Crawler - /home/csmajs/jgarc271/git/jbake-testing-and-verification/jbake-core/build/resources/test/fixture/content/blog/invalid_header.html has an invalid header, it has been ignored!
19:07:21.249 INFO  org.jbake.app.Crawler - Processing [/home/csmajs/jgarc271/git/jbake-testing-and-verification/jbake-core/build/resources/test/fixture/content/blog/invalid_header.html]...  : new 
19:07:21.250 DEBUG org.jbake.parser.MarkupEngine - Type property found
19:07:21.250 DEBUG org.jbake.parser.MarkupEngine - Status property found
19:07:21.250 DEBUG org.jbake.parser.MarkupEngine - Header separator found
19:07:21.250 INFO  org.jbake.app.Crawler - Processing [/home/csmajs/jgarc271/git/jbake-testing-and-verification/jbake-core/build/resources/test/fixture/content/index2.html]...  : new 
19:07:21.252 DEBUG org.jbake.parser.MarkupEngine - Type property found
19:07:21.252 DEBUG org.jbake.parser.MarkupEngine - Status property found
19:07:21.252 DEBUG org.jbake.parser.MarkupEngine - Header separator found
19:07:21.266 INFO  org.jbake.app.Crawler - Processing [/home/csmajs/jgarc271/git/jbake-testing-and-verification/jbake-core/build/resources/test/fixture/content/papers/draft-paper.html]...  : new 
19:07:21.269 DEBUG org.jbake.parser.MarkupEngine - Type property found
19:07:21.269 DEBUG org.jbake.parser.MarkupEngine - Status property found
19:07:21.269 DEBUG org.jbake.parser.MarkupEngine - Header separator found
19:07:21.269 INFO  org.jbake.app.Crawler - Processing [/home/csmajs/jgarc271/git/jbake-testing-and-verification/jbake-core/build/resources/test/fixture/content/papers/published-paper.html]...  : new 
19:07:21.270 DEBUG org.jbake.parser.MarkupEngine - Type property found
19:07:21.270 DEBUG org.jbake.parser.MarkupEngine - Status property found
19:07:21.270 DEBUG org.jbake.parser.MarkupEngine - Header separator found
19:07:21.271 INFO  org.jbake.app.Crawler - Processing [/home/csmajs/jgarc271/git/jbake-testing-and-verification/jbake-core/build/resources/test/fixture/content/projects.html]...  : new 
19:07:21.271 INFO  org.jbake.app.Crawler - Content detected:
19:07:21.271 INFO  org.jbake.app.Crawler - Parsed 3 files of type: page
19:07:21.271 INFO  org.jbake.app.Crawler - Parsed 4 files of type: post
19:07:21.287 INFO  o.j.t.DelegatingTemplateEngine - Default template: tags.ftl was not found, searching for others...
19:07:21.287 INFO  o.j.t.DelegatingTemplateEngine - Found alternative template file: tags.gsp using this instead
19:07:21.346 INFO  org.jbake.app.Renderer - Rendering tag [/tmp/junit423664682383987684/tags/blog.html]... done!
19:07:21.348 INFO  o.j.t.DelegatingTemplateEngine - Default template: tags-index.ftl was not found, searching for others...
19:07:21.348 INFO  o.j.t.DelegatingTemplateEngine - Found alternative template file: tags-index.gsp using this instead
19:07:21.373 INFO  org.jbake.app.Renderer - Rendering tagindex [/tmp/junit423664682383987684/tags/index.html]... done!
19:07:21.377 INFO  c.o.o.c.s.m.ODirectMemoryStorage - Storage 'memory:/tmp/junit6863296331246502884/documents1583892424752' is created under OrientDB distribution : 3.0.14 - Veloce (build ac128c5a9ba4c6dc9d25a32b92962d8863774423, branch 3.0.x)
19:07:21.898 DEBUG org.jbake.app.ContentStore - Create document class 'page'
19:07:21.921 DEBUG org.jbake.app.ContentStore - Create document class 'post'
19:07:21.945 DEBUG org.jbake.app.ContentStore - Create document class 'masterindex'
19:07:21.973 DEBUG org.jbake.app.ContentStore - Create document class 'archive'
19:07:22.004 DEBUG org.jbake.app.ContentStore - Create document class 'feed'
19:07:22.058 DEBUG org.jbake.parser.MarkupEngine - Type property found
19:07:22.059 DEBUG org.jbake.parser.MarkupEngine - Status property found
19:07:22.059 DEBUG org.jbake.parser.MarkupEngine - Header separator found
19:07:22.059 INFO  org.jbake.app.Crawler - Processing [/home/csmajs/jgarc271/git/jbake-testing-and-verification/jbake-core/build/resources/test/fixture/content/about.html]...  : new 
19:07:22.060 DEBUG org.jbake.parser.MarkupEngine - Type property found
19:07:22.060 DEBUG org.jbake.parser.MarkupEngine - Status property found
19:07:22.060 DEBUG org.jbake.parser.MarkupEngine - Header separator found
19:07:22.073 INFO  org.jbake.app.Crawler - Processing [/home/csmajs/jgarc271/git/jbake-testing-and-verification/jbake-core/build/resources/test/fixture/content/allcontent.html]...  : new 
19:07:22.078 DEBUG org.jbake.parser.MarkupEngine - Type property found
19:07:22.078 DEBUG org.jbake.parser.MarkupEngine - Status property found
19:07:22.078 DEBUG org.jbake.parser.MarkupEngine - Header separator found
19:07:22.078 INFO  org.jbake.app.Crawler - Processing [/home/csmajs/jgarc271/git/jbake-testing-and-verification/jbake-core/build/resources/test/fixture/content/blog/2012/first-post.html]...  : new 
19:07:22.081 DEBUG org.jbake.parser.MarkupEngine - Type property found
19:07:22.081 DEBUG org.jbake.parser.MarkupEngine - Status property found
19:07:22.081 DEBUG org.jbake.parser.MarkupEngine - Header separator found
19:07:22.081 INFO  org.jbake.app.Crawler - Processing [/home/csmajs/jgarc271/git/jbake-testing-and-verification/jbake-core/build/resources/test/fixture/content/blog/2013/second-post.html]...  : new 
19:07:22.083 DEBUG org.jbake.parser.MarkupEngine - Type property found
19:07:22.083 DEBUG org.jbake.parser.MarkupEngine - Status property found
19:07:22.083 DEBUG org.jbake.parser.MarkupEngine - Header separator found
19:07:22.083 INFO  org.jbake.app.Crawler - Processing [/home/csmajs/jgarc271/git/jbake-testing-and-verification/jbake-core/build/resources/test/fixture/content/blog/2016/another-post.html]...  : new 
19:07:22.084 DEBUG org.jbake.parser.MarkupEngine - Type property found
19:07:22.085 DEBUG org.jbake.parser.MarkupEngine - Status property found
19:07:22.085 DEBUG org.jbake.parser.MarkupEngine - Header separator found
19:07:22.085 INFO  org.jbake.app.Crawler - Processing [/home/csmajs/jgarc271/git/jbake-testing-and-verification/jbake-core/build/resources/test/fixture/content/blog/2016/draft-post.html]...  : new 
19:07:22.086 DEBUG org.jbake.parser.MarkupEngine - Header separator found
19:07:22.086 WARN  org.jbake.parser.MarkupEngine - Parsing skipped (missing type or status value in header meta data) for file /home/csmajs/jgarc271/git/jbake-testing-and-verification/jbake-core/build/resources/test/fixture/content/blog/invalid_header.html!
19:07:22.086 WARN  org.jbake.app.Crawler - /home/csmajs/jgarc271/git/jbake-testing-and-verification/jbake-core/build/resources/test/fixture/content/blog/invalid_header.html has an invalid header, it has been ignored!
19:07:22.086 INFO  org.jbake.app.Crawler - Processing [/home/csmajs/jgarc271/git/jbake-testing-and-verification/jbake-core/build/resources/test/fixture/content/blog/invalid_header.html]...  : new 
19:07:22.087 DEBUG org.jbake.parser.MarkupEngine - Type property found
19:07:22.087 DEBUG org.jbake.parser.MarkupEngine - Status property found
19:07:22.087 DEBUG org.jbake.parser.MarkupEngine - Header separator found
19:07:22.088 INFO  org.jbake.app.Crawler - Processing [/home/csmajs/jgarc271/git/jbake-testing-and-verification/jbake-core/build/resources/test/fixture/content/index2.html]...  : new 
19:07:22.089 DEBUG org.jbake.parser.MarkupEngine - Type property found
19:07:22.089 DEBUG org.jbake.parser.MarkupEngine - Status property found
19:07:22.089 DEBUG org.jbake.parser.MarkupEngine - Header separator found
19:07:22.103 INFO  org.jbake.app.Crawler - Processing [/home/csmajs/jgarc271/git/jbake-testing-and-verification/jbake-core/build/resources/test/fixture/content/papers/draft-paper.html]...  : new 
19:07:22.106 DEBUG org.jbake.parser.MarkupEngine - Type property found
19:07:22.106 DEBUG org.jbake.parser.MarkupEngine - Status property found
19:07:22.106 DEBUG org.jbake.parser.MarkupEngine - Header separator found
19:07:22.106 INFO  org.jbake.app.Crawler - Processing [/home/csmajs/jgarc271/git/jbake-testing-and-verification/jbake-core/build/resources/test/fixture/content/papers/published-paper.html]...  : new 
19:07:22.107 DEBUG org.jbake.parser.MarkupEngine - Type property found
19:07:22.107 DEBUG org.jbake.parser.MarkupEngine - Status property found
19:07:22.107 DEBUG org.jbake.parser.MarkupEngine - Header separator found
19:07:22.108 INFO  org.jbake.app.Crawler - Processing [/home/csmajs/jgarc271/git/jbake-testing-and-verification/jbake-core/build/resources/test/fixture/content/projects.html]...  : new 
19:07:22.108 INFO  org.jbake.app.Crawler - Content detected:
19:07:22.108 INFO  org.jbake.app.Crawler - Parsed 3 files of type: page
19:07:22.108 INFO  org.jbake.app.Crawler - Parsed 4 files of type: post
19:07:22.119 INFO  org.jbake.template.ModelExtractors - register new extractors for document type: paper
19:07:22.121 INFO  o.j.t.DelegatingTemplateEngine - Default template: sitemap.ftl was not found, searching for others...
19:07:22.121 INFO  o.j.t.DelegatingTemplateEngine - Found alternative template file: sitemap.gsp using this instead
19:07:22.154 INFO  org.jbake.app.Renderer - Rendering sitemap [/tmp/junit423664682383987684/sitemap.xml]... done!
]]></system-out>
  <system-err><![CDATA[]]></system-err>
</testsuite>
