<?xml version="1.0" encoding="UTF-8"?>
<testsuite name="org.jbake.app.template.GroovyTemplateEngineRenderingTest" tests="9" skipped="0" failures="0" errors="0" timestamp="2020-03-13T04:43:28" hostname="bolt.cs.ucr.edu" time="8.206">
  <properties/>
  <testcase name="renderIndex" classname="org.jbake.app.template.GroovyTemplateEngineRenderingTest" time="1.46"/>
  <testcase name="renderArchive" classname="org.jbake.app.template.GroovyTemplateEngineRenderingTest" time="0.928"/>
  <testcase name="checkDbTemplateModelIsPopulated" classname="org.jbake.app.template.GroovyTemplateEngineRenderingTest" time="0.817"/>
  <testcase name="renderTagsIndex" classname="org.jbake.app.template.GroovyTemplateEngineRenderingTest" time="0.903"/>
  <testcase name="renderFeed" classname="org.jbake.app.template.GroovyTemplateEngineRenderingTest" time="0.789"/>
  <testcase name="renderPage" classname="org.jbake.app.template.GroovyTemplateEngineRenderingTest" time="0.808"/>
  <testcase name="renderPost" classname="org.jbake.app.template.GroovyTemplateEngineRenderingTest" time="0.853"/>
  <testcase name="renderTags" classname="org.jbake.app.template.GroovyTemplateEngineRenderingTest" time="0.876"/>
  <testcase name="renderSitemap" classname="org.jbake.app.template.GroovyTemplateEngineRenderingTest" time="0.771"/>
  <system-out><![CDATA[21:43:28.786 INFO  c.o.o.c.s.m.ODirectMemoryStorage - Storage 'memory:/tmp/junit9123478333572704875/documents1584074599458' is created under OrientDB distribution : 3.0.14 - Veloce (build ac128c5a9ba4c6dc9d25a32b92962d8863774423, branch 3.0.x)
21:43:29.308 DEBUG org.jbake.app.ContentStore - Create document class 'page'
21:43:29.332 DEBUG org.jbake.app.ContentStore - Create document class 'post'
21:43:29.359 DEBUG org.jbake.app.ContentStore - Create document class 'masterindex'
21:43:29.388 DEBUG org.jbake.app.ContentStore - Create document class 'archive'
21:43:29.419 DEBUG org.jbake.app.ContentStore - Create document class 'feed'
21:43:29.475 DEBUG org.jbake.parser.MarkupEngine - Type property found
21:43:29.475 DEBUG org.jbake.parser.MarkupEngine - Status property found
21:43:29.475 DEBUG org.jbake.parser.MarkupEngine - Header separator found
21:43:29.476 INFO  org.jbake.app.Crawler - Processing [/home/csmajs/jgarc271/git/jbake-testing-and-verification/jbake-core/build/resources/test/fixture/content/about.html]...  : new 
21:43:29.477 DEBUG org.jbake.parser.MarkupEngine - Type property found
21:43:29.477 DEBUG org.jbake.parser.MarkupEngine - Status property found
21:43:29.477 DEBUG org.jbake.parser.MarkupEngine - Header separator found
21:43:29.491 INFO  org.jbake.app.Crawler - Processing [/home/csmajs/jgarc271/git/jbake-testing-and-verification/jbake-core/build/resources/test/fixture/content/allcontent.html]...  : new 
21:43:29.495 DEBUG org.jbake.parser.MarkupEngine - Type property found
21:43:29.495 DEBUG org.jbake.parser.MarkupEngine - Status property found
21:43:29.495 DEBUG org.jbake.parser.MarkupEngine - Header separator found
21:43:29.496 INFO  org.jbake.app.Crawler - Processing [/home/csmajs/jgarc271/git/jbake-testing-and-verification/jbake-core/build/resources/test/fixture/content/blog/2012/first-post.html]...  : new 
21:43:29.499 DEBUG org.jbake.parser.MarkupEngine - Type property found
21:43:29.499 DEBUG org.jbake.parser.MarkupEngine - Status property found
21:43:29.499 DEBUG org.jbake.parser.MarkupEngine - Header separator found
21:43:29.499 INFO  org.jbake.app.Crawler - Processing [/home/csmajs/jgarc271/git/jbake-testing-and-verification/jbake-core/build/resources/test/fixture/content/blog/2013/second-post.html]...  : new 
21:43:29.501 DEBUG org.jbake.parser.MarkupEngine - Type property found
21:43:29.501 DEBUG org.jbake.parser.MarkupEngine - Status property found
21:43:29.501 DEBUG org.jbake.parser.MarkupEngine - Header separator found
21:43:29.502 INFO  org.jbake.app.Crawler - Processing [/home/csmajs/jgarc271/git/jbake-testing-and-verification/jbake-core/build/resources/test/fixture/content/blog/2016/another-post.html]...  : new 
21:43:29.503 DEBUG org.jbake.parser.MarkupEngine - Type property found
21:43:29.503 DEBUG org.jbake.parser.MarkupEngine - Status property found
21:43:29.503 DEBUG org.jbake.parser.MarkupEngine - Header separator found
21:43:29.503 INFO  org.jbake.app.Crawler - Processing [/home/csmajs/jgarc271/git/jbake-testing-and-verification/jbake-core/build/resources/test/fixture/content/blog/2016/draft-post.html]...  : new 
21:43:29.505 DEBUG org.jbake.parser.MarkupEngine - Header separator found
21:43:29.505 WARN  org.jbake.parser.MarkupEngine - Parsing skipped (missing type or status value in header meta data) for file /home/csmajs/jgarc271/git/jbake-testing-and-verification/jbake-core/build/resources/test/fixture/content/blog/invalid_header.html!
21:43:29.505 WARN  org.jbake.app.Crawler - /home/csmajs/jgarc271/git/jbake-testing-and-verification/jbake-core/build/resources/test/fixture/content/blog/invalid_header.html has an invalid header, it has been ignored!
21:43:29.505 INFO  org.jbake.app.Crawler - Processing [/home/csmajs/jgarc271/git/jbake-testing-and-verification/jbake-core/build/resources/test/fixture/content/blog/invalid_header.html]...  : new 
21:43:29.506 DEBUG org.jbake.parser.MarkupEngine - Type property found
21:43:29.506 DEBUG org.jbake.parser.MarkupEngine - Status property found
21:43:29.506 DEBUG org.jbake.parser.MarkupEngine - Header separator found
21:43:29.506 INFO  org.jbake.app.Crawler - Processing [/home/csmajs/jgarc271/git/jbake-testing-and-verification/jbake-core/build/resources/test/fixture/content/index2.html]...  : new 
21:43:29.508 DEBUG org.jbake.parser.MarkupEngine - Type property found
21:43:29.508 DEBUG org.jbake.parser.MarkupEngine - Status property found
21:43:29.508 DEBUG org.jbake.parser.MarkupEngine - Header separator found
21:43:29.522 INFO  org.jbake.app.Crawler - Processing [/home/csmajs/jgarc271/git/jbake-testing-and-verification/jbake-core/build/resources/test/fixture/content/papers/draft-paper.html]...  : new 
21:43:29.525 DEBUG org.jbake.parser.MarkupEngine - Type property found
21:43:29.525 DEBUG org.jbake.parser.MarkupEngine - Status property found
21:43:29.525 DEBUG org.jbake.parser.MarkupEngine - Header separator found
21:43:29.525 INFO  org.jbake.app.Crawler - Processing [/home/csmajs/jgarc271/git/jbake-testing-and-verification/jbake-core/build/resources/test/fixture/content/papers/published-paper.html]...  : new 
21:43:29.526 DEBUG org.jbake.parser.MarkupEngine - Type property found
21:43:29.526 DEBUG org.jbake.parser.MarkupEngine - Status property found
21:43:29.526 DEBUG org.jbake.parser.MarkupEngine - Header separator found
21:43:29.527 INFO  org.jbake.app.Crawler - Processing [/home/csmajs/jgarc271/git/jbake-testing-and-verification/jbake-core/build/resources/test/fixture/content/projects.html]...  : new 
21:43:29.527 INFO  org.jbake.app.Crawler - Content detected:
21:43:29.527 INFO  org.jbake.app.Crawler - Parsed 3 files of type: page
21:43:29.527 INFO  org.jbake.app.Crawler - Parsed 4 files of type: post
21:43:30.242 INFO  org.jbake.app.Renderer - Rendering masterindex [/tmp/junit3847458455232075808/index.html]... done!
21:43:30.246 INFO  c.o.o.c.s.m.ODirectMemoryStorage - Storage 'memory:/tmp/junit9123478333572704875/documents1584074599458' is created under OrientDB distribution : 3.0.14 - Veloce (build ac128c5a9ba4c6dc9d25a32b92962d8863774423, branch 3.0.x)
21:43:30.808 DEBUG org.jbake.app.ContentStore - Create document class 'page'
21:43:30.832 DEBUG org.jbake.app.ContentStore - Create document class 'post'
21:43:30.858 DEBUG org.jbake.app.ContentStore - Create document class 'masterindex'
21:43:30.887 DEBUG org.jbake.app.ContentStore - Create document class 'archive'
21:43:30.920 DEBUG org.jbake.app.ContentStore - Create document class 'feed'
21:43:30.978 DEBUG org.jbake.parser.MarkupEngine - Type property found
21:43:30.978 DEBUG org.jbake.parser.MarkupEngine - Status property found
21:43:30.978 DEBUG org.jbake.parser.MarkupEngine - Header separator found
21:43:30.979 INFO  org.jbake.app.Crawler - Processing [/home/csmajs/jgarc271/git/jbake-testing-and-verification/jbake-core/build/resources/test/fixture/content/about.html]...  : new 
21:43:30.980 DEBUG org.jbake.parser.MarkupEngine - Type property found
21:43:30.980 DEBUG org.jbake.parser.MarkupEngine - Status property found
21:43:30.980 DEBUG org.jbake.parser.MarkupEngine - Header separator found
21:43:30.993 INFO  org.jbake.app.Crawler - Processing [/home/csmajs/jgarc271/git/jbake-testing-and-verification/jbake-core/build/resources/test/fixture/content/allcontent.html]...  : new 
21:43:30.998 DEBUG org.jbake.parser.MarkupEngine - Type property found
21:43:30.998 DEBUG org.jbake.parser.MarkupEngine - Status property found
21:43:30.998 DEBUG org.jbake.parser.MarkupEngine - Header separator found
21:43:30.999 INFO  org.jbake.app.Crawler - Processing [/home/csmajs/jgarc271/git/jbake-testing-and-verification/jbake-core/build/resources/test/fixture/content/blog/2012/first-post.html]...  : new 
21:43:31.001 DEBUG org.jbake.parser.MarkupEngine - Type property found
21:43:31.001 DEBUG org.jbake.parser.MarkupEngine - Status property found
21:43:31.001 DEBUG org.jbake.parser.MarkupEngine - Header separator found
21:43:31.002 INFO  org.jbake.app.Crawler - Processing [/home/csmajs/jgarc271/git/jbake-testing-and-verification/jbake-core/build/resources/test/fixture/content/blog/2013/second-post.html]...  : new 
21:43:31.004 DEBUG org.jbake.parser.MarkupEngine - Type property found
21:43:31.004 DEBUG org.jbake.parser.MarkupEngine - Status property found
21:43:31.004 DEBUG org.jbake.parser.MarkupEngine - Header separator found
21:43:31.004 INFO  org.jbake.app.Crawler - Processing [/home/csmajs/jgarc271/git/jbake-testing-and-verification/jbake-core/build/resources/test/fixture/content/blog/2016/another-post.html]...  : new 
21:43:31.006 DEBUG org.jbake.parser.MarkupEngine - Type property found
21:43:31.006 DEBUG org.jbake.parser.MarkupEngine - Status property found
21:43:31.006 DEBUG org.jbake.parser.MarkupEngine - Header separator found
21:43:31.006 INFO  org.jbake.app.Crawler - Processing [/home/csmajs/jgarc271/git/jbake-testing-and-verification/jbake-core/build/resources/test/fixture/content/blog/2016/draft-post.html]...  : new 
21:43:31.007 DEBUG org.jbake.parser.MarkupEngine - Header separator found
21:43:31.007 WARN  org.jbake.parser.MarkupEngine - Parsing skipped (missing type or status value in header meta data) for file /home/csmajs/jgarc271/git/jbake-testing-and-verification/jbake-core/build/resources/test/fixture/content/blog/invalid_header.html!
21:43:31.007 WARN  org.jbake.app.Crawler - /home/csmajs/jgarc271/git/jbake-testing-and-verification/jbake-core/build/resources/test/fixture/content/blog/invalid_header.html has an invalid header, it has been ignored!
21:43:31.007 INFO  org.jbake.app.Crawler - Processing [/home/csmajs/jgarc271/git/jbake-testing-and-verification/jbake-core/build/resources/test/fixture/content/blog/invalid_header.html]...  : new 
21:43:31.009 DEBUG org.jbake.parser.MarkupEngine - Type property found
21:43:31.009 DEBUG org.jbake.parser.MarkupEngine - Status property found
21:43:31.009 DEBUG org.jbake.parser.MarkupEngine - Header separator found
21:43:31.009 INFO  org.jbake.app.Crawler - Processing [/home/csmajs/jgarc271/git/jbake-testing-and-verification/jbake-core/build/resources/test/fixture/content/index2.html]...  : new 
21:43:31.011 DEBUG org.jbake.parser.MarkupEngine - Type property found
21:43:31.011 DEBUG org.jbake.parser.MarkupEngine - Status property found
21:43:31.011 DEBUG org.jbake.parser.MarkupEngine - Header separator found
21:43:31.025 INFO  org.jbake.app.Crawler - Processing [/home/csmajs/jgarc271/git/jbake-testing-and-verification/jbake-core/build/resources/test/fixture/content/papers/draft-paper.html]...  : new 
21:43:31.028 DEBUG org.jbake.parser.MarkupEngine - Type property found
21:43:31.028 DEBUG org.jbake.parser.MarkupEngine - Status property found
21:43:31.028 DEBUG org.jbake.parser.MarkupEngine - Header separator found
21:43:31.029 INFO  org.jbake.app.Crawler - Processing [/home/csmajs/jgarc271/git/jbake-testing-and-verification/jbake-core/build/resources/test/fixture/content/papers/published-paper.html]...  : new 
21:43:31.030 DEBUG org.jbake.parser.MarkupEngine - Type property found
21:43:31.030 DEBUG org.jbake.parser.MarkupEngine - Status property found
21:43:31.030 DEBUG org.jbake.parser.MarkupEngine - Header separator found
21:43:31.031 INFO  org.jbake.app.Crawler - Processing [/home/csmajs/jgarc271/git/jbake-testing-and-verification/jbake-core/build/resources/test/fixture/content/projects.html]...  : new 
21:43:31.031 INFO  org.jbake.app.Crawler - Content detected:
21:43:31.031 INFO  org.jbake.app.Crawler - Parsed 3 files of type: page
21:43:31.031 INFO  org.jbake.app.Crawler - Parsed 4 files of type: post
21:43:31.169 INFO  org.jbake.app.Renderer - Rendering archive [/tmp/junit3847458455232075808/archive.html]... done!
21:43:31.174 INFO  c.o.o.c.s.m.ODirectMemoryStorage - Storage 'memory:/tmp/junit9123478333572704875/documents1584074599458' is created under OrientDB distribution : 3.0.14 - Veloce (build ac128c5a9ba4c6dc9d25a32b92962d8863774423, branch 3.0.x)
21:43:31.694 DEBUG org.jbake.app.ContentStore - Create document class 'page'
21:43:31.718 DEBUG org.jbake.app.ContentStore - Create document class 'post'
21:43:31.744 DEBUG org.jbake.app.ContentStore - Create document class 'masterindex'
21:43:31.773 DEBUG org.jbake.app.ContentStore - Create document class 'archive'
21:43:31.804 DEBUG org.jbake.app.ContentStore - Create document class 'feed'
21:43:31.860 DEBUG org.jbake.parser.MarkupEngine - Type property found
21:43:31.860 DEBUG org.jbake.parser.MarkupEngine - Status property found
21:43:31.860 DEBUG org.jbake.parser.MarkupEngine - Header separator found
21:43:31.861 INFO  org.jbake.app.Crawler - Processing [/home/csmajs/jgarc271/git/jbake-testing-and-verification/jbake-core/build/resources/test/fixture/content/about.html]...  : new 
21:43:31.862 DEBUG org.jbake.parser.MarkupEngine - Type property found
21:43:31.862 DEBUG org.jbake.parser.MarkupEngine - Status property found
21:43:31.862 DEBUG org.jbake.parser.MarkupEngine - Header separator found
21:43:31.875 INFO  org.jbake.app.Crawler - Processing [/home/csmajs/jgarc271/git/jbake-testing-and-verification/jbake-core/build/resources/test/fixture/content/allcontent.html]...  : new 
21:43:31.880 DEBUG org.jbake.parser.MarkupEngine - Type property found
21:43:31.880 DEBUG org.jbake.parser.MarkupEngine - Status property found
21:43:31.880 DEBUG org.jbake.parser.MarkupEngine - Header separator found
21:43:31.881 INFO  org.jbake.app.Crawler - Processing [/home/csmajs/jgarc271/git/jbake-testing-and-verification/jbake-core/build/resources/test/fixture/content/blog/2012/first-post.html]...  : new 
21:43:31.884 DEBUG org.jbake.parser.MarkupEngine - Type property found
21:43:31.884 DEBUG org.jbake.parser.MarkupEngine - Status property found
21:43:31.884 DEBUG org.jbake.parser.MarkupEngine - Header separator found
21:43:31.884 INFO  org.jbake.app.Crawler - Processing [/home/csmajs/jgarc271/git/jbake-testing-and-verification/jbake-core/build/resources/test/fixture/content/blog/2013/second-post.html]...  : new 
21:43:31.886 DEBUG org.jbake.parser.MarkupEngine - Type property found
21:43:31.886 DEBUG org.jbake.parser.MarkupEngine - Status property found
21:43:31.886 DEBUG org.jbake.parser.MarkupEngine - Header separator found
21:43:31.887 INFO  org.jbake.app.Crawler - Processing [/home/csmajs/jgarc271/git/jbake-testing-and-verification/jbake-core/build/resources/test/fixture/content/blog/2016/another-post.html]...  : new 
21:43:31.888 DEBUG org.jbake.parser.MarkupEngine - Type property found
21:43:31.888 DEBUG org.jbake.parser.MarkupEngine - Status property found
21:43:31.888 DEBUG org.jbake.parser.MarkupEngine - Header separator found
21:43:31.889 INFO  org.jbake.app.Crawler - Processing [/home/csmajs/jgarc271/git/jbake-testing-and-verification/jbake-core/build/resources/test/fixture/content/blog/2016/draft-post.html]...  : new 
21:43:31.890 DEBUG org.jbake.parser.MarkupEngine - Header separator found
21:43:31.890 WARN  org.jbake.parser.MarkupEngine - Parsing skipped (missing type or status value in header meta data) for file /home/csmajs/jgarc271/git/jbake-testing-and-verification/jbake-core/build/resources/test/fixture/content/blog/invalid_header.html!
21:43:31.890 WARN  org.jbake.app.Crawler - /home/csmajs/jgarc271/git/jbake-testing-and-verification/jbake-core/build/resources/test/fixture/content/blog/invalid_header.html has an invalid header, it has been ignored!
21:43:31.890 INFO  org.jbake.app.Crawler - Processing [/home/csmajs/jgarc271/git/jbake-testing-and-verification/jbake-core/build/resources/test/fixture/content/blog/invalid_header.html]...  : new 
21:43:31.891 DEBUG org.jbake.parser.MarkupEngine - Type property found
21:43:31.891 DEBUG org.jbake.parser.MarkupEngine - Status property found
21:43:31.891 DEBUG org.jbake.parser.MarkupEngine - Header separator found
21:43:31.891 INFO  org.jbake.app.Crawler - Processing [/home/csmajs/jgarc271/git/jbake-testing-and-verification/jbake-core/build/resources/test/fixture/content/index2.html]...  : new 
21:43:31.893 DEBUG org.jbake.parser.MarkupEngine - Type property found
21:43:31.893 DEBUG org.jbake.parser.MarkupEngine - Status property found
21:43:31.893 DEBUG org.jbake.parser.MarkupEngine - Header separator found
21:43:31.908 INFO  org.jbake.app.Crawler - Processing [/home/csmajs/jgarc271/git/jbake-testing-and-verification/jbake-core/build/resources/test/fixture/content/papers/draft-paper.html]...  : new 
21:43:31.910 DEBUG org.jbake.parser.MarkupEngine - Type property found
21:43:31.910 DEBUG org.jbake.parser.MarkupEngine - Status property found
21:43:31.910 DEBUG org.jbake.parser.MarkupEngine - Header separator found
21:43:31.911 INFO  org.jbake.app.Crawler - Processing [/home/csmajs/jgarc271/git/jbake-testing-and-verification/jbake-core/build/resources/test/fixture/content/papers/published-paper.html]...  : new 
21:43:31.912 DEBUG org.jbake.parser.MarkupEngine - Type property found
21:43:31.912 DEBUG org.jbake.parser.MarkupEngine - Status property found
21:43:31.912 DEBUG org.jbake.parser.MarkupEngine - Header separator found
21:43:31.913 INFO  org.jbake.app.Crawler - Processing [/home/csmajs/jgarc271/git/jbake-testing-and-verification/jbake-core/build/resources/test/fixture/content/projects.html]...  : new 
21:43:31.913 INFO  org.jbake.app.Crawler - Content detected:
21:43:31.913 INFO  org.jbake.app.Crawler - Parsed 3 files of type: page
21:43:31.913 INFO  org.jbake.app.Crawler - Parsed 4 files of type: post
21:43:31.986 INFO  org.jbake.app.Renderer - Rendering masterindex [/tmp/junit3847458455232075808/index.html]... done!
21:43:31.990 INFO  c.o.o.c.s.m.ODirectMemoryStorage - Storage 'memory:/tmp/junit9123478333572704875/documents1584074599458' is created under OrientDB distribution : 3.0.14 - Veloce (build ac128c5a9ba4c6dc9d25a32b92962d8863774423, branch 3.0.x)
21:43:32.513 DEBUG org.jbake.app.ContentStore - Create document class 'page'
21:43:32.536 DEBUG org.jbake.app.ContentStore - Create document class 'post'
21:43:32.562 DEBUG org.jbake.app.ContentStore - Create document class 'masterindex'
21:43:32.590 DEBUG org.jbake.app.ContentStore - Create document class 'archive'
21:43:32.621 DEBUG org.jbake.app.ContentStore - Create document class 'feed'
21:43:32.677 DEBUG org.jbake.parser.MarkupEngine - Type property found
21:43:32.677 DEBUG org.jbake.parser.MarkupEngine - Status property found
21:43:32.677 DEBUG org.jbake.parser.MarkupEngine - Header separator found
21:43:32.678 INFO  org.jbake.app.Crawler - Processing [/home/csmajs/jgarc271/git/jbake-testing-and-verification/jbake-core/build/resources/test/fixture/content/about.html]...  : new 
21:43:32.679 DEBUG org.jbake.parser.MarkupEngine - Type property found
21:43:32.679 DEBUG org.jbake.parser.MarkupEngine - Status property found
21:43:32.679 DEBUG org.jbake.parser.MarkupEngine - Header separator found
21:43:32.693 INFO  org.jbake.app.Crawler - Processing [/home/csmajs/jgarc271/git/jbake-testing-and-verification/jbake-core/build/resources/test/fixture/content/allcontent.html]...  : new 
21:43:32.697 DEBUG org.jbake.parser.MarkupEngine - Type property found
21:43:32.697 DEBUG org.jbake.parser.MarkupEngine - Status property found
21:43:32.697 DEBUG org.jbake.parser.MarkupEngine - Header separator found
21:43:32.698 INFO  org.jbake.app.Crawler - Processing [/home/csmajs/jgarc271/git/jbake-testing-and-verification/jbake-core/build/resources/test/fixture/content/blog/2012/first-post.html]...  : new 
21:43:32.700 DEBUG org.jbake.parser.MarkupEngine - Type property found
21:43:32.700 DEBUG org.jbake.parser.MarkupEngine - Status property found
21:43:32.700 DEBUG org.jbake.parser.MarkupEngine - Header separator found
21:43:32.701 INFO  org.jbake.app.Crawler - Processing [/home/csmajs/jgarc271/git/jbake-testing-and-verification/jbake-core/build/resources/test/fixture/content/blog/2013/second-post.html]...  : new 
21:43:32.702 DEBUG org.jbake.parser.MarkupEngine - Type property found
21:43:32.702 DEBUG org.jbake.parser.MarkupEngine - Status property found
21:43:32.702 DEBUG org.jbake.parser.MarkupEngine - Header separator found
21:43:32.703 INFO  org.jbake.app.Crawler - Processing [/home/csmajs/jgarc271/git/jbake-testing-and-verification/jbake-core/build/resources/test/fixture/content/blog/2016/another-post.html]...  : new 
21:43:32.704 DEBUG org.jbake.parser.MarkupEngine - Type property found
21:43:32.704 DEBUG org.jbake.parser.MarkupEngine - Status property found
21:43:32.704 DEBUG org.jbake.parser.MarkupEngine - Header separator found
21:43:32.705 INFO  org.jbake.app.Crawler - Processing [/home/csmajs/jgarc271/git/jbake-testing-and-verification/jbake-core/build/resources/test/fixture/content/blog/2016/draft-post.html]...  : new 
21:43:32.706 DEBUG org.jbake.parser.MarkupEngine - Header separator found
21:43:32.706 WARN  org.jbake.parser.MarkupEngine - Parsing skipped (missing type or status value in header meta data) for file /home/csmajs/jgarc271/git/jbake-testing-and-verification/jbake-core/build/resources/test/fixture/content/blog/invalid_header.html!
21:43:32.706 WARN  org.jbake.app.Crawler - /home/csmajs/jgarc271/git/jbake-testing-and-verification/jbake-core/build/resources/test/fixture/content/blog/invalid_header.html has an invalid header, it has been ignored!
21:43:32.706 INFO  org.jbake.app.Crawler - Processing [/home/csmajs/jgarc271/git/jbake-testing-and-verification/jbake-core/build/resources/test/fixture/content/blog/invalid_header.html]...  : new 
21:43:32.707 DEBUG org.jbake.parser.MarkupEngine - Type property found
21:43:32.707 DEBUG org.jbake.parser.MarkupEngine - Status property found
21:43:32.707 DEBUG org.jbake.parser.MarkupEngine - Header separator found
21:43:32.708 INFO  org.jbake.app.Crawler - Processing [/home/csmajs/jgarc271/git/jbake-testing-and-verification/jbake-core/build/resources/test/fixture/content/index2.html]...  : new 
21:43:32.710 DEBUG org.jbake.parser.MarkupEngine - Type property found
21:43:32.710 DEBUG org.jbake.parser.MarkupEngine - Status property found
21:43:32.710 DEBUG org.jbake.parser.MarkupEngine - Header separator found
21:43:32.724 INFO  org.jbake.app.Crawler - Processing [/home/csmajs/jgarc271/git/jbake-testing-and-verification/jbake-core/build/resources/test/fixture/content/papers/draft-paper.html]...  : new 
21:43:32.727 DEBUG org.jbake.parser.MarkupEngine - Type property found
21:43:32.727 DEBUG org.jbake.parser.MarkupEngine - Status property found
21:43:32.727 DEBUG org.jbake.parser.MarkupEngine - Header separator found
21:43:32.728 INFO  org.jbake.app.Crawler - Processing [/home/csmajs/jgarc271/git/jbake-testing-and-verification/jbake-core/build/resources/test/fixture/content/papers/published-paper.html]...  : new 
21:43:32.729 DEBUG org.jbake.parser.MarkupEngine - Type property found
21:43:32.729 DEBUG org.jbake.parser.MarkupEngine - Status property found
21:43:32.729 DEBUG org.jbake.parser.MarkupEngine - Header separator found
21:43:32.729 INFO  org.jbake.app.Crawler - Processing [/home/csmajs/jgarc271/git/jbake-testing-and-verification/jbake-core/build/resources/test/fixture/content/projects.html]...  : new 
21:43:32.729 INFO  org.jbake.app.Crawler - Content detected:
21:43:32.729 INFO  org.jbake.app.Crawler - Parsed 3 files of type: page
21:43:32.730 INFO  org.jbake.app.Crawler - Parsed 4 files of type: post
21:43:32.746 INFO  o.j.t.DelegatingTemplateEngine - Default template: tags.ftl was not found, searching for others...
21:43:32.747 INFO  o.j.t.DelegatingTemplateEngine - Found alternative template file: tags.gsp using this instead
21:43:32.843 INFO  org.jbake.app.Renderer - Rendering tag [/tmp/junit3847458455232075808/tags/blog.html]... done!
21:43:32.847 INFO  o.j.t.DelegatingTemplateEngine - Default template: tags-index.ftl was not found, searching for others...
21:43:32.847 INFO  o.j.t.DelegatingTemplateEngine - Found alternative template file: tags-index.gsp using this instead
21:43:32.890 INFO  org.jbake.app.Renderer - Rendering tagindex [/tmp/junit3847458455232075808/tags/index.html]... done!
21:43:32.893 INFO  c.o.o.c.s.m.ODirectMemoryStorage - Storage 'memory:/tmp/junit9123478333572704875/documents1584074599458' is created under OrientDB distribution : 3.0.14 - Veloce (build ac128c5a9ba4c6dc9d25a32b92962d8863774423, branch 3.0.x)
21:43:33.417 DEBUG org.jbake.app.ContentStore - Create document class 'page'
21:43:33.439 DEBUG org.jbake.app.ContentStore - Create document class 'post'
21:43:33.464 DEBUG org.jbake.app.ContentStore - Create document class 'masterindex'
21:43:33.492 DEBUG org.jbake.app.ContentStore - Create document class 'archive'
21:43:33.523 DEBUG org.jbake.app.ContentStore - Create document class 'feed'
21:43:33.578 DEBUG org.jbake.parser.MarkupEngine - Type property found
21:43:33.579 DEBUG org.jbake.parser.MarkupEngine - Status property found
21:43:33.579 DEBUG org.jbake.parser.MarkupEngine - Header separator found
21:43:33.579 INFO  org.jbake.app.Crawler - Processing [/home/csmajs/jgarc271/git/jbake-testing-and-verification/jbake-core/build/resources/test/fixture/content/about.html]...  : new 
21:43:33.580 DEBUG org.jbake.parser.MarkupEngine - Type property found
21:43:33.580 DEBUG org.jbake.parser.MarkupEngine - Status property found
21:43:33.580 DEBUG org.jbake.parser.MarkupEngine - Header separator found
21:43:33.593 INFO  org.jbake.app.Crawler - Processing [/home/csmajs/jgarc271/git/jbake-testing-and-verification/jbake-core/build/resources/test/fixture/content/allcontent.html]...  : new 
21:43:33.597 DEBUG org.jbake.parser.MarkupEngine - Type property found
21:43:33.597 DEBUG org.jbake.parser.MarkupEngine - Status property found
21:43:33.597 DEBUG org.jbake.parser.MarkupEngine - Header separator found
21:43:33.597 INFO  org.jbake.app.Crawler - Processing [/home/csmajs/jgarc271/git/jbake-testing-and-verification/jbake-core/build/resources/test/fixture/content/blog/2012/first-post.html]...  : new 
21:43:33.599 DEBUG org.jbake.parser.MarkupEngine - Type property found
21:43:33.599 DEBUG org.jbake.parser.MarkupEngine - Status property found
21:43:33.599 DEBUG org.jbake.parser.MarkupEngine - Header separator found
21:43:33.600 INFO  org.jbake.app.Crawler - Processing [/home/csmajs/jgarc271/git/jbake-testing-and-verification/jbake-core/build/resources/test/fixture/content/blog/2013/second-post.html]...  : new 
21:43:33.601 DEBUG org.jbake.parser.MarkupEngine - Type property found
21:43:33.601 DEBUG org.jbake.parser.MarkupEngine - Status property found
21:43:33.601 DEBUG org.jbake.parser.MarkupEngine - Header separator found
21:43:33.602 INFO  org.jbake.app.Crawler - Processing [/home/csmajs/jgarc271/git/jbake-testing-and-verification/jbake-core/build/resources/test/fixture/content/blog/2016/another-post.html]...  : new 
21:43:33.603 DEBUG org.jbake.parser.MarkupEngine - Type property found
21:43:33.603 DEBUG org.jbake.parser.MarkupEngine - Status property found
21:43:33.603 DEBUG org.jbake.parser.MarkupEngine - Header separator found
21:43:33.603 INFO  org.jbake.app.Crawler - Processing [/home/csmajs/jgarc271/git/jbake-testing-and-verification/jbake-core/build/resources/test/fixture/content/blog/2016/draft-post.html]...  : new 
21:43:33.604 DEBUG org.jbake.parser.MarkupEngine - Header separator found
21:43:33.605 WARN  org.jbake.parser.MarkupEngine - Parsing skipped (missing type or status value in header meta data) for file /home/csmajs/jgarc271/git/jbake-testing-and-verification/jbake-core/build/resources/test/fixture/content/blog/invalid_header.html!
21:43:33.605 WARN  org.jbake.app.Crawler - /home/csmajs/jgarc271/git/jbake-testing-and-verification/jbake-core/build/resources/test/fixture/content/blog/invalid_header.html has an invalid header, it has been ignored!
21:43:33.605 INFO  org.jbake.app.Crawler - Processing [/home/csmajs/jgarc271/git/jbake-testing-and-verification/jbake-core/build/resources/test/fixture/content/blog/invalid_header.html]...  : new 
21:43:33.605 DEBUG org.jbake.parser.MarkupEngine - Type property found
21:43:33.606 DEBUG org.jbake.parser.MarkupEngine - Status property found
21:43:33.606 DEBUG org.jbake.parser.MarkupEngine - Header separator found
21:43:33.606 INFO  org.jbake.app.Crawler - Processing [/home/csmajs/jgarc271/git/jbake-testing-and-verification/jbake-core/build/resources/test/fixture/content/index2.html]...  : new 
21:43:33.607 DEBUG org.jbake.parser.MarkupEngine - Type property found
21:43:33.607 DEBUG org.jbake.parser.MarkupEngine - Status property found
21:43:33.607 DEBUG org.jbake.parser.MarkupEngine - Header separator found
21:43:33.621 INFO  org.jbake.app.Crawler - Processing [/home/csmajs/jgarc271/git/jbake-testing-and-verification/jbake-core/build/resources/test/fixture/content/papers/draft-paper.html]...  : new 
21:43:33.624 DEBUG org.jbake.parser.MarkupEngine - Type property found
21:43:33.624 DEBUG org.jbake.parser.MarkupEngine - Status property found
21:43:33.624 DEBUG org.jbake.parser.MarkupEngine - Header separator found
21:43:33.624 INFO  org.jbake.app.Crawler - Processing [/home/csmajs/jgarc271/git/jbake-testing-and-verification/jbake-core/build/resources/test/fixture/content/papers/published-paper.html]...  : new 
21:43:33.625 DEBUG org.jbake.parser.MarkupEngine - Type property found
21:43:33.625 DEBUG org.jbake.parser.MarkupEngine - Status property found
21:43:33.625 DEBUG org.jbake.parser.MarkupEngine - Header separator found
21:43:33.626 INFO  org.jbake.app.Crawler - Processing [/home/csmajs/jgarc271/git/jbake-testing-and-verification/jbake-core/build/resources/test/fixture/content/projects.html]...  : new 
21:43:33.626 INFO  org.jbake.app.Crawler - Content detected:
21:43:33.626 INFO  org.jbake.app.Crawler - Parsed 3 files of type: page
21:43:33.626 INFO  org.jbake.app.Crawler - Parsed 4 files of type: post
21:43:33.678 INFO  org.jbake.app.Renderer - Rendering feed [/tmp/junit3847458455232075808/feed.xml]... done!
21:43:33.683 INFO  c.o.o.c.s.m.ODirectMemoryStorage - Storage 'memory:/tmp/junit9123478333572704875/documents1584074599458' is created under OrientDB distribution : 3.0.14 - Veloce (build ac128c5a9ba4c6dc9d25a32b92962d8863774423, branch 3.0.x)
21:43:34.205 DEBUG org.jbake.app.ContentStore - Create document class 'page'
21:43:34.227 DEBUG org.jbake.app.ContentStore - Create document class 'post'
21:43:34.252 DEBUG org.jbake.app.ContentStore - Create document class 'masterindex'
21:43:34.280 DEBUG org.jbake.app.ContentStore - Create document class 'archive'
21:43:34.311 DEBUG org.jbake.app.ContentStore - Create document class 'feed'
21:43:34.367 DEBUG org.jbake.parser.MarkupEngine - Type property found
21:43:34.367 DEBUG org.jbake.parser.MarkupEngine - Status property found
21:43:34.367 DEBUG org.jbake.parser.MarkupEngine - Header separator found
21:43:34.368 INFO  org.jbake.app.Crawler - Processing [/home/csmajs/jgarc271/git/jbake-testing-and-verification/jbake-core/build/resources/test/fixture/content/about.html]...  : new 
21:43:34.369 DEBUG org.jbake.parser.MarkupEngine - Type property found
21:43:34.369 DEBUG org.jbake.parser.MarkupEngine - Status property found
21:43:34.369 DEBUG org.jbake.parser.MarkupEngine - Header separator found
21:43:34.382 INFO  org.jbake.app.Crawler - Processing [/home/csmajs/jgarc271/git/jbake-testing-and-verification/jbake-core/build/resources/test/fixture/content/allcontent.html]...  : new 
21:43:34.386 DEBUG org.jbake.parser.MarkupEngine - Type property found
21:43:34.386 DEBUG org.jbake.parser.MarkupEngine - Status property found
21:43:34.386 DEBUG org.jbake.parser.MarkupEngine - Header separator found
21:43:34.387 INFO  org.jbake.app.Crawler - Processing [/home/csmajs/jgarc271/git/jbake-testing-and-verification/jbake-core/build/resources/test/fixture/content/blog/2012/first-post.html]...  : new 
21:43:34.389 DEBUG org.jbake.parser.MarkupEngine - Type property found
21:43:34.389 DEBUG org.jbake.parser.MarkupEngine - Status property found
21:43:34.389 DEBUG org.jbake.parser.MarkupEngine - Header separator found
21:43:34.390 INFO  org.jbake.app.Crawler - Processing [/home/csmajs/jgarc271/git/jbake-testing-and-verification/jbake-core/build/resources/test/fixture/content/blog/2013/second-post.html]...  : new 
21:43:34.391 DEBUG org.jbake.parser.MarkupEngine - Type property found
21:43:34.392 DEBUG org.jbake.parser.MarkupEngine - Status property found
21:43:34.392 DEBUG org.jbake.parser.MarkupEngine - Header separator found
21:43:34.392 INFO  org.jbake.app.Crawler - Processing [/home/csmajs/jgarc271/git/jbake-testing-and-verification/jbake-core/build/resources/test/fixture/content/blog/2016/another-post.html]...  : new 
21:43:34.393 DEBUG org.jbake.parser.MarkupEngine - Type property found
21:43:34.393 DEBUG org.jbake.parser.MarkupEngine - Status property found
21:43:34.393 DEBUG org.jbake.parser.MarkupEngine - Header separator found
21:43:34.394 INFO  org.jbake.app.Crawler - Processing [/home/csmajs/jgarc271/git/jbake-testing-and-verification/jbake-core/build/resources/test/fixture/content/blog/2016/draft-post.html]...  : new 
21:43:34.395 DEBUG org.jbake.parser.MarkupEngine - Header separator found
21:43:34.395 WARN  org.jbake.parser.MarkupEngine - Parsing skipped (missing type or status value in header meta data) for file /home/csmajs/jgarc271/git/jbake-testing-and-verification/jbake-core/build/resources/test/fixture/content/blog/invalid_header.html!
21:43:34.395 WARN  org.jbake.app.Crawler - /home/csmajs/jgarc271/git/jbake-testing-and-verification/jbake-core/build/resources/test/fixture/content/blog/invalid_header.html has an invalid header, it has been ignored!
21:43:34.395 INFO  org.jbake.app.Crawler - Processing [/home/csmajs/jgarc271/git/jbake-testing-and-verification/jbake-core/build/resources/test/fixture/content/blog/invalid_header.html]...  : new 
21:43:34.396 DEBUG org.jbake.parser.MarkupEngine - Type property found
21:43:34.396 DEBUG org.jbake.parser.MarkupEngine - Status property found
21:43:34.396 DEBUG org.jbake.parser.MarkupEngine - Header separator found
21:43:34.397 INFO  org.jbake.app.Crawler - Processing [/home/csmajs/jgarc271/git/jbake-testing-and-verification/jbake-core/build/resources/test/fixture/content/index2.html]...  : new 
21:43:34.398 DEBUG org.jbake.parser.MarkupEngine - Type property found
21:43:34.398 DEBUG org.jbake.parser.MarkupEngine - Status property found
21:43:34.398 DEBUG org.jbake.parser.MarkupEngine - Header separator found
21:43:34.412 INFO  org.jbake.app.Crawler - Processing [/home/csmajs/jgarc271/git/jbake-testing-and-verification/jbake-core/build/resources/test/fixture/content/papers/draft-paper.html]...  : new 
21:43:34.414 DEBUG org.jbake.parser.MarkupEngine - Type property found
21:43:34.414 DEBUG org.jbake.parser.MarkupEngine - Status property found
21:43:34.414 DEBUG org.jbake.parser.MarkupEngine - Header separator found
21:43:34.415 INFO  org.jbake.app.Crawler - Processing [/home/csmajs/jgarc271/git/jbake-testing-and-verification/jbake-core/build/resources/test/fixture/content/papers/published-paper.html]...  : new 
21:43:34.416 DEBUG org.jbake.parser.MarkupEngine - Type property found
21:43:34.416 DEBUG org.jbake.parser.MarkupEngine - Status property found
21:43:34.416 DEBUG org.jbake.parser.MarkupEngine - Header separator found
21:43:34.416 INFO  org.jbake.app.Crawler - Processing [/home/csmajs/jgarc271/git/jbake-testing-and-verification/jbake-core/build/resources/test/fixture/content/projects.html]...  : new 
21:43:34.416 INFO  org.jbake.app.Crawler - Content detected:
21:43:34.416 INFO  org.jbake.app.Crawler - Parsed 3 files of type: page
21:43:34.416 INFO  org.jbake.app.Crawler - Parsed 4 files of type: post
21:43:34.428 DEBUG org.jbake.parser.MarkupEngine - Type property found
21:43:34.428 DEBUG org.jbake.parser.MarkupEngine - Status property found
21:43:34.428 DEBUG org.jbake.parser.MarkupEngine - Header separator found
21:43:34.487 INFO  org.jbake.app.Renderer - Rendering [/tmp/junit3847458455232075808/about.html]... done!
21:43:34.491 INFO  c.o.o.c.s.m.ODirectMemoryStorage - Storage 'memory:/tmp/junit9123478333572704875/documents1584074599458' is created under OrientDB distribution : 3.0.14 - Veloce (build ac128c5a9ba4c6dc9d25a32b92962d8863774423, branch 3.0.x)
21:43:35.013 DEBUG org.jbake.app.ContentStore - Create document class 'page'
21:43:35.036 DEBUG org.jbake.app.ContentStore - Create document class 'post'
21:43:35.062 DEBUG org.jbake.app.ContentStore - Create document class 'masterindex'
21:43:35.091 DEBUG org.jbake.app.ContentStore - Create document class 'archive'
21:43:35.127 DEBUG org.jbake.app.ContentStore - Create document class 'feed'
21:43:35.190 DEBUG org.jbake.parser.MarkupEngine - Type property found
21:43:35.190 DEBUG org.jbake.parser.MarkupEngine - Status property found
21:43:35.190 DEBUG org.jbake.parser.MarkupEngine - Header separator found
21:43:35.191 INFO  org.jbake.app.Crawler - Processing [/home/csmajs/jgarc271/git/jbake-testing-and-verification/jbake-core/build/resources/test/fixture/content/about.html]...  : new 
21:43:35.192 DEBUG org.jbake.parser.MarkupEngine - Type property found
21:43:35.192 DEBUG org.jbake.parser.MarkupEngine - Status property found
21:43:35.192 DEBUG org.jbake.parser.MarkupEngine - Header separator found
21:43:35.212 INFO  org.jbake.app.Crawler - Processing [/home/csmajs/jgarc271/git/jbake-testing-and-verification/jbake-core/build/resources/test/fixture/content/allcontent.html]...  : new 
21:43:35.216 DEBUG org.jbake.parser.MarkupEngine - Type property found
21:43:35.216 DEBUG org.jbake.parser.MarkupEngine - Status property found
21:43:35.216 DEBUG org.jbake.parser.MarkupEngine - Header separator found
21:43:35.217 INFO  org.jbake.app.Crawler - Processing [/home/csmajs/jgarc271/git/jbake-testing-and-verification/jbake-core/build/resources/test/fixture/content/blog/2012/first-post.html]...  : new 
21:43:35.220 DEBUG org.jbake.parser.MarkupEngine - Type property found
21:43:35.220 DEBUG org.jbake.parser.MarkupEngine - Status property found
21:43:35.220 DEBUG org.jbake.parser.MarkupEngine - Header separator found
21:43:35.220 INFO  org.jbake.app.Crawler - Processing [/home/csmajs/jgarc271/git/jbake-testing-and-verification/jbake-core/build/resources/test/fixture/content/blog/2013/second-post.html]...  : new 
21:43:35.222 DEBUG org.jbake.parser.MarkupEngine - Type property found
21:43:35.222 DEBUG org.jbake.parser.MarkupEngine - Status property found
21:43:35.222 DEBUG org.jbake.parser.MarkupEngine - Header separator found
21:43:35.223 INFO  org.jbake.app.Crawler - Processing [/home/csmajs/jgarc271/git/jbake-testing-and-verification/jbake-core/build/resources/test/fixture/content/blog/2016/another-post.html]...  : new 
21:43:35.224 DEBUG org.jbake.parser.MarkupEngine - Type property found
21:43:35.224 DEBUG org.jbake.parser.MarkupEngine - Status property found
21:43:35.224 DEBUG org.jbake.parser.MarkupEngine - Header separator found
21:43:35.225 INFO  org.jbake.app.Crawler - Processing [/home/csmajs/jgarc271/git/jbake-testing-and-verification/jbake-core/build/resources/test/fixture/content/blog/2016/draft-post.html]...  : new 
21:43:35.226 DEBUG org.jbake.parser.MarkupEngine - Header separator found
21:43:35.226 WARN  org.jbake.parser.MarkupEngine - Parsing skipped (missing type or status value in header meta data) for file /home/csmajs/jgarc271/git/jbake-testing-and-verification/jbake-core/build/resources/test/fixture/content/blog/invalid_header.html!
21:43:35.226 WARN  org.jbake.app.Crawler - /home/csmajs/jgarc271/git/jbake-testing-and-verification/jbake-core/build/resources/test/fixture/content/blog/invalid_header.html has an invalid header, it has been ignored!
21:43:35.226 INFO  org.jbake.app.Crawler - Processing [/home/csmajs/jgarc271/git/jbake-testing-and-verification/jbake-core/build/resources/test/fixture/content/blog/invalid_header.html]...  : new 
21:43:35.227 DEBUG org.jbake.parser.MarkupEngine - Type property found
21:43:35.227 DEBUG org.jbake.parser.MarkupEngine - Status property found
21:43:35.227 DEBUG org.jbake.parser.MarkupEngine - Header separator found
21:43:35.228 INFO  org.jbake.app.Crawler - Processing [/home/csmajs/jgarc271/git/jbake-testing-and-verification/jbake-core/build/resources/test/fixture/content/index2.html]...  : new 
21:43:35.229 DEBUG org.jbake.parser.MarkupEngine - Type property found
21:43:35.229 DEBUG org.jbake.parser.MarkupEngine - Status property found
21:43:35.229 DEBUG org.jbake.parser.MarkupEngine - Header separator found
21:43:35.251 INFO  org.jbake.app.Crawler - Processing [/home/csmajs/jgarc271/git/jbake-testing-and-verification/jbake-core/build/resources/test/fixture/content/papers/draft-paper.html]...  : new 
21:43:35.254 DEBUG org.jbake.parser.MarkupEngine - Type property found
21:43:35.254 DEBUG org.jbake.parser.MarkupEngine - Status property found
21:43:35.254 DEBUG org.jbake.parser.MarkupEngine - Header separator found
21:43:35.254 INFO  org.jbake.app.Crawler - Processing [/home/csmajs/jgarc271/git/jbake-testing-and-verification/jbake-core/build/resources/test/fixture/content/papers/published-paper.html]...  : new 
21:43:35.256 DEBUG org.jbake.parser.MarkupEngine - Type property found
21:43:35.256 DEBUG org.jbake.parser.MarkupEngine - Status property found
21:43:35.256 DEBUG org.jbake.parser.MarkupEngine - Header separator found
21:43:35.256 INFO  org.jbake.app.Crawler - Processing [/home/csmajs/jgarc271/git/jbake-testing-and-verification/jbake-core/build/resources/test/fixture/content/projects.html]...  : new 
21:43:35.256 INFO  org.jbake.app.Crawler - Content detected:
21:43:35.256 INFO  org.jbake.app.Crawler - Parsed 3 files of type: page
21:43:35.256 INFO  org.jbake.app.Crawler - Parsed 4 files of type: post
21:43:35.269 DEBUG org.jbake.parser.MarkupEngine - Type property found
21:43:35.269 DEBUG org.jbake.parser.MarkupEngine - Status property found
21:43:35.269 DEBUG org.jbake.parser.MarkupEngine - Header separator found
21:43:35.340 INFO  org.jbake.app.Renderer - Rendering [/tmp/junit3847458455232075808/second-post.html]... done!
21:43:35.345 INFO  c.o.o.c.s.m.ODirectMemoryStorage - Storage 'memory:/tmp/junit9123478333572704875/documents1584074599458' is created under OrientDB distribution : 3.0.14 - Veloce (build ac128c5a9ba4c6dc9d25a32b92962d8863774423, branch 3.0.x)
21:43:35.878 DEBUG org.jbake.app.ContentStore - Create document class 'page'
21:43:35.910 DEBUG org.jbake.app.ContentStore - Create document class 'post'
21:43:35.935 DEBUG org.jbake.app.ContentStore - Create document class 'masterindex'
21:43:35.963 DEBUG org.jbake.app.ContentStore - Create document class 'archive'
21:43:35.994 DEBUG org.jbake.app.ContentStore - Create document class 'feed'
21:43:36.049 DEBUG org.jbake.parser.MarkupEngine - Type property found
21:43:36.049 DEBUG org.jbake.parser.MarkupEngine - Status property found
21:43:36.049 DEBUG org.jbake.parser.MarkupEngine - Header separator found
21:43:36.050 INFO  org.jbake.app.Crawler - Processing [/home/csmajs/jgarc271/git/jbake-testing-and-verification/jbake-core/build/resources/test/fixture/content/about.html]...  : new 
21:43:36.051 DEBUG org.jbake.parser.MarkupEngine - Type property found
21:43:36.051 DEBUG org.jbake.parser.MarkupEngine - Status property found
21:43:36.051 DEBUG org.jbake.parser.MarkupEngine - Header separator found
21:43:36.064 INFO  org.jbake.app.Crawler - Processing [/home/csmajs/jgarc271/git/jbake-testing-and-verification/jbake-core/build/resources/test/fixture/content/allcontent.html]...  : new 
21:43:36.068 DEBUG org.jbake.parser.MarkupEngine - Type property found
21:43:36.068 DEBUG org.jbake.parser.MarkupEngine - Status property found
21:43:36.068 DEBUG org.jbake.parser.MarkupEngine - Header separator found
21:43:36.069 INFO  org.jbake.app.Crawler - Processing [/home/csmajs/jgarc271/git/jbake-testing-and-verification/jbake-core/build/resources/test/fixture/content/blog/2012/first-post.html]...  : new 
21:43:36.071 DEBUG org.jbake.parser.MarkupEngine - Type property found
21:43:36.072 DEBUG org.jbake.parser.MarkupEngine - Status property found
21:43:36.072 DEBUG org.jbake.parser.MarkupEngine - Header separator found
21:43:36.072 INFO  org.jbake.app.Crawler - Processing [/home/csmajs/jgarc271/git/jbake-testing-and-verification/jbake-core/build/resources/test/fixture/content/blog/2013/second-post.html]...  : new 
21:43:36.074 DEBUG org.jbake.parser.MarkupEngine - Type property found
21:43:36.074 DEBUG org.jbake.parser.MarkupEngine - Status property found
21:43:36.074 DEBUG org.jbake.parser.MarkupEngine - Header separator found
21:43:36.074 INFO  org.jbake.app.Crawler - Processing [/home/csmajs/jgarc271/git/jbake-testing-and-verification/jbake-core/build/resources/test/fixture/content/blog/2016/another-post.html]...  : new 
21:43:36.075 DEBUG org.jbake.parser.MarkupEngine - Type property found
21:43:36.075 DEBUG org.jbake.parser.MarkupEngine - Status property found
21:43:36.075 DEBUG org.jbake.parser.MarkupEngine - Header separator found
21:43:36.076 INFO  org.jbake.app.Crawler - Processing [/home/csmajs/jgarc271/git/jbake-testing-and-verification/jbake-core/build/resources/test/fixture/content/blog/2016/draft-post.html]...  : new 
21:43:36.077 DEBUG org.jbake.parser.MarkupEngine - Header separator found
21:43:36.077 WARN  org.jbake.parser.MarkupEngine - Parsing skipped (missing type or status value in header meta data) for file /home/csmajs/jgarc271/git/jbake-testing-and-verification/jbake-core/build/resources/test/fixture/content/blog/invalid_header.html!
21:43:36.077 WARN  org.jbake.app.Crawler - /home/csmajs/jgarc271/git/jbake-testing-and-verification/jbake-core/build/resources/test/fixture/content/blog/invalid_header.html has an invalid header, it has been ignored!
21:43:36.077 INFO  org.jbake.app.Crawler - Processing [/home/csmajs/jgarc271/git/jbake-testing-and-verification/jbake-core/build/resources/test/fixture/content/blog/invalid_header.html]...  : new 
21:43:36.078 DEBUG org.jbake.parser.MarkupEngine - Type property found
21:43:36.078 DEBUG org.jbake.parser.MarkupEngine - Status property found
21:43:36.078 DEBUG org.jbake.parser.MarkupEngine - Header separator found
21:43:36.079 INFO  org.jbake.app.Crawler - Processing [/home/csmajs/jgarc271/git/jbake-testing-and-verification/jbake-core/build/resources/test/fixture/content/index2.html]...  : new 
21:43:36.080 DEBUG org.jbake.parser.MarkupEngine - Type property found
21:43:36.080 DEBUG org.jbake.parser.MarkupEngine - Status property found
21:43:36.080 DEBUG org.jbake.parser.MarkupEngine - Header separator found
21:43:36.094 INFO  org.jbake.app.Crawler - Processing [/home/csmajs/jgarc271/git/jbake-testing-and-verification/jbake-core/build/resources/test/fixture/content/papers/draft-paper.html]...  : new 
21:43:36.097 DEBUG org.jbake.parser.MarkupEngine - Type property found
21:43:36.097 DEBUG org.jbake.parser.MarkupEngine - Status property found
21:43:36.097 DEBUG org.jbake.parser.MarkupEngine - Header separator found
21:43:36.097 INFO  org.jbake.app.Crawler - Processing [/home/csmajs/jgarc271/git/jbake-testing-and-verification/jbake-core/build/resources/test/fixture/content/papers/published-paper.html]...  : new 
21:43:36.098 DEBUG org.jbake.parser.MarkupEngine - Type property found
21:43:36.098 DEBUG org.jbake.parser.MarkupEngine - Status property found
21:43:36.098 DEBUG org.jbake.parser.MarkupEngine - Header separator found
21:43:36.099 INFO  org.jbake.app.Crawler - Processing [/home/csmajs/jgarc271/git/jbake-testing-and-verification/jbake-core/build/resources/test/fixture/content/projects.html]...  : new 
21:43:36.099 INFO  org.jbake.app.Crawler - Content detected:
21:43:36.099 INFO  org.jbake.app.Crawler - Parsed 3 files of type: page
21:43:36.099 INFO  org.jbake.app.Crawler - Parsed 4 files of type: post
21:43:36.116 INFO  o.j.t.DelegatingTemplateEngine - Default template: tags.ftl was not found, searching for others...
21:43:36.116 INFO  o.j.t.DelegatingTemplateEngine - Found alternative template file: tags.gsp using this instead
21:43:36.189 INFO  org.jbake.app.Renderer - Rendering tag [/tmp/junit3847458455232075808/tags/blog.html]... done!
21:43:36.191 INFO  o.j.t.DelegatingTemplateEngine - Default template: tags-index.ftl was not found, searching for others...
21:43:36.192 INFO  o.j.t.DelegatingTemplateEngine - Found alternative template file: tags-index.gsp using this instead
21:43:36.217 INFO  org.jbake.app.Renderer - Rendering tagindex [/tmp/junit3847458455232075808/tags/index.html]... done!
21:43:36.221 INFO  c.o.o.c.s.m.ODirectMemoryStorage - Storage 'memory:/tmp/junit9123478333572704875/documents1584074599458' is created under OrientDB distribution : 3.0.14 - Veloce (build ac128c5a9ba4c6dc9d25a32b92962d8863774423, branch 3.0.x)
21:43:36.741 DEBUG org.jbake.app.ContentStore - Create document class 'page'
21:43:36.764 DEBUG org.jbake.app.ContentStore - Create document class 'post'
21:43:36.789 DEBUG org.jbake.app.ContentStore - Create document class 'masterindex'
21:43:36.817 DEBUG org.jbake.app.ContentStore - Create document class 'archive'
21:43:36.849 DEBUG org.jbake.app.ContentStore - Create document class 'feed'
21:43:36.905 DEBUG org.jbake.parser.MarkupEngine - Type property found
21:43:36.905 DEBUG org.jbake.parser.MarkupEngine - Status property found
21:43:36.905 DEBUG org.jbake.parser.MarkupEngine - Header separator found
21:43:36.905 INFO  org.jbake.app.Crawler - Processing [/home/csmajs/jgarc271/git/jbake-testing-and-verification/jbake-core/build/resources/test/fixture/content/about.html]...  : new 
21:43:36.906 DEBUG org.jbake.parser.MarkupEngine - Type property found
21:43:36.906 DEBUG org.jbake.parser.MarkupEngine - Status property found
21:43:36.906 DEBUG org.jbake.parser.MarkupEngine - Header separator found
21:43:36.919 INFO  org.jbake.app.Crawler - Processing [/home/csmajs/jgarc271/git/jbake-testing-and-verification/jbake-core/build/resources/test/fixture/content/allcontent.html]...  : new 
21:43:36.924 DEBUG org.jbake.parser.MarkupEngine - Type property found
21:43:36.924 DEBUG org.jbake.parser.MarkupEngine - Status property found
21:43:36.924 DEBUG org.jbake.parser.MarkupEngine - Header separator found
21:43:36.924 INFO  org.jbake.app.Crawler - Processing [/home/csmajs/jgarc271/git/jbake-testing-and-verification/jbake-core/build/resources/test/fixture/content/blog/2012/first-post.html]...  : new 
21:43:36.927 DEBUG org.jbake.parser.MarkupEngine - Type property found
21:43:36.927 DEBUG org.jbake.parser.MarkupEngine - Status property found
21:43:36.927 DEBUG org.jbake.parser.MarkupEngine - Header separator found
21:43:36.928 INFO  org.jbake.app.Crawler - Processing [/home/csmajs/jgarc271/git/jbake-testing-and-verification/jbake-core/build/resources/test/fixture/content/blog/2013/second-post.html]...  : new 
21:43:36.929 DEBUG org.jbake.parser.MarkupEngine - Type property found
21:43:36.929 DEBUG org.jbake.parser.MarkupEngine - Status property found
21:43:36.929 DEBUG org.jbake.parser.MarkupEngine - Header separator found
21:43:36.930 INFO  org.jbake.app.Crawler - Processing [/home/csmajs/jgarc271/git/jbake-testing-and-verification/jbake-core/build/resources/test/fixture/content/blog/2016/another-post.html]...  : new 
21:43:36.931 DEBUG org.jbake.parser.MarkupEngine - Type property found
21:43:36.931 DEBUG org.jbake.parser.MarkupEngine - Status property found
21:43:36.931 DEBUG org.jbake.parser.MarkupEngine - Header separator found
21:43:36.931 INFO  org.jbake.app.Crawler - Processing [/home/csmajs/jgarc271/git/jbake-testing-and-verification/jbake-core/build/resources/test/fixture/content/blog/2016/draft-post.html]...  : new 
21:43:36.932 DEBUG org.jbake.parser.MarkupEngine - Header separator found
21:43:36.932 WARN  org.jbake.parser.MarkupEngine - Parsing skipped (missing type or status value in header meta data) for file /home/csmajs/jgarc271/git/jbake-testing-and-verification/jbake-core/build/resources/test/fixture/content/blog/invalid_header.html!
21:43:36.932 WARN  org.jbake.app.Crawler - /home/csmajs/jgarc271/git/jbake-testing-and-verification/jbake-core/build/resources/test/fixture/content/blog/invalid_header.html has an invalid header, it has been ignored!
21:43:36.932 INFO  org.jbake.app.Crawler - Processing [/home/csmajs/jgarc271/git/jbake-testing-and-verification/jbake-core/build/resources/test/fixture/content/blog/invalid_header.html]...  : new 
21:43:36.933 DEBUG org.jbake.parser.MarkupEngine - Type property found
21:43:36.933 DEBUG org.jbake.parser.MarkupEngine - Status property found
21:43:36.933 DEBUG org.jbake.parser.MarkupEngine - Header separator found
21:43:36.934 INFO  org.jbake.app.Crawler - Processing [/home/csmajs/jgarc271/git/jbake-testing-and-verification/jbake-core/build/resources/test/fixture/content/index2.html]...  : new 
21:43:36.935 DEBUG org.jbake.parser.MarkupEngine - Type property found
21:43:36.935 DEBUG org.jbake.parser.MarkupEngine - Status property found
21:43:36.935 DEBUG org.jbake.parser.MarkupEngine - Header separator found
21:43:36.949 INFO  org.jbake.app.Crawler - Processing [/home/csmajs/jgarc271/git/jbake-testing-and-verification/jbake-core/build/resources/test/fixture/content/papers/draft-paper.html]...  : new 
21:43:36.952 DEBUG org.jbake.parser.MarkupEngine - Type property found
21:43:36.952 DEBUG org.jbake.parser.MarkupEngine - Status property found
21:43:36.952 DEBUG org.jbake.parser.MarkupEngine - Header separator found
21:43:36.952 INFO  org.jbake.app.Crawler - Processing [/home/csmajs/jgarc271/git/jbake-testing-and-verification/jbake-core/build/resources/test/fixture/content/papers/published-paper.html]...  : new 
21:43:36.953 DEBUG org.jbake.parser.MarkupEngine - Type property found
21:43:36.953 DEBUG org.jbake.parser.MarkupEngine - Status property found
21:43:36.953 DEBUG org.jbake.parser.MarkupEngine - Header separator found
21:43:36.954 INFO  org.jbake.app.Crawler - Processing [/home/csmajs/jgarc271/git/jbake-testing-and-verification/jbake-core/build/resources/test/fixture/content/projects.html]...  : new 
21:43:36.954 INFO  org.jbake.app.Crawler - Content detected:
21:43:36.954 INFO  org.jbake.app.Crawler - Parsed 3 files of type: page
21:43:36.954 INFO  org.jbake.app.Crawler - Parsed 4 files of type: post
21:43:36.966 INFO  org.jbake.template.ModelExtractors - register new extractors for document type: paper
21:43:36.968 INFO  o.j.t.DelegatingTemplateEngine - Default template: sitemap.ftl was not found, searching for others...
21:43:36.968 INFO  o.j.t.DelegatingTemplateEngine - Found alternative template file: sitemap.gsp using this instead
21:43:36.989 INFO  org.jbake.app.Renderer - Rendering sitemap [/tmp/junit3847458455232075808/sitemap.xml]... done!
]]></system-out>
  <system-err><![CDATA[]]></system-err>
</testsuite>
