<?xml version="1.0" encoding="UTF-8"?>
<testsuite name="org.jbake.render.RendererTest" tests="1" skipped="0" failures="0" errors="0" timestamp="2020-03-13T01:15:22" hostname="bolt.cs.ucr.edu" time="0.005">
  <properties/>
  <testcase name="testRenderFileWorksWhenPathHasDotInButFileDoesNot" classname="org.jbake.render.RendererTest" time="0.005"/>
  <system-out><![CDATA[18:15:22.432 INFO  org.jbake.app.Renderer - Rendering [/tmp/junit7110803625324799076/output/real.path/about]... done!
]]></system-out>
  <system-err><![CDATA[]]></system-err>
</testsuite>
