<?xml version="1.0" encoding="UTF-8"?>
<testsuite name="org.jbake.app.configuration.JBakeConfigurationFactoryTest" tests="3" skipped="0" failures="0" errors="0" timestamp="2020-03-11T02:07:04" hostname="bolt.cs.ucr.edu" time="0.006">
  <properties/>
  <testcase name="shouldReturnAJettyConfiguration" classname="org.jbake.app.configuration.JBakeConfigurationFactoryTest" time="0.002"/>
  <testcase name="shouldReturnADefaultConfigurationWithSitehost" classname="org.jbake.app.configuration.JBakeConfigurationFactoryTest" time="0.002"/>
  <testcase name="shouldReturnDefaultConfigurationWithDefaultFolders" classname="org.jbake.app.configuration.JBakeConfigurationFactoryTest" time="0.002"/>
  <system-out><![CDATA[]]></system-out>
  <system-err><![CDATA[]]></system-err>
</testsuite>
