<?xml version="1.0" encoding="UTF-8"?>
<testsuite name="org.jbake.app.CrawlerTest" tests="2" skipped="0" failures="0" errors="0" timestamp="2020-03-11T02:06:46" hostname="bolt.cs.ucr.edu" time="5.243">
  <properties/>
  <testcase name="renderWithPrettyUrls" classname="org.jbake.app.CrawlerTest" time="3.988"/>
  <testcase name="crawl" classname="org.jbake.app.CrawlerTest" time="1.255"/>
  <system-out><![CDATA[19:06:47.341 INFO  c.o.common.jna.ONative - Detected limit of amount of simultaneously open files is 20000,  limit of open files for disk cache will be set to 9488
19:06:47.535 INFO  c.o.common.jna.ONative - 67445305344 B/64320 MB/62 GB of physical memory were detected on machine
19:06:47.536 INFO  c.o.common.jna.ONative - Soft memory limit for this process is set to 40960000000 B/39062 MB/38 GB
19:06:47.536 INFO  c.o.common.jna.ONative - Hard memory limit for this process is set to 40960000000 B/39062 MB/38 GB
19:06:47.536 INFO  c.o.common.jna.ONative - Path to 'memory' cgroup is '/'
19:06:47.545 INFO  c.o.common.jna.ONative - Mounting path for memory cgroup controller is '/sys/fs/cgroup/memory'
19:06:47.545 INFO  c.o.common.jna.ONative - cgroup soft memory limit is 9223372036854771712 B/8796093022207 MB/8589934591 GB
19:06:47.545 INFO  c.o.common.jna.ONative - cgroup hard memory limit is 9223372036854771712 B/8796093022207 MB/8589934591 GB
19:06:47.546 INFO  c.o.common.jna.ONative - Detected memory limit for current process is 40960000000 B/39062 MB/38 GB
19:06:47.548 INFO  c.o.o.c.e.OMemoryAndLocalPaginatedEnginesInitializer - JVM can use maximum 2731MB of heap memory
19:06:47.548 INFO  c.o.o.c.e.OMemoryAndLocalPaginatedEnginesInitializer - Because OrientDB is running outside a container 12% of memory will be left unallocated according to the setting 'memory.leftToOS' not taking into account heap memory
19:06:47.549 INFO  com.orientechnologies - OrientDB auto-config DISKCACHE=31,644MB (heap=2,731MB os=39,062MB)
19:06:47.556 INFO  c.o.o.c.e.l.OEngineLocalPaginated - System is started under an effective user : `jgarc271`
19:06:47.897 INFO  c.o.o.c.s.m.ODirectMemoryStorage - Storage 'memory:/tmp/junit6498917674201368635/documents1583892406704' is created under OrientDB distribution : 3.0.14 - Veloce (build ac128c5a9ba4c6dc9d25a32b92962d8863774423, branch 3.0.x)
19:06:49.500 DEBUG org.jbake.app.ContentStore - Create document class 'page'
19:06:49.742 DEBUG org.jbake.app.ContentStore - Create document class 'post'
19:06:49.898 DEBUG org.jbake.app.ContentStore - Create document class 'masterindex'
19:06:49.962 DEBUG org.jbake.app.ContentStore - Create document class 'archive'
19:06:50.021 DEBUG org.jbake.app.ContentStore - Create document class 'feed'
19:06:50.082 DEBUG org.jbake.app.ContentStore - Create document class 'known'
19:06:50.148 DEBUG org.jbake.app.ContentStore - Create document class 'newDocumentType'
19:06:50.216 DEBUG org.jbake.app.ContentStore - Create document class 'customType'
19:06:50.284 DEBUG org.jbake.app.ContentStore - Create document class 'project'
19:06:50.355 DEBUG org.jbake.app.ContentStore - Create document class 'alltag'
19:06:50.517 DEBUG org.jbake.parser.MarkupEngine - Type property found
19:06:50.517 DEBUG org.jbake.parser.MarkupEngine - Status property found
19:06:50.517 DEBUG org.jbake.parser.MarkupEngine - Header separator found
19:06:50.523 INFO  org.jbake.app.Crawler - Processing [/home/csmajs/jgarc271/git/jbake-testing-and-verification/jbake-core/build/resources/test/fixture/content/about.html]...  : new 
19:06:50.527 DEBUG org.jbake.parser.MarkupEngine - Type property found
19:06:50.527 DEBUG org.jbake.parser.MarkupEngine - Status property found
19:06:50.527 DEBUG org.jbake.parser.MarkupEngine - Header separator found
19:06:50.555 INFO  org.jbake.app.Crawler - Processing [/home/csmajs/jgarc271/git/jbake-testing-and-verification/jbake-core/build/resources/test/fixture/content/allcontent.html]...  : new 
19:06:50.569 DEBUG org.jbake.parser.MarkupEngine - Type property found
19:06:50.569 DEBUG org.jbake.parser.MarkupEngine - Status property found
19:06:50.569 DEBUG org.jbake.parser.MarkupEngine - Header separator found
19:06:50.571 INFO  org.jbake.app.Crawler - Processing [/home/csmajs/jgarc271/git/jbake-testing-and-verification/jbake-core/build/resources/test/fixture/content/blog/2012/first-post.html]...  : new 
19:06:50.576 DEBUG org.jbake.parser.MarkupEngine - Type property found
19:06:50.576 DEBUG org.jbake.parser.MarkupEngine - Status property found
19:06:50.576 DEBUG org.jbake.parser.MarkupEngine - Header separator found
19:06:50.588 INFO  org.jbake.app.Crawler - Processing [/home/csmajs/jgarc271/git/jbake-testing-and-verification/jbake-core/build/resources/test/fixture/content/blog/2013/second-post.html]...  : new 
19:06:50.592 DEBUG org.jbake.parser.MarkupEngine - Type property found
19:06:50.592 DEBUG org.jbake.parser.MarkupEngine - Status property found
19:06:50.592 DEBUG org.jbake.parser.MarkupEngine - Header separator found
19:06:50.594 INFO  org.jbake.app.Crawler - Processing [/home/csmajs/jgarc271/git/jbake-testing-and-verification/jbake-core/build/resources/test/fixture/content/blog/2016/another-post.html]...  : new 
19:06:50.598 DEBUG org.jbake.parser.MarkupEngine - Type property found
19:06:50.598 DEBUG org.jbake.parser.MarkupEngine - Status property found
19:06:50.598 DEBUG org.jbake.parser.MarkupEngine - Header separator found
19:06:50.599 INFO  org.jbake.app.Crawler - Processing [/home/csmajs/jgarc271/git/jbake-testing-and-verification/jbake-core/build/resources/test/fixture/content/blog/2016/draft-post.html]...  : new 
19:06:50.603 DEBUG org.jbake.parser.MarkupEngine - Header separator found
19:06:50.603 WARN  org.jbake.parser.MarkupEngine - Parsing skipped (missing type or status value in header meta data) for file /home/csmajs/jgarc271/git/jbake-testing-and-verification/jbake-core/build/resources/test/fixture/content/blog/invalid_header.html!
19:06:50.603 WARN  org.jbake.app.Crawler - /home/csmajs/jgarc271/git/jbake-testing-and-verification/jbake-core/build/resources/test/fixture/content/blog/invalid_header.html has an invalid header, it has been ignored!
19:06:50.603 INFO  org.jbake.app.Crawler - Processing [/home/csmajs/jgarc271/git/jbake-testing-and-verification/jbake-core/build/resources/test/fixture/content/blog/invalid_header.html]...  : new 
19:06:50.606 DEBUG org.jbake.parser.MarkupEngine - Type property found
19:06:50.607 DEBUG org.jbake.parser.MarkupEngine - Status property found
19:06:50.607 DEBUG org.jbake.parser.MarkupEngine - Header separator found
19:06:50.608 INFO  org.jbake.app.Crawler - Processing [/home/csmajs/jgarc271/git/jbake-testing-and-verification/jbake-core/build/resources/test/fixture/content/index2.html]...  : new 
19:06:50.612 DEBUG org.jbake.parser.MarkupEngine - Type property found
19:06:50.612 DEBUG org.jbake.parser.MarkupEngine - Status property found
19:06:50.612 DEBUG org.jbake.parser.MarkupEngine - Header separator found
19:06:50.639 INFO  org.jbake.app.Crawler - Processing [/home/csmajs/jgarc271/git/jbake-testing-and-verification/jbake-core/build/resources/test/fixture/content/papers/draft-paper.html]...  : new 
19:06:50.648 DEBUG org.jbake.parser.MarkupEngine - Type property found
19:06:50.648 DEBUG org.jbake.parser.MarkupEngine - Status property found
19:06:50.648 DEBUG org.jbake.parser.MarkupEngine - Header separator found
19:06:50.649 INFO  org.jbake.app.Crawler - Processing [/home/csmajs/jgarc271/git/jbake-testing-and-verification/jbake-core/build/resources/test/fixture/content/papers/published-paper.html]...  : new 
19:06:50.652 DEBUG org.jbake.parser.MarkupEngine - Type property found
19:06:50.653 DEBUG org.jbake.parser.MarkupEngine - Status property found
19:06:50.653 DEBUG org.jbake.parser.MarkupEngine - Header separator found
19:06:50.654 INFO  org.jbake.app.Crawler - Processing [/home/csmajs/jgarc271/git/jbake-testing-and-verification/jbake-core/build/resources/test/fixture/content/projects.html]...  : new 
19:06:50.654 INFO  org.jbake.app.Crawler - Content detected:
19:06:50.655 INFO  org.jbake.app.Crawler - Parsed 3 files of type: page
19:06:50.655 INFO  org.jbake.app.Crawler - Parsed 4 files of type: post
19:06:50.695 INFO  c.o.o.c.s.m.ODirectMemoryStorage - Storage 'memory:/tmp/junit6498917674201368635/documents1583892406704' is created under OrientDB distribution : 3.0.14 - Veloce (build ac128c5a9ba4c6dc9d25a32b92962d8863774423, branch 3.0.x)
19:06:51.264 DEBUG org.jbake.app.ContentStore - Create document class 'page'
19:06:51.303 DEBUG org.jbake.app.ContentStore - Create document class 'post'
19:06:51.344 DEBUG org.jbake.app.ContentStore - Create document class 'masterindex'
19:06:51.388 DEBUG org.jbake.app.ContentStore - Create document class 'archive'
19:06:51.434 DEBUG org.jbake.app.ContentStore - Create document class 'feed'
19:06:51.481 DEBUG org.jbake.app.ContentStore - Create document class 'known'
19:06:51.530 DEBUG org.jbake.app.ContentStore - Create document class 'newDocumentType'
19:06:51.583 DEBUG org.jbake.app.ContentStore - Create document class 'customType'
19:06:51.637 DEBUG org.jbake.app.ContentStore - Create document class 'project'
19:06:51.696 DEBUG org.jbake.app.ContentStore - Create document class 'alltag'
19:06:51.801 DEBUG org.jbake.parser.MarkupEngine - Type property found
19:06:51.801 DEBUG org.jbake.parser.MarkupEngine - Status property found
19:06:51.801 DEBUG org.jbake.parser.MarkupEngine - Header separator found
19:06:51.804 INFO  org.jbake.app.Crawler - Processing [/home/csmajs/jgarc271/git/jbake-testing-and-verification/jbake-core/build/resources/test/fixture/content/about.html]...  : new 
19:06:51.806 DEBUG org.jbake.parser.MarkupEngine - Type property found
19:06:51.807 DEBUG org.jbake.parser.MarkupEngine - Status property found
19:06:51.807 DEBUG org.jbake.parser.MarkupEngine - Header separator found
19:06:51.836 INFO  org.jbake.app.Crawler - Processing [/home/csmajs/jgarc271/git/jbake-testing-and-verification/jbake-core/build/resources/test/fixture/content/allcontent.html]...  : new 
19:06:51.849 DEBUG org.jbake.parser.MarkupEngine - Type property found
19:06:51.849 DEBUG org.jbake.parser.MarkupEngine - Status property found
19:06:51.849 DEBUG org.jbake.parser.MarkupEngine - Header separator found
19:06:51.852 INFO  org.jbake.app.Crawler - Processing [/home/csmajs/jgarc271/git/jbake-testing-and-verification/jbake-core/build/resources/test/fixture/content/blog/2012/first-post.html]...  : new 
19:06:51.857 DEBUG org.jbake.parser.MarkupEngine - Type property found
19:06:51.857 DEBUG org.jbake.parser.MarkupEngine - Status property found
19:06:51.857 DEBUG org.jbake.parser.MarkupEngine - Header separator found
19:06:51.859 INFO  org.jbake.app.Crawler - Processing [/home/csmajs/jgarc271/git/jbake-testing-and-verification/jbake-core/build/resources/test/fixture/content/blog/2013/second-post.html]...  : new 
19:06:51.864 DEBUG org.jbake.parser.MarkupEngine - Type property found
19:06:51.864 DEBUG org.jbake.parser.MarkupEngine - Status property found
19:06:51.864 DEBUG org.jbake.parser.MarkupEngine - Header separator found
19:06:51.866 INFO  org.jbake.app.Crawler - Processing [/home/csmajs/jgarc271/git/jbake-testing-and-verification/jbake-core/build/resources/test/fixture/content/blog/2016/another-post.html]...  : new 
19:06:51.870 DEBUG org.jbake.parser.MarkupEngine - Type property found
19:06:51.870 DEBUG org.jbake.parser.MarkupEngine - Status property found
19:06:51.870 DEBUG org.jbake.parser.MarkupEngine - Header separator found
19:06:51.872 INFO  org.jbake.app.Crawler - Processing [/home/csmajs/jgarc271/git/jbake-testing-and-verification/jbake-core/build/resources/test/fixture/content/blog/2016/draft-post.html]...  : new 
19:06:51.875 DEBUG org.jbake.parser.MarkupEngine - Header separator found
19:06:51.875 WARN  org.jbake.parser.MarkupEngine - Parsing skipped (missing type or status value in header meta data) for file /home/csmajs/jgarc271/git/jbake-testing-and-verification/jbake-core/build/resources/test/fixture/content/blog/invalid_header.html!
19:06:51.875 WARN  org.jbake.app.Crawler - /home/csmajs/jgarc271/git/jbake-testing-and-verification/jbake-core/build/resources/test/fixture/content/blog/invalid_header.html has an invalid header, it has been ignored!
19:06:51.875 INFO  org.jbake.app.Crawler - Processing [/home/csmajs/jgarc271/git/jbake-testing-and-verification/jbake-core/build/resources/test/fixture/content/blog/invalid_header.html]...  : new 
19:06:51.878 DEBUG org.jbake.parser.MarkupEngine - Type property found
19:06:51.879 DEBUG org.jbake.parser.MarkupEngine - Status property found
19:06:51.879 DEBUG org.jbake.parser.MarkupEngine - Header separator found
19:06:51.881 INFO  org.jbake.app.Crawler - Processing [/home/csmajs/jgarc271/git/jbake-testing-and-verification/jbake-core/build/resources/test/fixture/content/index2.html]...  : new 
19:06:51.884 DEBUG org.jbake.parser.MarkupEngine - Type property found
19:06:51.884 DEBUG org.jbake.parser.MarkupEngine - Status property found
19:06:51.885 DEBUG org.jbake.parser.MarkupEngine - Header separator found
19:06:51.921 INFO  org.jbake.app.Crawler - Processing [/home/csmajs/jgarc271/git/jbake-testing-and-verification/jbake-core/build/resources/test/fixture/content/papers/draft-paper.html]...  : new 
19:06:51.931 DEBUG org.jbake.parser.MarkupEngine - Type property found
19:06:51.931 DEBUG org.jbake.parser.MarkupEngine - Status property found
19:06:51.931 DEBUG org.jbake.parser.MarkupEngine - Header separator found
19:06:51.932 INFO  org.jbake.app.Crawler - Processing [/home/csmajs/jgarc271/git/jbake-testing-and-verification/jbake-core/build/resources/test/fixture/content/papers/published-paper.html]...  : new 
19:06:51.934 DEBUG org.jbake.parser.MarkupEngine - Type property found
19:06:51.934 DEBUG org.jbake.parser.MarkupEngine - Status property found
19:06:51.934 DEBUG org.jbake.parser.MarkupEngine - Header separator found
19:06:51.936 INFO  org.jbake.app.Crawler - Processing [/home/csmajs/jgarc271/git/jbake-testing-and-verification/jbake-core/build/resources/test/fixture/content/projects.html]...  : new 
19:06:51.936 INFO  org.jbake.app.Crawler - Content detected:
19:06:51.936 INFO  org.jbake.app.Crawler - Parsed 3 files of type: page
19:06:51.936 INFO  org.jbake.app.Crawler - Parsed 4 files of type: post
]]></system-out>
  <system-err><![CDATA[java.lang.instrument.IllegalClassFormatException: Error while instrumenting com/orientechnologies/orient/core/sql/parser/OrientSqlTokenManager.
	at org.jacoco.agent.rt.internal_28bab1d.CoverageTransformer.transform(CoverageTransformer.java:93)
	at sun.instrument.TransformerManager.transform(TransformerManager.java:188)
	at sun.instrument.InstrumentationImpl.transform(InstrumentationImpl.java:428)
	at java.lang.ClassLoader.defineClass1(Native Method)
	at java.lang.ClassLoader.defineClass(ClassLoader.java:757)
	at java.security.SecureClassLoader.defineClass(SecureClassLoader.java:142)
	at java.net.URLClassLoader.defineClass(URLClassLoader.java:468)
	at java.net.URLClassLoader.access$100(URLClassLoader.java:74)
	at java.net.URLClassLoader$1.run(URLClassLoader.java:369)
	at java.net.URLClassLoader$1.run(URLClassLoader.java:363)
	at java.security.AccessController.doPrivileged(Native Method)
	at java.net.URLClassLoader.findClass(URLClassLoader.java:362)
	at java.lang.ClassLoader.loadClass(ClassLoader.java:419)
	at sun.misc.Launcher$AppClassLoader.loadClass(Launcher.java:352)
	at java.lang.ClassLoader.loadClass(ClassLoader.java:352)
	at com.orientechnologies.orient.core.sql.parser.OrientSql.<init>(OrientSql.java:31334)
	at com.orientechnologies.orient.core.sql.parser.OrientSql.<init>(OrientSql.java:21)
	at com.orientechnologies.orient.core.sql.parser.OStatementCache.parse(OStatementCache.java:120)
	at com.orientechnologies.orient.core.sql.parser.OStatementCache.get(OStatementCache.java:81)
	at com.orientechnologies.orient.core.sql.parser.OStatementCache.get(OStatementCache.java:63)
	at com.orientechnologies.orient.core.sql.OCommandExecutorSQLAbstract.preParse(OCommandExecutorSQLAbstract.java:228)
	at com.orientechnologies.orient.core.sql.OCommandExecutorSQLSelect.parse(OCommandExecutorSQLSelect.java:252)
	at com.orientechnologies.orient.core.sql.OCommandExecutorSQLSelect.parse(OCommandExecutorSQLSelect.java:96)
	at com.orientechnologies.orient.core.sql.OCommandExecutorSQLDelegate.parse(OCommandExecutorSQLDelegate.java:58)
	at com.orientechnologies.orient.core.sql.OCommandExecutorSQLDelegate.parse(OCommandExecutorSQLDelegate.java:39)
	at com.orientechnologies.orient.core.storage.impl.local.OAbstractPaginatedStorage.command(OAbstractPaginatedStorage.java:3916)
	at com.orientechnologies.orient.core.sql.query.OSQLQuery.run(OSQLQuery.java:77)
	at com.orientechnologies.orient.core.sql.query.OSQLAsynchQuery.run(OSQLAsynchQuery.java:74)
	at com.orientechnologies.orient.core.sql.query.OSQLSynchQuery.run(OSQLSynchQuery.java:86)
	at com.orientechnologies.orient.core.query.OQueryAbstract.execute(OQueryAbstract.java:33)
	at com.orientechnologies.orient.core.metadata.security.OSecurityShared.getRole(OSecurityShared.java:336)
	at com.orientechnologies.orient.core.metadata.security.OSecurityShared.createMetadata(OSecurityShared.java:451)
	at com.orientechnologies.orient.core.metadata.security.OSecurityShared.create(OSecurityShared.java:384)
	at com.orientechnologies.orient.core.db.OSharedContextEmbedded.create(OSharedContextEmbedded.java:113)
	at com.orientechnologies.orient.core.db.document.ODatabaseDocumentEmbedded.createMetadata(ODatabaseDocumentEmbedded.java:250)
	at com.orientechnologies.orient.core.db.document.ODatabaseDocumentEmbedded.internalCreate(ODatabaseDocumentEmbedded.java:221)
	at com.orientechnologies.orient.core.db.OrientDBEmbedded.internalCreate(OrientDBEmbedded.java:391)
	at com.orientechnologies.orient.core.db.OrientDBEmbedded.create(OrientDBEmbedded.java:329)
	at com.orientechnologies.orient.core.db.OrientDB.createIfNotExists(OrientDB.java:252)
	at com.orientechnologies.orient.core.db.OrientDB.createIfNotExists(OrientDB.java:238)
	at org.jbake.app.ContentStore.startup(ContentStore.java:98)
	at org.jbake.app.ContentStoreIntegrationTest.setUp(ContentStoreIntegrationTest.java:58)
	at sun.reflect.NativeMethodAccessorImpl.invoke0(Native Method)
	at sun.reflect.NativeMethodAccessorImpl.invoke(NativeMethodAccessorImpl.java:62)
	at sun.reflect.DelegatingMethodAccessorImpl.invoke(DelegatingMethodAccessorImpl.java:43)
	at java.lang.reflect.Method.invoke(Method.java:498)
	at org.junit.runners.model.FrameworkMethod$1.runReflectiveCall(FrameworkMethod.java:50)
	at org.junit.internal.runners.model.ReflectiveCallable.run(ReflectiveCallable.java:12)
	at org.junit.runners.model.FrameworkMethod.invokeExplosively(FrameworkMethod.java:47)
	at org.junit.internal.runners.statements.RunBefores.evaluate(RunBefores.java:24)
	at org.junit.internal.runners.statements.RunAfters.evaluate(RunAfters.java:27)
	at org.junit.runners.ParentRunner.runLeaf(ParentRunner.java:325)
	at org.junit.runners.BlockJUnit4ClassRunner.runChild(BlockJUnit4ClassRunner.java:78)
	at org.junit.runners.BlockJUnit4ClassRunner.runChild(BlockJUnit4ClassRunner.java:57)
	at org.junit.runners.ParentRunner$3.run(ParentRunner.java:290)
	at org.junit.runners.ParentRunner$1.schedule(ParentRunner.java:71)
	at org.junit.runners.ParentRunner.runChildren(ParentRunner.java:288)
	at org.junit.runners.ParentRunner.access$000(ParentRunner.java:58)
	at org.junit.runners.ParentRunner$2.evaluate(ParentRunner.java:268)
	at org.junit.internal.runners.statements.RunBefores.evaluate(RunBefores.java:26)
	at org.junit.internal.runners.statements.RunAfters.evaluate(RunAfters.java:27)
	at org.junit.rules.ExternalResource$1.evaluate(ExternalResource.java:48)
	at org.junit.rules.RunRules.evaluate(RunRules.java:20)
	at org.junit.runners.ParentRunner.run(ParentRunner.java:363)
	at org.junit.runner.JUnitCore.run(JUnitCore.java:137)
	at org.junit.runner.JUnitCore.run(JUnitCore.java:115)
	at org.junit.vintage.engine.execution.RunnerExecutor.execute(RunnerExecutor.java:39)
	at java.util.stream.ForEachOps$ForEachOp$OfRef.accept(ForEachOps.java:183)
	at java.util.stream.ReferencePipeline$3$1.accept(ReferencePipeline.java:193)
	at java.util.Iterator.forEachRemaining(Iterator.java:116)
	at java.util.Spliterators$IteratorSpliterator.forEachRemaining(Spliterators.java:1801)
	at java.util.stream.AbstractPipeline.copyInto(AbstractPipeline.java:482)
	at java.util.stream.AbstractPipeline.wrapAndCopyInto(AbstractPipeline.java:472)
	at java.util.stream.ForEachOps$ForEachOp.evaluateSequential(ForEachOps.java:150)
	at java.util.stream.ForEachOps$ForEachOp$OfRef.evaluateSequential(ForEachOps.java:173)
	at java.util.stream.AbstractPipeline.evaluate(AbstractPipeline.java:234)
	at java.util.stream.ReferencePipeline.forEach(ReferencePipeline.java:485)
	at org.junit.vintage.engine.VintageTestEngine.executeAllChildren(VintageTestEngine.java:79)
	at org.junit.vintage.engine.VintageTestEngine.execute(VintageTestEngine.java:70)
	at org.junit.platform.launcher.core.DefaultLauncher.execute(DefaultLauncher.java:220)
	at org.junit.platform.launcher.core.DefaultLauncher.lambda$execute$6(DefaultLauncher.java:188)
	at org.junit.platform.launcher.core.DefaultLauncher.withInterceptedStreams(DefaultLauncher.java:202)
	at org.junit.platform.launcher.core.DefaultLauncher.execute(DefaultLauncher.java:181)
	at org.junit.platform.launcher.core.DefaultLauncher.execute(DefaultLauncher.java:128)
	at org.gradle.api.internal.tasks.testing.junitplatform.JUnitPlatformTestClassProcessor$CollectAllTestClassesExecutor.processAllTestClasses(JUnitPlatformTestClassProcessor.java:102)
	at org.gradle.api.internal.tasks.testing.junitplatform.JUnitPlatformTestClassProcessor$CollectAllTestClassesExecutor.access$000(JUnitPlatformTestClassProcessor.java:82)
	at org.gradle.api.internal.tasks.testing.junitplatform.JUnitPlatformTestClassProcessor.stop(JUnitPlatformTestClassProcessor.java:78)
	at org.gradle.api.internal.tasks.testing.SuiteTestClassProcessor.stop(SuiteTestClassProcessor.java:61)
	at sun.reflect.NativeMethodAccessorImpl.invoke0(Native Method)
	at sun.reflect.NativeMethodAccessorImpl.invoke(NativeMethodAccessorImpl.java:62)
	at sun.reflect.DelegatingMethodAccessorImpl.invoke(DelegatingMethodAccessorImpl.java:43)
	at java.lang.reflect.Method.invoke(Method.java:498)
	at org.gradle.internal.dispatch.ReflectionDispatch.dispatch(ReflectionDispatch.java:35)
	at org.gradle.internal.dispatch.ReflectionDispatch.dispatch(ReflectionDispatch.java:24)
	at org.gradle.internal.dispatch.ContextClassLoaderDispatch.dispatch(ContextClassLoaderDispatch.java:32)
	at org.gradle.internal.dispatch.ProxyDispatchAdapter$DispatchingInvocationHandler.invoke(ProxyDispatchAdapter.java:93)
	at com.sun.proxy.$Proxy2.stop(Unknown Source)
	at org.gradle.api.internal.tasks.testing.worker.TestWorker.stop(TestWorker.java:132)
	at sun.reflect.NativeMethodAccessorImpl.invoke0(Native Method)
	at sun.reflect.NativeMethodAccessorImpl.invoke(NativeMethodAccessorImpl.java:62)
	at sun.reflect.DelegatingMethodAccessorImpl.invoke(DelegatingMethodAccessorImpl.java:43)
	at java.lang.reflect.Method.invoke(Method.java:498)
	at org.gradle.internal.dispatch.ReflectionDispatch.dispatch(ReflectionDispatch.java:35)
	at org.gradle.internal.dispatch.ReflectionDispatch.dispatch(ReflectionDispatch.java:24)
	at org.gradle.internal.remote.internal.hub.MessageHubBackedObjectConnection$DispatchWrapper.dispatch(MessageHubBackedObjectConnection.java:175)
	at org.gradle.internal.remote.internal.hub.MessageHubBackedObjectConnection$DispatchWrapper.dispatch(MessageHubBackedObjectConnection.java:157)
	at org.gradle.internal.remote.internal.hub.MessageHub$Handler.run(MessageHub.java:404)
	at org.gradle.internal.concurrent.ExecutorPolicy$CatchAndRecordFailures.onExecute(ExecutorPolicy.java:63)
	at org.gradle.internal.concurrent.ManagedExecutorImpl$1.run(ManagedExecutorImpl.java:46)
	at java.util.concurrent.ThreadPoolExecutor.runWorker(ThreadPoolExecutor.java:1149)
	at java.util.concurrent.ThreadPoolExecutor$Worker.run(ThreadPoolExecutor.java:624)
	at org.gradle.internal.concurrent.ThreadFactoryImpl$ManagedThreadRunnable.run(ThreadFactoryImpl.java:55)
	at java.lang.Thread.run(Thread.java:748)
Caused by: java.io.IOException: Error while instrumenting com/orientechnologies/orient/core/sql/parser/OrientSqlTokenManager.
	at org.jacoco.agent.rt.internal_28bab1d.core.instr.Instrumenter.instrumentError(Instrumenter.java:175)
	at org.jacoco.agent.rt.internal_28bab1d.core.instr.Instrumenter.instrument(Instrumenter.java:125)
	at org.jacoco.agent.rt.internal_28bab1d.CoverageTransformer.transform(CoverageTransformer.java:91)
	... 112 more
Caused by: org.jacoco.agent.rt.internal_28bab1d.asm.MethodTooLargeException: Method too large: com/orientechnologies/orient/core/sql/parser/OrientSqlTokenManager.jjMoveNfa_0 (II)I
	at org.jacoco.agent.rt.internal_28bab1d.asm.MethodWriter.computeMethodInfoSize(MethodWriter.java:2080)
	at org.jacoco.agent.rt.internal_28bab1d.asm.ClassWriter.toByteArray(ClassWriter.java:459)
	at org.jacoco.agent.rt.internal_28bab1d.core.instr.Instrumenter.instrument(Instrumenter.java:104)
	at org.jacoco.agent.rt.internal_28bab1d.core.instr.Instrumenter.instrument(Instrumenter.java:123)
	... 113 more
]]></system-err>
</testsuite>
