<?xml version="1.0" encoding="UTF-8"?>
<testsuite name="org.jbake.app.template.GroovyMarkupTemplateEngineRenderingTest" tests="10" skipped="0" failures="0" errors="0" timestamp="2020-03-13T01:16:12" hostname="bolt.cs.ucr.edu" time="437.611">
  <properties/>
  <testcase name="renderCustomTypePaper" classname="org.jbake.app.template.GroovyMarkupTemplateEngineRenderingTest" time="43.652"/>
  <testcase name="renderIndex" classname="org.jbake.app.template.GroovyMarkupTemplateEngineRenderingTest" time="45.613"/>
  <testcase name="renderArchive" classname="org.jbake.app.template.GroovyMarkupTemplateEngineRenderingTest" time="44.812"/>
  <testcase name="checkDbTemplateModelIsPopulated" classname="org.jbake.app.template.GroovyMarkupTemplateEngineRenderingTest" time="44.074"/>
  <testcase name="renderTagsIndex" classname="org.jbake.app.template.GroovyMarkupTemplateEngineRenderingTest" time="43.748"/>
  <testcase name="renderFeed" classname="org.jbake.app.template.GroovyMarkupTemplateEngineRenderingTest" time="43.374"/>
  <testcase name="renderPage" classname="org.jbake.app.template.GroovyMarkupTemplateEngineRenderingTest" time="43.173"/>
  <testcase name="renderPost" classname="org.jbake.app.template.GroovyMarkupTemplateEngineRenderingTest" time="43.423"/>
  <testcase name="renderTags" classname="org.jbake.app.template.GroovyMarkupTemplateEngineRenderingTest" time="43.008"/>
  <testcase name="renderSitemap" classname="org.jbake.app.template.GroovyMarkupTemplateEngineRenderingTest" time="42.734"/>
  <system-out><![CDATA[18:16:12.322 INFO  c.o.orient.core.db.OrientDBEmbedded - WAL maximum segment size is set to 6,144 MB
18:16:12.371 INFO  c.o.o.c.s.i.l.p.w.c.OCASDiskWriteAheadLog - Direct IO for WAL located in /tmp/junit8775513137701810478/documents1584062172314/tmp/junit8775513137701810478/documents1584062172314 is allowed with block size 4096 bytes.
18:16:12.372 INFO  c.o.o.c.s.i.l.p.w.c.OCASDiskWriteAheadLog - Page size for WAL located in /tmp/junit8775513137701810478/documents1584062172314/tmp/junit8775513137701810478/documents1584062172314 is set to 4096 bytes.
18:16:12.998 INFO  c.o.o.c.s.d.OLocalPaginatedStorage - Storage 'plocal:/tmp/junit8775513137701810478/documents1584062172314//tmp/junit8775513137701810478/documents1584062172314' is created under OrientDB distribution : 3.0.14 - Veloce (build ac128c5a9ba4c6dc9d25a32b92962d8863774423, branch 3.0.x)
18:16:21.048 DEBUG org.jbake.app.ContentStore - Create document class 'page'
18:16:24.914 DEBUG org.jbake.app.ContentStore - Create document class 'post'
18:16:28.979 DEBUG org.jbake.app.ContentStore - Create document class 'masterindex'
18:16:33.195 DEBUG org.jbake.app.ContentStore - Create document class 'archive'
18:16:37.473 DEBUG org.jbake.app.ContentStore - Create document class 'feed'
18:16:45.567 DEBUG org.jbake.parser.MarkupEngine - Type property found
18:16:45.567 DEBUG org.jbake.parser.MarkupEngine - Status property found
18:16:45.567 DEBUG org.jbake.parser.MarkupEngine - Header separator found
18:16:45.568 INFO  org.jbake.app.Crawler - Processing [/home/csmajs/jgarc271/git/jbake-testing-and-verification/jbake-core/build/resources/test/fixture/content/about.html]...  : new 
18:16:45.570 DEBUG org.jbake.parser.MarkupEngine - Type property found
18:16:45.570 DEBUG org.jbake.parser.MarkupEngine - Status property found
18:16:45.570 DEBUG org.jbake.parser.MarkupEngine - Header separator found
18:16:50.143 INFO  org.jbake.app.Crawler - Processing [/home/csmajs/jgarc271/git/jbake-testing-and-verification/jbake-core/build/resources/test/fixture/content/allcontent.html]...  : new 
18:16:50.147 DEBUG org.jbake.parser.MarkupEngine - Type property found
18:16:50.147 DEBUG org.jbake.parser.MarkupEngine - Status property found
18:16:50.147 DEBUG org.jbake.parser.MarkupEngine - Header separator found
18:16:50.148 INFO  org.jbake.app.Crawler - Processing [/home/csmajs/jgarc271/git/jbake-testing-and-verification/jbake-core/build/resources/test/fixture/content/blog/2012/first-post.html]...  : new 
18:16:50.150 DEBUG org.jbake.parser.MarkupEngine - Type property found
18:16:50.150 DEBUG org.jbake.parser.MarkupEngine - Status property found
18:16:50.150 DEBUG org.jbake.parser.MarkupEngine - Header separator found
18:16:50.151 INFO  org.jbake.app.Crawler - Processing [/home/csmajs/jgarc271/git/jbake-testing-and-verification/jbake-core/build/resources/test/fixture/content/blog/2013/second-post.html]...  : new 
18:16:50.152 DEBUG org.jbake.parser.MarkupEngine - Type property found
18:16:50.152 DEBUG org.jbake.parser.MarkupEngine - Status property found
18:16:50.152 DEBUG org.jbake.parser.MarkupEngine - Header separator found
18:16:50.153 INFO  org.jbake.app.Crawler - Processing [/home/csmajs/jgarc271/git/jbake-testing-and-verification/jbake-core/build/resources/test/fixture/content/blog/2016/another-post.html]...  : new 
18:16:50.154 DEBUG org.jbake.parser.MarkupEngine - Type property found
18:16:50.154 DEBUG org.jbake.parser.MarkupEngine - Status property found
18:16:50.154 DEBUG org.jbake.parser.MarkupEngine - Header separator found
18:16:50.155 INFO  org.jbake.app.Crawler - Processing [/home/csmajs/jgarc271/git/jbake-testing-and-verification/jbake-core/build/resources/test/fixture/content/blog/2016/draft-post.html]...  : new 
18:16:50.156 DEBUG org.jbake.parser.MarkupEngine - Header separator found
18:16:50.156 WARN  org.jbake.parser.MarkupEngine - Parsing skipped (missing type or status value in header meta data) for file /home/csmajs/jgarc271/git/jbake-testing-and-verification/jbake-core/build/resources/test/fixture/content/blog/invalid_header.html!
18:16:50.156 WARN  org.jbake.app.Crawler - /home/csmajs/jgarc271/git/jbake-testing-and-verification/jbake-core/build/resources/test/fixture/content/blog/invalid_header.html has an invalid header, it has been ignored!
18:16:50.156 INFO  org.jbake.app.Crawler - Processing [/home/csmajs/jgarc271/git/jbake-testing-and-verification/jbake-core/build/resources/test/fixture/content/blog/invalid_header.html]...  : new 
18:16:50.157 DEBUG org.jbake.parser.MarkupEngine - Type property found
18:16:50.157 DEBUG org.jbake.parser.MarkupEngine - Status property found
18:16:50.157 DEBUG org.jbake.parser.MarkupEngine - Header separator found
18:16:50.158 INFO  org.jbake.app.Crawler - Processing [/home/csmajs/jgarc271/git/jbake-testing-and-verification/jbake-core/build/resources/test/fixture/content/index2.html]...  : new 
18:16:50.159 DEBUG org.jbake.parser.MarkupEngine - Type property found
18:16:50.159 DEBUG org.jbake.parser.MarkupEngine - Status property found
18:16:50.159 DEBUG org.jbake.parser.MarkupEngine - Header separator found
18:16:54.088 INFO  org.jbake.app.Crawler - Processing [/home/csmajs/jgarc271/git/jbake-testing-and-verification/jbake-core/build/resources/test/fixture/content/papers/draft-paper.html]...  : new 
18:16:54.090 DEBUG org.jbake.parser.MarkupEngine - Type property found
18:16:54.090 DEBUG org.jbake.parser.MarkupEngine - Status property found
18:16:54.090 DEBUG org.jbake.parser.MarkupEngine - Header separator found
18:16:54.091 INFO  org.jbake.app.Crawler - Processing [/home/csmajs/jgarc271/git/jbake-testing-and-verification/jbake-core/build/resources/test/fixture/content/papers/published-paper.html]...  : new 
18:16:54.092 DEBUG org.jbake.parser.MarkupEngine - Type property found
18:16:54.092 DEBUG org.jbake.parser.MarkupEngine - Status property found
18:16:54.092 DEBUG org.jbake.parser.MarkupEngine - Header separator found
18:16:54.093 INFO  org.jbake.app.Crawler - Processing [/home/csmajs/jgarc271/git/jbake-testing-and-verification/jbake-core/build/resources/test/fixture/content/projects.html]...  : new 
18:16:54.093 INFO  org.jbake.app.Crawler - Content detected:
18:16:54.093 INFO  org.jbake.app.Crawler - Parsed 3 files of type: page
18:16:54.093 INFO  org.jbake.app.Crawler - Parsed 4 files of type: post
18:16:54.104 INFO  org.jbake.template.ModelExtractors - register new extractors for document type: paper
18:16:54.110 DEBUG org.jbake.parser.MarkupEngine - Type property found
18:16:54.110 DEBUG org.jbake.parser.MarkupEngine - Status property found
18:16:54.110 DEBUG org.jbake.parser.MarkupEngine - Header separator found
18:16:54.110 INFO  org.jbake.app.Crawler - Processing [/home/csmajs/jgarc271/git/jbake-testing-and-verification/jbake-core/build/resources/test/fixture/content/about.html]...  : modified  : new 
18:16:54.112 DEBUG org.jbake.parser.MarkupEngine - Type property found
18:16:54.112 DEBUG org.jbake.parser.MarkupEngine - Status property found
18:16:54.112 DEBUG org.jbake.parser.MarkupEngine - Header separator found
18:16:54.112 INFO  org.jbake.app.Crawler - Processing [/home/csmajs/jgarc271/git/jbake-testing-and-verification/jbake-core/build/resources/test/fixture/content/allcontent.html]...  : new 
18:16:54.117 DEBUG org.jbake.parser.MarkupEngine - Type property found
18:16:54.117 DEBUG org.jbake.parser.MarkupEngine - Status property found
18:16:54.117 DEBUG org.jbake.parser.MarkupEngine - Header separator found
18:16:54.118 INFO  org.jbake.app.Crawler - Processing [/home/csmajs/jgarc271/git/jbake-testing-and-verification/jbake-core/build/resources/test/fixture/content/blog/2012/first-post.html]...  : modified  : new 
18:16:54.122 DEBUG org.jbake.parser.MarkupEngine - Type property found
18:16:54.122 DEBUG org.jbake.parser.MarkupEngine - Status property found
18:16:54.122 DEBUG org.jbake.parser.MarkupEngine - Header separator found
18:16:54.123 INFO  org.jbake.app.Crawler - Processing [/home/csmajs/jgarc271/git/jbake-testing-and-verification/jbake-core/build/resources/test/fixture/content/blog/2013/second-post.html]...  : modified  : new 
18:16:54.126 DEBUG org.jbake.parser.MarkupEngine - Type property found
18:16:54.126 DEBUG org.jbake.parser.MarkupEngine - Status property found
18:16:54.126 DEBUG org.jbake.parser.MarkupEngine - Header separator found
18:16:54.126 INFO  org.jbake.app.Crawler - Processing [/home/csmajs/jgarc271/git/jbake-testing-and-verification/jbake-core/build/resources/test/fixture/content/blog/2016/another-post.html]...  : modified  : new 
18:16:54.129 DEBUG org.jbake.parser.MarkupEngine - Type property found
18:16:54.129 DEBUG org.jbake.parser.MarkupEngine - Status property found
18:16:54.129 DEBUG org.jbake.parser.MarkupEngine - Header separator found
18:16:54.129 INFO  org.jbake.app.Crawler - Processing [/home/csmajs/jgarc271/git/jbake-testing-and-verification/jbake-core/build/resources/test/fixture/content/blog/2016/draft-post.html]...  : modified  : new 
18:16:54.131 DEBUG org.jbake.parser.MarkupEngine - Header separator found
18:16:54.131 WARN  org.jbake.parser.MarkupEngine - Parsing skipped (missing type or status value in header meta data) for file /home/csmajs/jgarc271/git/jbake-testing-and-verification/jbake-core/build/resources/test/fixture/content/blog/invalid_header.html!
18:16:54.131 WARN  org.jbake.app.Crawler - /home/csmajs/jgarc271/git/jbake-testing-and-verification/jbake-core/build/resources/test/fixture/content/blog/invalid_header.html has an invalid header, it has been ignored!
18:16:54.131 INFO  org.jbake.app.Crawler - Processing [/home/csmajs/jgarc271/git/jbake-testing-and-verification/jbake-core/build/resources/test/fixture/content/blog/invalid_header.html]...  : new 
18:16:54.133 DEBUG org.jbake.parser.MarkupEngine - Type property found
18:16:54.133 DEBUG org.jbake.parser.MarkupEngine - Status property found
18:16:54.133 DEBUG org.jbake.parser.MarkupEngine - Header separator found
18:16:54.134 INFO  org.jbake.app.Crawler - Processing [/home/csmajs/jgarc271/git/jbake-testing-and-verification/jbake-core/build/resources/test/fixture/content/index2.html]...  : modified  : new 
18:16:54.137 DEBUG org.jbake.parser.MarkupEngine - Type property found
18:16:54.137 DEBUG org.jbake.parser.MarkupEngine - Status property found
18:16:54.137 DEBUG org.jbake.parser.MarkupEngine - Header separator found
18:16:54.138 INFO  org.jbake.app.Crawler - Processing [/home/csmajs/jgarc271/git/jbake-testing-and-verification/jbake-core/build/resources/test/fixture/content/papers/draft-paper.html]...  : modified 
18:16:54.140 DEBUG org.jbake.parser.MarkupEngine - Type property found
18:16:54.140 DEBUG org.jbake.parser.MarkupEngine - Status property found
18:16:54.140 DEBUG org.jbake.parser.MarkupEngine - Header separator found
18:16:54.141 INFO  org.jbake.app.Crawler - Processing [/home/csmajs/jgarc271/git/jbake-testing-and-verification/jbake-core/build/resources/test/fixture/content/papers/published-paper.html]...  : modified 
18:16:54.143 DEBUG org.jbake.parser.MarkupEngine - Type property found
18:16:54.143 DEBUG org.jbake.parser.MarkupEngine - Status property found
18:16:54.143 DEBUG org.jbake.parser.MarkupEngine - Header separator found
18:16:54.144 INFO  org.jbake.app.Crawler - Processing [/home/csmajs/jgarc271/git/jbake-testing-and-verification/jbake-core/build/resources/test/fixture/content/projects.html]...  : modified  : new 
18:16:54.144 INFO  org.jbake.app.Crawler - Content detected:
18:16:54.144 INFO  org.jbake.app.Crawler - Parsed 3 files of type: page
18:16:54.144 INFO  org.jbake.app.Crawler - Parsed 4 files of type: post
18:16:54.144 INFO  org.jbake.app.Crawler - Parsed 2 files of type: paper
18:16:54.155 DEBUG org.jbake.parser.MarkupEngine - Type property found
18:16:54.155 DEBUG org.jbake.parser.MarkupEngine - Status property found
18:16:54.155 DEBUG org.jbake.parser.MarkupEngine - Header separator found
18:16:54.982 INFO  org.jbake.app.Renderer - Rendering [/tmp/junit8775513137701810478/published-paper.html]... done!
18:16:55.967 INFO  c.o.orient.core.db.OrientDBEmbedded - WAL maximum segment size is set to 6,144 MB
18:16:55.969 INFO  c.o.o.c.s.i.l.p.w.c.OCASDiskWriteAheadLog - Direct IO for WAL located in /tmp/junit8775513137701810478/documents1584062172314/tmp/junit8775513137701810478/documents1584062172314 is allowed with block size 4096 bytes.
18:16:55.969 INFO  c.o.o.c.s.i.l.p.w.c.OCASDiskWriteAheadLog - Page size for WAL located in /tmp/junit8775513137701810478/documents1584062172314/tmp/junit8775513137701810478/documents1584062172314 is set to 4096 bytes.
18:16:56.552 INFO  c.o.o.c.s.d.OLocalPaginatedStorage - Storage 'plocal:/tmp/junit8775513137701810478/documents1584062172314//tmp/junit8775513137701810478/documents1584062172314' is created under OrientDB distribution : 3.0.14 - Veloce (build ac128c5a9ba4c6dc9d25a32b92962d8863774423, branch 3.0.x)
18:17:05.591 DEBUG org.jbake.app.ContentStore - Create document class 'page'
18:17:09.943 DEBUG org.jbake.app.ContentStore - Create document class 'post'
18:17:15.404 DEBUG org.jbake.app.ContentStore - Create document class 'masterindex'
18:17:19.714 DEBUG org.jbake.app.ContentStore - Create document class 'archive'
18:17:23.955 DEBUG org.jbake.app.ContentStore - Create document class 'feed'
18:17:32.733 DEBUG org.jbake.parser.MarkupEngine - Type property found
18:17:32.733 DEBUG org.jbake.parser.MarkupEngine - Status property found
18:17:32.733 DEBUG org.jbake.parser.MarkupEngine - Header separator found
18:17:32.734 INFO  org.jbake.app.Crawler - Processing [/home/csmajs/jgarc271/git/jbake-testing-and-verification/jbake-core/build/resources/test/fixture/content/about.html]...  : new 
18:17:32.735 DEBUG org.jbake.parser.MarkupEngine - Type property found
18:17:32.735 DEBUG org.jbake.parser.MarkupEngine - Status property found
18:17:32.735 DEBUG org.jbake.parser.MarkupEngine - Header separator found
18:17:36.515 INFO  org.jbake.app.Crawler - Processing [/home/csmajs/jgarc271/git/jbake-testing-and-verification/jbake-core/build/resources/test/fixture/content/allcontent.html]...  : new 
18:17:36.519 DEBUG org.jbake.parser.MarkupEngine - Type property found
18:17:36.519 DEBUG org.jbake.parser.MarkupEngine - Status property found
18:17:36.519 DEBUG org.jbake.parser.MarkupEngine - Header separator found
18:17:36.520 INFO  org.jbake.app.Crawler - Processing [/home/csmajs/jgarc271/git/jbake-testing-and-verification/jbake-core/build/resources/test/fixture/content/blog/2012/first-post.html]...  : new 
18:17:36.523 DEBUG org.jbake.parser.MarkupEngine - Type property found
18:17:36.523 DEBUG org.jbake.parser.MarkupEngine - Status property found
18:17:36.523 DEBUG org.jbake.parser.MarkupEngine - Header separator found
18:17:36.524 INFO  org.jbake.app.Crawler - Processing [/home/csmajs/jgarc271/git/jbake-testing-and-verification/jbake-core/build/resources/test/fixture/content/blog/2013/second-post.html]...  : new 
18:17:36.525 DEBUG org.jbake.parser.MarkupEngine - Type property found
18:17:36.525 DEBUG org.jbake.parser.MarkupEngine - Status property found
18:17:36.525 DEBUG org.jbake.parser.MarkupEngine - Header separator found
18:17:36.526 INFO  org.jbake.app.Crawler - Processing [/home/csmajs/jgarc271/git/jbake-testing-and-verification/jbake-core/build/resources/test/fixture/content/blog/2016/another-post.html]...  : new 
18:17:36.527 DEBUG org.jbake.parser.MarkupEngine - Type property found
18:17:36.527 DEBUG org.jbake.parser.MarkupEngine - Status property found
18:17:36.527 DEBUG org.jbake.parser.MarkupEngine - Header separator found
18:17:36.528 INFO  org.jbake.app.Crawler - Processing [/home/csmajs/jgarc271/git/jbake-testing-and-verification/jbake-core/build/resources/test/fixture/content/blog/2016/draft-post.html]...  : new 
18:17:36.529 DEBUG org.jbake.parser.MarkupEngine - Header separator found
18:17:36.529 WARN  org.jbake.parser.MarkupEngine - Parsing skipped (missing type or status value in header meta data) for file /home/csmajs/jgarc271/git/jbake-testing-and-verification/jbake-core/build/resources/test/fixture/content/blog/invalid_header.html!
18:17:36.529 WARN  org.jbake.app.Crawler - /home/csmajs/jgarc271/git/jbake-testing-and-verification/jbake-core/build/resources/test/fixture/content/blog/invalid_header.html has an invalid header, it has been ignored!
18:17:36.529 INFO  org.jbake.app.Crawler - Processing [/home/csmajs/jgarc271/git/jbake-testing-and-verification/jbake-core/build/resources/test/fixture/content/blog/invalid_header.html]...  : new 
18:17:36.530 DEBUG org.jbake.parser.MarkupEngine - Type property found
18:17:36.530 DEBUG org.jbake.parser.MarkupEngine - Status property found
18:17:36.530 DEBUG org.jbake.parser.MarkupEngine - Header separator found
18:17:36.531 INFO  org.jbake.app.Crawler - Processing [/home/csmajs/jgarc271/git/jbake-testing-and-verification/jbake-core/build/resources/test/fixture/content/index2.html]...  : new 
18:17:36.532 DEBUG org.jbake.parser.MarkupEngine - Type property found
18:17:36.532 DEBUG org.jbake.parser.MarkupEngine - Status property found
18:17:36.532 DEBUG org.jbake.parser.MarkupEngine - Header separator found
18:17:40.447 INFO  org.jbake.app.Crawler - Processing [/home/csmajs/jgarc271/git/jbake-testing-and-verification/jbake-core/build/resources/test/fixture/content/papers/draft-paper.html]...  : new 
18:17:40.450 DEBUG org.jbake.parser.MarkupEngine - Type property found
18:17:40.450 DEBUG org.jbake.parser.MarkupEngine - Status property found
18:17:40.450 DEBUG org.jbake.parser.MarkupEngine - Header separator found
18:17:40.450 INFO  org.jbake.app.Crawler - Processing [/home/csmajs/jgarc271/git/jbake-testing-and-verification/jbake-core/build/resources/test/fixture/content/papers/published-paper.html]...  : new 
18:17:40.451 DEBUG org.jbake.parser.MarkupEngine - Type property found
18:17:40.451 DEBUG org.jbake.parser.MarkupEngine - Status property found
18:17:40.451 DEBUG org.jbake.parser.MarkupEngine - Header separator found
18:17:40.452 INFO  org.jbake.app.Crawler - Processing [/home/csmajs/jgarc271/git/jbake-testing-and-verification/jbake-core/build/resources/test/fixture/content/projects.html]...  : new 
18:17:40.452 INFO  org.jbake.app.Crawler - Content detected:
18:17:40.452 INFO  org.jbake.app.Crawler - Parsed 3 files of type: page
18:17:40.452 INFO  org.jbake.app.Crawler - Parsed 4 files of type: post
18:17:40.680 INFO  org.jbake.app.Renderer - Rendering masterindex [/tmp/junit8775513137701810478/index.html]... done!
18:17:41.580 INFO  c.o.orient.core.db.OrientDBEmbedded - WAL maximum segment size is set to 6,144 MB
18:17:41.581 INFO  c.o.o.c.s.i.l.p.w.c.OCASDiskWriteAheadLog - Direct IO for WAL located in /tmp/junit8775513137701810478/documents1584062172314/tmp/junit8775513137701810478/documents1584062172314 is allowed with block size 4096 bytes.
18:17:41.581 INFO  c.o.o.c.s.i.l.p.w.c.OCASDiskWriteAheadLog - Page size for WAL located in /tmp/junit8775513137701810478/documents1584062172314/tmp/junit8775513137701810478/documents1584062172314 is set to 4096 bytes.
18:17:42.234 INFO  c.o.o.c.s.d.OLocalPaginatedStorage - Storage 'plocal:/tmp/junit8775513137701810478/documents1584062172314//tmp/junit8775513137701810478/documents1584062172314' is created under OrientDB distribution : 3.0.14 - Veloce (build ac128c5a9ba4c6dc9d25a32b92962d8863774423, branch 3.0.x)
18:17:52.050 DEBUG org.jbake.app.ContentStore - Create document class 'page'
18:17:56.252 DEBUG org.jbake.app.ContentStore - Create document class 'post'
18:18:00.370 DEBUG org.jbake.app.ContentStore - Create document class 'masterindex'
18:18:04.608 DEBUG org.jbake.app.ContentStore - Create document class 'archive'
18:18:08.813 DEBUG org.jbake.app.ContentStore - Create document class 'feed'
18:18:17.094 DEBUG org.jbake.parser.MarkupEngine - Type property found
18:18:17.094 DEBUG org.jbake.parser.MarkupEngine - Status property found
18:18:17.094 DEBUG org.jbake.parser.MarkupEngine - Header separator found
18:18:17.094 INFO  org.jbake.app.Crawler - Processing [/home/csmajs/jgarc271/git/jbake-testing-and-verification/jbake-core/build/resources/test/fixture/content/about.html]...  : new 
18:18:17.096 DEBUG org.jbake.parser.MarkupEngine - Type property found
18:18:17.096 DEBUG org.jbake.parser.MarkupEngine - Status property found
18:18:17.096 DEBUG org.jbake.parser.MarkupEngine - Header separator found
18:18:21.406 INFO  org.jbake.app.Crawler - Processing [/home/csmajs/jgarc271/git/jbake-testing-and-verification/jbake-core/build/resources/test/fixture/content/allcontent.html]...  : new 
18:18:21.410 DEBUG org.jbake.parser.MarkupEngine - Type property found
18:18:21.410 DEBUG org.jbake.parser.MarkupEngine - Status property found
18:18:21.410 DEBUG org.jbake.parser.MarkupEngine - Header separator found
18:18:21.411 INFO  org.jbake.app.Crawler - Processing [/home/csmajs/jgarc271/git/jbake-testing-and-verification/jbake-core/build/resources/test/fixture/content/blog/2012/first-post.html]...  : new 
18:18:21.413 DEBUG org.jbake.parser.MarkupEngine - Type property found
18:18:21.413 DEBUG org.jbake.parser.MarkupEngine - Status property found
18:18:21.413 DEBUG org.jbake.parser.MarkupEngine - Header separator found
18:18:21.414 INFO  org.jbake.app.Crawler - Processing [/home/csmajs/jgarc271/git/jbake-testing-and-verification/jbake-core/build/resources/test/fixture/content/blog/2013/second-post.html]...  : new 
18:18:21.416 DEBUG org.jbake.parser.MarkupEngine - Type property found
18:18:21.416 DEBUG org.jbake.parser.MarkupEngine - Status property found
18:18:21.416 DEBUG org.jbake.parser.MarkupEngine - Header separator found
18:18:21.416 INFO  org.jbake.app.Crawler - Processing [/home/csmajs/jgarc271/git/jbake-testing-and-verification/jbake-core/build/resources/test/fixture/content/blog/2016/another-post.html]...  : new 
18:18:21.417 DEBUG org.jbake.parser.MarkupEngine - Type property found
18:18:21.417 DEBUG org.jbake.parser.MarkupEngine - Status property found
18:18:21.417 DEBUG org.jbake.parser.MarkupEngine - Header separator found
18:18:21.418 INFO  org.jbake.app.Crawler - Processing [/home/csmajs/jgarc271/git/jbake-testing-and-verification/jbake-core/build/resources/test/fixture/content/blog/2016/draft-post.html]...  : new 
18:18:21.419 DEBUG org.jbake.parser.MarkupEngine - Header separator found
18:18:21.419 WARN  org.jbake.parser.MarkupEngine - Parsing skipped (missing type or status value in header meta data) for file /home/csmajs/jgarc271/git/jbake-testing-and-verification/jbake-core/build/resources/test/fixture/content/blog/invalid_header.html!
18:18:21.419 WARN  org.jbake.app.Crawler - /home/csmajs/jgarc271/git/jbake-testing-and-verification/jbake-core/build/resources/test/fixture/content/blog/invalid_header.html has an invalid header, it has been ignored!
18:18:21.419 INFO  org.jbake.app.Crawler - Processing [/home/csmajs/jgarc271/git/jbake-testing-and-verification/jbake-core/build/resources/test/fixture/content/blog/invalid_header.html]...  : new 
18:18:21.420 DEBUG org.jbake.parser.MarkupEngine - Type property found
18:18:21.420 DEBUG org.jbake.parser.MarkupEngine - Status property found
18:18:21.420 DEBUG org.jbake.parser.MarkupEngine - Header separator found
18:18:21.421 INFO  org.jbake.app.Crawler - Processing [/home/csmajs/jgarc271/git/jbake-testing-and-verification/jbake-core/build/resources/test/fixture/content/index2.html]...  : new 
18:18:21.422 DEBUG org.jbake.parser.MarkupEngine - Type property found
18:18:21.422 DEBUG org.jbake.parser.MarkupEngine - Status property found
18:18:21.422 DEBUG org.jbake.parser.MarkupEngine - Header separator found
18:18:25.294 INFO  org.jbake.app.Crawler - Processing [/home/csmajs/jgarc271/git/jbake-testing-and-verification/jbake-core/build/resources/test/fixture/content/papers/draft-paper.html]...  : new 
18:18:25.296 DEBUG org.jbake.parser.MarkupEngine - Type property found
18:18:25.296 DEBUG org.jbake.parser.MarkupEngine - Status property found
18:18:25.296 DEBUG org.jbake.parser.MarkupEngine - Header separator found
18:18:25.297 INFO  org.jbake.app.Crawler - Processing [/home/csmajs/jgarc271/git/jbake-testing-and-verification/jbake-core/build/resources/test/fixture/content/papers/published-paper.html]...  : new 
18:18:25.298 DEBUG org.jbake.parser.MarkupEngine - Type property found
18:18:25.298 DEBUG org.jbake.parser.MarkupEngine - Status property found
18:18:25.298 DEBUG org.jbake.parser.MarkupEngine - Header separator found
18:18:25.298 INFO  org.jbake.app.Crawler - Processing [/home/csmajs/jgarc271/git/jbake-testing-and-verification/jbake-core/build/resources/test/fixture/content/projects.html]...  : new 
18:18:25.298 INFO  org.jbake.app.Crawler - Content detected:
18:18:25.299 INFO  org.jbake.app.Crawler - Parsed 3 files of type: page
18:18:25.299 INFO  org.jbake.app.Crawler - Parsed 4 files of type: post
18:18:25.488 INFO  org.jbake.app.Renderer - Rendering archive [/tmp/junit8775513137701810478/archive.html]... done!
18:18:26.393 INFO  c.o.orient.core.db.OrientDBEmbedded - WAL maximum segment size is set to 6,144 MB
18:18:26.394 INFO  c.o.o.c.s.i.l.p.w.c.OCASDiskWriteAheadLog - Direct IO for WAL located in /tmp/junit8775513137701810478/documents1584062172314/tmp/junit8775513137701810478/documents1584062172314 is allowed with block size 4096 bytes.
18:18:26.394 INFO  c.o.o.c.s.i.l.p.w.c.OCASDiskWriteAheadLog - Page size for WAL located in /tmp/junit8775513137701810478/documents1584062172314/tmp/junit8775513137701810478/documents1584062172314 is set to 4096 bytes.
18:18:27.036 INFO  c.o.o.c.s.d.OLocalPaginatedStorage - Storage 'plocal:/tmp/junit8775513137701810478/documents1584062172314//tmp/junit8775513137701810478/documents1584062172314' is created under OrientDB distribution : 3.0.14 - Veloce (build ac128c5a9ba4c6dc9d25a32b92962d8863774423, branch 3.0.x)
18:18:35.978 DEBUG org.jbake.app.ContentStore - Create document class 'page'
18:18:40.222 DEBUG org.jbake.app.ContentStore - Create document class 'post'
18:18:44.515 DEBUG org.jbake.app.ContentStore - Create document class 'masterindex'
18:18:48.719 DEBUG org.jbake.app.ContentStore - Create document class 'archive'
18:18:52.978 DEBUG org.jbake.app.ContentStore - Create document class 'feed'
18:19:01.637 DEBUG org.jbake.parser.MarkupEngine - Type property found
18:19:01.637 DEBUG org.jbake.parser.MarkupEngine - Status property found
18:19:01.637 DEBUG org.jbake.parser.MarkupEngine - Header separator found
18:19:01.637 INFO  org.jbake.app.Crawler - Processing [/home/csmajs/jgarc271/git/jbake-testing-and-verification/jbake-core/build/resources/test/fixture/content/about.html]...  : new 
18:19:01.638 DEBUG org.jbake.parser.MarkupEngine - Type property found
18:19:01.638 DEBUG org.jbake.parser.MarkupEngine - Status property found
18:19:01.638 DEBUG org.jbake.parser.MarkupEngine - Header separator found
18:19:05.553 INFO  org.jbake.app.Crawler - Processing [/home/csmajs/jgarc271/git/jbake-testing-and-verification/jbake-core/build/resources/test/fixture/content/allcontent.html]...  : new 
18:19:05.557 DEBUG org.jbake.parser.MarkupEngine - Type property found
18:19:05.557 DEBUG org.jbake.parser.MarkupEngine - Status property found
18:19:05.557 DEBUG org.jbake.parser.MarkupEngine - Header separator found
18:19:05.558 INFO  org.jbake.app.Crawler - Processing [/home/csmajs/jgarc271/git/jbake-testing-and-verification/jbake-core/build/resources/test/fixture/content/blog/2012/first-post.html]...  : new 
18:19:05.561 DEBUG org.jbake.parser.MarkupEngine - Type property found
18:19:05.561 DEBUG org.jbake.parser.MarkupEngine - Status property found
18:19:05.561 DEBUG org.jbake.parser.MarkupEngine - Header separator found
18:19:05.562 INFO  org.jbake.app.Crawler - Processing [/home/csmajs/jgarc271/git/jbake-testing-and-verification/jbake-core/build/resources/test/fixture/content/blog/2013/second-post.html]...  : new 
18:19:05.563 DEBUG org.jbake.parser.MarkupEngine - Type property found
18:19:05.563 DEBUG org.jbake.parser.MarkupEngine - Status property found
18:19:05.563 DEBUG org.jbake.parser.MarkupEngine - Header separator found
18:19:05.564 INFO  org.jbake.app.Crawler - Processing [/home/csmajs/jgarc271/git/jbake-testing-and-verification/jbake-core/build/resources/test/fixture/content/blog/2016/another-post.html]...  : new 
18:19:05.565 DEBUG org.jbake.parser.MarkupEngine - Type property found
18:19:05.565 DEBUG org.jbake.parser.MarkupEngine - Status property found
18:19:05.565 DEBUG org.jbake.parser.MarkupEngine - Header separator found
18:19:05.565 INFO  org.jbake.app.Crawler - Processing [/home/csmajs/jgarc271/git/jbake-testing-and-verification/jbake-core/build/resources/test/fixture/content/blog/2016/draft-post.html]...  : new 
18:19:05.566 DEBUG org.jbake.parser.MarkupEngine - Header separator found
18:19:05.567 WARN  org.jbake.parser.MarkupEngine - Parsing skipped (missing type or status value in header meta data) for file /home/csmajs/jgarc271/git/jbake-testing-and-verification/jbake-core/build/resources/test/fixture/content/blog/invalid_header.html!
18:19:05.567 WARN  org.jbake.app.Crawler - /home/csmajs/jgarc271/git/jbake-testing-and-verification/jbake-core/build/resources/test/fixture/content/blog/invalid_header.html has an invalid header, it has been ignored!
18:19:05.567 INFO  org.jbake.app.Crawler - Processing [/home/csmajs/jgarc271/git/jbake-testing-and-verification/jbake-core/build/resources/test/fixture/content/blog/invalid_header.html]...  : new 
18:19:05.568 DEBUG org.jbake.parser.MarkupEngine - Type property found
18:19:05.568 DEBUG org.jbake.parser.MarkupEngine - Status property found
18:19:05.568 DEBUG org.jbake.parser.MarkupEngine - Header separator found
18:19:05.568 INFO  org.jbake.app.Crawler - Processing [/home/csmajs/jgarc271/git/jbake-testing-and-verification/jbake-core/build/resources/test/fixture/content/index2.html]...  : new 
18:19:05.570 DEBUG org.jbake.parser.MarkupEngine - Type property found
18:19:05.570 DEBUG org.jbake.parser.MarkupEngine - Status property found
18:19:05.570 DEBUG org.jbake.parser.MarkupEngine - Header separator found
18:19:09.229 INFO  org.jbake.app.Crawler - Processing [/home/csmajs/jgarc271/git/jbake-testing-and-verification/jbake-core/build/resources/test/fixture/content/papers/draft-paper.html]...  : new 
18:19:09.231 DEBUG org.jbake.parser.MarkupEngine - Type property found
18:19:09.231 DEBUG org.jbake.parser.MarkupEngine - Status property found
18:19:09.231 DEBUG org.jbake.parser.MarkupEngine - Header separator found
18:19:09.232 INFO  org.jbake.app.Crawler - Processing [/home/csmajs/jgarc271/git/jbake-testing-and-verification/jbake-core/build/resources/test/fixture/content/papers/published-paper.html]...  : new 
18:19:09.233 DEBUG org.jbake.parser.MarkupEngine - Type property found
18:19:09.233 DEBUG org.jbake.parser.MarkupEngine - Status property found
18:19:09.233 DEBUG org.jbake.parser.MarkupEngine - Header separator found
18:19:09.234 INFO  org.jbake.app.Crawler - Processing [/home/csmajs/jgarc271/git/jbake-testing-and-verification/jbake-core/build/resources/test/fixture/content/projects.html]...  : new 
18:19:09.234 INFO  org.jbake.app.Crawler - Content detected:
18:19:09.234 INFO  org.jbake.app.Crawler - Parsed 3 files of type: page
18:19:09.234 INFO  org.jbake.app.Crawler - Parsed 4 files of type: post
18:19:09.438 INFO  org.jbake.app.Renderer - Rendering masterindex [/tmp/junit8775513137701810478/index.html]... done!
18:19:10.466 INFO  c.o.orient.core.db.OrientDBEmbedded - WAL maximum segment size is set to 6,144 MB
18:19:10.468 INFO  c.o.o.c.s.i.l.p.w.c.OCASDiskWriteAheadLog - Direct IO for WAL located in /tmp/junit8775513137701810478/documents1584062172314/tmp/junit8775513137701810478/documents1584062172314 is allowed with block size 4096 bytes.
18:19:10.468 INFO  c.o.o.c.s.i.l.p.w.c.OCASDiskWriteAheadLog - Page size for WAL located in /tmp/junit8775513137701810478/documents1584062172314/tmp/junit8775513137701810478/documents1584062172314 is set to 4096 bytes.
18:19:11.078 INFO  c.o.o.c.s.d.OLocalPaginatedStorage - Storage 'plocal:/tmp/junit8775513137701810478/documents1584062172314//tmp/junit8775513137701810478/documents1584062172314' is created under OrientDB distribution : 3.0.14 - Veloce (build ac128c5a9ba4c6dc9d25a32b92962d8863774423, branch 3.0.x)
18:19:20.098 DEBUG org.jbake.app.ContentStore - Create document class 'page'
18:19:24.254 DEBUG org.jbake.app.ContentStore - Create document class 'post'
18:19:28.453 DEBUG org.jbake.app.ContentStore - Create document class 'masterindex'
18:19:32.674 DEBUG org.jbake.app.ContentStore - Create document class 'archive'
18:19:36.940 DEBUG org.jbake.app.ContentStore - Create document class 'feed'
18:19:45.643 DEBUG org.jbake.parser.MarkupEngine - Type property found
18:19:45.643 DEBUG org.jbake.parser.MarkupEngine - Status property found
18:19:45.643 DEBUG org.jbake.parser.MarkupEngine - Header separator found
18:19:45.644 INFO  org.jbake.app.Crawler - Processing [/home/csmajs/jgarc271/git/jbake-testing-and-verification/jbake-core/build/resources/test/fixture/content/about.html]...  : new 
18:19:45.645 DEBUG org.jbake.parser.MarkupEngine - Type property found
18:19:45.645 DEBUG org.jbake.parser.MarkupEngine - Status property found
18:19:45.645 DEBUG org.jbake.parser.MarkupEngine - Header separator found
18:19:49.298 INFO  org.jbake.app.Crawler - Processing [/home/csmajs/jgarc271/git/jbake-testing-and-verification/jbake-core/build/resources/test/fixture/content/allcontent.html]...  : new 
18:19:49.303 DEBUG org.jbake.parser.MarkupEngine - Type property found
18:19:49.303 DEBUG org.jbake.parser.MarkupEngine - Status property found
18:19:49.303 DEBUG org.jbake.parser.MarkupEngine - Header separator found
18:19:49.303 INFO  org.jbake.app.Crawler - Processing [/home/csmajs/jgarc271/git/jbake-testing-and-verification/jbake-core/build/resources/test/fixture/content/blog/2012/first-post.html]...  : new 
18:19:49.306 DEBUG org.jbake.parser.MarkupEngine - Type property found
18:19:49.306 DEBUG org.jbake.parser.MarkupEngine - Status property found
18:19:49.306 DEBUG org.jbake.parser.MarkupEngine - Header separator found
18:19:49.307 INFO  org.jbake.app.Crawler - Processing [/home/csmajs/jgarc271/git/jbake-testing-and-verification/jbake-core/build/resources/test/fixture/content/blog/2013/second-post.html]...  : new 
18:19:49.308 DEBUG org.jbake.parser.MarkupEngine - Type property found
18:19:49.308 DEBUG org.jbake.parser.MarkupEngine - Status property found
18:19:49.308 DEBUG org.jbake.parser.MarkupEngine - Header separator found
18:19:49.309 INFO  org.jbake.app.Crawler - Processing [/home/csmajs/jgarc271/git/jbake-testing-and-verification/jbake-core/build/resources/test/fixture/content/blog/2016/another-post.html]...  : new 
18:19:49.310 DEBUG org.jbake.parser.MarkupEngine - Type property found
18:19:49.310 DEBUG org.jbake.parser.MarkupEngine - Status property found
18:19:49.310 DEBUG org.jbake.parser.MarkupEngine - Header separator found
18:19:49.311 INFO  org.jbake.app.Crawler - Processing [/home/csmajs/jgarc271/git/jbake-testing-and-verification/jbake-core/build/resources/test/fixture/content/blog/2016/draft-post.html]...  : new 
18:19:49.312 DEBUG org.jbake.parser.MarkupEngine - Header separator found
18:19:49.312 WARN  org.jbake.parser.MarkupEngine - Parsing skipped (missing type or status value in header meta data) for file /home/csmajs/jgarc271/git/jbake-testing-and-verification/jbake-core/build/resources/test/fixture/content/blog/invalid_header.html!
18:19:49.312 WARN  org.jbake.app.Crawler - /home/csmajs/jgarc271/git/jbake-testing-and-verification/jbake-core/build/resources/test/fixture/content/blog/invalid_header.html has an invalid header, it has been ignored!
18:19:49.312 INFO  org.jbake.app.Crawler - Processing [/home/csmajs/jgarc271/git/jbake-testing-and-verification/jbake-core/build/resources/test/fixture/content/blog/invalid_header.html]...  : new 
18:19:49.313 DEBUG org.jbake.parser.MarkupEngine - Type property found
18:19:49.313 DEBUG org.jbake.parser.MarkupEngine - Status property found
18:19:49.313 DEBUG org.jbake.parser.MarkupEngine - Header separator found
18:19:49.313 INFO  org.jbake.app.Crawler - Processing [/home/csmajs/jgarc271/git/jbake-testing-and-verification/jbake-core/build/resources/test/fixture/content/index2.html]...  : new 
18:19:49.315 DEBUG org.jbake.parser.MarkupEngine - Type property found
18:19:49.315 DEBUG org.jbake.parser.MarkupEngine - Status property found
18:19:49.315 DEBUG org.jbake.parser.MarkupEngine - Header separator found
18:19:53.102 INFO  org.jbake.app.Crawler - Processing [/home/csmajs/jgarc271/git/jbake-testing-and-verification/jbake-core/build/resources/test/fixture/content/papers/draft-paper.html]...  : new 
18:19:53.105 DEBUG org.jbake.parser.MarkupEngine - Type property found
18:19:53.105 DEBUG org.jbake.parser.MarkupEngine - Status property found
18:19:53.105 DEBUG org.jbake.parser.MarkupEngine - Header separator found
18:19:53.105 INFO  org.jbake.app.Crawler - Processing [/home/csmajs/jgarc271/git/jbake-testing-and-verification/jbake-core/build/resources/test/fixture/content/papers/published-paper.html]...  : new 
18:19:53.106 DEBUG org.jbake.parser.MarkupEngine - Type property found
18:19:53.106 DEBUG org.jbake.parser.MarkupEngine - Status property found
18:19:53.106 DEBUG org.jbake.parser.MarkupEngine - Header separator found
18:19:53.107 INFO  org.jbake.app.Crawler - Processing [/home/csmajs/jgarc271/git/jbake-testing-and-verification/jbake-core/build/resources/test/fixture/content/projects.html]...  : new 
18:19:53.107 INFO  org.jbake.app.Crawler - Content detected:
18:19:53.107 INFO  org.jbake.app.Crawler - Parsed 3 files of type: page
18:19:53.107 INFO  org.jbake.app.Crawler - Parsed 4 files of type: post
18:19:53.123 INFO  o.j.t.DelegatingTemplateEngine - Default template: tags.ftl was not found, searching for others...
18:19:53.124 INFO  o.j.t.DelegatingTemplateEngine - Found alternative template file: tags.tpl using this instead
18:19:53.284 INFO  org.jbake.app.Renderer - Rendering tag [/tmp/junit8775513137701810478/tags/blog.html]... done!
18:19:53.287 INFO  o.j.t.DelegatingTemplateEngine - Default template: tags-index.ftl was not found, searching for others...
18:19:53.287 INFO  o.j.t.DelegatingTemplateEngine - Found alternative template file: tags-index.tpl using this instead
18:19:53.327 INFO  org.jbake.app.Renderer - Rendering tagindex [/tmp/junit8775513137701810478/tags/index.html]... done!
18:19:54.214 INFO  c.o.orient.core.db.OrientDBEmbedded - WAL maximum segment size is set to 6,144 MB
18:19:54.215 INFO  c.o.o.c.s.i.l.p.w.c.OCASDiskWriteAheadLog - Direct IO for WAL located in /tmp/junit8775513137701810478/documents1584062172314/tmp/junit8775513137701810478/documents1584062172314 is allowed with block size 4096 bytes.
18:19:54.215 INFO  c.o.o.c.s.i.l.p.w.c.OCASDiskWriteAheadLog - Page size for WAL located in /tmp/junit8775513137701810478/documents1584062172314/tmp/junit8775513137701810478/documents1584062172314 is set to 4096 bytes.
18:19:54.834 INFO  c.o.o.c.s.d.OLocalPaginatedStorage - Storage 'plocal:/tmp/junit8775513137701810478/documents1584062172314//tmp/junit8775513137701810478/documents1584062172314' is created under OrientDB distribution : 3.0.14 - Veloce (build ac128c5a9ba4c6dc9d25a32b92962d8863774423, branch 3.0.x)
18:20:03.831 DEBUG org.jbake.app.ContentStore - Create document class 'page'
18:20:08.020 DEBUG org.jbake.app.ContentStore - Create document class 'post'
18:20:12.090 DEBUG org.jbake.app.ContentStore - Create document class 'masterindex'
18:20:16.298 DEBUG org.jbake.app.ContentStore - Create document class 'archive'
18:20:20.508 DEBUG org.jbake.app.ContentStore - Create document class 'feed'
18:20:28.532 DEBUG org.jbake.parser.MarkupEngine - Type property found
18:20:28.532 DEBUG org.jbake.parser.MarkupEngine - Status property found
18:20:28.532 DEBUG org.jbake.parser.MarkupEngine - Header separator found
18:20:28.533 INFO  org.jbake.app.Crawler - Processing [/home/csmajs/jgarc271/git/jbake-testing-and-verification/jbake-core/build/resources/test/fixture/content/about.html]...  : new 
18:20:28.534 DEBUG org.jbake.parser.MarkupEngine - Type property found
18:20:28.534 DEBUG org.jbake.parser.MarkupEngine - Status property found
18:20:28.534 DEBUG org.jbake.parser.MarkupEngine - Header separator found
18:20:32.693 INFO  org.jbake.app.Crawler - Processing [/home/csmajs/jgarc271/git/jbake-testing-and-verification/jbake-core/build/resources/test/fixture/content/allcontent.html]...  : new 
18:20:32.697 DEBUG org.jbake.parser.MarkupEngine - Type property found
18:20:32.697 DEBUG org.jbake.parser.MarkupEngine - Status property found
18:20:32.697 DEBUG org.jbake.parser.MarkupEngine - Header separator found
18:20:32.698 INFO  org.jbake.app.Crawler - Processing [/home/csmajs/jgarc271/git/jbake-testing-and-verification/jbake-core/build/resources/test/fixture/content/blog/2012/first-post.html]...  : new 
18:20:32.700 DEBUG org.jbake.parser.MarkupEngine - Type property found
18:20:32.700 DEBUG org.jbake.parser.MarkupEngine - Status property found
18:20:32.700 DEBUG org.jbake.parser.MarkupEngine - Header separator found
18:20:32.701 INFO  org.jbake.app.Crawler - Processing [/home/csmajs/jgarc271/git/jbake-testing-and-verification/jbake-core/build/resources/test/fixture/content/blog/2013/second-post.html]...  : new 
18:20:32.703 DEBUG org.jbake.parser.MarkupEngine - Type property found
18:20:32.703 DEBUG org.jbake.parser.MarkupEngine - Status property found
18:20:32.703 DEBUG org.jbake.parser.MarkupEngine - Header separator found
18:20:32.703 INFO  org.jbake.app.Crawler - Processing [/home/csmajs/jgarc271/git/jbake-testing-and-verification/jbake-core/build/resources/test/fixture/content/blog/2016/another-post.html]...  : new 
18:20:32.704 DEBUG org.jbake.parser.MarkupEngine - Type property found
18:20:32.704 DEBUG org.jbake.parser.MarkupEngine - Status property found
18:20:32.704 DEBUG org.jbake.parser.MarkupEngine - Header separator found
18:20:32.705 INFO  org.jbake.app.Crawler - Processing [/home/csmajs/jgarc271/git/jbake-testing-and-verification/jbake-core/build/resources/test/fixture/content/blog/2016/draft-post.html]...  : new 
18:20:32.706 DEBUG org.jbake.parser.MarkupEngine - Header separator found
18:20:32.706 WARN  org.jbake.parser.MarkupEngine - Parsing skipped (missing type or status value in header meta data) for file /home/csmajs/jgarc271/git/jbake-testing-and-verification/jbake-core/build/resources/test/fixture/content/blog/invalid_header.html!
18:20:32.706 WARN  org.jbake.app.Crawler - /home/csmajs/jgarc271/git/jbake-testing-and-verification/jbake-core/build/resources/test/fixture/content/blog/invalid_header.html has an invalid header, it has been ignored!
18:20:32.706 INFO  org.jbake.app.Crawler - Processing [/home/csmajs/jgarc271/git/jbake-testing-and-verification/jbake-core/build/resources/test/fixture/content/blog/invalid_header.html]...  : new 
18:20:32.707 DEBUG org.jbake.parser.MarkupEngine - Type property found
18:20:32.707 DEBUG org.jbake.parser.MarkupEngine - Status property found
18:20:32.707 DEBUG org.jbake.parser.MarkupEngine - Header separator found
18:20:32.708 INFO  org.jbake.app.Crawler - Processing [/home/csmajs/jgarc271/git/jbake-testing-and-verification/jbake-core/build/resources/test/fixture/content/index2.html]...  : new 
18:20:32.709 DEBUG org.jbake.parser.MarkupEngine - Type property found
18:20:32.709 DEBUG org.jbake.parser.MarkupEngine - Status property found
18:20:32.709 DEBUG org.jbake.parser.MarkupEngine - Header separator found
18:20:36.654 INFO  org.jbake.app.Crawler - Processing [/home/csmajs/jgarc271/git/jbake-testing-and-verification/jbake-core/build/resources/test/fixture/content/papers/draft-paper.html]...  : new 
18:20:36.656 DEBUG org.jbake.parser.MarkupEngine - Type property found
18:20:36.657 DEBUG org.jbake.parser.MarkupEngine - Status property found
18:20:36.657 DEBUG org.jbake.parser.MarkupEngine - Header separator found
18:20:36.657 INFO  org.jbake.app.Crawler - Processing [/home/csmajs/jgarc271/git/jbake-testing-and-verification/jbake-core/build/resources/test/fixture/content/papers/published-paper.html]...  : new 
18:20:36.658 DEBUG org.jbake.parser.MarkupEngine - Type property found
18:20:36.658 DEBUG org.jbake.parser.MarkupEngine - Status property found
18:20:36.658 DEBUG org.jbake.parser.MarkupEngine - Header separator found
18:20:36.659 INFO  org.jbake.app.Crawler - Processing [/home/csmajs/jgarc271/git/jbake-testing-and-verification/jbake-core/build/resources/test/fixture/content/projects.html]...  : new 
18:20:36.659 INFO  org.jbake.app.Crawler - Content detected:
18:20:36.659 INFO  org.jbake.app.Crawler - Parsed 3 files of type: page
18:20:36.659 INFO  org.jbake.app.Crawler - Parsed 4 files of type: post
18:20:36.714 INFO  org.jbake.app.Renderer - Rendering feed [/tmp/junit8775513137701810478/feed.xml]... done!
18:20:37.589 INFO  c.o.orient.core.db.OrientDBEmbedded - WAL maximum segment size is set to 6,144 MB
18:20:37.590 INFO  c.o.o.c.s.i.l.p.w.c.OCASDiskWriteAheadLog - Direct IO for WAL located in /tmp/junit8775513137701810478/documents1584062172314/tmp/junit8775513137701810478/documents1584062172314 is allowed with block size 4096 bytes.
18:20:37.590 INFO  c.o.o.c.s.i.l.p.w.c.OCASDiskWriteAheadLog - Page size for WAL located in /tmp/junit8775513137701810478/documents1584062172314/tmp/junit8775513137701810478/documents1584062172314 is set to 4096 bytes.
18:20:38.200 INFO  c.o.o.c.s.d.OLocalPaginatedStorage - Storage 'plocal:/tmp/junit8775513137701810478/documents1584062172314//tmp/junit8775513137701810478/documents1584062172314' is created under OrientDB distribution : 3.0.14 - Veloce (build ac128c5a9ba4c6dc9d25a32b92962d8863774423, branch 3.0.x)
18:20:47.038 DEBUG org.jbake.app.ContentStore - Create document class 'page'
18:20:51.169 DEBUG org.jbake.app.ContentStore - Create document class 'post'
18:20:55.346 DEBUG org.jbake.app.ContentStore - Create document class 'masterindex'
18:20:59.596 DEBUG org.jbake.app.ContentStore - Create document class 'archive'
18:21:03.751 DEBUG org.jbake.app.ContentStore - Create document class 'feed'
18:21:12.244 DEBUG org.jbake.parser.MarkupEngine - Type property found
18:21:12.245 DEBUG org.jbake.parser.MarkupEngine - Status property found
18:21:12.245 DEBUG org.jbake.parser.MarkupEngine - Header separator found
18:21:12.245 INFO  org.jbake.app.Crawler - Processing [/home/csmajs/jgarc271/git/jbake-testing-and-verification/jbake-core/build/resources/test/fixture/content/about.html]...  : new 
18:21:12.246 DEBUG org.jbake.parser.MarkupEngine - Type property found
18:21:12.246 DEBUG org.jbake.parser.MarkupEngine - Status property found
18:21:12.246 DEBUG org.jbake.parser.MarkupEngine - Header separator found
18:21:16.036 INFO  org.jbake.app.Crawler - Processing [/home/csmajs/jgarc271/git/jbake-testing-and-verification/jbake-core/build/resources/test/fixture/content/allcontent.html]...  : new 
18:21:16.041 DEBUG org.jbake.parser.MarkupEngine - Type property found
18:21:16.041 DEBUG org.jbake.parser.MarkupEngine - Status property found
18:21:16.041 DEBUG org.jbake.parser.MarkupEngine - Header separator found
18:21:16.042 INFO  org.jbake.app.Crawler - Processing [/home/csmajs/jgarc271/git/jbake-testing-and-verification/jbake-core/build/resources/test/fixture/content/blog/2012/first-post.html]...  : new 
18:21:16.044 DEBUG org.jbake.parser.MarkupEngine - Type property found
18:21:16.044 DEBUG org.jbake.parser.MarkupEngine - Status property found
18:21:16.044 DEBUG org.jbake.parser.MarkupEngine - Header separator found
18:21:16.045 INFO  org.jbake.app.Crawler - Processing [/home/csmajs/jgarc271/git/jbake-testing-and-verification/jbake-core/build/resources/test/fixture/content/blog/2013/second-post.html]...  : new 
18:21:16.046 DEBUG org.jbake.parser.MarkupEngine - Type property found
18:21:16.046 DEBUG org.jbake.parser.MarkupEngine - Status property found
18:21:16.046 DEBUG org.jbake.parser.MarkupEngine - Header separator found
18:21:16.047 INFO  org.jbake.app.Crawler - Processing [/home/csmajs/jgarc271/git/jbake-testing-and-verification/jbake-core/build/resources/test/fixture/content/blog/2016/another-post.html]...  : new 
18:21:16.048 DEBUG org.jbake.parser.MarkupEngine - Type property found
18:21:16.048 DEBUG org.jbake.parser.MarkupEngine - Status property found
18:21:16.048 DEBUG org.jbake.parser.MarkupEngine - Header separator found
18:21:16.049 INFO  org.jbake.app.Crawler - Processing [/home/csmajs/jgarc271/git/jbake-testing-and-verification/jbake-core/build/resources/test/fixture/content/blog/2016/draft-post.html]...  : new 
18:21:16.050 DEBUG org.jbake.parser.MarkupEngine - Header separator found
18:21:16.050 WARN  org.jbake.parser.MarkupEngine - Parsing skipped (missing type or status value in header meta data) for file /home/csmajs/jgarc271/git/jbake-testing-and-verification/jbake-core/build/resources/test/fixture/content/blog/invalid_header.html!
18:21:16.050 WARN  org.jbake.app.Crawler - /home/csmajs/jgarc271/git/jbake-testing-and-verification/jbake-core/build/resources/test/fixture/content/blog/invalid_header.html has an invalid header, it has been ignored!
18:21:16.050 INFO  org.jbake.app.Crawler - Processing [/home/csmajs/jgarc271/git/jbake-testing-and-verification/jbake-core/build/resources/test/fixture/content/blog/invalid_header.html]...  : new 
18:21:16.050 DEBUG org.jbake.parser.MarkupEngine - Type property found
18:21:16.050 DEBUG org.jbake.parser.MarkupEngine - Status property found
18:21:16.051 DEBUG org.jbake.parser.MarkupEngine - Header separator found
18:21:16.051 INFO  org.jbake.app.Crawler - Processing [/home/csmajs/jgarc271/git/jbake-testing-and-verification/jbake-core/build/resources/test/fixture/content/index2.html]...  : new 
18:21:16.052 DEBUG org.jbake.parser.MarkupEngine - Type property found
18:21:16.053 DEBUG org.jbake.parser.MarkupEngine - Status property found
18:21:16.053 DEBUG org.jbake.parser.MarkupEngine - Header separator found
18:21:19.725 INFO  org.jbake.app.Crawler - Processing [/home/csmajs/jgarc271/git/jbake-testing-and-verification/jbake-core/build/resources/test/fixture/content/papers/draft-paper.html]...  : new 
18:21:19.727 DEBUG org.jbake.parser.MarkupEngine - Type property found
18:21:19.727 DEBUG org.jbake.parser.MarkupEngine - Status property found
18:21:19.727 DEBUG org.jbake.parser.MarkupEngine - Header separator found
18:21:19.728 INFO  org.jbake.app.Crawler - Processing [/home/csmajs/jgarc271/git/jbake-testing-and-verification/jbake-core/build/resources/test/fixture/content/papers/published-paper.html]...  : new 
18:21:19.729 DEBUG org.jbake.parser.MarkupEngine - Type property found
18:21:19.729 DEBUG org.jbake.parser.MarkupEngine - Status property found
18:21:19.729 DEBUG org.jbake.parser.MarkupEngine - Header separator found
18:21:19.729 INFO  org.jbake.app.Crawler - Processing [/home/csmajs/jgarc271/git/jbake-testing-and-verification/jbake-core/build/resources/test/fixture/content/projects.html]...  : new 
18:21:19.729 INFO  org.jbake.app.Crawler - Content detected:
18:21:19.730 INFO  org.jbake.app.Crawler - Parsed 3 files of type: page
18:21:19.730 INFO  org.jbake.app.Crawler - Parsed 4 files of type: post
18:21:19.741 DEBUG org.jbake.parser.MarkupEngine - Type property found
18:21:19.741 DEBUG org.jbake.parser.MarkupEngine - Status property found
18:21:19.741 DEBUG org.jbake.parser.MarkupEngine - Header separator found
18:21:19.878 INFO  org.jbake.app.Renderer - Rendering [/tmp/junit8775513137701810478/about.html]... done!
18:21:20.761 INFO  c.o.orient.core.db.OrientDBEmbedded - WAL maximum segment size is set to 6,144 MB
18:21:20.763 INFO  c.o.o.c.s.i.l.p.w.c.OCASDiskWriteAheadLog - Direct IO for WAL located in /tmp/junit8775513137701810478/documents1584062172314/tmp/junit8775513137701810478/documents1584062172314 is allowed with block size 4096 bytes.
18:21:20.763 INFO  c.o.o.c.s.i.l.p.w.c.OCASDiskWriteAheadLog - Page size for WAL located in /tmp/junit8775513137701810478/documents1584062172314/tmp/junit8775513137701810478/documents1584062172314 is set to 4096 bytes.
18:21:21.355 INFO  c.o.o.c.s.d.OLocalPaginatedStorage - Storage 'plocal:/tmp/junit8775513137701810478/documents1584062172314//tmp/junit8775513137701810478/documents1584062172314' is created under OrientDB distribution : 3.0.14 - Veloce (build ac128c5a9ba4c6dc9d25a32b92962d8863774423, branch 3.0.x)
18:21:30.403 DEBUG org.jbake.app.ContentStore - Create document class 'page'
18:21:34.499 DEBUG org.jbake.app.ContentStore - Create document class 'post'
18:21:38.568 DEBUG org.jbake.app.ContentStore - Create document class 'masterindex'
18:21:42.713 DEBUG org.jbake.app.ContentStore - Create document class 'archive'
18:21:46.857 DEBUG org.jbake.app.ContentStore - Create document class 'feed'
18:21:54.895 DEBUG org.jbake.parser.MarkupEngine - Type property found
18:21:54.895 DEBUG org.jbake.parser.MarkupEngine - Status property found
18:21:54.895 DEBUG org.jbake.parser.MarkupEngine - Header separator found
18:21:54.895 INFO  org.jbake.app.Crawler - Processing [/home/csmajs/jgarc271/git/jbake-testing-and-verification/jbake-core/build/resources/test/fixture/content/about.html]...  : new 
18:21:54.896 DEBUG org.jbake.parser.MarkupEngine - Type property found
18:21:54.896 DEBUG org.jbake.parser.MarkupEngine - Status property found
18:21:54.896 DEBUG org.jbake.parser.MarkupEngine - Header separator found
18:21:59.312 INFO  org.jbake.app.Crawler - Processing [/home/csmajs/jgarc271/git/jbake-testing-and-verification/jbake-core/build/resources/test/fixture/content/allcontent.html]...  : new 
18:21:59.317 DEBUG org.jbake.parser.MarkupEngine - Type property found
18:21:59.318 DEBUG org.jbake.parser.MarkupEngine - Status property found
18:21:59.318 DEBUG org.jbake.parser.MarkupEngine - Header separator found
18:21:59.318 INFO  org.jbake.app.Crawler - Processing [/home/csmajs/jgarc271/git/jbake-testing-and-verification/jbake-core/build/resources/test/fixture/content/blog/2012/first-post.html]...  : new 
18:21:59.321 DEBUG org.jbake.parser.MarkupEngine - Type property found
18:21:59.321 DEBUG org.jbake.parser.MarkupEngine - Status property found
18:21:59.321 DEBUG org.jbake.parser.MarkupEngine - Header separator found
18:21:59.322 INFO  org.jbake.app.Crawler - Processing [/home/csmajs/jgarc271/git/jbake-testing-and-verification/jbake-core/build/resources/test/fixture/content/blog/2013/second-post.html]...  : new 
18:21:59.323 DEBUG org.jbake.parser.MarkupEngine - Type property found
18:21:59.323 DEBUG org.jbake.parser.MarkupEngine - Status property found
18:21:59.323 DEBUG org.jbake.parser.MarkupEngine - Header separator found
18:21:59.324 INFO  org.jbake.app.Crawler - Processing [/home/csmajs/jgarc271/git/jbake-testing-and-verification/jbake-core/build/resources/test/fixture/content/blog/2016/another-post.html]...  : new 
18:21:59.325 DEBUG org.jbake.parser.MarkupEngine - Type property found
18:21:59.325 DEBUG org.jbake.parser.MarkupEngine - Status property found
18:21:59.325 DEBUG org.jbake.parser.MarkupEngine - Header separator found
18:21:59.326 INFO  org.jbake.app.Crawler - Processing [/home/csmajs/jgarc271/git/jbake-testing-and-verification/jbake-core/build/resources/test/fixture/content/blog/2016/draft-post.html]...  : new 
18:21:59.327 DEBUG org.jbake.parser.MarkupEngine - Header separator found
18:21:59.327 WARN  org.jbake.parser.MarkupEngine - Parsing skipped (missing type or status value in header meta data) for file /home/csmajs/jgarc271/git/jbake-testing-and-verification/jbake-core/build/resources/test/fixture/content/blog/invalid_header.html!
18:21:59.327 WARN  org.jbake.app.Crawler - /home/csmajs/jgarc271/git/jbake-testing-and-verification/jbake-core/build/resources/test/fixture/content/blog/invalid_header.html has an invalid header, it has been ignored!
18:21:59.327 INFO  org.jbake.app.Crawler - Processing [/home/csmajs/jgarc271/git/jbake-testing-and-verification/jbake-core/build/resources/test/fixture/content/blog/invalid_header.html]...  : new 
18:21:59.328 DEBUG org.jbake.parser.MarkupEngine - Type property found
18:21:59.328 DEBUG org.jbake.parser.MarkupEngine - Status property found
18:21:59.328 DEBUG org.jbake.parser.MarkupEngine - Header separator found
18:21:59.328 INFO  org.jbake.app.Crawler - Processing [/home/csmajs/jgarc271/git/jbake-testing-and-verification/jbake-core/build/resources/test/fixture/content/index2.html]...  : new 
18:21:59.330 DEBUG org.jbake.parser.MarkupEngine - Type property found
18:21:59.330 DEBUG org.jbake.parser.MarkupEngine - Status property found
18:21:59.330 DEBUG org.jbake.parser.MarkupEngine - Header separator found
18:22:03.143 INFO  org.jbake.app.Crawler - Processing [/home/csmajs/jgarc271/git/jbake-testing-and-verification/jbake-core/build/resources/test/fixture/content/papers/draft-paper.html]...  : new 
18:22:03.145 DEBUG org.jbake.parser.MarkupEngine - Type property found
18:22:03.145 DEBUG org.jbake.parser.MarkupEngine - Status property found
18:22:03.145 DEBUG org.jbake.parser.MarkupEngine - Header separator found
18:22:03.146 INFO  org.jbake.app.Crawler - Processing [/home/csmajs/jgarc271/git/jbake-testing-and-verification/jbake-core/build/resources/test/fixture/content/papers/published-paper.html]...  : new 
18:22:03.147 DEBUG org.jbake.parser.MarkupEngine - Type property found
18:22:03.147 DEBUG org.jbake.parser.MarkupEngine - Status property found
18:22:03.147 DEBUG org.jbake.parser.MarkupEngine - Header separator found
18:22:03.148 INFO  org.jbake.app.Crawler - Processing [/home/csmajs/jgarc271/git/jbake-testing-and-verification/jbake-core/build/resources/test/fixture/content/projects.html]...  : new 
18:22:03.148 INFO  org.jbake.app.Crawler - Content detected:
18:22:03.148 INFO  org.jbake.app.Crawler - Parsed 3 files of type: page
18:22:03.148 INFO  org.jbake.app.Crawler - Parsed 4 files of type: post
18:22:03.160 DEBUG org.jbake.parser.MarkupEngine - Type property found
18:22:03.160 DEBUG org.jbake.parser.MarkupEngine - Status property found
18:22:03.160 DEBUG org.jbake.parser.MarkupEngine - Header separator found
18:22:03.294 INFO  org.jbake.app.Renderer - Rendering [/tmp/junit8775513137701810478/second-post.html]... done!
18:22:04.185 INFO  c.o.orient.core.db.OrientDBEmbedded - WAL maximum segment size is set to 6,144 MB
18:22:04.186 INFO  c.o.o.c.s.i.l.p.w.c.OCASDiskWriteAheadLog - Direct IO for WAL located in /tmp/junit8775513137701810478/documents1584062172314/tmp/junit8775513137701810478/documents1584062172314 is allowed with block size 4096 bytes.
18:22:04.186 INFO  c.o.o.c.s.i.l.p.w.c.OCASDiskWriteAheadLog - Page size for WAL located in /tmp/junit8775513137701810478/documents1584062172314/tmp/junit8775513137701810478/documents1584062172314 is set to 4096 bytes.
18:22:04.763 INFO  c.o.o.c.s.d.OLocalPaginatedStorage - Storage 'plocal:/tmp/junit8775513137701810478/documents1584062172314//tmp/junit8775513137701810478/documents1584062172314' is created under OrientDB distribution : 3.0.14 - Veloce (build ac128c5a9ba4c6dc9d25a32b92962d8863774423, branch 3.0.x)
18:22:13.426 DEBUG org.jbake.app.ContentStore - Create document class 'page'
18:22:17.349 DEBUG org.jbake.app.ContentStore - Create document class 'post'
18:22:21.438 DEBUG org.jbake.app.ContentStore - Create document class 'masterindex'
18:22:25.683 DEBUG org.jbake.app.ContentStore - Create document class 'archive'
18:22:29.852 DEBUG org.jbake.app.ContentStore - Create document class 'feed'
18:22:38.195 DEBUG org.jbake.parser.MarkupEngine - Type property found
18:22:38.195 DEBUG org.jbake.parser.MarkupEngine - Status property found
18:22:38.195 DEBUG org.jbake.parser.MarkupEngine - Header separator found
18:22:38.196 INFO  org.jbake.app.Crawler - Processing [/home/csmajs/jgarc271/git/jbake-testing-and-verification/jbake-core/build/resources/test/fixture/content/about.html]...  : new 
18:22:38.197 DEBUG org.jbake.parser.MarkupEngine - Type property found
18:22:38.197 DEBUG org.jbake.parser.MarkupEngine - Status property found
18:22:38.197 DEBUG org.jbake.parser.MarkupEngine - Header separator found
18:22:42.174 INFO  org.jbake.app.Crawler - Processing [/home/csmajs/jgarc271/git/jbake-testing-and-verification/jbake-core/build/resources/test/fixture/content/allcontent.html]...  : new 
18:22:42.179 DEBUG org.jbake.parser.MarkupEngine - Type property found
18:22:42.179 DEBUG org.jbake.parser.MarkupEngine - Status property found
18:22:42.179 DEBUG org.jbake.parser.MarkupEngine - Header separator found
18:22:42.179 INFO  org.jbake.app.Crawler - Processing [/home/csmajs/jgarc271/git/jbake-testing-and-verification/jbake-core/build/resources/test/fixture/content/blog/2012/first-post.html]...  : new 
18:22:42.182 DEBUG org.jbake.parser.MarkupEngine - Type property found
18:22:42.182 DEBUG org.jbake.parser.MarkupEngine - Status property found
18:22:42.182 DEBUG org.jbake.parser.MarkupEngine - Header separator found
18:22:42.183 INFO  org.jbake.app.Crawler - Processing [/home/csmajs/jgarc271/git/jbake-testing-and-verification/jbake-core/build/resources/test/fixture/content/blog/2013/second-post.html]...  : new 
18:22:42.185 DEBUG org.jbake.parser.MarkupEngine - Type property found
18:22:42.185 DEBUG org.jbake.parser.MarkupEngine - Status property found
18:22:42.185 DEBUG org.jbake.parser.MarkupEngine - Header separator found
18:22:42.185 INFO  org.jbake.app.Crawler - Processing [/home/csmajs/jgarc271/git/jbake-testing-and-verification/jbake-core/build/resources/test/fixture/content/blog/2016/another-post.html]...  : new 
18:22:42.187 DEBUG org.jbake.parser.MarkupEngine - Type property found
18:22:42.187 DEBUG org.jbake.parser.MarkupEngine - Status property found
18:22:42.187 DEBUG org.jbake.parser.MarkupEngine - Header separator found
18:22:42.205 INFO  org.jbake.app.Crawler - Processing [/home/csmajs/jgarc271/git/jbake-testing-and-verification/jbake-core/build/resources/test/fixture/content/blog/2016/draft-post.html]...  : new 
18:22:42.207 DEBUG org.jbake.parser.MarkupEngine - Header separator found
18:22:42.207 WARN  org.jbake.parser.MarkupEngine - Parsing skipped (missing type or status value in header meta data) for file /home/csmajs/jgarc271/git/jbake-testing-and-verification/jbake-core/build/resources/test/fixture/content/blog/invalid_header.html!
18:22:42.207 WARN  org.jbake.app.Crawler - /home/csmajs/jgarc271/git/jbake-testing-and-verification/jbake-core/build/resources/test/fixture/content/blog/invalid_header.html has an invalid header, it has been ignored!
18:22:42.207 INFO  org.jbake.app.Crawler - Processing [/home/csmajs/jgarc271/git/jbake-testing-and-verification/jbake-core/build/resources/test/fixture/content/blog/invalid_header.html]...  : new 
18:22:42.209 DEBUG org.jbake.parser.MarkupEngine - Type property found
18:22:42.209 DEBUG org.jbake.parser.MarkupEngine - Status property found
18:22:42.209 DEBUG org.jbake.parser.MarkupEngine - Header separator found
18:22:42.210 INFO  org.jbake.app.Crawler - Processing [/home/csmajs/jgarc271/git/jbake-testing-and-verification/jbake-core/build/resources/test/fixture/content/index2.html]...  : new 
18:22:42.212 DEBUG org.jbake.parser.MarkupEngine - Type property found
18:22:42.212 DEBUG org.jbake.parser.MarkupEngine - Status property found
18:22:42.212 DEBUG org.jbake.parser.MarkupEngine - Header separator found
18:22:45.909 INFO  org.jbake.app.Crawler - Processing [/home/csmajs/jgarc271/git/jbake-testing-and-verification/jbake-core/build/resources/test/fixture/content/papers/draft-paper.html]...  : new 
18:22:45.912 DEBUG org.jbake.parser.MarkupEngine - Type property found
18:22:45.912 DEBUG org.jbake.parser.MarkupEngine - Status property found
18:22:45.912 DEBUG org.jbake.parser.MarkupEngine - Header separator found
18:22:45.912 INFO  org.jbake.app.Crawler - Processing [/home/csmajs/jgarc271/git/jbake-testing-and-verification/jbake-core/build/resources/test/fixture/content/papers/published-paper.html]...  : new 
18:22:45.914 DEBUG org.jbake.parser.MarkupEngine - Type property found
18:22:45.914 DEBUG org.jbake.parser.MarkupEngine - Status property found
18:22:45.914 DEBUG org.jbake.parser.MarkupEngine - Header separator found
18:22:45.914 INFO  org.jbake.app.Crawler - Processing [/home/csmajs/jgarc271/git/jbake-testing-and-verification/jbake-core/build/resources/test/fixture/content/projects.html]...  : new 
18:22:45.914 INFO  org.jbake.app.Crawler - Content detected:
18:22:45.914 INFO  org.jbake.app.Crawler - Parsed 3 files of type: page
18:22:45.915 INFO  org.jbake.app.Crawler - Parsed 4 files of type: post
18:22:45.931 INFO  o.j.t.DelegatingTemplateEngine - Default template: tags.ftl was not found, searching for others...
18:22:45.931 INFO  o.j.t.DelegatingTemplateEngine - Found alternative template file: tags.tpl using this instead
18:22:46.127 INFO  org.jbake.app.Renderer - Rendering tag [/tmp/junit8775513137701810478/tags/blog.html]... done!
18:22:46.129 INFO  o.j.t.DelegatingTemplateEngine - Default template: tags-index.ftl was not found, searching for others...
18:22:46.129 INFO  o.j.t.DelegatingTemplateEngine - Found alternative template file: tags-index.tpl using this instead
18:22:46.163 INFO  org.jbake.app.Renderer - Rendering tagindex [/tmp/junit8775513137701810478/tags/index.html]... done!
18:22:47.192 INFO  c.o.orient.core.db.OrientDBEmbedded - WAL maximum segment size is set to 6,144 MB
18:22:47.193 INFO  c.o.o.c.s.i.l.p.w.c.OCASDiskWriteAheadLog - Direct IO for WAL located in /tmp/junit8775513137701810478/documents1584062172314/tmp/junit8775513137701810478/documents1584062172314 is allowed with block size 4096 bytes.
18:22:47.194 INFO  c.o.o.c.s.i.l.p.w.c.OCASDiskWriteAheadLog - Page size for WAL located in /tmp/junit8775513137701810478/documents1584062172314/tmp/junit8775513137701810478/documents1584062172314 is set to 4096 bytes.
18:22:47.783 INFO  c.o.o.c.s.d.OLocalPaginatedStorage - Storage 'plocal:/tmp/junit8775513137701810478/documents1584062172314//tmp/junit8775513137701810478/documents1584062172314' is created under OrientDB distribution : 3.0.14 - Veloce (build ac128c5a9ba4c6dc9d25a32b92962d8863774423, branch 3.0.x)
18:22:56.652 DEBUG org.jbake.app.ContentStore - Create document class 'page'
18:23:00.770 DEBUG org.jbake.app.ContentStore - Create document class 'post'
18:23:04.792 DEBUG org.jbake.app.ContentStore - Create document class 'masterindex'
18:23:08.908 DEBUG org.jbake.app.ContentStore - Create document class 'archive'
18:23:13.031 DEBUG org.jbake.app.ContentStore - Create document class 'feed'
18:23:21.050 DEBUG org.jbake.parser.MarkupEngine - Type property found
18:23:21.050 DEBUG org.jbake.parser.MarkupEngine - Status property found
18:23:21.050 DEBUG org.jbake.parser.MarkupEngine - Header separator found
18:23:21.051 INFO  org.jbake.app.Crawler - Processing [/home/csmajs/jgarc271/git/jbake-testing-and-verification/jbake-core/build/resources/test/fixture/content/about.html]...  : new 
18:23:21.052 DEBUG org.jbake.parser.MarkupEngine - Type property found
18:23:21.052 DEBUG org.jbake.parser.MarkupEngine - Status property found
18:23:21.052 DEBUG org.jbake.parser.MarkupEngine - Header separator found
18:23:25.188 INFO  org.jbake.app.Crawler - Processing [/home/csmajs/jgarc271/git/jbake-testing-and-verification/jbake-core/build/resources/test/fixture/content/allcontent.html]...  : new 
18:23:25.192 DEBUG org.jbake.parser.MarkupEngine - Type property found
18:23:25.192 DEBUG org.jbake.parser.MarkupEngine - Status property found
18:23:25.192 DEBUG org.jbake.parser.MarkupEngine - Header separator found
18:23:25.193 INFO  org.jbake.app.Crawler - Processing [/home/csmajs/jgarc271/git/jbake-testing-and-verification/jbake-core/build/resources/test/fixture/content/blog/2012/first-post.html]...  : new 
18:23:25.196 DEBUG org.jbake.parser.MarkupEngine - Type property found
18:23:25.196 DEBUG org.jbake.parser.MarkupEngine - Status property found
18:23:25.196 DEBUG org.jbake.parser.MarkupEngine - Header separator found
18:23:25.196 INFO  org.jbake.app.Crawler - Processing [/home/csmajs/jgarc271/git/jbake-testing-and-verification/jbake-core/build/resources/test/fixture/content/blog/2013/second-post.html]...  : new 
18:23:25.198 DEBUG org.jbake.parser.MarkupEngine - Type property found
18:23:25.198 DEBUG org.jbake.parser.MarkupEngine - Status property found
18:23:25.198 DEBUG org.jbake.parser.MarkupEngine - Header separator found
18:23:25.199 INFO  org.jbake.app.Crawler - Processing [/home/csmajs/jgarc271/git/jbake-testing-and-verification/jbake-core/build/resources/test/fixture/content/blog/2016/another-post.html]...  : new 
18:23:25.200 DEBUG org.jbake.parser.MarkupEngine - Type property found
18:23:25.200 DEBUG org.jbake.parser.MarkupEngine - Status property found
18:23:25.200 DEBUG org.jbake.parser.MarkupEngine - Header separator found
18:23:25.200 INFO  org.jbake.app.Crawler - Processing [/home/csmajs/jgarc271/git/jbake-testing-and-verification/jbake-core/build/resources/test/fixture/content/blog/2016/draft-post.html]...  : new 
18:23:25.201 DEBUG org.jbake.parser.MarkupEngine - Header separator found
18:23:25.201 WARN  org.jbake.parser.MarkupEngine - Parsing skipped (missing type or status value in header meta data) for file /home/csmajs/jgarc271/git/jbake-testing-and-verification/jbake-core/build/resources/test/fixture/content/blog/invalid_header.html!
18:23:25.201 WARN  org.jbake.app.Crawler - /home/csmajs/jgarc271/git/jbake-testing-and-verification/jbake-core/build/resources/test/fixture/content/blog/invalid_header.html has an invalid header, it has been ignored!
18:23:25.201 INFO  org.jbake.app.Crawler - Processing [/home/csmajs/jgarc271/git/jbake-testing-and-verification/jbake-core/build/resources/test/fixture/content/blog/invalid_header.html]...  : new 
18:23:25.202 DEBUG org.jbake.parser.MarkupEngine - Type property found
18:23:25.202 DEBUG org.jbake.parser.MarkupEngine - Status property found
18:23:25.202 DEBUG org.jbake.parser.MarkupEngine - Header separator found
18:23:25.203 INFO  org.jbake.app.Crawler - Processing [/home/csmajs/jgarc271/git/jbake-testing-and-verification/jbake-core/build/resources/test/fixture/content/index2.html]...  : new 
18:23:25.204 DEBUG org.jbake.parser.MarkupEngine - Type property found
18:23:25.204 DEBUG org.jbake.parser.MarkupEngine - Status property found
18:23:25.204 DEBUG org.jbake.parser.MarkupEngine - Header separator found
18:23:28.994 INFO  org.jbake.app.Crawler - Processing [/home/csmajs/jgarc271/git/jbake-testing-and-verification/jbake-core/build/resources/test/fixture/content/papers/draft-paper.html]...  : new 
18:23:28.997 DEBUG org.jbake.parser.MarkupEngine - Type property found
18:23:28.997 DEBUG org.jbake.parser.MarkupEngine - Status property found
18:23:28.997 DEBUG org.jbake.parser.MarkupEngine - Header separator found
18:23:28.997 INFO  org.jbake.app.Crawler - Processing [/home/csmajs/jgarc271/git/jbake-testing-and-verification/jbake-core/build/resources/test/fixture/content/papers/published-paper.html]...  : new 
18:23:28.998 DEBUG org.jbake.parser.MarkupEngine - Type property found
18:23:28.998 DEBUG org.jbake.parser.MarkupEngine - Status property found
18:23:28.998 DEBUG org.jbake.parser.MarkupEngine - Header separator found
18:23:28.999 INFO  org.jbake.app.Crawler - Processing [/home/csmajs/jgarc271/git/jbake-testing-and-verification/jbake-core/build/resources/test/fixture/content/projects.html]...  : new 
18:23:28.999 INFO  org.jbake.app.Crawler - Content detected:
18:23:28.999 INFO  org.jbake.app.Crawler - Parsed 3 files of type: page
18:23:28.999 INFO  org.jbake.app.Crawler - Parsed 4 files of type: post
18:23:29.010 INFO  org.jbake.template.ModelExtractors - register new extractors for document type: paper
18:23:29.013 INFO  o.j.t.DelegatingTemplateEngine - Default template: sitemap.ftl was not found, searching for others...
18:23:29.013 INFO  o.j.t.DelegatingTemplateEngine - Found alternative template file: sitemap.tpl using this instead
18:23:29.046 INFO  org.jbake.app.Renderer - Rendering sitemap [/tmp/junit8775513137701810478/sitemap.xml]... done!
]]></system-out>
  <system-err><![CDATA[]]></system-err>
</testsuite>
