<?xml version="1.0" encoding="UTF-8"?>
<testsuite name="org.jbake.app.template.GroovyMarkupTemplateEngineRenderingTest" tests="10" skipped="0" failures="0" errors="0" timestamp="2020-03-13T01:53:53" hostname="bolt.cs.ucr.edu" time="441.22">
  <properties/>
  <testcase name="renderCustomTypePaper" classname="org.jbake.app.template.GroovyMarkupTemplateEngineRenderingTest" time="43.535"/>
  <testcase name="renderIndex" classname="org.jbake.app.template.GroovyMarkupTemplateEngineRenderingTest" time="44.458"/>
  <testcase name="renderArchive" classname="org.jbake.app.template.GroovyMarkupTemplateEngineRenderingTest" time="43.969"/>
  <testcase name="checkDbTemplateModelIsPopulated" classname="org.jbake.app.template.GroovyMarkupTemplateEngineRenderingTest" time="44.0"/>
  <testcase name="renderTagsIndex" classname="org.jbake.app.template.GroovyMarkupTemplateEngineRenderingTest" time="43.913"/>
  <testcase name="renderFeed" classname="org.jbake.app.template.GroovyMarkupTemplateEngineRenderingTest" time="43.955"/>
  <testcase name="renderPage" classname="org.jbake.app.template.GroovyMarkupTemplateEngineRenderingTest" time="44.257"/>
  <testcase name="renderPost" classname="org.jbake.app.template.GroovyMarkupTemplateEngineRenderingTest" time="45.113"/>
  <testcase name="renderTags" classname="org.jbake.app.template.GroovyMarkupTemplateEngineRenderingTest" time="43.74"/>
  <testcase name="renderSitemap" classname="org.jbake.app.template.GroovyMarkupTemplateEngineRenderingTest" time="44.28"/>
  <system-out><![CDATA[18:53:53.381 INFO  c.o.orient.core.db.OrientDBEmbedded - WAL maximum segment size is set to 6,144 MB
18:53:53.424 INFO  c.o.o.c.s.i.l.p.w.c.OCASDiskWriteAheadLog - Direct IO for WAL located in /tmp/junit7027469358490946261/documents1584064433373/tmp/junit7027469358490946261/documents1584064433373 is allowed with block size 4096 bytes.
18:53:53.425 INFO  c.o.o.c.s.i.l.p.w.c.OCASDiskWriteAheadLog - Page size for WAL located in /tmp/junit7027469358490946261/documents1584064433373/tmp/junit7027469358490946261/documents1584064433373 is set to 4096 bytes.
18:53:53.961 INFO  c.o.o.c.s.d.OLocalPaginatedStorage - Storage 'plocal:/tmp/junit7027469358490946261/documents1584064433373//tmp/junit7027469358490946261/documents1584064433373' is created under OrientDB distribution : 3.0.14 - Veloce (build ac128c5a9ba4c6dc9d25a32b92962d8863774423, branch 3.0.x)
18:54:02.801 DEBUG org.jbake.app.ContentStore - Create document class 'page'
18:54:06.665 DEBUG org.jbake.app.ContentStore - Create document class 'post'
18:54:10.742 DEBUG org.jbake.app.ContentStore - Create document class 'masterindex'
18:54:14.898 DEBUG org.jbake.app.ContentStore - Create document class 'archive'
18:54:19.016 DEBUG org.jbake.app.ContentStore - Create document class 'feed'
18:54:27.646 DEBUG org.jbake.parser.MarkupEngine - Type property found
18:54:27.646 DEBUG org.jbake.parser.MarkupEngine - Status property found
18:54:27.646 DEBUG org.jbake.parser.MarkupEngine - Header separator found
18:54:27.648 INFO  org.jbake.app.Crawler - Processing [/home/csmajs/jgarc271/git/jbake-testing-and-verification/jbake-core/build/resources/test/fixture/content/about.html]...  : new 
18:54:27.649 DEBUG org.jbake.parser.MarkupEngine - Type property found
18:54:27.649 DEBUG org.jbake.parser.MarkupEngine - Status property found
18:54:27.649 DEBUG org.jbake.parser.MarkupEngine - Header separator found
18:54:31.324 INFO  org.jbake.app.Crawler - Processing [/home/csmajs/jgarc271/git/jbake-testing-and-verification/jbake-core/build/resources/test/fixture/content/allcontent.html]...  : new 
18:54:31.329 DEBUG org.jbake.parser.MarkupEngine - Type property found
18:54:31.329 DEBUG org.jbake.parser.MarkupEngine - Status property found
18:54:31.329 DEBUG org.jbake.parser.MarkupEngine - Header separator found
18:54:31.330 INFO  org.jbake.app.Crawler - Processing [/home/csmajs/jgarc271/git/jbake-testing-and-verification/jbake-core/build/resources/test/fixture/content/blog/2012/first-post.html]...  : new 
18:54:31.332 DEBUG org.jbake.parser.MarkupEngine - Type property found
18:54:31.332 DEBUG org.jbake.parser.MarkupEngine - Status property found
18:54:31.332 DEBUG org.jbake.parser.MarkupEngine - Header separator found
18:54:31.333 INFO  org.jbake.app.Crawler - Processing [/home/csmajs/jgarc271/git/jbake-testing-and-verification/jbake-core/build/resources/test/fixture/content/blog/2013/second-post.html]...  : new 
18:54:31.334 DEBUG org.jbake.parser.MarkupEngine - Type property found
18:54:31.334 DEBUG org.jbake.parser.MarkupEngine - Status property found
18:54:31.334 DEBUG org.jbake.parser.MarkupEngine - Header separator found
18:54:31.335 INFO  org.jbake.app.Crawler - Processing [/home/csmajs/jgarc271/git/jbake-testing-and-verification/jbake-core/build/resources/test/fixture/content/blog/2016/another-post.html]...  : new 
18:54:31.336 DEBUG org.jbake.parser.MarkupEngine - Type property found
18:54:31.336 DEBUG org.jbake.parser.MarkupEngine - Status property found
18:54:31.336 DEBUG org.jbake.parser.MarkupEngine - Header separator found
18:54:31.337 INFO  org.jbake.app.Crawler - Processing [/home/csmajs/jgarc271/git/jbake-testing-and-verification/jbake-core/build/resources/test/fixture/content/blog/2016/draft-post.html]...  : new 
18:54:31.338 DEBUG org.jbake.parser.MarkupEngine - Header separator found
18:54:31.338 WARN  org.jbake.parser.MarkupEngine - Parsing skipped (missing type or status value in header meta data) for file /home/csmajs/jgarc271/git/jbake-testing-and-verification/jbake-core/build/resources/test/fixture/content/blog/invalid_header.html!
18:54:31.338 WARN  org.jbake.app.Crawler - /home/csmajs/jgarc271/git/jbake-testing-and-verification/jbake-core/build/resources/test/fixture/content/blog/invalid_header.html has an invalid header, it has been ignored!
18:54:31.338 INFO  org.jbake.app.Crawler - Processing [/home/csmajs/jgarc271/git/jbake-testing-and-verification/jbake-core/build/resources/test/fixture/content/blog/invalid_header.html]...  : new 
18:54:31.339 DEBUG org.jbake.parser.MarkupEngine - Type property found
18:54:31.339 DEBUG org.jbake.parser.MarkupEngine - Status property found
18:54:31.339 DEBUG org.jbake.parser.MarkupEngine - Header separator found
18:54:31.340 INFO  org.jbake.app.Crawler - Processing [/home/csmajs/jgarc271/git/jbake-testing-and-verification/jbake-core/build/resources/test/fixture/content/index2.html]...  : new 
18:54:31.341 DEBUG org.jbake.parser.MarkupEngine - Type property found
18:54:31.341 DEBUG org.jbake.parser.MarkupEngine - Status property found
18:54:31.341 DEBUG org.jbake.parser.MarkupEngine - Header separator found
18:54:35.116 INFO  org.jbake.app.Crawler - Processing [/home/csmajs/jgarc271/git/jbake-testing-and-verification/jbake-core/build/resources/test/fixture/content/papers/draft-paper.html]...  : new 
18:54:35.118 DEBUG org.jbake.parser.MarkupEngine - Type property found
18:54:35.118 DEBUG org.jbake.parser.MarkupEngine - Status property found
18:54:35.118 DEBUG org.jbake.parser.MarkupEngine - Header separator found
18:54:35.119 INFO  org.jbake.app.Crawler - Processing [/home/csmajs/jgarc271/git/jbake-testing-and-verification/jbake-core/build/resources/test/fixture/content/papers/published-paper.html]...  : new 
18:54:35.120 DEBUG org.jbake.parser.MarkupEngine - Type property found
18:54:35.120 DEBUG org.jbake.parser.MarkupEngine - Status property found
18:54:35.120 DEBUG org.jbake.parser.MarkupEngine - Header separator found
18:54:35.121 INFO  org.jbake.app.Crawler - Processing [/home/csmajs/jgarc271/git/jbake-testing-and-verification/jbake-core/build/resources/test/fixture/content/projects.html]...  : new 
18:54:35.121 INFO  org.jbake.app.Crawler - Content detected:
18:54:35.121 INFO  org.jbake.app.Crawler - Parsed 3 files of type: page
18:54:35.121 INFO  org.jbake.app.Crawler - Parsed 4 files of type: post
18:54:35.132 INFO  org.jbake.template.ModelExtractors - register new extractors for document type: paper
18:54:35.138 DEBUG org.jbake.parser.MarkupEngine - Type property found
18:54:35.138 DEBUG org.jbake.parser.MarkupEngine - Status property found
18:54:35.138 DEBUG org.jbake.parser.MarkupEngine - Header separator found
18:54:35.138 INFO  org.jbake.app.Crawler - Processing [/home/csmajs/jgarc271/git/jbake-testing-and-verification/jbake-core/build/resources/test/fixture/content/about.html]...  : modified  : new 
18:54:35.140 DEBUG org.jbake.parser.MarkupEngine - Type property found
18:54:35.140 DEBUG org.jbake.parser.MarkupEngine - Status property found
18:54:35.140 DEBUG org.jbake.parser.MarkupEngine - Header separator found
18:54:35.140 INFO  org.jbake.app.Crawler - Processing [/home/csmajs/jgarc271/git/jbake-testing-and-verification/jbake-core/build/resources/test/fixture/content/allcontent.html]...  : new 
18:54:35.145 DEBUG org.jbake.parser.MarkupEngine - Type property found
18:54:35.145 DEBUG org.jbake.parser.MarkupEngine - Status property found
18:54:35.145 DEBUG org.jbake.parser.MarkupEngine - Header separator found
18:54:35.146 INFO  org.jbake.app.Crawler - Processing [/home/csmajs/jgarc271/git/jbake-testing-and-verification/jbake-core/build/resources/test/fixture/content/blog/2012/first-post.html]...  : modified  : new 
18:54:35.150 DEBUG org.jbake.parser.MarkupEngine - Type property found
18:54:35.150 DEBUG org.jbake.parser.MarkupEngine - Status property found
18:54:35.150 DEBUG org.jbake.parser.MarkupEngine - Header separator found
18:54:35.151 INFO  org.jbake.app.Crawler - Processing [/home/csmajs/jgarc271/git/jbake-testing-and-verification/jbake-core/build/resources/test/fixture/content/blog/2013/second-post.html]...  : modified  : new 
18:54:35.154 DEBUG org.jbake.parser.MarkupEngine - Type property found
18:54:35.154 DEBUG org.jbake.parser.MarkupEngine - Status property found
18:54:35.154 DEBUG org.jbake.parser.MarkupEngine - Header separator found
18:54:35.154 INFO  org.jbake.app.Crawler - Processing [/home/csmajs/jgarc271/git/jbake-testing-and-verification/jbake-core/build/resources/test/fixture/content/blog/2016/another-post.html]...  : modified  : new 
18:54:35.157 DEBUG org.jbake.parser.MarkupEngine - Type property found
18:54:35.157 DEBUG org.jbake.parser.MarkupEngine - Status property found
18:54:35.157 DEBUG org.jbake.parser.MarkupEngine - Header separator found
18:54:35.158 INFO  org.jbake.app.Crawler - Processing [/home/csmajs/jgarc271/git/jbake-testing-and-verification/jbake-core/build/resources/test/fixture/content/blog/2016/draft-post.html]...  : modified  : new 
18:54:35.159 DEBUG org.jbake.parser.MarkupEngine - Header separator found
18:54:35.159 WARN  org.jbake.parser.MarkupEngine - Parsing skipped (missing type or status value in header meta data) for file /home/csmajs/jgarc271/git/jbake-testing-and-verification/jbake-core/build/resources/test/fixture/content/blog/invalid_header.html!
18:54:35.159 WARN  org.jbake.app.Crawler - /home/csmajs/jgarc271/git/jbake-testing-and-verification/jbake-core/build/resources/test/fixture/content/blog/invalid_header.html has an invalid header, it has been ignored!
18:54:35.159 INFO  org.jbake.app.Crawler - Processing [/home/csmajs/jgarc271/git/jbake-testing-and-verification/jbake-core/build/resources/test/fixture/content/blog/invalid_header.html]...  : new 
18:54:35.161 DEBUG org.jbake.parser.MarkupEngine - Type property found
18:54:35.161 DEBUG org.jbake.parser.MarkupEngine - Status property found
18:54:35.161 DEBUG org.jbake.parser.MarkupEngine - Header separator found
18:54:35.162 INFO  org.jbake.app.Crawler - Processing [/home/csmajs/jgarc271/git/jbake-testing-and-verification/jbake-core/build/resources/test/fixture/content/index2.html]...  : modified  : new 
18:54:35.165 DEBUG org.jbake.parser.MarkupEngine - Type property found
18:54:35.165 DEBUG org.jbake.parser.MarkupEngine - Status property found
18:54:35.165 DEBUG org.jbake.parser.MarkupEngine - Header separator found
18:54:35.166 INFO  org.jbake.app.Crawler - Processing [/home/csmajs/jgarc271/git/jbake-testing-and-verification/jbake-core/build/resources/test/fixture/content/papers/draft-paper.html]...  : modified 
18:54:35.168 DEBUG org.jbake.parser.MarkupEngine - Type property found
18:54:35.168 DEBUG org.jbake.parser.MarkupEngine - Status property found
18:54:35.168 DEBUG org.jbake.parser.MarkupEngine - Header separator found
18:54:35.169 INFO  org.jbake.app.Crawler - Processing [/home/csmajs/jgarc271/git/jbake-testing-and-verification/jbake-core/build/resources/test/fixture/content/papers/published-paper.html]...  : modified 
18:54:35.171 DEBUG org.jbake.parser.MarkupEngine - Type property found
18:54:35.171 DEBUG org.jbake.parser.MarkupEngine - Status property found
18:54:35.171 DEBUG org.jbake.parser.MarkupEngine - Header separator found
18:54:35.172 INFO  org.jbake.app.Crawler - Processing [/home/csmajs/jgarc271/git/jbake-testing-and-verification/jbake-core/build/resources/test/fixture/content/projects.html]...  : modified  : new 
18:54:35.172 INFO  org.jbake.app.Crawler - Content detected:
18:54:35.172 INFO  org.jbake.app.Crawler - Parsed 3 files of type: page
18:54:35.172 INFO  org.jbake.app.Crawler - Parsed 4 files of type: post
18:54:35.172 INFO  org.jbake.app.Crawler - Parsed 2 files of type: paper
18:54:35.183 DEBUG org.jbake.parser.MarkupEngine - Type property found
18:54:35.183 DEBUG org.jbake.parser.MarkupEngine - Status property found
18:54:35.183 DEBUG org.jbake.parser.MarkupEngine - Header separator found
18:54:35.944 INFO  org.jbake.app.Renderer - Rendering [/tmp/junit7027469358490946261/published-paper.html]... done!
18:54:36.909 INFO  c.o.orient.core.db.OrientDBEmbedded - WAL maximum segment size is set to 6,144 MB
18:54:36.910 INFO  c.o.o.c.s.i.l.p.w.c.OCASDiskWriteAheadLog - Direct IO for WAL located in /tmp/junit7027469358490946261/documents1584064433373/tmp/junit7027469358490946261/documents1584064433373 is allowed with block size 4096 bytes.
18:54:36.911 INFO  c.o.o.c.s.i.l.p.w.c.OCASDiskWriteAheadLog - Page size for WAL located in /tmp/junit7027469358490946261/documents1584064433373/tmp/junit7027469358490946261/documents1584064433373 is set to 4096 bytes.
18:54:37.496 INFO  c.o.o.c.s.d.OLocalPaginatedStorage - Storage 'plocal:/tmp/junit7027469358490946261/documents1584064433373//tmp/junit7027469358490946261/documents1584064433373' is created under OrientDB distribution : 3.0.14 - Veloce (build ac128c5a9ba4c6dc9d25a32b92962d8863774423, branch 3.0.x)
18:54:46.605 DEBUG org.jbake.app.ContentStore - Create document class 'page'
18:54:50.685 DEBUG org.jbake.app.ContentStore - Create document class 'post'
18:54:54.813 DEBUG org.jbake.app.ContentStore - Create document class 'masterindex'
18:54:58.925 DEBUG org.jbake.app.ContentStore - Create document class 'archive'
18:55:03.109 DEBUG org.jbake.app.ContentStore - Create document class 'feed'
18:55:11.318 DEBUG org.jbake.parser.MarkupEngine - Type property found
18:55:11.318 DEBUG org.jbake.parser.MarkupEngine - Status property found
18:55:11.318 DEBUG org.jbake.parser.MarkupEngine - Header separator found
18:55:11.319 INFO  org.jbake.app.Crawler - Processing [/home/csmajs/jgarc271/git/jbake-testing-and-verification/jbake-core/build/resources/test/fixture/content/about.html]...  : new 
18:55:11.320 DEBUG org.jbake.parser.MarkupEngine - Type property found
18:55:11.320 DEBUG org.jbake.parser.MarkupEngine - Status property found
18:55:11.320 DEBUG org.jbake.parser.MarkupEngine - Header separator found
18:55:16.174 INFO  org.jbake.app.Crawler - Processing [/home/csmajs/jgarc271/git/jbake-testing-and-verification/jbake-core/build/resources/test/fixture/content/allcontent.html]...  : new 
18:55:16.178 DEBUG org.jbake.parser.MarkupEngine - Type property found
18:55:16.178 DEBUG org.jbake.parser.MarkupEngine - Status property found
18:55:16.178 DEBUG org.jbake.parser.MarkupEngine - Header separator found
18:55:16.179 INFO  org.jbake.app.Crawler - Processing [/home/csmajs/jgarc271/git/jbake-testing-and-verification/jbake-core/build/resources/test/fixture/content/blog/2012/first-post.html]...  : new 
18:55:16.182 DEBUG org.jbake.parser.MarkupEngine - Type property found
18:55:16.182 DEBUG org.jbake.parser.MarkupEngine - Status property found
18:55:16.182 DEBUG org.jbake.parser.MarkupEngine - Header separator found
18:55:16.183 INFO  org.jbake.app.Crawler - Processing [/home/csmajs/jgarc271/git/jbake-testing-and-verification/jbake-core/build/resources/test/fixture/content/blog/2013/second-post.html]...  : new 
18:55:16.184 DEBUG org.jbake.parser.MarkupEngine - Type property found
18:55:16.184 DEBUG org.jbake.parser.MarkupEngine - Status property found
18:55:16.184 DEBUG org.jbake.parser.MarkupEngine - Header separator found
18:55:16.185 INFO  org.jbake.app.Crawler - Processing [/home/csmajs/jgarc271/git/jbake-testing-and-verification/jbake-core/build/resources/test/fixture/content/blog/2016/another-post.html]...  : new 
18:55:16.186 DEBUG org.jbake.parser.MarkupEngine - Type property found
18:55:16.186 DEBUG org.jbake.parser.MarkupEngine - Status property found
18:55:16.186 DEBUG org.jbake.parser.MarkupEngine - Header separator found
18:55:16.187 INFO  org.jbake.app.Crawler - Processing [/home/csmajs/jgarc271/git/jbake-testing-and-verification/jbake-core/build/resources/test/fixture/content/blog/2016/draft-post.html]...  : new 
18:55:16.187 DEBUG org.jbake.parser.MarkupEngine - Header separator found
18:55:16.188 WARN  org.jbake.parser.MarkupEngine - Parsing skipped (missing type or status value in header meta data) for file /home/csmajs/jgarc271/git/jbake-testing-and-verification/jbake-core/build/resources/test/fixture/content/blog/invalid_header.html!
18:55:16.188 WARN  org.jbake.app.Crawler - /home/csmajs/jgarc271/git/jbake-testing-and-verification/jbake-core/build/resources/test/fixture/content/blog/invalid_header.html has an invalid header, it has been ignored!
18:55:16.188 INFO  org.jbake.app.Crawler - Processing [/home/csmajs/jgarc271/git/jbake-testing-and-verification/jbake-core/build/resources/test/fixture/content/blog/invalid_header.html]...  : new 
18:55:16.189 DEBUG org.jbake.parser.MarkupEngine - Type property found
18:55:16.189 DEBUG org.jbake.parser.MarkupEngine - Status property found
18:55:16.189 DEBUG org.jbake.parser.MarkupEngine - Header separator found
18:55:16.189 INFO  org.jbake.app.Crawler - Processing [/home/csmajs/jgarc271/git/jbake-testing-and-verification/jbake-core/build/resources/test/fixture/content/index2.html]...  : new 
18:55:16.191 DEBUG org.jbake.parser.MarkupEngine - Type property found
18:55:16.191 DEBUG org.jbake.parser.MarkupEngine - Status property found
18:55:16.191 DEBUG org.jbake.parser.MarkupEngine - Header separator found
18:55:20.221 INFO  org.jbake.app.Crawler - Processing [/home/csmajs/jgarc271/git/jbake-testing-and-verification/jbake-core/build/resources/test/fixture/content/papers/draft-paper.html]...  : new 
18:55:20.223 DEBUG org.jbake.parser.MarkupEngine - Type property found
18:55:20.223 DEBUG org.jbake.parser.MarkupEngine - Status property found
18:55:20.223 DEBUG org.jbake.parser.MarkupEngine - Header separator found
18:55:20.224 INFO  org.jbake.app.Crawler - Processing [/home/csmajs/jgarc271/git/jbake-testing-and-verification/jbake-core/build/resources/test/fixture/content/papers/published-paper.html]...  : new 
18:55:20.225 DEBUG org.jbake.parser.MarkupEngine - Type property found
18:55:20.225 DEBUG org.jbake.parser.MarkupEngine - Status property found
18:55:20.225 DEBUG org.jbake.parser.MarkupEngine - Header separator found
18:55:20.226 INFO  org.jbake.app.Crawler - Processing [/home/csmajs/jgarc271/git/jbake-testing-and-verification/jbake-core/build/resources/test/fixture/content/projects.html]...  : new 
18:55:20.226 INFO  org.jbake.app.Crawler - Content detected:
18:55:20.226 INFO  org.jbake.app.Crawler - Parsed 3 files of type: page
18:55:20.226 INFO  org.jbake.app.Crawler - Parsed 4 files of type: post
18:55:20.456 INFO  org.jbake.app.Renderer - Rendering masterindex [/tmp/junit7027469358490946261/index.html]... done!
18:55:21.367 INFO  c.o.orient.core.db.OrientDBEmbedded - WAL maximum segment size is set to 6,144 MB
18:55:21.369 INFO  c.o.o.c.s.i.l.p.w.c.OCASDiskWriteAheadLog - Direct IO for WAL located in /tmp/junit7027469358490946261/documents1584064433373/tmp/junit7027469358490946261/documents1584064433373 is allowed with block size 4096 bytes.
18:55:21.369 INFO  c.o.o.c.s.i.l.p.w.c.OCASDiskWriteAheadLog - Page size for WAL located in /tmp/junit7027469358490946261/documents1584064433373/tmp/junit7027469358490946261/documents1584064433373 is set to 4096 bytes.
18:55:21.944 INFO  c.o.o.c.s.d.OLocalPaginatedStorage - Storage 'plocal:/tmp/junit7027469358490946261/documents1584064433373//tmp/junit7027469358490946261/documents1584064433373' is created under OrientDB distribution : 3.0.14 - Veloce (build ac128c5a9ba4c6dc9d25a32b92962d8863774423, branch 3.0.x)
18:55:31.135 DEBUG org.jbake.app.ContentStore - Create document class 'page'
18:55:35.188 DEBUG org.jbake.app.ContentStore - Create document class 'post'
18:55:39.836 DEBUG org.jbake.app.ContentStore - Create document class 'masterindex'
18:55:43.952 DEBUG org.jbake.app.ContentStore - Create document class 'archive'
18:55:48.085 DEBUG org.jbake.app.ContentStore - Create document class 'feed'
18:55:55.974 DEBUG org.jbake.parser.MarkupEngine - Type property found
18:55:55.974 DEBUG org.jbake.parser.MarkupEngine - Status property found
18:55:55.975 DEBUG org.jbake.parser.MarkupEngine - Header separator found
18:55:55.975 INFO  org.jbake.app.Crawler - Processing [/home/csmajs/jgarc271/git/jbake-testing-and-verification/jbake-core/build/resources/test/fixture/content/about.html]...  : new 
18:55:55.976 DEBUG org.jbake.parser.MarkupEngine - Type property found
18:55:55.976 DEBUG org.jbake.parser.MarkupEngine - Status property found
18:55:55.976 DEBUG org.jbake.parser.MarkupEngine - Header separator found
18:56:00.329 INFO  org.jbake.app.Crawler - Processing [/home/csmajs/jgarc271/git/jbake-testing-and-verification/jbake-core/build/resources/test/fixture/content/allcontent.html]...  : new 
18:56:00.333 DEBUG org.jbake.parser.MarkupEngine - Type property found
18:56:00.333 DEBUG org.jbake.parser.MarkupEngine - Status property found
18:56:00.333 DEBUG org.jbake.parser.MarkupEngine - Header separator found
18:56:00.334 INFO  org.jbake.app.Crawler - Processing [/home/csmajs/jgarc271/git/jbake-testing-and-verification/jbake-core/build/resources/test/fixture/content/blog/2012/first-post.html]...  : new 
18:56:00.337 DEBUG org.jbake.parser.MarkupEngine - Type property found
18:56:00.337 DEBUG org.jbake.parser.MarkupEngine - Status property found
18:56:00.337 DEBUG org.jbake.parser.MarkupEngine - Header separator found
18:56:00.337 INFO  org.jbake.app.Crawler - Processing [/home/csmajs/jgarc271/git/jbake-testing-and-verification/jbake-core/build/resources/test/fixture/content/blog/2013/second-post.html]...  : new 
18:56:00.339 DEBUG org.jbake.parser.MarkupEngine - Type property found
18:56:00.339 DEBUG org.jbake.parser.MarkupEngine - Status property found
18:56:00.339 DEBUG org.jbake.parser.MarkupEngine - Header separator found
18:56:00.340 INFO  org.jbake.app.Crawler - Processing [/home/csmajs/jgarc271/git/jbake-testing-and-verification/jbake-core/build/resources/test/fixture/content/blog/2016/another-post.html]...  : new 
18:56:00.340 DEBUG org.jbake.parser.MarkupEngine - Type property found
18:56:00.341 DEBUG org.jbake.parser.MarkupEngine - Status property found
18:56:00.341 DEBUG org.jbake.parser.MarkupEngine - Header separator found
18:56:00.341 INFO  org.jbake.app.Crawler - Processing [/home/csmajs/jgarc271/git/jbake-testing-and-verification/jbake-core/build/resources/test/fixture/content/blog/2016/draft-post.html]...  : new 
18:56:00.342 DEBUG org.jbake.parser.MarkupEngine - Header separator found
18:56:00.342 WARN  org.jbake.parser.MarkupEngine - Parsing skipped (missing type or status value in header meta data) for file /home/csmajs/jgarc271/git/jbake-testing-and-verification/jbake-core/build/resources/test/fixture/content/blog/invalid_header.html!
18:56:00.342 WARN  org.jbake.app.Crawler - /home/csmajs/jgarc271/git/jbake-testing-and-verification/jbake-core/build/resources/test/fixture/content/blog/invalid_header.html has an invalid header, it has been ignored!
18:56:00.342 INFO  org.jbake.app.Crawler - Processing [/home/csmajs/jgarc271/git/jbake-testing-and-verification/jbake-core/build/resources/test/fixture/content/blog/invalid_header.html]...  : new 
18:56:00.343 DEBUG org.jbake.parser.MarkupEngine - Type property found
18:56:00.343 DEBUG org.jbake.parser.MarkupEngine - Status property found
18:56:00.343 DEBUG org.jbake.parser.MarkupEngine - Header separator found
18:56:00.344 INFO  org.jbake.app.Crawler - Processing [/home/csmajs/jgarc271/git/jbake-testing-and-verification/jbake-core/build/resources/test/fixture/content/index2.html]...  : new 
18:56:00.345 DEBUG org.jbake.parser.MarkupEngine - Type property found
18:56:00.345 DEBUG org.jbake.parser.MarkupEngine - Status property found
18:56:00.345 DEBUG org.jbake.parser.MarkupEngine - Header separator found
18:56:04.245 INFO  org.jbake.app.Crawler - Processing [/home/csmajs/jgarc271/git/jbake-testing-and-verification/jbake-core/build/resources/test/fixture/content/papers/draft-paper.html]...  : new 
18:56:04.247 DEBUG org.jbake.parser.MarkupEngine - Type property found
18:56:04.247 DEBUG org.jbake.parser.MarkupEngine - Status property found
18:56:04.247 DEBUG org.jbake.parser.MarkupEngine - Header separator found
18:56:04.247 INFO  org.jbake.app.Crawler - Processing [/home/csmajs/jgarc271/git/jbake-testing-and-verification/jbake-core/build/resources/test/fixture/content/papers/published-paper.html]...  : new 
18:56:04.248 DEBUG org.jbake.parser.MarkupEngine - Type property found
18:56:04.248 DEBUG org.jbake.parser.MarkupEngine - Status property found
18:56:04.248 DEBUG org.jbake.parser.MarkupEngine - Header separator found
18:56:04.249 INFO  org.jbake.app.Crawler - Processing [/home/csmajs/jgarc271/git/jbake-testing-and-verification/jbake-core/build/resources/test/fixture/content/projects.html]...  : new 
18:56:04.249 INFO  org.jbake.app.Crawler - Content detected:
18:56:04.249 INFO  org.jbake.app.Crawler - Parsed 3 files of type: page
18:56:04.249 INFO  org.jbake.app.Crawler - Parsed 4 files of type: post
18:56:04.437 INFO  org.jbake.app.Renderer - Rendering archive [/tmp/junit7027469358490946261/archive.html]... done!
18:56:05.336 INFO  c.o.orient.core.db.OrientDBEmbedded - WAL maximum segment size is set to 6,144 MB
18:56:05.338 INFO  c.o.o.c.s.i.l.p.w.c.OCASDiskWriteAheadLog - Direct IO for WAL located in /tmp/junit7027469358490946261/documents1584064433373/tmp/junit7027469358490946261/documents1584064433373 is allowed with block size 4096 bytes.
18:56:05.338 INFO  c.o.o.c.s.i.l.p.w.c.OCASDiskWriteAheadLog - Page size for WAL located in /tmp/junit7027469358490946261/documents1584064433373/tmp/junit7027469358490946261/documents1584064433373 is set to 4096 bytes.
18:56:05.956 INFO  c.o.o.c.s.d.OLocalPaginatedStorage - Storage 'plocal:/tmp/junit7027469358490946261/documents1584064433373//tmp/junit7027469358490946261/documents1584064433373' is created under OrientDB distribution : 3.0.14 - Veloce (build ac128c5a9ba4c6dc9d25a32b92962d8863774423, branch 3.0.x)
18:56:15.378 DEBUG org.jbake.app.ContentStore - Create document class 'page'
18:56:19.518 DEBUG org.jbake.app.ContentStore - Create document class 'post'
18:56:23.654 DEBUG org.jbake.app.ContentStore - Create document class 'masterindex'
18:56:27.798 DEBUG org.jbake.app.ContentStore - Create document class 'archive'
18:56:32.023 DEBUG org.jbake.app.ContentStore - Create document class 'feed'
18:56:40.552 DEBUG org.jbake.parser.MarkupEngine - Type property found
18:56:40.552 DEBUG org.jbake.parser.MarkupEngine - Status property found
18:56:40.552 DEBUG org.jbake.parser.MarkupEngine - Header separator found
18:56:40.553 INFO  org.jbake.app.Crawler - Processing [/home/csmajs/jgarc271/git/jbake-testing-and-verification/jbake-core/build/resources/test/fixture/content/about.html]...  : new 
18:56:40.554 DEBUG org.jbake.parser.MarkupEngine - Type property found
18:56:40.554 DEBUG org.jbake.parser.MarkupEngine - Status property found
18:56:40.554 DEBUG org.jbake.parser.MarkupEngine - Header separator found
18:56:44.536 INFO  org.jbake.app.Crawler - Processing [/home/csmajs/jgarc271/git/jbake-testing-and-verification/jbake-core/build/resources/test/fixture/content/allcontent.html]...  : new 
18:56:44.541 DEBUG org.jbake.parser.MarkupEngine - Type property found
18:56:44.541 DEBUG org.jbake.parser.MarkupEngine - Status property found
18:56:44.541 DEBUG org.jbake.parser.MarkupEngine - Header separator found
18:56:44.541 INFO  org.jbake.app.Crawler - Processing [/home/csmajs/jgarc271/git/jbake-testing-and-verification/jbake-core/build/resources/test/fixture/content/blog/2012/first-post.html]...  : new 
18:56:44.544 DEBUG org.jbake.parser.MarkupEngine - Type property found
18:56:44.544 DEBUG org.jbake.parser.MarkupEngine - Status property found
18:56:44.544 DEBUG org.jbake.parser.MarkupEngine - Header separator found
18:56:44.545 INFO  org.jbake.app.Crawler - Processing [/home/csmajs/jgarc271/git/jbake-testing-and-verification/jbake-core/build/resources/test/fixture/content/blog/2013/second-post.html]...  : new 
18:56:44.546 DEBUG org.jbake.parser.MarkupEngine - Type property found
18:56:44.546 DEBUG org.jbake.parser.MarkupEngine - Status property found
18:56:44.546 DEBUG org.jbake.parser.MarkupEngine - Header separator found
18:56:44.547 INFO  org.jbake.app.Crawler - Processing [/home/csmajs/jgarc271/git/jbake-testing-and-verification/jbake-core/build/resources/test/fixture/content/blog/2016/another-post.html]...  : new 
18:56:44.548 DEBUG org.jbake.parser.MarkupEngine - Type property found
18:56:44.548 DEBUG org.jbake.parser.MarkupEngine - Status property found
18:56:44.548 DEBUG org.jbake.parser.MarkupEngine - Header separator found
18:56:44.549 INFO  org.jbake.app.Crawler - Processing [/home/csmajs/jgarc271/git/jbake-testing-and-verification/jbake-core/build/resources/test/fixture/content/blog/2016/draft-post.html]...  : new 
18:56:44.550 DEBUG org.jbake.parser.MarkupEngine - Header separator found
18:56:44.550 WARN  org.jbake.parser.MarkupEngine - Parsing skipped (missing type or status value in header meta data) for file /home/csmajs/jgarc271/git/jbake-testing-and-verification/jbake-core/build/resources/test/fixture/content/blog/invalid_header.html!
18:56:44.550 WARN  org.jbake.app.Crawler - /home/csmajs/jgarc271/git/jbake-testing-and-verification/jbake-core/build/resources/test/fixture/content/blog/invalid_header.html has an invalid header, it has been ignored!
18:56:44.550 INFO  org.jbake.app.Crawler - Processing [/home/csmajs/jgarc271/git/jbake-testing-and-verification/jbake-core/build/resources/test/fixture/content/blog/invalid_header.html]...  : new 
18:56:44.551 DEBUG org.jbake.parser.MarkupEngine - Type property found
18:56:44.551 DEBUG org.jbake.parser.MarkupEngine - Status property found
18:56:44.551 DEBUG org.jbake.parser.MarkupEngine - Header separator found
18:56:44.551 INFO  org.jbake.app.Crawler - Processing [/home/csmajs/jgarc271/git/jbake-testing-and-verification/jbake-core/build/resources/test/fixture/content/index2.html]...  : new 
18:56:44.553 DEBUG org.jbake.parser.MarkupEngine - Type property found
18:56:44.553 DEBUG org.jbake.parser.MarkupEngine - Status property found
18:56:44.553 DEBUG org.jbake.parser.MarkupEngine - Header separator found
18:56:48.198 INFO  org.jbake.app.Crawler - Processing [/home/csmajs/jgarc271/git/jbake-testing-and-verification/jbake-core/build/resources/test/fixture/content/papers/draft-paper.html]...  : new 
18:56:48.201 DEBUG org.jbake.parser.MarkupEngine - Type property found
18:56:48.201 DEBUG org.jbake.parser.MarkupEngine - Status property found
18:56:48.201 DEBUG org.jbake.parser.MarkupEngine - Header separator found
18:56:48.202 INFO  org.jbake.app.Crawler - Processing [/home/csmajs/jgarc271/git/jbake-testing-and-verification/jbake-core/build/resources/test/fixture/content/papers/published-paper.html]...  : new 
18:56:48.203 DEBUG org.jbake.parser.MarkupEngine - Type property found
18:56:48.203 DEBUG org.jbake.parser.MarkupEngine - Status property found
18:56:48.203 DEBUG org.jbake.parser.MarkupEngine - Header separator found
18:56:48.204 INFO  org.jbake.app.Crawler - Processing [/home/csmajs/jgarc271/git/jbake-testing-and-verification/jbake-core/build/resources/test/fixture/content/projects.html]...  : new 
18:56:48.204 INFO  org.jbake.app.Crawler - Content detected:
18:56:48.204 INFO  org.jbake.app.Crawler - Parsed 3 files of type: page
18:56:48.204 INFO  org.jbake.app.Crawler - Parsed 4 files of type: post
18:56:48.374 INFO  org.jbake.app.Renderer - Rendering masterindex [/tmp/junit7027469358490946261/index.html]... done!
18:56:49.336 INFO  c.o.orient.core.db.OrientDBEmbedded - WAL maximum segment size is set to 6,144 MB
18:56:49.338 INFO  c.o.o.c.s.i.l.p.w.c.OCASDiskWriteAheadLog - Direct IO for WAL located in /tmp/junit7027469358490946261/documents1584064433373/tmp/junit7027469358490946261/documents1584064433373 is allowed with block size 4096 bytes.
18:56:49.338 INFO  c.o.o.c.s.i.l.p.w.c.OCASDiskWriteAheadLog - Page size for WAL located in /tmp/junit7027469358490946261/documents1584064433373/tmp/junit7027469358490946261/documents1584064433373 is set to 4096 bytes.
18:56:49.933 INFO  c.o.o.c.s.d.OLocalPaginatedStorage - Storage 'plocal:/tmp/junit7027469358490946261/documents1584064433373//tmp/junit7027469358490946261/documents1584064433373' is created under OrientDB distribution : 3.0.14 - Veloce (build ac128c5a9ba4c6dc9d25a32b92962d8863774423, branch 3.0.x)
18:56:59.396 DEBUG org.jbake.app.ContentStore - Create document class 'page'
18:57:03.585 DEBUG org.jbake.app.ContentStore - Create document class 'post'
18:57:07.804 DEBUG org.jbake.app.ContentStore - Create document class 'masterindex'
18:57:12.026 DEBUG org.jbake.app.ContentStore - Create document class 'archive'
18:57:16.323 DEBUG org.jbake.app.ContentStore - Create document class 'feed'
18:57:24.802 DEBUG org.jbake.parser.MarkupEngine - Type property found
18:57:24.802 DEBUG org.jbake.parser.MarkupEngine - Status property found
18:57:24.802 DEBUG org.jbake.parser.MarkupEngine - Header separator found
18:57:24.803 INFO  org.jbake.app.Crawler - Processing [/home/csmajs/jgarc271/git/jbake-testing-and-verification/jbake-core/build/resources/test/fixture/content/about.html]...  : new 
18:57:24.804 DEBUG org.jbake.parser.MarkupEngine - Type property found
18:57:24.804 DEBUG org.jbake.parser.MarkupEngine - Status property found
18:57:24.804 DEBUG org.jbake.parser.MarkupEngine - Header separator found
18:57:28.370 INFO  org.jbake.app.Crawler - Processing [/home/csmajs/jgarc271/git/jbake-testing-and-verification/jbake-core/build/resources/test/fixture/content/allcontent.html]...  : new 
18:57:28.375 DEBUG org.jbake.parser.MarkupEngine - Type property found
18:57:28.375 DEBUG org.jbake.parser.MarkupEngine - Status property found
18:57:28.375 DEBUG org.jbake.parser.MarkupEngine - Header separator found
18:57:28.375 INFO  org.jbake.app.Crawler - Processing [/home/csmajs/jgarc271/git/jbake-testing-and-verification/jbake-core/build/resources/test/fixture/content/blog/2012/first-post.html]...  : new 
18:57:28.378 DEBUG org.jbake.parser.MarkupEngine - Type property found
18:57:28.378 DEBUG org.jbake.parser.MarkupEngine - Status property found
18:57:28.378 DEBUG org.jbake.parser.MarkupEngine - Header separator found
18:57:28.379 INFO  org.jbake.app.Crawler - Processing [/home/csmajs/jgarc271/git/jbake-testing-and-verification/jbake-core/build/resources/test/fixture/content/blog/2013/second-post.html]...  : new 
18:57:28.380 DEBUG org.jbake.parser.MarkupEngine - Type property found
18:57:28.380 DEBUG org.jbake.parser.MarkupEngine - Status property found
18:57:28.380 DEBUG org.jbake.parser.MarkupEngine - Header separator found
18:57:28.381 INFO  org.jbake.app.Crawler - Processing [/home/csmajs/jgarc271/git/jbake-testing-and-verification/jbake-core/build/resources/test/fixture/content/blog/2016/another-post.html]...  : new 
18:57:28.382 DEBUG org.jbake.parser.MarkupEngine - Type property found
18:57:28.382 DEBUG org.jbake.parser.MarkupEngine - Status property found
18:57:28.382 DEBUG org.jbake.parser.MarkupEngine - Header separator found
18:57:28.382 INFO  org.jbake.app.Crawler - Processing [/home/csmajs/jgarc271/git/jbake-testing-and-verification/jbake-core/build/resources/test/fixture/content/blog/2016/draft-post.html]...  : new 
18:57:28.383 DEBUG org.jbake.parser.MarkupEngine - Header separator found
18:57:28.383 WARN  org.jbake.parser.MarkupEngine - Parsing skipped (missing type or status value in header meta data) for file /home/csmajs/jgarc271/git/jbake-testing-and-verification/jbake-core/build/resources/test/fixture/content/blog/invalid_header.html!
18:57:28.383 WARN  org.jbake.app.Crawler - /home/csmajs/jgarc271/git/jbake-testing-and-verification/jbake-core/build/resources/test/fixture/content/blog/invalid_header.html has an invalid header, it has been ignored!
18:57:28.383 INFO  org.jbake.app.Crawler - Processing [/home/csmajs/jgarc271/git/jbake-testing-and-verification/jbake-core/build/resources/test/fixture/content/blog/invalid_header.html]...  : new 
18:57:28.384 DEBUG org.jbake.parser.MarkupEngine - Type property found
18:57:28.384 DEBUG org.jbake.parser.MarkupEngine - Status property found
18:57:28.384 DEBUG org.jbake.parser.MarkupEngine - Header separator found
18:57:28.385 INFO  org.jbake.app.Crawler - Processing [/home/csmajs/jgarc271/git/jbake-testing-and-verification/jbake-core/build/resources/test/fixture/content/index2.html]...  : new 
18:57:28.386 DEBUG org.jbake.parser.MarkupEngine - Type property found
18:57:28.386 DEBUG org.jbake.parser.MarkupEngine - Status property found
18:57:28.386 DEBUG org.jbake.parser.MarkupEngine - Header separator found
18:57:32.132 INFO  org.jbake.app.Crawler - Processing [/home/csmajs/jgarc271/git/jbake-testing-and-verification/jbake-core/build/resources/test/fixture/content/papers/draft-paper.html]...  : new 
18:57:32.134 DEBUG org.jbake.parser.MarkupEngine - Type property found
18:57:32.134 DEBUG org.jbake.parser.MarkupEngine - Status property found
18:57:32.134 DEBUG org.jbake.parser.MarkupEngine - Header separator found
18:57:32.135 INFO  org.jbake.app.Crawler - Processing [/home/csmajs/jgarc271/git/jbake-testing-and-verification/jbake-core/build/resources/test/fixture/content/papers/published-paper.html]...  : new 
18:57:32.135 DEBUG org.jbake.parser.MarkupEngine - Type property found
18:57:32.136 DEBUG org.jbake.parser.MarkupEngine - Status property found
18:57:32.136 DEBUG org.jbake.parser.MarkupEngine - Header separator found
18:57:32.136 INFO  org.jbake.app.Crawler - Processing [/home/csmajs/jgarc271/git/jbake-testing-and-verification/jbake-core/build/resources/test/fixture/content/projects.html]...  : new 
18:57:32.136 INFO  org.jbake.app.Crawler - Content detected:
18:57:32.136 INFO  org.jbake.app.Crawler - Parsed 3 files of type: page
18:57:32.137 INFO  org.jbake.app.Crawler - Parsed 4 files of type: post
18:57:32.153 INFO  o.j.t.DelegatingTemplateEngine - Default template: tags.ftl was not found, searching for others...
18:57:32.153 INFO  o.j.t.DelegatingTemplateEngine - Found alternative template file: tags.tpl using this instead
18:57:32.313 INFO  org.jbake.app.Renderer - Rendering tag [/tmp/junit7027469358490946261/tags/blog.html]... done!
18:57:32.316 INFO  o.j.t.DelegatingTemplateEngine - Default template: tags-index.ftl was not found, searching for others...
18:57:32.316 INFO  o.j.t.DelegatingTemplateEngine - Found alternative template file: tags-index.tpl using this instead
18:57:32.354 INFO  org.jbake.app.Renderer - Rendering tagindex [/tmp/junit7027469358490946261/tags/index.html]... done!
18:57:33.249 INFO  c.o.orient.core.db.OrientDBEmbedded - WAL maximum segment size is set to 6,144 MB
18:57:33.250 INFO  c.o.o.c.s.i.l.p.w.c.OCASDiskWriteAheadLog - Direct IO for WAL located in /tmp/junit7027469358490946261/documents1584064433373/tmp/junit7027469358490946261/documents1584064433373 is allowed with block size 4096 bytes.
18:57:33.250 INFO  c.o.o.c.s.i.l.p.w.c.OCASDiskWriteAheadLog - Page size for WAL located in /tmp/junit7027469358490946261/documents1584064433373/tmp/junit7027469358490946261/documents1584064433373 is set to 4096 bytes.
18:57:33.826 INFO  c.o.o.c.s.d.OLocalPaginatedStorage - Storage 'plocal:/tmp/junit7027469358490946261/documents1584064433373//tmp/junit7027469358490946261/documents1584064433373' is created under OrientDB distribution : 3.0.14 - Veloce (build ac128c5a9ba4c6dc9d25a32b92962d8863774423, branch 3.0.x)
18:57:43.061 DEBUG org.jbake.app.ContentStore - Create document class 'page'
18:57:47.191 DEBUG org.jbake.app.ContentStore - Create document class 'post'
18:57:51.262 DEBUG org.jbake.app.ContentStore - Create document class 'masterindex'
18:57:55.429 DEBUG org.jbake.app.ContentStore - Create document class 'archive'
18:57:59.727 DEBUG org.jbake.app.ContentStore - Create document class 'feed'
18:58:07.890 DEBUG org.jbake.parser.MarkupEngine - Type property found
18:58:07.890 DEBUG org.jbake.parser.MarkupEngine - Status property found
18:58:07.890 DEBUG org.jbake.parser.MarkupEngine - Header separator found
18:58:07.891 INFO  org.jbake.app.Crawler - Processing [/home/csmajs/jgarc271/git/jbake-testing-and-verification/jbake-core/build/resources/test/fixture/content/about.html]...  : new 
18:58:07.892 DEBUG org.jbake.parser.MarkupEngine - Type property found
18:58:07.892 DEBUG org.jbake.parser.MarkupEngine - Status property found
18:58:07.892 DEBUG org.jbake.parser.MarkupEngine - Header separator found
18:58:12.379 INFO  org.jbake.app.Crawler - Processing [/home/csmajs/jgarc271/git/jbake-testing-and-verification/jbake-core/build/resources/test/fixture/content/allcontent.html]...  : new 
18:58:12.383 DEBUG org.jbake.parser.MarkupEngine - Type property found
18:58:12.383 DEBUG org.jbake.parser.MarkupEngine - Status property found
18:58:12.383 DEBUG org.jbake.parser.MarkupEngine - Header separator found
18:58:12.384 INFO  org.jbake.app.Crawler - Processing [/home/csmajs/jgarc271/git/jbake-testing-and-verification/jbake-core/build/resources/test/fixture/content/blog/2012/first-post.html]...  : new 
18:58:12.386 DEBUG org.jbake.parser.MarkupEngine - Type property found
18:58:12.386 DEBUG org.jbake.parser.MarkupEngine - Status property found
18:58:12.386 DEBUG org.jbake.parser.MarkupEngine - Header separator found
18:58:12.387 INFO  org.jbake.app.Crawler - Processing [/home/csmajs/jgarc271/git/jbake-testing-and-verification/jbake-core/build/resources/test/fixture/content/blog/2013/second-post.html]...  : new 
18:58:12.389 DEBUG org.jbake.parser.MarkupEngine - Type property found
18:58:12.389 DEBUG org.jbake.parser.MarkupEngine - Status property found
18:58:12.389 DEBUG org.jbake.parser.MarkupEngine - Header separator found
18:58:12.390 INFO  org.jbake.app.Crawler - Processing [/home/csmajs/jgarc271/git/jbake-testing-and-verification/jbake-core/build/resources/test/fixture/content/blog/2016/another-post.html]...  : new 
18:58:12.391 DEBUG org.jbake.parser.MarkupEngine - Type property found
18:58:12.391 DEBUG org.jbake.parser.MarkupEngine - Status property found
18:58:12.391 DEBUG org.jbake.parser.MarkupEngine - Header separator found
18:58:12.392 INFO  org.jbake.app.Crawler - Processing [/home/csmajs/jgarc271/git/jbake-testing-and-verification/jbake-core/build/resources/test/fixture/content/blog/2016/draft-post.html]...  : new 
18:58:12.393 DEBUG org.jbake.parser.MarkupEngine - Header separator found
18:58:12.393 WARN  org.jbake.parser.MarkupEngine - Parsing skipped (missing type or status value in header meta data) for file /home/csmajs/jgarc271/git/jbake-testing-and-verification/jbake-core/build/resources/test/fixture/content/blog/invalid_header.html!
18:58:12.393 WARN  org.jbake.app.Crawler - /home/csmajs/jgarc271/git/jbake-testing-and-verification/jbake-core/build/resources/test/fixture/content/blog/invalid_header.html has an invalid header, it has been ignored!
18:58:12.393 INFO  org.jbake.app.Crawler - Processing [/home/csmajs/jgarc271/git/jbake-testing-and-verification/jbake-core/build/resources/test/fixture/content/blog/invalid_header.html]...  : new 
18:58:12.394 DEBUG org.jbake.parser.MarkupEngine - Type property found
18:58:12.394 DEBUG org.jbake.parser.MarkupEngine - Status property found
18:58:12.394 DEBUG org.jbake.parser.MarkupEngine - Header separator found
18:58:12.394 INFO  org.jbake.app.Crawler - Processing [/home/csmajs/jgarc271/git/jbake-testing-and-verification/jbake-core/build/resources/test/fixture/content/index2.html]...  : new 
18:58:12.396 DEBUG org.jbake.parser.MarkupEngine - Type property found
18:58:12.396 DEBUG org.jbake.parser.MarkupEngine - Status property found
18:58:12.396 DEBUG org.jbake.parser.MarkupEngine - Header separator found
18:58:16.287 INFO  org.jbake.app.Crawler - Processing [/home/csmajs/jgarc271/git/jbake-testing-and-verification/jbake-core/build/resources/test/fixture/content/papers/draft-paper.html]...  : new 
18:58:16.290 DEBUG org.jbake.parser.MarkupEngine - Type property found
18:58:16.290 DEBUG org.jbake.parser.MarkupEngine - Status property found
18:58:16.290 DEBUG org.jbake.parser.MarkupEngine - Header separator found
18:58:16.290 INFO  org.jbake.app.Crawler - Processing [/home/csmajs/jgarc271/git/jbake-testing-and-verification/jbake-core/build/resources/test/fixture/content/papers/published-paper.html]...  : new 
18:58:16.291 DEBUG org.jbake.parser.MarkupEngine - Type property found
18:58:16.291 DEBUG org.jbake.parser.MarkupEngine - Status property found
18:58:16.291 DEBUG org.jbake.parser.MarkupEngine - Header separator found
18:58:16.292 INFO  org.jbake.app.Crawler - Processing [/home/csmajs/jgarc271/git/jbake-testing-and-verification/jbake-core/build/resources/test/fixture/content/projects.html]...  : new 
18:58:16.292 INFO  org.jbake.app.Crawler - Content detected:
18:58:16.292 INFO  org.jbake.app.Crawler - Parsed 3 files of type: page
18:58:16.292 INFO  org.jbake.app.Crawler - Parsed 4 files of type: post
18:58:16.344 INFO  org.jbake.app.Renderer - Rendering feed [/tmp/junit7027469358490946261/feed.xml]... done!
18:58:17.204 INFO  c.o.orient.core.db.OrientDBEmbedded - WAL maximum segment size is set to 6,144 MB
18:58:17.205 INFO  c.o.o.c.s.i.l.p.w.c.OCASDiskWriteAheadLog - Direct IO for WAL located in /tmp/junit7027469358490946261/documents1584064433373/tmp/junit7027469358490946261/documents1584064433373 is allowed with block size 4096 bytes.
18:58:17.205 INFO  c.o.o.c.s.i.l.p.w.c.OCASDiskWriteAheadLog - Page size for WAL located in /tmp/junit7027469358490946261/documents1584064433373/tmp/junit7027469358490946261/documents1584064433373 is set to 4096 bytes.
18:58:17.834 INFO  c.o.o.c.s.d.OLocalPaginatedStorage - Storage 'plocal:/tmp/junit7027469358490946261/documents1584064433373//tmp/junit7027469358490946261/documents1584064433373' is created under OrientDB distribution : 3.0.14 - Veloce (build ac128c5a9ba4c6dc9d25a32b92962d8863774423, branch 3.0.x)
18:58:27.029 DEBUG org.jbake.app.ContentStore - Create document class 'page'
18:58:31.054 DEBUG org.jbake.app.ContentStore - Create document class 'post'
18:58:35.316 DEBUG org.jbake.app.ContentStore - Create document class 'masterindex'
18:58:39.395 DEBUG org.jbake.app.ContentStore - Create document class 'archive'
18:58:43.560 DEBUG org.jbake.app.ContentStore - Create document class 'feed'
18:58:52.155 DEBUG org.jbake.parser.MarkupEngine - Type property found
18:58:52.155 DEBUG org.jbake.parser.MarkupEngine - Status property found
18:58:52.155 DEBUG org.jbake.parser.MarkupEngine - Header separator found
18:58:52.156 INFO  org.jbake.app.Crawler - Processing [/home/csmajs/jgarc271/git/jbake-testing-and-verification/jbake-core/build/resources/test/fixture/content/about.html]...  : new 
18:58:52.157 DEBUG org.jbake.parser.MarkupEngine - Type property found
18:58:52.157 DEBUG org.jbake.parser.MarkupEngine - Status property found
18:58:52.157 DEBUG org.jbake.parser.MarkupEngine - Header separator found
18:58:56.019 INFO  org.jbake.app.Crawler - Processing [/home/csmajs/jgarc271/git/jbake-testing-and-verification/jbake-core/build/resources/test/fixture/content/allcontent.html]...  : new 
18:58:56.023 DEBUG org.jbake.parser.MarkupEngine - Type property found
18:58:56.023 DEBUG org.jbake.parser.MarkupEngine - Status property found
18:58:56.023 DEBUG org.jbake.parser.MarkupEngine - Header separator found
18:58:56.024 INFO  org.jbake.app.Crawler - Processing [/home/csmajs/jgarc271/git/jbake-testing-and-verification/jbake-core/build/resources/test/fixture/content/blog/2012/first-post.html]...  : new 
18:58:56.027 DEBUG org.jbake.parser.MarkupEngine - Type property found
18:58:56.027 DEBUG org.jbake.parser.MarkupEngine - Status property found
18:58:56.027 DEBUG org.jbake.parser.MarkupEngine - Header separator found
18:58:56.027 INFO  org.jbake.app.Crawler - Processing [/home/csmajs/jgarc271/git/jbake-testing-and-verification/jbake-core/build/resources/test/fixture/content/blog/2013/second-post.html]...  : new 
18:58:56.029 DEBUG org.jbake.parser.MarkupEngine - Type property found
18:58:56.029 DEBUG org.jbake.parser.MarkupEngine - Status property found
18:58:56.029 DEBUG org.jbake.parser.MarkupEngine - Header separator found
18:58:56.029 INFO  org.jbake.app.Crawler - Processing [/home/csmajs/jgarc271/git/jbake-testing-and-verification/jbake-core/build/resources/test/fixture/content/blog/2016/another-post.html]...  : new 
18:58:56.030 DEBUG org.jbake.parser.MarkupEngine - Type property found
18:58:56.030 DEBUG org.jbake.parser.MarkupEngine - Status property found
18:58:56.030 DEBUG org.jbake.parser.MarkupEngine - Header separator found
18:58:56.031 INFO  org.jbake.app.Crawler - Processing [/home/csmajs/jgarc271/git/jbake-testing-and-verification/jbake-core/build/resources/test/fixture/content/blog/2016/draft-post.html]...  : new 
18:58:56.032 DEBUG org.jbake.parser.MarkupEngine - Header separator found
18:58:56.032 WARN  org.jbake.parser.MarkupEngine - Parsing skipped (missing type or status value in header meta data) for file /home/csmajs/jgarc271/git/jbake-testing-and-verification/jbake-core/build/resources/test/fixture/content/blog/invalid_header.html!
18:58:56.032 WARN  org.jbake.app.Crawler - /home/csmajs/jgarc271/git/jbake-testing-and-verification/jbake-core/build/resources/test/fixture/content/blog/invalid_header.html has an invalid header, it has been ignored!
18:58:56.032 INFO  org.jbake.app.Crawler - Processing [/home/csmajs/jgarc271/git/jbake-testing-and-verification/jbake-core/build/resources/test/fixture/content/blog/invalid_header.html]...  : new 
18:58:56.033 DEBUG org.jbake.parser.MarkupEngine - Type property found
18:58:56.033 DEBUG org.jbake.parser.MarkupEngine - Status property found
18:58:56.033 DEBUG org.jbake.parser.MarkupEngine - Header separator found
18:58:56.034 INFO  org.jbake.app.Crawler - Processing [/home/csmajs/jgarc271/git/jbake-testing-and-verification/jbake-core/build/resources/test/fixture/content/index2.html]...  : new 
18:58:56.035 DEBUG org.jbake.parser.MarkupEngine - Type property found
18:58:56.035 DEBUG org.jbake.parser.MarkupEngine - Status property found
18:58:56.035 DEBUG org.jbake.parser.MarkupEngine - Header separator found
18:59:00.186 INFO  org.jbake.app.Crawler - Processing [/home/csmajs/jgarc271/git/jbake-testing-and-verification/jbake-core/build/resources/test/fixture/content/papers/draft-paper.html]...  : new 
18:59:00.188 DEBUG org.jbake.parser.MarkupEngine - Type property found
18:59:00.188 DEBUG org.jbake.parser.MarkupEngine - Status property found
18:59:00.188 DEBUG org.jbake.parser.MarkupEngine - Header separator found
18:59:00.189 INFO  org.jbake.app.Crawler - Processing [/home/csmajs/jgarc271/git/jbake-testing-and-verification/jbake-core/build/resources/test/fixture/content/papers/published-paper.html]...  : new 
18:59:00.190 DEBUG org.jbake.parser.MarkupEngine - Type property found
18:59:00.190 DEBUG org.jbake.parser.MarkupEngine - Status property found
18:59:00.190 DEBUG org.jbake.parser.MarkupEngine - Header separator found
18:59:00.191 INFO  org.jbake.app.Crawler - Processing [/home/csmajs/jgarc271/git/jbake-testing-and-verification/jbake-core/build/resources/test/fixture/content/projects.html]...  : new 
18:59:00.191 INFO  org.jbake.app.Crawler - Content detected:
18:59:00.191 INFO  org.jbake.app.Crawler - Parsed 3 files of type: page
18:59:00.191 INFO  org.jbake.app.Crawler - Parsed 4 files of type: post
18:59:00.202 DEBUG org.jbake.parser.MarkupEngine - Type property found
18:59:00.202 DEBUG org.jbake.parser.MarkupEngine - Status property found
18:59:00.202 DEBUG org.jbake.parser.MarkupEngine - Header separator found
18:59:00.338 INFO  org.jbake.app.Renderer - Rendering [/tmp/junit7027469358490946261/about.html]... done!
18:59:01.461 INFO  c.o.orient.core.db.OrientDBEmbedded - WAL maximum segment size is set to 6,144 MB
18:59:01.463 INFO  c.o.o.c.s.i.l.p.w.c.OCASDiskWriteAheadLog - Direct IO for WAL located in /tmp/junit7027469358490946261/documents1584064433373/tmp/junit7027469358490946261/documents1584064433373 is allowed with block size 4096 bytes.
18:59:01.463 INFO  c.o.o.c.s.i.l.p.w.c.OCASDiskWriteAheadLog - Page size for WAL located in /tmp/junit7027469358490946261/documents1584064433373/tmp/junit7027469358490946261/documents1584064433373 is set to 4096 bytes.
18:59:02.828 INFO  c.o.o.c.s.d.OLocalPaginatedStorage - Storage 'plocal:/tmp/junit7027469358490946261/documents1584064433373//tmp/junit7027469358490946261/documents1584064433373' is created under OrientDB distribution : 3.0.14 - Veloce (build ac128c5a9ba4c6dc9d25a32b92962d8863774423, branch 3.0.x)
18:59:12.439 DEBUG org.jbake.app.ContentStore - Create document class 'page'
18:59:16.496 DEBUG org.jbake.app.ContentStore - Create document class 'post'
18:59:20.565 DEBUG org.jbake.app.ContentStore - Create document class 'masterindex'
18:59:24.658 DEBUG org.jbake.app.ContentStore - Create document class 'archive'
18:59:28.861 DEBUG org.jbake.app.ContentStore - Create document class 'feed'
18:59:38.068 DEBUG org.jbake.parser.MarkupEngine - Type property found
18:59:38.068 DEBUG org.jbake.parser.MarkupEngine - Status property found
18:59:38.068 DEBUG org.jbake.parser.MarkupEngine - Header separator found
18:59:38.069 INFO  org.jbake.app.Crawler - Processing [/home/csmajs/jgarc271/git/jbake-testing-and-verification/jbake-core/build/resources/test/fixture/content/about.html]...  : new 
18:59:38.070 DEBUG org.jbake.parser.MarkupEngine - Type property found
18:59:38.070 DEBUG org.jbake.parser.MarkupEngine - Status property found
18:59:38.070 DEBUG org.jbake.parser.MarkupEngine - Header separator found
18:59:41.757 INFO  org.jbake.app.Crawler - Processing [/home/csmajs/jgarc271/git/jbake-testing-and-verification/jbake-core/build/resources/test/fixture/content/allcontent.html]...  : new 
18:59:41.762 DEBUG org.jbake.parser.MarkupEngine - Type property found
18:59:41.762 DEBUG org.jbake.parser.MarkupEngine - Status property found
18:59:41.762 DEBUG org.jbake.parser.MarkupEngine - Header separator found
18:59:41.763 INFO  org.jbake.app.Crawler - Processing [/home/csmajs/jgarc271/git/jbake-testing-and-verification/jbake-core/build/resources/test/fixture/content/blog/2012/first-post.html]...  : new 
18:59:41.765 DEBUG org.jbake.parser.MarkupEngine - Type property found
18:59:41.765 DEBUG org.jbake.parser.MarkupEngine - Status property found
18:59:41.765 DEBUG org.jbake.parser.MarkupEngine - Header separator found
18:59:41.766 INFO  org.jbake.app.Crawler - Processing [/home/csmajs/jgarc271/git/jbake-testing-and-verification/jbake-core/build/resources/test/fixture/content/blog/2013/second-post.html]...  : new 
18:59:41.768 DEBUG org.jbake.parser.MarkupEngine - Type property found
18:59:41.768 DEBUG org.jbake.parser.MarkupEngine - Status property found
18:59:41.768 DEBUG org.jbake.parser.MarkupEngine - Header separator found
18:59:41.768 INFO  org.jbake.app.Crawler - Processing [/home/csmajs/jgarc271/git/jbake-testing-and-verification/jbake-core/build/resources/test/fixture/content/blog/2016/another-post.html]...  : new 
18:59:41.769 DEBUG org.jbake.parser.MarkupEngine - Type property found
18:59:41.769 DEBUG org.jbake.parser.MarkupEngine - Status property found
18:59:41.769 DEBUG org.jbake.parser.MarkupEngine - Header separator found
18:59:41.770 INFO  org.jbake.app.Crawler - Processing [/home/csmajs/jgarc271/git/jbake-testing-and-verification/jbake-core/build/resources/test/fixture/content/blog/2016/draft-post.html]...  : new 
18:59:41.771 DEBUG org.jbake.parser.MarkupEngine - Header separator found
18:59:41.771 WARN  org.jbake.parser.MarkupEngine - Parsing skipped (missing type or status value in header meta data) for file /home/csmajs/jgarc271/git/jbake-testing-and-verification/jbake-core/build/resources/test/fixture/content/blog/invalid_header.html!
18:59:41.771 WARN  org.jbake.app.Crawler - /home/csmajs/jgarc271/git/jbake-testing-and-verification/jbake-core/build/resources/test/fixture/content/blog/invalid_header.html has an invalid header, it has been ignored!
18:59:41.771 INFO  org.jbake.app.Crawler - Processing [/home/csmajs/jgarc271/git/jbake-testing-and-verification/jbake-core/build/resources/test/fixture/content/blog/invalid_header.html]...  : new 
18:59:41.772 DEBUG org.jbake.parser.MarkupEngine - Type property found
18:59:41.772 DEBUG org.jbake.parser.MarkupEngine - Status property found
18:59:41.772 DEBUG org.jbake.parser.MarkupEngine - Header separator found
18:59:41.773 INFO  org.jbake.app.Crawler - Processing [/home/csmajs/jgarc271/git/jbake-testing-and-verification/jbake-core/build/resources/test/fixture/content/index2.html]...  : new 
18:59:41.774 DEBUG org.jbake.parser.MarkupEngine - Type property found
18:59:41.774 DEBUG org.jbake.parser.MarkupEngine - Status property found
18:59:41.774 DEBUG org.jbake.parser.MarkupEngine - Header separator found
18:59:45.426 INFO  org.jbake.app.Crawler - Processing [/home/csmajs/jgarc271/git/jbake-testing-and-verification/jbake-core/build/resources/test/fixture/content/papers/draft-paper.html]...  : new 
18:59:45.428 DEBUG org.jbake.parser.MarkupEngine - Type property found
18:59:45.428 DEBUG org.jbake.parser.MarkupEngine - Status property found
18:59:45.428 DEBUG org.jbake.parser.MarkupEngine - Header separator found
18:59:45.429 INFO  org.jbake.app.Crawler - Processing [/home/csmajs/jgarc271/git/jbake-testing-and-verification/jbake-core/build/resources/test/fixture/content/papers/published-paper.html]...  : new 
18:59:45.430 DEBUG org.jbake.parser.MarkupEngine - Type property found
18:59:45.430 DEBUG org.jbake.parser.MarkupEngine - Status property found
18:59:45.430 DEBUG org.jbake.parser.MarkupEngine - Header separator found
18:59:45.430 INFO  org.jbake.app.Crawler - Processing [/home/csmajs/jgarc271/git/jbake-testing-and-verification/jbake-core/build/resources/test/fixture/content/projects.html]...  : new 
18:59:45.430 INFO  org.jbake.app.Crawler - Content detected:
18:59:45.431 INFO  org.jbake.app.Crawler - Parsed 3 files of type: page
18:59:45.431 INFO  org.jbake.app.Crawler - Parsed 4 files of type: post
18:59:45.442 DEBUG org.jbake.parser.MarkupEngine - Type property found
18:59:45.442 DEBUG org.jbake.parser.MarkupEngine - Status property found
18:59:45.442 DEBUG org.jbake.parser.MarkupEngine - Header separator found
18:59:45.572 INFO  org.jbake.app.Renderer - Rendering [/tmp/junit7027469358490946261/second-post.html]... done!
18:59:46.574 INFO  c.o.orient.core.db.OrientDBEmbedded - WAL maximum segment size is set to 6,144 MB
18:59:46.576 INFO  c.o.o.c.s.i.l.p.w.c.OCASDiskWriteAheadLog - Direct IO for WAL located in /tmp/junit7027469358490946261/documents1584064433373/tmp/junit7027469358490946261/documents1584064433373 is allowed with block size 4096 bytes.
18:59:46.576 INFO  c.o.o.c.s.i.l.p.w.c.OCASDiskWriteAheadLog - Page size for WAL located in /tmp/junit7027469358490946261/documents1584064433373/tmp/junit7027469358490946261/documents1584064433373 is set to 4096 bytes.
18:59:47.181 INFO  c.o.o.c.s.d.OLocalPaginatedStorage - Storage 'plocal:/tmp/junit7027469358490946261/documents1584064433373//tmp/junit7027469358490946261/documents1584064433373' is created under OrientDB distribution : 3.0.14 - Veloce (build ac128c5a9ba4c6dc9d25a32b92962d8863774423, branch 3.0.x)
18:59:56.571 DEBUG org.jbake.app.ContentStore - Create document class 'page'
19:00:00.742 DEBUG org.jbake.app.ContentStore - Create document class 'post'
19:00:04.972 DEBUG org.jbake.app.ContentStore - Create document class 'masterindex'
19:00:09.125 DEBUG org.jbake.app.ContentStore - Create document class 'archive'
19:00:13.266 DEBUG org.jbake.app.ContentStore - Create document class 'feed'
19:00:21.284 DEBUG org.jbake.parser.MarkupEngine - Type property found
19:00:21.284 DEBUG org.jbake.parser.MarkupEngine - Status property found
19:00:21.284 DEBUG org.jbake.parser.MarkupEngine - Header separator found
19:00:21.285 INFO  org.jbake.app.Crawler - Processing [/home/csmajs/jgarc271/git/jbake-testing-and-verification/jbake-core/build/resources/test/fixture/content/about.html]...  : new 
19:00:21.287 DEBUG org.jbake.parser.MarkupEngine - Type property found
19:00:21.287 DEBUG org.jbake.parser.MarkupEngine - Status property found
19:00:21.287 DEBUG org.jbake.parser.MarkupEngine - Header separator found
19:00:25.447 INFO  org.jbake.app.Crawler - Processing [/home/csmajs/jgarc271/git/jbake-testing-and-verification/jbake-core/build/resources/test/fixture/content/allcontent.html]...  : new 
19:00:25.451 DEBUG org.jbake.parser.MarkupEngine - Type property found
19:00:25.451 DEBUG org.jbake.parser.MarkupEngine - Status property found
19:00:25.451 DEBUG org.jbake.parser.MarkupEngine - Header separator found
19:00:25.452 INFO  org.jbake.app.Crawler - Processing [/home/csmajs/jgarc271/git/jbake-testing-and-verification/jbake-core/build/resources/test/fixture/content/blog/2012/first-post.html]...  : new 
19:00:25.455 DEBUG org.jbake.parser.MarkupEngine - Type property found
19:00:25.455 DEBUG org.jbake.parser.MarkupEngine - Status property found
19:00:25.455 DEBUG org.jbake.parser.MarkupEngine - Header separator found
19:00:25.455 INFO  org.jbake.app.Crawler - Processing [/home/csmajs/jgarc271/git/jbake-testing-and-verification/jbake-core/build/resources/test/fixture/content/blog/2013/second-post.html]...  : new 
19:00:25.457 DEBUG org.jbake.parser.MarkupEngine - Type property found
19:00:25.457 DEBUG org.jbake.parser.MarkupEngine - Status property found
19:00:25.457 DEBUG org.jbake.parser.MarkupEngine - Header separator found
19:00:25.457 INFO  org.jbake.app.Crawler - Processing [/home/csmajs/jgarc271/git/jbake-testing-and-verification/jbake-core/build/resources/test/fixture/content/blog/2016/another-post.html]...  : new 
19:00:25.458 DEBUG org.jbake.parser.MarkupEngine - Type property found
19:00:25.459 DEBUG org.jbake.parser.MarkupEngine - Status property found
19:00:25.459 DEBUG org.jbake.parser.MarkupEngine - Header separator found
19:00:25.459 INFO  org.jbake.app.Crawler - Processing [/home/csmajs/jgarc271/git/jbake-testing-and-verification/jbake-core/build/resources/test/fixture/content/blog/2016/draft-post.html]...  : new 
19:00:25.460 DEBUG org.jbake.parser.MarkupEngine - Header separator found
19:00:25.460 WARN  org.jbake.parser.MarkupEngine - Parsing skipped (missing type or status value in header meta data) for file /home/csmajs/jgarc271/git/jbake-testing-and-verification/jbake-core/build/resources/test/fixture/content/blog/invalid_header.html!
19:00:25.460 WARN  org.jbake.app.Crawler - /home/csmajs/jgarc271/git/jbake-testing-and-verification/jbake-core/build/resources/test/fixture/content/blog/invalid_header.html has an invalid header, it has been ignored!
19:00:25.460 INFO  org.jbake.app.Crawler - Processing [/home/csmajs/jgarc271/git/jbake-testing-and-verification/jbake-core/build/resources/test/fixture/content/blog/invalid_header.html]...  : new 
19:00:25.461 DEBUG org.jbake.parser.MarkupEngine - Type property found
19:00:25.461 DEBUG org.jbake.parser.MarkupEngine - Status property found
19:00:25.461 DEBUG org.jbake.parser.MarkupEngine - Header separator found
19:00:25.462 INFO  org.jbake.app.Crawler - Processing [/home/csmajs/jgarc271/git/jbake-testing-and-verification/jbake-core/build/resources/test/fixture/content/index2.html]...  : new 
19:00:25.463 DEBUG org.jbake.parser.MarkupEngine - Type property found
19:00:25.463 DEBUG org.jbake.parser.MarkupEngine - Status property found
19:00:25.463 DEBUG org.jbake.parser.MarkupEngine - Header separator found
19:00:29.207 INFO  org.jbake.app.Crawler - Processing [/home/csmajs/jgarc271/git/jbake-testing-and-verification/jbake-core/build/resources/test/fixture/content/papers/draft-paper.html]...  : new 
19:00:29.209 DEBUG org.jbake.parser.MarkupEngine - Type property found
19:00:29.209 DEBUG org.jbake.parser.MarkupEngine - Status property found
19:00:29.209 DEBUG org.jbake.parser.MarkupEngine - Header separator found
19:00:29.210 INFO  org.jbake.app.Crawler - Processing [/home/csmajs/jgarc271/git/jbake-testing-and-verification/jbake-core/build/resources/test/fixture/content/papers/published-paper.html]...  : new 
19:00:29.211 DEBUG org.jbake.parser.MarkupEngine - Type property found
19:00:29.211 DEBUG org.jbake.parser.MarkupEngine - Status property found
19:00:29.211 DEBUG org.jbake.parser.MarkupEngine - Header separator found
19:00:29.211 INFO  org.jbake.app.Crawler - Processing [/home/csmajs/jgarc271/git/jbake-testing-and-verification/jbake-core/build/resources/test/fixture/content/projects.html]...  : new 
19:00:29.212 INFO  org.jbake.app.Crawler - Content detected:
19:00:29.212 INFO  org.jbake.app.Crawler - Parsed 3 files of type: page
19:00:29.212 INFO  org.jbake.app.Crawler - Parsed 4 files of type: post
19:00:29.228 INFO  o.j.t.DelegatingTemplateEngine - Default template: tags.ftl was not found, searching for others...
19:00:29.228 INFO  o.j.t.DelegatingTemplateEngine - Found alternative template file: tags.tpl using this instead
19:00:29.379 INFO  org.jbake.app.Renderer - Rendering tag [/tmp/junit7027469358490946261/tags/blog.html]... done!
19:00:29.381 INFO  o.j.t.DelegatingTemplateEngine - Default template: tags-index.ftl was not found, searching for others...
19:00:29.381 INFO  o.j.t.DelegatingTemplateEngine - Found alternative template file: tags-index.tpl using this instead
19:00:29.415 INFO  org.jbake.app.Renderer - Rendering tagindex [/tmp/junit7027469358490946261/tags/index.html]... done!
19:00:30.315 INFO  c.o.orient.core.db.OrientDBEmbedded - WAL maximum segment size is set to 6,144 MB
19:00:30.316 INFO  c.o.o.c.s.i.l.p.w.c.OCASDiskWriteAheadLog - Direct IO for WAL located in /tmp/junit7027469358490946261/documents1584064433373/tmp/junit7027469358490946261/documents1584064433373 is allowed with block size 4096 bytes.
19:00:30.316 INFO  c.o.o.c.s.i.l.p.w.c.OCASDiskWriteAheadLog - Page size for WAL located in /tmp/junit7027469358490946261/documents1584064433373/tmp/junit7027469358490946261/documents1584064433373 is set to 4096 bytes.
19:00:30.920 INFO  c.o.o.c.s.d.OLocalPaginatedStorage - Storage 'plocal:/tmp/junit7027469358490946261/documents1584064433373//tmp/junit7027469358490946261/documents1584064433373' is created under OrientDB distribution : 3.0.14 - Veloce (build ac128c5a9ba4c6dc9d25a32b92962d8863774423, branch 3.0.x)
19:00:40.245 DEBUG org.jbake.app.ContentStore - Create document class 'page'
19:00:44.584 DEBUG org.jbake.app.ContentStore - Create document class 'post'
19:00:48.822 DEBUG org.jbake.app.ContentStore - Create document class 'masterindex'
19:00:53.017 DEBUG org.jbake.app.ContentStore - Create document class 'archive'
19:00:57.171 DEBUG org.jbake.app.ContentStore - Create document class 'feed'
19:01:05.259 DEBUG org.jbake.parser.MarkupEngine - Type property found
19:01:05.259 DEBUG org.jbake.parser.MarkupEngine - Status property found
19:01:05.259 DEBUG org.jbake.parser.MarkupEngine - Header separator found
19:01:05.260 INFO  org.jbake.app.Crawler - Processing [/home/csmajs/jgarc271/git/jbake-testing-and-verification/jbake-core/build/resources/test/fixture/content/about.html]...  : new 
19:01:05.261 DEBUG org.jbake.parser.MarkupEngine - Type property found
19:01:05.261 DEBUG org.jbake.parser.MarkupEngine - Status property found
19:01:05.261 DEBUG org.jbake.parser.MarkupEngine - Header separator found
19:01:09.928 INFO  org.jbake.app.Crawler - Processing [/home/csmajs/jgarc271/git/jbake-testing-and-verification/jbake-core/build/resources/test/fixture/content/allcontent.html]...  : new 
19:01:09.932 DEBUG org.jbake.parser.MarkupEngine - Type property found
19:01:09.932 DEBUG org.jbake.parser.MarkupEngine - Status property found
19:01:09.932 DEBUG org.jbake.parser.MarkupEngine - Header separator found
19:01:09.933 INFO  org.jbake.app.Crawler - Processing [/home/csmajs/jgarc271/git/jbake-testing-and-verification/jbake-core/build/resources/test/fixture/content/blog/2012/first-post.html]...  : new 
19:01:09.936 DEBUG org.jbake.parser.MarkupEngine - Type property found
19:01:09.936 DEBUG org.jbake.parser.MarkupEngine - Status property found
19:01:09.936 DEBUG org.jbake.parser.MarkupEngine - Header separator found
19:01:09.936 INFO  org.jbake.app.Crawler - Processing [/home/csmajs/jgarc271/git/jbake-testing-and-verification/jbake-core/build/resources/test/fixture/content/blog/2013/second-post.html]...  : new 
19:01:09.938 DEBUG org.jbake.parser.MarkupEngine - Type property found
19:01:09.938 DEBUG org.jbake.parser.MarkupEngine - Status property found
19:01:09.938 DEBUG org.jbake.parser.MarkupEngine - Header separator found
19:01:09.939 INFO  org.jbake.app.Crawler - Processing [/home/csmajs/jgarc271/git/jbake-testing-and-verification/jbake-core/build/resources/test/fixture/content/blog/2016/another-post.html]...  : new 
19:01:09.940 DEBUG org.jbake.parser.MarkupEngine - Type property found
19:01:09.940 DEBUG org.jbake.parser.MarkupEngine - Status property found
19:01:09.940 DEBUG org.jbake.parser.MarkupEngine - Header separator found
19:01:09.940 INFO  org.jbake.app.Crawler - Processing [/home/csmajs/jgarc271/git/jbake-testing-and-verification/jbake-core/build/resources/test/fixture/content/blog/2016/draft-post.html]...  : new 
19:01:09.942 DEBUG org.jbake.parser.MarkupEngine - Header separator found
19:01:09.942 WARN  org.jbake.parser.MarkupEngine - Parsing skipped (missing type or status value in header meta data) for file /home/csmajs/jgarc271/git/jbake-testing-and-verification/jbake-core/build/resources/test/fixture/content/blog/invalid_header.html!
19:01:09.942 WARN  org.jbake.app.Crawler - /home/csmajs/jgarc271/git/jbake-testing-and-verification/jbake-core/build/resources/test/fixture/content/blog/invalid_header.html has an invalid header, it has been ignored!
19:01:09.942 INFO  org.jbake.app.Crawler - Processing [/home/csmajs/jgarc271/git/jbake-testing-and-verification/jbake-core/build/resources/test/fixture/content/blog/invalid_header.html]...  : new 
19:01:09.943 DEBUG org.jbake.parser.MarkupEngine - Type property found
19:01:09.943 DEBUG org.jbake.parser.MarkupEngine - Status property found
19:01:09.943 DEBUG org.jbake.parser.MarkupEngine - Header separator found
19:01:09.944 INFO  org.jbake.app.Crawler - Processing [/home/csmajs/jgarc271/git/jbake-testing-and-verification/jbake-core/build/resources/test/fixture/content/index2.html]...  : new 
19:01:09.945 DEBUG org.jbake.parser.MarkupEngine - Type property found
19:01:09.945 DEBUG org.jbake.parser.MarkupEngine - Status property found
19:01:09.945 DEBUG org.jbake.parser.MarkupEngine - Header separator found
19:01:13.651 INFO  org.jbake.app.Crawler - Processing [/home/csmajs/jgarc271/git/jbake-testing-and-verification/jbake-core/build/resources/test/fixture/content/papers/draft-paper.html]...  : new 
19:01:13.654 DEBUG org.jbake.parser.MarkupEngine - Type property found
19:01:13.654 DEBUG org.jbake.parser.MarkupEngine - Status property found
19:01:13.654 DEBUG org.jbake.parser.MarkupEngine - Header separator found
19:01:13.655 INFO  org.jbake.app.Crawler - Processing [/home/csmajs/jgarc271/git/jbake-testing-and-verification/jbake-core/build/resources/test/fixture/content/papers/published-paper.html]...  : new 
19:01:13.656 DEBUG org.jbake.parser.MarkupEngine - Type property found
19:01:13.656 DEBUG org.jbake.parser.MarkupEngine - Status property found
19:01:13.656 DEBUG org.jbake.parser.MarkupEngine - Header separator found
19:01:13.656 INFO  org.jbake.app.Crawler - Processing [/home/csmajs/jgarc271/git/jbake-testing-and-verification/jbake-core/build/resources/test/fixture/content/projects.html]...  : new 
19:01:13.656 INFO  org.jbake.app.Crawler - Content detected:
19:01:13.657 INFO  org.jbake.app.Crawler - Parsed 3 files of type: page
19:01:13.657 INFO  org.jbake.app.Crawler - Parsed 4 files of type: post
19:01:13.668 INFO  org.jbake.template.ModelExtractors - register new extractors for document type: paper
19:01:13.671 INFO  o.j.t.DelegatingTemplateEngine - Default template: sitemap.ftl was not found, searching for others...
19:01:13.671 INFO  o.j.t.DelegatingTemplateEngine - Found alternative template file: sitemap.tpl using this instead
19:01:13.702 INFO  org.jbake.app.Renderer - Rendering sitemap [/tmp/junit7027469358490946261/sitemap.xml]... done!
]]></system-out>
  <system-err><![CDATA[]]></system-err>
</testsuite>
