<?xml version="1.0" encoding="UTF-8"?>
<testsuite name="org.jbake.app.template.GroovyTemplateEngineRenderingTest" tests="9" skipped="0" failures="0" errors="0" timestamp="2020-03-13T01:53:17" hostname="bolt.cs.ucr.edu" time="12.631">
  <properties/>
  <testcase name="renderIndex" classname="org.jbake.app.template.GroovyTemplateEngineRenderingTest" time="1.937"/>
  <testcase name="renderArchive" classname="org.jbake.app.template.GroovyTemplateEngineRenderingTest" time="1.376"/>
  <testcase name="checkDbTemplateModelIsPopulated" classname="org.jbake.app.template.GroovyTemplateEngineRenderingTest" time="1.327"/>
  <testcase name="renderTagsIndex" classname="org.jbake.app.template.GroovyTemplateEngineRenderingTest" time="1.391"/>
  <testcase name="renderFeed" classname="org.jbake.app.template.GroovyTemplateEngineRenderingTest" time="1.286"/>
  <testcase name="renderPage" classname="org.jbake.app.template.GroovyTemplateEngineRenderingTest" time="1.301"/>
  <testcase name="renderPost" classname="org.jbake.app.template.GroovyTemplateEngineRenderingTest" time="1.311"/>
  <testcase name="renderTags" classname="org.jbake.app.template.GroovyTemplateEngineRenderingTest" time="1.348"/>
  <testcase name="renderSitemap" classname="org.jbake.app.template.GroovyTemplateEngineRenderingTest" time="1.354"/>
  <system-out><![CDATA[18:53:17.350 INFO  c.o.o.c.s.m.ODirectMemoryStorage - Storage 'memory:/tmp/junit8103561127533185/documents1584064382924' is created under OrientDB distribution : 3.0.14 - Veloce (build ac128c5a9ba4c6dc9d25a32b92962d8863774423, branch 3.0.x)
18:53:18.363 DEBUG org.jbake.app.ContentStore - Create document class 'page'
18:53:18.387 DEBUG org.jbake.app.ContentStore - Create document class 'post'
18:53:18.414 DEBUG org.jbake.app.ContentStore - Create document class 'masterindex'
18:53:18.444 DEBUG org.jbake.app.ContentStore - Create document class 'archive'
18:53:18.477 DEBUG org.jbake.app.ContentStore - Create document class 'feed'
18:53:18.537 DEBUG org.jbake.parser.MarkupEngine - Type property found
18:53:18.537 DEBUG org.jbake.parser.MarkupEngine - Status property found
18:53:18.537 DEBUG org.jbake.parser.MarkupEngine - Header separator found
18:53:18.537 INFO  org.jbake.app.Crawler - Processing [/home/csmajs/jgarc271/git/jbake-testing-and-verification/jbake-core/build/resources/test/fixture/content/about.html]...  : new 
18:53:18.539 DEBUG org.jbake.parser.MarkupEngine - Type property found
18:53:18.539 DEBUG org.jbake.parser.MarkupEngine - Status property found
18:53:18.539 DEBUG org.jbake.parser.MarkupEngine - Header separator found
18:53:18.558 INFO  org.jbake.app.Crawler - Processing [/home/csmajs/jgarc271/git/jbake-testing-and-verification/jbake-core/build/resources/test/fixture/content/allcontent.html]...  : new 
18:53:18.563 DEBUG org.jbake.parser.MarkupEngine - Type property found
18:53:18.563 DEBUG org.jbake.parser.MarkupEngine - Status property found
18:53:18.563 DEBUG org.jbake.parser.MarkupEngine - Header separator found
18:53:18.563 INFO  org.jbake.app.Crawler - Processing [/home/csmajs/jgarc271/git/jbake-testing-and-verification/jbake-core/build/resources/test/fixture/content/blog/2012/first-post.html]...  : new 
18:53:18.566 DEBUG org.jbake.parser.MarkupEngine - Type property found
18:53:18.566 DEBUG org.jbake.parser.MarkupEngine - Status property found
18:53:18.566 DEBUG org.jbake.parser.MarkupEngine - Header separator found
18:53:18.567 INFO  org.jbake.app.Crawler - Processing [/home/csmajs/jgarc271/git/jbake-testing-and-verification/jbake-core/build/resources/test/fixture/content/blog/2013/second-post.html]...  : new 
18:53:18.569 DEBUG org.jbake.parser.MarkupEngine - Type property found
18:53:18.569 DEBUG org.jbake.parser.MarkupEngine - Status property found
18:53:18.569 DEBUG org.jbake.parser.MarkupEngine - Header separator found
18:53:18.570 INFO  org.jbake.app.Crawler - Processing [/home/csmajs/jgarc271/git/jbake-testing-and-verification/jbake-core/build/resources/test/fixture/content/blog/2016/another-post.html]...  : new 
18:53:18.571 DEBUG org.jbake.parser.MarkupEngine - Type property found
18:53:18.571 DEBUG org.jbake.parser.MarkupEngine - Status property found
18:53:18.571 DEBUG org.jbake.parser.MarkupEngine - Header separator found
18:53:18.572 INFO  org.jbake.app.Crawler - Processing [/home/csmajs/jgarc271/git/jbake-testing-and-verification/jbake-core/build/resources/test/fixture/content/blog/2016/draft-post.html]...  : new 
18:53:18.573 DEBUG org.jbake.parser.MarkupEngine - Header separator found
18:53:18.573 WARN  org.jbake.parser.MarkupEngine - Parsing skipped (missing type or status value in header meta data) for file /home/csmajs/jgarc271/git/jbake-testing-and-verification/jbake-core/build/resources/test/fixture/content/blog/invalid_header.html!
18:53:18.573 WARN  org.jbake.app.Crawler - /home/csmajs/jgarc271/git/jbake-testing-and-verification/jbake-core/build/resources/test/fixture/content/blog/invalid_header.html has an invalid header, it has been ignored!
18:53:18.573 INFO  org.jbake.app.Crawler - Processing [/home/csmajs/jgarc271/git/jbake-testing-and-verification/jbake-core/build/resources/test/fixture/content/blog/invalid_header.html]...  : new 
18:53:18.574 DEBUG org.jbake.parser.MarkupEngine - Type property found
18:53:18.574 DEBUG org.jbake.parser.MarkupEngine - Status property found
18:53:18.574 DEBUG org.jbake.parser.MarkupEngine - Header separator found
18:53:18.575 INFO  org.jbake.app.Crawler - Processing [/home/csmajs/jgarc271/git/jbake-testing-and-verification/jbake-core/build/resources/test/fixture/content/index2.html]...  : new 
18:53:18.577 DEBUG org.jbake.parser.MarkupEngine - Type property found
18:53:18.577 DEBUG org.jbake.parser.MarkupEngine - Status property found
18:53:18.577 DEBUG org.jbake.parser.MarkupEngine - Header separator found
18:53:18.595 INFO  org.jbake.app.Crawler - Processing [/home/csmajs/jgarc271/git/jbake-testing-and-verification/jbake-core/build/resources/test/fixture/content/papers/draft-paper.html]...  : new 
18:53:18.597 DEBUG org.jbake.parser.MarkupEngine - Type property found
18:53:18.597 DEBUG org.jbake.parser.MarkupEngine - Status property found
18:53:18.597 DEBUG org.jbake.parser.MarkupEngine - Header separator found
18:53:18.598 INFO  org.jbake.app.Crawler - Processing [/home/csmajs/jgarc271/git/jbake-testing-and-verification/jbake-core/build/resources/test/fixture/content/papers/published-paper.html]...  : new 
18:53:18.599 DEBUG org.jbake.parser.MarkupEngine - Type property found
18:53:18.599 DEBUG org.jbake.parser.MarkupEngine - Status property found
18:53:18.599 DEBUG org.jbake.parser.MarkupEngine - Header separator found
18:53:18.600 INFO  org.jbake.app.Crawler - Processing [/home/csmajs/jgarc271/git/jbake-testing-and-verification/jbake-core/build/resources/test/fixture/content/projects.html]...  : new 
18:53:18.600 INFO  org.jbake.app.Crawler - Content detected:
18:53:18.600 INFO  org.jbake.app.Crawler - Parsed 3 files of type: page
18:53:18.600 INFO  org.jbake.app.Crawler - Parsed 4 files of type: post
18:53:19.282 INFO  org.jbake.app.Renderer - Rendering masterindex [/tmp/junit2387722019259567857/index.html]... done!
18:53:19.287 INFO  c.o.o.c.s.m.ODirectMemoryStorage - Storage 'memory:/tmp/junit8103561127533185/documents1584064382924' is created under OrientDB distribution : 3.0.14 - Veloce (build ac128c5a9ba4c6dc9d25a32b92962d8863774423, branch 3.0.x)
18:53:20.296 DEBUG org.jbake.app.ContentStore - Create document class 'page'
18:53:20.319 DEBUG org.jbake.app.ContentStore - Create document class 'post'
18:53:20.345 DEBUG org.jbake.app.ContentStore - Create document class 'masterindex'
18:53:20.374 DEBUG org.jbake.app.ContentStore - Create document class 'archive'
18:53:20.406 DEBUG org.jbake.app.ContentStore - Create document class 'feed'
18:53:20.463 DEBUG org.jbake.parser.MarkupEngine - Type property found
18:53:20.463 DEBUG org.jbake.parser.MarkupEngine - Status property found
18:53:20.463 DEBUG org.jbake.parser.MarkupEngine - Header separator found
18:53:20.464 INFO  org.jbake.app.Crawler - Processing [/home/csmajs/jgarc271/git/jbake-testing-and-verification/jbake-core/build/resources/test/fixture/content/about.html]...  : new 
18:53:20.465 DEBUG org.jbake.parser.MarkupEngine - Type property found
18:53:20.465 DEBUG org.jbake.parser.MarkupEngine - Status property found
18:53:20.465 DEBUG org.jbake.parser.MarkupEngine - Header separator found
18:53:20.478 INFO  org.jbake.app.Crawler - Processing [/home/csmajs/jgarc271/git/jbake-testing-and-verification/jbake-core/build/resources/test/fixture/content/allcontent.html]...  : new 
18:53:20.483 DEBUG org.jbake.parser.MarkupEngine - Type property found
18:53:20.483 DEBUG org.jbake.parser.MarkupEngine - Status property found
18:53:20.483 DEBUG org.jbake.parser.MarkupEngine - Header separator found
18:53:20.484 INFO  org.jbake.app.Crawler - Processing [/home/csmajs/jgarc271/git/jbake-testing-and-verification/jbake-core/build/resources/test/fixture/content/blog/2012/first-post.html]...  : new 
18:53:20.487 DEBUG org.jbake.parser.MarkupEngine - Type property found
18:53:20.487 DEBUG org.jbake.parser.MarkupEngine - Status property found
18:53:20.487 DEBUG org.jbake.parser.MarkupEngine - Header separator found
18:53:20.487 INFO  org.jbake.app.Crawler - Processing [/home/csmajs/jgarc271/git/jbake-testing-and-verification/jbake-core/build/resources/test/fixture/content/blog/2013/second-post.html]...  : new 
18:53:20.489 DEBUG org.jbake.parser.MarkupEngine - Type property found
18:53:20.489 DEBUG org.jbake.parser.MarkupEngine - Status property found
18:53:20.489 DEBUG org.jbake.parser.MarkupEngine - Header separator found
18:53:20.490 INFO  org.jbake.app.Crawler - Processing [/home/csmajs/jgarc271/git/jbake-testing-and-verification/jbake-core/build/resources/test/fixture/content/blog/2016/another-post.html]...  : new 
18:53:20.491 DEBUG org.jbake.parser.MarkupEngine - Type property found
18:53:20.491 DEBUG org.jbake.parser.MarkupEngine - Status property found
18:53:20.491 DEBUG org.jbake.parser.MarkupEngine - Header separator found
18:53:20.492 INFO  org.jbake.app.Crawler - Processing [/home/csmajs/jgarc271/git/jbake-testing-and-verification/jbake-core/build/resources/test/fixture/content/blog/2016/draft-post.html]...  : new 
18:53:20.493 DEBUG org.jbake.parser.MarkupEngine - Header separator found
18:53:20.493 WARN  org.jbake.parser.MarkupEngine - Parsing skipped (missing type or status value in header meta data) for file /home/csmajs/jgarc271/git/jbake-testing-and-verification/jbake-core/build/resources/test/fixture/content/blog/invalid_header.html!
18:53:20.493 WARN  org.jbake.app.Crawler - /home/csmajs/jgarc271/git/jbake-testing-and-verification/jbake-core/build/resources/test/fixture/content/blog/invalid_header.html has an invalid header, it has been ignored!
18:53:20.493 INFO  org.jbake.app.Crawler - Processing [/home/csmajs/jgarc271/git/jbake-testing-and-verification/jbake-core/build/resources/test/fixture/content/blog/invalid_header.html]...  : new 
18:53:20.494 DEBUG org.jbake.parser.MarkupEngine - Type property found
18:53:20.494 DEBUG org.jbake.parser.MarkupEngine - Status property found
18:53:20.494 DEBUG org.jbake.parser.MarkupEngine - Header separator found
18:53:20.495 INFO  org.jbake.app.Crawler - Processing [/home/csmajs/jgarc271/git/jbake-testing-and-verification/jbake-core/build/resources/test/fixture/content/index2.html]...  : new 
18:53:20.496 DEBUG org.jbake.parser.MarkupEngine - Type property found
18:53:20.496 DEBUG org.jbake.parser.MarkupEngine - Status property found
18:53:20.496 DEBUG org.jbake.parser.MarkupEngine - Header separator found
18:53:20.511 INFO  org.jbake.app.Crawler - Processing [/home/csmajs/jgarc271/git/jbake-testing-and-verification/jbake-core/build/resources/test/fixture/content/papers/draft-paper.html]...  : new 
18:53:20.514 DEBUG org.jbake.parser.MarkupEngine - Type property found
18:53:20.514 DEBUG org.jbake.parser.MarkupEngine - Status property found
18:53:20.514 DEBUG org.jbake.parser.MarkupEngine - Header separator found
18:53:20.514 INFO  org.jbake.app.Crawler - Processing [/home/csmajs/jgarc271/git/jbake-testing-and-verification/jbake-core/build/resources/test/fixture/content/papers/published-paper.html]...  : new 
18:53:20.516 DEBUG org.jbake.parser.MarkupEngine - Type property found
18:53:20.516 DEBUG org.jbake.parser.MarkupEngine - Status property found
18:53:20.516 DEBUG org.jbake.parser.MarkupEngine - Header separator found
18:53:20.516 INFO  org.jbake.app.Crawler - Processing [/home/csmajs/jgarc271/git/jbake-testing-and-verification/jbake-core/build/resources/test/fixture/content/projects.html]...  : new 
18:53:20.516 INFO  org.jbake.app.Crawler - Content detected:
18:53:20.517 INFO  org.jbake.app.Crawler - Parsed 3 files of type: page
18:53:20.517 INFO  org.jbake.app.Crawler - Parsed 4 files of type: post
18:53:20.659 INFO  org.jbake.app.Renderer - Rendering archive [/tmp/junit2387722019259567857/archive.html]... done!
18:53:20.663 INFO  c.o.o.c.s.m.ODirectMemoryStorage - Storage 'memory:/tmp/junit8103561127533185/documents1584064382924' is created under OrientDB distribution : 3.0.14 - Veloce (build ac128c5a9ba4c6dc9d25a32b92962d8863774423, branch 3.0.x)
18:53:21.673 DEBUG org.jbake.app.ContentStore - Create document class 'page'
18:53:21.697 DEBUG org.jbake.app.ContentStore - Create document class 'post'
18:53:21.724 DEBUG org.jbake.app.ContentStore - Create document class 'masterindex'
18:53:21.754 DEBUG org.jbake.app.ContentStore - Create document class 'archive'
18:53:21.786 DEBUG org.jbake.app.ContentStore - Create document class 'feed'
18:53:21.844 DEBUG org.jbake.parser.MarkupEngine - Type property found
18:53:21.844 DEBUG org.jbake.parser.MarkupEngine - Status property found
18:53:21.844 DEBUG org.jbake.parser.MarkupEngine - Header separator found
18:53:21.845 INFO  org.jbake.app.Crawler - Processing [/home/csmajs/jgarc271/git/jbake-testing-and-verification/jbake-core/build/resources/test/fixture/content/about.html]...  : new 
18:53:21.846 DEBUG org.jbake.parser.MarkupEngine - Type property found
18:53:21.846 DEBUG org.jbake.parser.MarkupEngine - Status property found
18:53:21.846 DEBUG org.jbake.parser.MarkupEngine - Header separator found
18:53:21.860 INFO  org.jbake.app.Crawler - Processing [/home/csmajs/jgarc271/git/jbake-testing-and-verification/jbake-core/build/resources/test/fixture/content/allcontent.html]...  : new 
18:53:21.864 DEBUG org.jbake.parser.MarkupEngine - Type property found
18:53:21.864 DEBUG org.jbake.parser.MarkupEngine - Status property found
18:53:21.864 DEBUG org.jbake.parser.MarkupEngine - Header separator found
18:53:21.865 INFO  org.jbake.app.Crawler - Processing [/home/csmajs/jgarc271/git/jbake-testing-and-verification/jbake-core/build/resources/test/fixture/content/blog/2012/first-post.html]...  : new 
18:53:21.867 DEBUG org.jbake.parser.MarkupEngine - Type property found
18:53:21.868 DEBUG org.jbake.parser.MarkupEngine - Status property found
18:53:21.868 DEBUG org.jbake.parser.MarkupEngine - Header separator found
18:53:21.868 INFO  org.jbake.app.Crawler - Processing [/home/csmajs/jgarc271/git/jbake-testing-and-verification/jbake-core/build/resources/test/fixture/content/blog/2013/second-post.html]...  : new 
18:53:21.870 DEBUG org.jbake.parser.MarkupEngine - Type property found
18:53:21.870 DEBUG org.jbake.parser.MarkupEngine - Status property found
18:53:21.870 DEBUG org.jbake.parser.MarkupEngine - Header separator found
18:53:21.870 INFO  org.jbake.app.Crawler - Processing [/home/csmajs/jgarc271/git/jbake-testing-and-verification/jbake-core/build/resources/test/fixture/content/blog/2016/another-post.html]...  : new 
18:53:21.872 DEBUG org.jbake.parser.MarkupEngine - Type property found
18:53:21.872 DEBUG org.jbake.parser.MarkupEngine - Status property found
18:53:21.872 DEBUG org.jbake.parser.MarkupEngine - Header separator found
18:53:21.872 INFO  org.jbake.app.Crawler - Processing [/home/csmajs/jgarc271/git/jbake-testing-and-verification/jbake-core/build/resources/test/fixture/content/blog/2016/draft-post.html]...  : new 
18:53:21.873 DEBUG org.jbake.parser.MarkupEngine - Header separator found
18:53:21.873 WARN  org.jbake.parser.MarkupEngine - Parsing skipped (missing type or status value in header meta data) for file /home/csmajs/jgarc271/git/jbake-testing-and-verification/jbake-core/build/resources/test/fixture/content/blog/invalid_header.html!
18:53:21.873 WARN  org.jbake.app.Crawler - /home/csmajs/jgarc271/git/jbake-testing-and-verification/jbake-core/build/resources/test/fixture/content/blog/invalid_header.html has an invalid header, it has been ignored!
18:53:21.873 INFO  org.jbake.app.Crawler - Processing [/home/csmajs/jgarc271/git/jbake-testing-and-verification/jbake-core/build/resources/test/fixture/content/blog/invalid_header.html]...  : new 
18:53:21.875 DEBUG org.jbake.parser.MarkupEngine - Type property found
18:53:21.875 DEBUG org.jbake.parser.MarkupEngine - Status property found
18:53:21.875 DEBUG org.jbake.parser.MarkupEngine - Header separator found
18:53:21.875 INFO  org.jbake.app.Crawler - Processing [/home/csmajs/jgarc271/git/jbake-testing-and-verification/jbake-core/build/resources/test/fixture/content/index2.html]...  : new 
18:53:21.877 DEBUG org.jbake.parser.MarkupEngine - Type property found
18:53:21.877 DEBUG org.jbake.parser.MarkupEngine - Status property found
18:53:21.877 DEBUG org.jbake.parser.MarkupEngine - Header separator found
18:53:21.892 INFO  org.jbake.app.Crawler - Processing [/home/csmajs/jgarc271/git/jbake-testing-and-verification/jbake-core/build/resources/test/fixture/content/papers/draft-paper.html]...  : new 
18:53:21.894 DEBUG org.jbake.parser.MarkupEngine - Type property found
18:53:21.894 DEBUG org.jbake.parser.MarkupEngine - Status property found
18:53:21.894 DEBUG org.jbake.parser.MarkupEngine - Header separator found
18:53:21.895 INFO  org.jbake.app.Crawler - Processing [/home/csmajs/jgarc271/git/jbake-testing-and-verification/jbake-core/build/resources/test/fixture/content/papers/published-paper.html]...  : new 
18:53:21.896 DEBUG org.jbake.parser.MarkupEngine - Type property found
18:53:21.896 DEBUG org.jbake.parser.MarkupEngine - Status property found
18:53:21.896 DEBUG org.jbake.parser.MarkupEngine - Header separator found
18:53:21.897 INFO  org.jbake.app.Crawler - Processing [/home/csmajs/jgarc271/git/jbake-testing-and-verification/jbake-core/build/resources/test/fixture/content/projects.html]...  : new 
18:53:21.897 INFO  org.jbake.app.Crawler - Content detected:
18:53:21.897 INFO  org.jbake.app.Crawler - Parsed 3 files of type: page
18:53:21.897 INFO  org.jbake.app.Crawler - Parsed 4 files of type: post
18:53:21.986 INFO  org.jbake.app.Renderer - Rendering masterindex [/tmp/junit2387722019259567857/index.html]... done!
18:53:21.990 INFO  c.o.o.c.s.m.ODirectMemoryStorage - Storage 'memory:/tmp/junit8103561127533185/documents1584064382924' is created under OrientDB distribution : 3.0.14 - Veloce (build ac128c5a9ba4c6dc9d25a32b92962d8863774423, branch 3.0.x)
18:53:23.007 DEBUG org.jbake.app.ContentStore - Create document class 'page'
18:53:23.031 DEBUG org.jbake.app.ContentStore - Create document class 'post'
18:53:23.057 DEBUG org.jbake.app.ContentStore - Create document class 'masterindex'
18:53:23.086 DEBUG org.jbake.app.ContentStore - Create document class 'archive'
18:53:23.117 DEBUG org.jbake.app.ContentStore - Create document class 'feed'
18:53:23.173 DEBUG org.jbake.parser.MarkupEngine - Type property found
18:53:23.173 DEBUG org.jbake.parser.MarkupEngine - Status property found
18:53:23.173 DEBUG org.jbake.parser.MarkupEngine - Header separator found
18:53:23.174 INFO  org.jbake.app.Crawler - Processing [/home/csmajs/jgarc271/git/jbake-testing-and-verification/jbake-core/build/resources/test/fixture/content/about.html]...  : new 
18:53:23.175 DEBUG org.jbake.parser.MarkupEngine - Type property found
18:53:23.175 DEBUG org.jbake.parser.MarkupEngine - Status property found
18:53:23.175 DEBUG org.jbake.parser.MarkupEngine - Header separator found
18:53:23.189 INFO  org.jbake.app.Crawler - Processing [/home/csmajs/jgarc271/git/jbake-testing-and-verification/jbake-core/build/resources/test/fixture/content/allcontent.html]...  : new 
18:53:23.193 DEBUG org.jbake.parser.MarkupEngine - Type property found
18:53:23.193 DEBUG org.jbake.parser.MarkupEngine - Status property found
18:53:23.193 DEBUG org.jbake.parser.MarkupEngine - Header separator found
18:53:23.194 INFO  org.jbake.app.Crawler - Processing [/home/csmajs/jgarc271/git/jbake-testing-and-verification/jbake-core/build/resources/test/fixture/content/blog/2012/first-post.html]...  : new 
18:53:23.197 DEBUG org.jbake.parser.MarkupEngine - Type property found
18:53:23.197 DEBUG org.jbake.parser.MarkupEngine - Status property found
18:53:23.197 DEBUG org.jbake.parser.MarkupEngine - Header separator found
18:53:23.198 INFO  org.jbake.app.Crawler - Processing [/home/csmajs/jgarc271/git/jbake-testing-and-verification/jbake-core/build/resources/test/fixture/content/blog/2013/second-post.html]...  : new 
18:53:23.199 DEBUG org.jbake.parser.MarkupEngine - Type property found
18:53:23.199 DEBUG org.jbake.parser.MarkupEngine - Status property found
18:53:23.199 DEBUG org.jbake.parser.MarkupEngine - Header separator found
18:53:23.200 INFO  org.jbake.app.Crawler - Processing [/home/csmajs/jgarc271/git/jbake-testing-and-verification/jbake-core/build/resources/test/fixture/content/blog/2016/another-post.html]...  : new 
18:53:23.201 DEBUG org.jbake.parser.MarkupEngine - Type property found
18:53:23.201 DEBUG org.jbake.parser.MarkupEngine - Status property found
18:53:23.201 DEBUG org.jbake.parser.MarkupEngine - Header separator found
18:53:23.201 INFO  org.jbake.app.Crawler - Processing [/home/csmajs/jgarc271/git/jbake-testing-and-verification/jbake-core/build/resources/test/fixture/content/blog/2016/draft-post.html]...  : new 
18:53:23.202 DEBUG org.jbake.parser.MarkupEngine - Header separator found
18:53:23.203 WARN  org.jbake.parser.MarkupEngine - Parsing skipped (missing type or status value in header meta data) for file /home/csmajs/jgarc271/git/jbake-testing-and-verification/jbake-core/build/resources/test/fixture/content/blog/invalid_header.html!
18:53:23.203 WARN  org.jbake.app.Crawler - /home/csmajs/jgarc271/git/jbake-testing-and-verification/jbake-core/build/resources/test/fixture/content/blog/invalid_header.html has an invalid header, it has been ignored!
18:53:23.203 INFO  org.jbake.app.Crawler - Processing [/home/csmajs/jgarc271/git/jbake-testing-and-verification/jbake-core/build/resources/test/fixture/content/blog/invalid_header.html]...  : new 
18:53:23.204 DEBUG org.jbake.parser.MarkupEngine - Type property found
18:53:23.204 DEBUG org.jbake.parser.MarkupEngine - Status property found
18:53:23.204 DEBUG org.jbake.parser.MarkupEngine - Header separator found
18:53:23.204 INFO  org.jbake.app.Crawler - Processing [/home/csmajs/jgarc271/git/jbake-testing-and-verification/jbake-core/build/resources/test/fixture/content/index2.html]...  : new 
18:53:23.206 DEBUG org.jbake.parser.MarkupEngine - Type property found
18:53:23.206 DEBUG org.jbake.parser.MarkupEngine - Status property found
18:53:23.206 DEBUG org.jbake.parser.MarkupEngine - Header separator found
18:53:23.221 INFO  org.jbake.app.Crawler - Processing [/home/csmajs/jgarc271/git/jbake-testing-and-verification/jbake-core/build/resources/test/fixture/content/papers/draft-paper.html]...  : new 
18:53:23.223 DEBUG org.jbake.parser.MarkupEngine - Type property found
18:53:23.223 DEBUG org.jbake.parser.MarkupEngine - Status property found
18:53:23.223 DEBUG org.jbake.parser.MarkupEngine - Header separator found
18:53:23.224 INFO  org.jbake.app.Crawler - Processing [/home/csmajs/jgarc271/git/jbake-testing-and-verification/jbake-core/build/resources/test/fixture/content/papers/published-paper.html]...  : new 
18:53:23.225 DEBUG org.jbake.parser.MarkupEngine - Type property found
18:53:23.225 DEBUG org.jbake.parser.MarkupEngine - Status property found
18:53:23.225 DEBUG org.jbake.parser.MarkupEngine - Header separator found
18:53:23.225 INFO  org.jbake.app.Crawler - Processing [/home/csmajs/jgarc271/git/jbake-testing-and-verification/jbake-core/build/resources/test/fixture/content/projects.html]...  : new 
18:53:23.225 INFO  org.jbake.app.Crawler - Content detected:
18:53:23.225 INFO  org.jbake.app.Crawler - Parsed 3 files of type: page
18:53:23.226 INFO  org.jbake.app.Crawler - Parsed 4 files of type: post
18:53:23.243 INFO  o.j.t.DelegatingTemplateEngine - Default template: tags.ftl was not found, searching for others...
18:53:23.243 INFO  o.j.t.DelegatingTemplateEngine - Found alternative template file: tags.gsp using this instead
18:53:23.346 INFO  org.jbake.app.Renderer - Rendering tag [/tmp/junit2387722019259567857/tags/blog.html]... done!
18:53:23.348 INFO  o.j.t.DelegatingTemplateEngine - Default template: tags-index.ftl was not found, searching for others...
18:53:23.348 INFO  o.j.t.DelegatingTemplateEngine - Found alternative template file: tags-index.gsp using this instead
18:53:23.376 INFO  org.jbake.app.Renderer - Rendering tagindex [/tmp/junit2387722019259567857/tags/index.html]... done!
18:53:23.380 INFO  c.o.o.c.s.m.ODirectMemoryStorage - Storage 'memory:/tmp/junit8103561127533185/documents1584064382924' is created under OrientDB distribution : 3.0.14 - Veloce (build ac128c5a9ba4c6dc9d25a32b92962d8863774423, branch 3.0.x)
18:53:24.391 DEBUG org.jbake.app.ContentStore - Create document class 'page'
18:53:24.414 DEBUG org.jbake.app.ContentStore - Create document class 'post'
18:53:24.440 DEBUG org.jbake.app.ContentStore - Create document class 'masterindex'
18:53:24.469 DEBUG org.jbake.app.ContentStore - Create document class 'archive'
18:53:24.502 DEBUG org.jbake.app.ContentStore - Create document class 'feed'
18:53:24.559 DEBUG org.jbake.parser.MarkupEngine - Type property found
18:53:24.559 DEBUG org.jbake.parser.MarkupEngine - Status property found
18:53:24.559 DEBUG org.jbake.parser.MarkupEngine - Header separator found
18:53:24.559 INFO  org.jbake.app.Crawler - Processing [/home/csmajs/jgarc271/git/jbake-testing-and-verification/jbake-core/build/resources/test/fixture/content/about.html]...  : new 
18:53:24.560 DEBUG org.jbake.parser.MarkupEngine - Type property found
18:53:24.561 DEBUG org.jbake.parser.MarkupEngine - Status property found
18:53:24.561 DEBUG org.jbake.parser.MarkupEngine - Header separator found
18:53:24.574 INFO  org.jbake.app.Crawler - Processing [/home/csmajs/jgarc271/git/jbake-testing-and-verification/jbake-core/build/resources/test/fixture/content/allcontent.html]...  : new 
18:53:24.578 DEBUG org.jbake.parser.MarkupEngine - Type property found
18:53:24.578 DEBUG org.jbake.parser.MarkupEngine - Status property found
18:53:24.578 DEBUG org.jbake.parser.MarkupEngine - Header separator found
18:53:24.579 INFO  org.jbake.app.Crawler - Processing [/home/csmajs/jgarc271/git/jbake-testing-and-verification/jbake-core/build/resources/test/fixture/content/blog/2012/first-post.html]...  : new 
18:53:24.581 DEBUG org.jbake.parser.MarkupEngine - Type property found
18:53:24.581 DEBUG org.jbake.parser.MarkupEngine - Status property found
18:53:24.581 DEBUG org.jbake.parser.MarkupEngine - Header separator found
18:53:24.582 INFO  org.jbake.app.Crawler - Processing [/home/csmajs/jgarc271/git/jbake-testing-and-verification/jbake-core/build/resources/test/fixture/content/blog/2013/second-post.html]...  : new 
18:53:24.583 DEBUG org.jbake.parser.MarkupEngine - Type property found
18:53:24.583 DEBUG org.jbake.parser.MarkupEngine - Status property found
18:53:24.584 DEBUG org.jbake.parser.MarkupEngine - Header separator found
18:53:24.584 INFO  org.jbake.app.Crawler - Processing [/home/csmajs/jgarc271/git/jbake-testing-and-verification/jbake-core/build/resources/test/fixture/content/blog/2016/another-post.html]...  : new 
18:53:24.585 DEBUG org.jbake.parser.MarkupEngine - Type property found
18:53:24.585 DEBUG org.jbake.parser.MarkupEngine - Status property found
18:53:24.585 DEBUG org.jbake.parser.MarkupEngine - Header separator found
18:53:24.586 INFO  org.jbake.app.Crawler - Processing [/home/csmajs/jgarc271/git/jbake-testing-and-verification/jbake-core/build/resources/test/fixture/content/blog/2016/draft-post.html]...  : new 
18:53:24.587 DEBUG org.jbake.parser.MarkupEngine - Header separator found
18:53:24.587 WARN  org.jbake.parser.MarkupEngine - Parsing skipped (missing type or status value in header meta data) for file /home/csmajs/jgarc271/git/jbake-testing-and-verification/jbake-core/build/resources/test/fixture/content/blog/invalid_header.html!
18:53:24.587 WARN  org.jbake.app.Crawler - /home/csmajs/jgarc271/git/jbake-testing-and-verification/jbake-core/build/resources/test/fixture/content/blog/invalid_header.html has an invalid header, it has been ignored!
18:53:24.587 INFO  org.jbake.app.Crawler - Processing [/home/csmajs/jgarc271/git/jbake-testing-and-verification/jbake-core/build/resources/test/fixture/content/blog/invalid_header.html]...  : new 
18:53:24.588 DEBUG org.jbake.parser.MarkupEngine - Type property found
18:53:24.588 DEBUG org.jbake.parser.MarkupEngine - Status property found
18:53:24.588 DEBUG org.jbake.parser.MarkupEngine - Header separator found
18:53:24.589 INFO  org.jbake.app.Crawler - Processing [/home/csmajs/jgarc271/git/jbake-testing-and-verification/jbake-core/build/resources/test/fixture/content/index2.html]...  : new 
18:53:24.590 DEBUG org.jbake.parser.MarkupEngine - Type property found
18:53:24.590 DEBUG org.jbake.parser.MarkupEngine - Status property found
18:53:24.590 DEBUG org.jbake.parser.MarkupEngine - Header separator found
18:53:24.605 INFO  org.jbake.app.Crawler - Processing [/home/csmajs/jgarc271/git/jbake-testing-and-verification/jbake-core/build/resources/test/fixture/content/papers/draft-paper.html]...  : new 
18:53:24.607 DEBUG org.jbake.parser.MarkupEngine - Type property found
18:53:24.607 DEBUG org.jbake.parser.MarkupEngine - Status property found
18:53:24.607 DEBUG org.jbake.parser.MarkupEngine - Header separator found
18:53:24.608 INFO  org.jbake.app.Crawler - Processing [/home/csmajs/jgarc271/git/jbake-testing-and-verification/jbake-core/build/resources/test/fixture/content/papers/published-paper.html]...  : new 
18:53:24.609 DEBUG org.jbake.parser.MarkupEngine - Type property found
18:53:24.609 DEBUG org.jbake.parser.MarkupEngine - Status property found
18:53:24.609 DEBUG org.jbake.parser.MarkupEngine - Header separator found
18:53:24.610 INFO  org.jbake.app.Crawler - Processing [/home/csmajs/jgarc271/git/jbake-testing-and-verification/jbake-core/build/resources/test/fixture/content/projects.html]...  : new 
18:53:24.610 INFO  org.jbake.app.Crawler - Content detected:
18:53:24.610 INFO  org.jbake.app.Crawler - Parsed 3 files of type: page
18:53:24.610 INFO  org.jbake.app.Crawler - Parsed 4 files of type: post
18:53:24.662 INFO  org.jbake.app.Renderer - Rendering feed [/tmp/junit2387722019259567857/feed.xml]... done!
18:53:24.666 INFO  c.o.o.c.s.m.ODirectMemoryStorage - Storage 'memory:/tmp/junit8103561127533185/documents1584064382924' is created under OrientDB distribution : 3.0.14 - Veloce (build ac128c5a9ba4c6dc9d25a32b92962d8863774423, branch 3.0.x)
18:53:25.675 DEBUG org.jbake.app.ContentStore - Create document class 'page'
18:53:25.699 DEBUG org.jbake.app.ContentStore - Create document class 'post'
18:53:25.726 DEBUG org.jbake.app.ContentStore - Create document class 'masterindex'
18:53:25.764 DEBUG org.jbake.app.ContentStore - Create document class 'archive'
18:53:25.800 DEBUG org.jbake.app.ContentStore - Create document class 'feed'
18:53:25.855 DEBUG org.jbake.parser.MarkupEngine - Type property found
18:53:25.855 DEBUG org.jbake.parser.MarkupEngine - Status property found
18:53:25.855 DEBUG org.jbake.parser.MarkupEngine - Header separator found
18:53:25.856 INFO  org.jbake.app.Crawler - Processing [/home/csmajs/jgarc271/git/jbake-testing-and-verification/jbake-core/build/resources/test/fixture/content/about.html]...  : new 
18:53:25.857 DEBUG org.jbake.parser.MarkupEngine - Type property found
18:53:25.857 DEBUG org.jbake.parser.MarkupEngine - Status property found
18:53:25.857 DEBUG org.jbake.parser.MarkupEngine - Header separator found
18:53:25.870 INFO  org.jbake.app.Crawler - Processing [/home/csmajs/jgarc271/git/jbake-testing-and-verification/jbake-core/build/resources/test/fixture/content/allcontent.html]...  : new 
18:53:25.875 DEBUG org.jbake.parser.MarkupEngine - Type property found
18:53:25.875 DEBUG org.jbake.parser.MarkupEngine - Status property found
18:53:25.875 DEBUG org.jbake.parser.MarkupEngine - Header separator found
18:53:25.875 INFO  org.jbake.app.Crawler - Processing [/home/csmajs/jgarc271/git/jbake-testing-and-verification/jbake-core/build/resources/test/fixture/content/blog/2012/first-post.html]...  : new 
18:53:25.878 DEBUG org.jbake.parser.MarkupEngine - Type property found
18:53:25.878 DEBUG org.jbake.parser.MarkupEngine - Status property found
18:53:25.878 DEBUG org.jbake.parser.MarkupEngine - Header separator found
18:53:25.879 INFO  org.jbake.app.Crawler - Processing [/home/csmajs/jgarc271/git/jbake-testing-and-verification/jbake-core/build/resources/test/fixture/content/blog/2013/second-post.html]...  : new 
18:53:25.880 DEBUG org.jbake.parser.MarkupEngine - Type property found
18:53:25.880 DEBUG org.jbake.parser.MarkupEngine - Status property found
18:53:25.880 DEBUG org.jbake.parser.MarkupEngine - Header separator found
18:53:25.881 INFO  org.jbake.app.Crawler - Processing [/home/csmajs/jgarc271/git/jbake-testing-and-verification/jbake-core/build/resources/test/fixture/content/blog/2016/another-post.html]...  : new 
18:53:25.882 DEBUG org.jbake.parser.MarkupEngine - Type property found
18:53:25.882 DEBUG org.jbake.parser.MarkupEngine - Status property found
18:53:25.882 DEBUG org.jbake.parser.MarkupEngine - Header separator found
18:53:25.882 INFO  org.jbake.app.Crawler - Processing [/home/csmajs/jgarc271/git/jbake-testing-and-verification/jbake-core/build/resources/test/fixture/content/blog/2016/draft-post.html]...  : new 
18:53:25.883 DEBUG org.jbake.parser.MarkupEngine - Header separator found
18:53:25.883 WARN  org.jbake.parser.MarkupEngine - Parsing skipped (missing type or status value in header meta data) for file /home/csmajs/jgarc271/git/jbake-testing-and-verification/jbake-core/build/resources/test/fixture/content/blog/invalid_header.html!
18:53:25.883 WARN  org.jbake.app.Crawler - /home/csmajs/jgarc271/git/jbake-testing-and-verification/jbake-core/build/resources/test/fixture/content/blog/invalid_header.html has an invalid header, it has been ignored!
18:53:25.883 INFO  org.jbake.app.Crawler - Processing [/home/csmajs/jgarc271/git/jbake-testing-and-verification/jbake-core/build/resources/test/fixture/content/blog/invalid_header.html]...  : new 
18:53:25.884 DEBUG org.jbake.parser.MarkupEngine - Type property found
18:53:25.884 DEBUG org.jbake.parser.MarkupEngine - Status property found
18:53:25.884 DEBUG org.jbake.parser.MarkupEngine - Header separator found
18:53:25.885 INFO  org.jbake.app.Crawler - Processing [/home/csmajs/jgarc271/git/jbake-testing-and-verification/jbake-core/build/resources/test/fixture/content/index2.html]...  : new 
18:53:25.886 DEBUG org.jbake.parser.MarkupEngine - Type property found
18:53:25.886 DEBUG org.jbake.parser.MarkupEngine - Status property found
18:53:25.886 DEBUG org.jbake.parser.MarkupEngine - Header separator found
18:53:25.901 INFO  org.jbake.app.Crawler - Processing [/home/csmajs/jgarc271/git/jbake-testing-and-verification/jbake-core/build/resources/test/fixture/content/papers/draft-paper.html]...  : new 
18:53:25.903 DEBUG org.jbake.parser.MarkupEngine - Type property found
18:53:25.903 DEBUG org.jbake.parser.MarkupEngine - Status property found
18:53:25.903 DEBUG org.jbake.parser.MarkupEngine - Header separator found
18:53:25.903 INFO  org.jbake.app.Crawler - Processing [/home/csmajs/jgarc271/git/jbake-testing-and-verification/jbake-core/build/resources/test/fixture/content/papers/published-paper.html]...  : new 
18:53:25.904 DEBUG org.jbake.parser.MarkupEngine - Type property found
18:53:25.904 DEBUG org.jbake.parser.MarkupEngine - Status property found
18:53:25.904 DEBUG org.jbake.parser.MarkupEngine - Header separator found
18:53:25.905 INFO  org.jbake.app.Crawler - Processing [/home/csmajs/jgarc271/git/jbake-testing-and-verification/jbake-core/build/resources/test/fixture/content/projects.html]...  : new 
18:53:25.905 INFO  org.jbake.app.Crawler - Content detected:
18:53:25.905 INFO  org.jbake.app.Crawler - Parsed 3 files of type: page
18:53:25.905 INFO  org.jbake.app.Crawler - Parsed 4 files of type: post
18:53:25.917 DEBUG org.jbake.parser.MarkupEngine - Type property found
18:53:25.917 DEBUG org.jbake.parser.MarkupEngine - Status property found
18:53:25.917 DEBUG org.jbake.parser.MarkupEngine - Header separator found
18:53:25.963 INFO  org.jbake.app.Renderer - Rendering [/tmp/junit2387722019259567857/about.html]... done!
18:53:25.967 INFO  c.o.o.c.s.m.ODirectMemoryStorage - Storage 'memory:/tmp/junit8103561127533185/documents1584064382924' is created under OrientDB distribution : 3.0.14 - Veloce (build ac128c5a9ba4c6dc9d25a32b92962d8863774423, branch 3.0.x)
18:53:26.977 DEBUG org.jbake.app.ContentStore - Create document class 'page'
18:53:27.000 DEBUG org.jbake.app.ContentStore - Create document class 'post'
18:53:27.026 DEBUG org.jbake.app.ContentStore - Create document class 'masterindex'
18:53:27.055 DEBUG org.jbake.app.ContentStore - Create document class 'archive'
18:53:27.088 DEBUG org.jbake.app.ContentStore - Create document class 'feed'
18:53:27.144 DEBUG org.jbake.parser.MarkupEngine - Type property found
18:53:27.144 DEBUG org.jbake.parser.MarkupEngine - Status property found
18:53:27.145 DEBUG org.jbake.parser.MarkupEngine - Header separator found
18:53:27.145 INFO  org.jbake.app.Crawler - Processing [/home/csmajs/jgarc271/git/jbake-testing-and-verification/jbake-core/build/resources/test/fixture/content/about.html]...  : new 
18:53:27.146 DEBUG org.jbake.parser.MarkupEngine - Type property found
18:53:27.146 DEBUG org.jbake.parser.MarkupEngine - Status property found
18:53:27.146 DEBUG org.jbake.parser.MarkupEngine - Header separator found
18:53:27.160 INFO  org.jbake.app.Crawler - Processing [/home/csmajs/jgarc271/git/jbake-testing-and-verification/jbake-core/build/resources/test/fixture/content/allcontent.html]...  : new 
18:53:27.164 DEBUG org.jbake.parser.MarkupEngine - Type property found
18:53:27.164 DEBUG org.jbake.parser.MarkupEngine - Status property found
18:53:27.164 DEBUG org.jbake.parser.MarkupEngine - Header separator found
18:53:27.165 INFO  org.jbake.app.Crawler - Processing [/home/csmajs/jgarc271/git/jbake-testing-and-verification/jbake-core/build/resources/test/fixture/content/blog/2012/first-post.html]...  : new 
18:53:27.167 DEBUG org.jbake.parser.MarkupEngine - Type property found
18:53:27.168 DEBUG org.jbake.parser.MarkupEngine - Status property found
18:53:27.168 DEBUG org.jbake.parser.MarkupEngine - Header separator found
18:53:27.168 INFO  org.jbake.app.Crawler - Processing [/home/csmajs/jgarc271/git/jbake-testing-and-verification/jbake-core/build/resources/test/fixture/content/blog/2013/second-post.html]...  : new 
18:53:27.170 DEBUG org.jbake.parser.MarkupEngine - Type property found
18:53:27.170 DEBUG org.jbake.parser.MarkupEngine - Status property found
18:53:27.170 DEBUG org.jbake.parser.MarkupEngine - Header separator found
18:53:27.170 INFO  org.jbake.app.Crawler - Processing [/home/csmajs/jgarc271/git/jbake-testing-and-verification/jbake-core/build/resources/test/fixture/content/blog/2016/another-post.html]...  : new 
18:53:27.171 DEBUG org.jbake.parser.MarkupEngine - Type property found
18:53:27.171 DEBUG org.jbake.parser.MarkupEngine - Status property found
18:53:27.171 DEBUG org.jbake.parser.MarkupEngine - Header separator found
18:53:27.172 INFO  org.jbake.app.Crawler - Processing [/home/csmajs/jgarc271/git/jbake-testing-and-verification/jbake-core/build/resources/test/fixture/content/blog/2016/draft-post.html]...  : new 
18:53:27.173 DEBUG org.jbake.parser.MarkupEngine - Header separator found
18:53:27.173 WARN  org.jbake.parser.MarkupEngine - Parsing skipped (missing type or status value in header meta data) for file /home/csmajs/jgarc271/git/jbake-testing-and-verification/jbake-core/build/resources/test/fixture/content/blog/invalid_header.html!
18:53:27.173 WARN  org.jbake.app.Crawler - /home/csmajs/jgarc271/git/jbake-testing-and-verification/jbake-core/build/resources/test/fixture/content/blog/invalid_header.html has an invalid header, it has been ignored!
18:53:27.173 INFO  org.jbake.app.Crawler - Processing [/home/csmajs/jgarc271/git/jbake-testing-and-verification/jbake-core/build/resources/test/fixture/content/blog/invalid_header.html]...  : new 
18:53:27.174 DEBUG org.jbake.parser.MarkupEngine - Type property found
18:53:27.174 DEBUG org.jbake.parser.MarkupEngine - Status property found
18:53:27.174 DEBUG org.jbake.parser.MarkupEngine - Header separator found
18:53:27.175 INFO  org.jbake.app.Crawler - Processing [/home/csmajs/jgarc271/git/jbake-testing-and-verification/jbake-core/build/resources/test/fixture/content/index2.html]...  : new 
18:53:27.176 DEBUG org.jbake.parser.MarkupEngine - Type property found
18:53:27.176 DEBUG org.jbake.parser.MarkupEngine - Status property found
18:53:27.176 DEBUG org.jbake.parser.MarkupEngine - Header separator found
18:53:27.191 INFO  org.jbake.app.Crawler - Processing [/home/csmajs/jgarc271/git/jbake-testing-and-verification/jbake-core/build/resources/test/fixture/content/papers/draft-paper.html]...  : new 
18:53:27.193 DEBUG org.jbake.parser.MarkupEngine - Type property found
18:53:27.193 DEBUG org.jbake.parser.MarkupEngine - Status property found
18:53:27.193 DEBUG org.jbake.parser.MarkupEngine - Header separator found
18:53:27.194 INFO  org.jbake.app.Crawler - Processing [/home/csmajs/jgarc271/git/jbake-testing-and-verification/jbake-core/build/resources/test/fixture/content/papers/published-paper.html]...  : new 
18:53:27.195 DEBUG org.jbake.parser.MarkupEngine - Type property found
18:53:27.195 DEBUG org.jbake.parser.MarkupEngine - Status property found
18:53:27.195 DEBUG org.jbake.parser.MarkupEngine - Header separator found
18:53:27.196 INFO  org.jbake.app.Crawler - Processing [/home/csmajs/jgarc271/git/jbake-testing-and-verification/jbake-core/build/resources/test/fixture/content/projects.html]...  : new 
18:53:27.196 INFO  org.jbake.app.Crawler - Content detected:
18:53:27.196 INFO  org.jbake.app.Crawler - Parsed 3 files of type: page
18:53:27.196 INFO  org.jbake.app.Crawler - Parsed 4 files of type: post
18:53:27.208 DEBUG org.jbake.parser.MarkupEngine - Type property found
18:53:27.208 DEBUG org.jbake.parser.MarkupEngine - Status property found
18:53:27.208 DEBUG org.jbake.parser.MarkupEngine - Header separator found
18:53:27.274 INFO  org.jbake.app.Renderer - Rendering [/tmp/junit2387722019259567857/second-post.html]... done!
18:53:27.278 INFO  c.o.o.c.s.m.ODirectMemoryStorage - Storage 'memory:/tmp/junit8103561127533185/documents1584064382924' is created under OrientDB distribution : 3.0.14 - Veloce (build ac128c5a9ba4c6dc9d25a32b92962d8863774423, branch 3.0.x)
18:53:28.287 DEBUG org.jbake.app.ContentStore - Create document class 'page'
18:53:28.309 DEBUG org.jbake.app.ContentStore - Create document class 'post'
18:53:28.335 DEBUG org.jbake.app.ContentStore - Create document class 'masterindex'
18:53:28.363 DEBUG org.jbake.app.ContentStore - Create document class 'archive'
18:53:28.395 DEBUG org.jbake.app.ContentStore - Create document class 'feed'
18:53:28.451 DEBUG org.jbake.parser.MarkupEngine - Type property found
18:53:28.451 DEBUG org.jbake.parser.MarkupEngine - Status property found
18:53:28.451 DEBUG org.jbake.parser.MarkupEngine - Header separator found
18:53:28.452 INFO  org.jbake.app.Crawler - Processing [/home/csmajs/jgarc271/git/jbake-testing-and-verification/jbake-core/build/resources/test/fixture/content/about.html]...  : new 
18:53:28.453 DEBUG org.jbake.parser.MarkupEngine - Type property found
18:53:28.453 DEBUG org.jbake.parser.MarkupEngine - Status property found
18:53:28.453 DEBUG org.jbake.parser.MarkupEngine - Header separator found
18:53:28.467 INFO  org.jbake.app.Crawler - Processing [/home/csmajs/jgarc271/git/jbake-testing-and-verification/jbake-core/build/resources/test/fixture/content/allcontent.html]...  : new 
18:53:28.471 DEBUG org.jbake.parser.MarkupEngine - Type property found
18:53:28.471 DEBUG org.jbake.parser.MarkupEngine - Status property found
18:53:28.471 DEBUG org.jbake.parser.MarkupEngine - Header separator found
18:53:28.472 INFO  org.jbake.app.Crawler - Processing [/home/csmajs/jgarc271/git/jbake-testing-and-verification/jbake-core/build/resources/test/fixture/content/blog/2012/first-post.html]...  : new 
18:53:28.474 DEBUG org.jbake.parser.MarkupEngine - Type property found
18:53:28.474 DEBUG org.jbake.parser.MarkupEngine - Status property found
18:53:28.474 DEBUG org.jbake.parser.MarkupEngine - Header separator found
18:53:28.475 INFO  org.jbake.app.Crawler - Processing [/home/csmajs/jgarc271/git/jbake-testing-and-verification/jbake-core/build/resources/test/fixture/content/blog/2013/second-post.html]...  : new 
18:53:28.476 DEBUG org.jbake.parser.MarkupEngine - Type property found
18:53:28.476 DEBUG org.jbake.parser.MarkupEngine - Status property found
18:53:28.476 DEBUG org.jbake.parser.MarkupEngine - Header separator found
18:53:28.477 INFO  org.jbake.app.Crawler - Processing [/home/csmajs/jgarc271/git/jbake-testing-and-verification/jbake-core/build/resources/test/fixture/content/blog/2016/another-post.html]...  : new 
18:53:28.478 DEBUG org.jbake.parser.MarkupEngine - Type property found
18:53:28.478 DEBUG org.jbake.parser.MarkupEngine - Status property found
18:53:28.478 DEBUG org.jbake.parser.MarkupEngine - Header separator found
18:53:28.479 INFO  org.jbake.app.Crawler - Processing [/home/csmajs/jgarc271/git/jbake-testing-and-verification/jbake-core/build/resources/test/fixture/content/blog/2016/draft-post.html]...  : new 
18:53:28.480 DEBUG org.jbake.parser.MarkupEngine - Header separator found
18:53:28.480 WARN  org.jbake.parser.MarkupEngine - Parsing skipped (missing type or status value in header meta data) for file /home/csmajs/jgarc271/git/jbake-testing-and-verification/jbake-core/build/resources/test/fixture/content/blog/invalid_header.html!
18:53:28.480 WARN  org.jbake.app.Crawler - /home/csmajs/jgarc271/git/jbake-testing-and-verification/jbake-core/build/resources/test/fixture/content/blog/invalid_header.html has an invalid header, it has been ignored!
18:53:28.480 INFO  org.jbake.app.Crawler - Processing [/home/csmajs/jgarc271/git/jbake-testing-and-verification/jbake-core/build/resources/test/fixture/content/blog/invalid_header.html]...  : new 
18:53:28.481 DEBUG org.jbake.parser.MarkupEngine - Type property found
18:53:28.481 DEBUG org.jbake.parser.MarkupEngine - Status property found
18:53:28.481 DEBUG org.jbake.parser.MarkupEngine - Header separator found
18:53:28.481 INFO  org.jbake.app.Crawler - Processing [/home/csmajs/jgarc271/git/jbake-testing-and-verification/jbake-core/build/resources/test/fixture/content/index2.html]...  : new 
18:53:28.483 DEBUG org.jbake.parser.MarkupEngine - Type property found
18:53:28.483 DEBUG org.jbake.parser.MarkupEngine - Status property found
18:53:28.483 DEBUG org.jbake.parser.MarkupEngine - Header separator found
18:53:28.498 INFO  org.jbake.app.Crawler - Processing [/home/csmajs/jgarc271/git/jbake-testing-and-verification/jbake-core/build/resources/test/fixture/content/papers/draft-paper.html]...  : new 
18:53:28.500 DEBUG org.jbake.parser.MarkupEngine - Type property found
18:53:28.500 DEBUG org.jbake.parser.MarkupEngine - Status property found
18:53:28.500 DEBUG org.jbake.parser.MarkupEngine - Header separator found
18:53:28.500 INFO  org.jbake.app.Crawler - Processing [/home/csmajs/jgarc271/git/jbake-testing-and-verification/jbake-core/build/resources/test/fixture/content/papers/published-paper.html]...  : new 
18:53:28.501 DEBUG org.jbake.parser.MarkupEngine - Type property found
18:53:28.501 DEBUG org.jbake.parser.MarkupEngine - Status property found
18:53:28.501 DEBUG org.jbake.parser.MarkupEngine - Header separator found
18:53:28.502 INFO  org.jbake.app.Crawler - Processing [/home/csmajs/jgarc271/git/jbake-testing-and-verification/jbake-core/build/resources/test/fixture/content/projects.html]...  : new 
18:53:28.502 INFO  org.jbake.app.Crawler - Content detected:
18:53:28.502 INFO  org.jbake.app.Crawler - Parsed 3 files of type: page
18:53:28.502 INFO  org.jbake.app.Crawler - Parsed 4 files of type: post
18:53:28.518 INFO  o.j.t.DelegatingTemplateEngine - Default template: tags.ftl was not found, searching for others...
18:53:28.519 INFO  o.j.t.DelegatingTemplateEngine - Found alternative template file: tags.gsp using this instead
18:53:28.594 INFO  org.jbake.app.Renderer - Rendering tag [/tmp/junit2387722019259567857/tags/blog.html]... done!
18:53:28.596 INFO  o.j.t.DelegatingTemplateEngine - Default template: tags-index.ftl was not found, searching for others...
18:53:28.596 INFO  o.j.t.DelegatingTemplateEngine - Found alternative template file: tags-index.gsp using this instead
18:53:28.622 INFO  org.jbake.app.Renderer - Rendering tagindex [/tmp/junit2387722019259567857/tags/index.html]... done!
18:53:28.626 INFO  c.o.o.c.s.m.ODirectMemoryStorage - Storage 'memory:/tmp/junit8103561127533185/documents1584064382924' is created under OrientDB distribution : 3.0.14 - Veloce (build ac128c5a9ba4c6dc9d25a32b92962d8863774423, branch 3.0.x)
18:53:29.697 DEBUG org.jbake.app.ContentStore - Create document class 'page'
18:53:29.720 DEBUG org.jbake.app.ContentStore - Create document class 'post'
18:53:29.746 DEBUG org.jbake.app.ContentStore - Create document class 'masterindex'
18:53:29.776 DEBUG org.jbake.app.ContentStore - Create document class 'archive'
18:53:29.809 DEBUG org.jbake.app.ContentStore - Create document class 'feed'
18:53:29.868 DEBUG org.jbake.parser.MarkupEngine - Type property found
18:53:29.868 DEBUG org.jbake.parser.MarkupEngine - Status property found
18:53:29.868 DEBUG org.jbake.parser.MarkupEngine - Header separator found
18:53:29.869 INFO  org.jbake.app.Crawler - Processing [/home/csmajs/jgarc271/git/jbake-testing-and-verification/jbake-core/build/resources/test/fixture/content/about.html]...  : new 
18:53:29.870 DEBUG org.jbake.parser.MarkupEngine - Type property found
18:53:29.870 DEBUG org.jbake.parser.MarkupEngine - Status property found
18:53:29.870 DEBUG org.jbake.parser.MarkupEngine - Header separator found
18:53:29.884 INFO  org.jbake.app.Crawler - Processing [/home/csmajs/jgarc271/git/jbake-testing-and-verification/jbake-core/build/resources/test/fixture/content/allcontent.html]...  : new 
18:53:29.888 DEBUG org.jbake.parser.MarkupEngine - Type property found
18:53:29.888 DEBUG org.jbake.parser.MarkupEngine - Status property found
18:53:29.888 DEBUG org.jbake.parser.MarkupEngine - Header separator found
18:53:29.889 INFO  org.jbake.app.Crawler - Processing [/home/csmajs/jgarc271/git/jbake-testing-and-verification/jbake-core/build/resources/test/fixture/content/blog/2012/first-post.html]...  : new 
18:53:29.892 DEBUG org.jbake.parser.MarkupEngine - Type property found
18:53:29.892 DEBUG org.jbake.parser.MarkupEngine - Status property found
18:53:29.892 DEBUG org.jbake.parser.MarkupEngine - Header separator found
18:53:29.892 INFO  org.jbake.app.Crawler - Processing [/home/csmajs/jgarc271/git/jbake-testing-and-verification/jbake-core/build/resources/test/fixture/content/blog/2013/second-post.html]...  : new 
18:53:29.894 DEBUG org.jbake.parser.MarkupEngine - Type property found
18:53:29.894 DEBUG org.jbake.parser.MarkupEngine - Status property found
18:53:29.894 DEBUG org.jbake.parser.MarkupEngine - Header separator found
18:53:29.895 INFO  org.jbake.app.Crawler - Processing [/home/csmajs/jgarc271/git/jbake-testing-and-verification/jbake-core/build/resources/test/fixture/content/blog/2016/another-post.html]...  : new 
18:53:29.896 DEBUG org.jbake.parser.MarkupEngine - Type property found
18:53:29.896 DEBUG org.jbake.parser.MarkupEngine - Status property found
18:53:29.896 DEBUG org.jbake.parser.MarkupEngine - Header separator found
18:53:29.896 INFO  org.jbake.app.Crawler - Processing [/home/csmajs/jgarc271/git/jbake-testing-and-verification/jbake-core/build/resources/test/fixture/content/blog/2016/draft-post.html]...  : new 
18:53:29.897 DEBUG org.jbake.parser.MarkupEngine - Header separator found
18:53:29.897 WARN  org.jbake.parser.MarkupEngine - Parsing skipped (missing type or status value in header meta data) for file /home/csmajs/jgarc271/git/jbake-testing-and-verification/jbake-core/build/resources/test/fixture/content/blog/invalid_header.html!
18:53:29.897 WARN  org.jbake.app.Crawler - /home/csmajs/jgarc271/git/jbake-testing-and-verification/jbake-core/build/resources/test/fixture/content/blog/invalid_header.html has an invalid header, it has been ignored!
18:53:29.897 INFO  org.jbake.app.Crawler - Processing [/home/csmajs/jgarc271/git/jbake-testing-and-verification/jbake-core/build/resources/test/fixture/content/blog/invalid_header.html]...  : new 
18:53:29.898 DEBUG org.jbake.parser.MarkupEngine - Type property found
18:53:29.898 DEBUG org.jbake.parser.MarkupEngine - Status property found
18:53:29.898 DEBUG org.jbake.parser.MarkupEngine - Header separator found
18:53:29.899 INFO  org.jbake.app.Crawler - Processing [/home/csmajs/jgarc271/git/jbake-testing-and-verification/jbake-core/build/resources/test/fixture/content/index2.html]...  : new 
18:53:29.900 DEBUG org.jbake.parser.MarkupEngine - Type property found
18:53:29.900 DEBUG org.jbake.parser.MarkupEngine - Status property found
18:53:29.900 DEBUG org.jbake.parser.MarkupEngine - Header separator found
18:53:29.915 INFO  org.jbake.app.Crawler - Processing [/home/csmajs/jgarc271/git/jbake-testing-and-verification/jbake-core/build/resources/test/fixture/content/papers/draft-paper.html]...  : new 
18:53:29.918 DEBUG org.jbake.parser.MarkupEngine - Type property found
18:53:29.918 DEBUG org.jbake.parser.MarkupEngine - Status property found
18:53:29.918 DEBUG org.jbake.parser.MarkupEngine - Header separator found
18:53:29.918 INFO  org.jbake.app.Crawler - Processing [/home/csmajs/jgarc271/git/jbake-testing-and-verification/jbake-core/build/resources/test/fixture/content/papers/published-paper.html]...  : new 
18:53:29.919 DEBUG org.jbake.parser.MarkupEngine - Type property found
18:53:29.919 DEBUG org.jbake.parser.MarkupEngine - Status property found
18:53:29.919 DEBUG org.jbake.parser.MarkupEngine - Header separator found
18:53:29.920 INFO  org.jbake.app.Crawler - Processing [/home/csmajs/jgarc271/git/jbake-testing-and-verification/jbake-core/build/resources/test/fixture/content/projects.html]...  : new 
18:53:29.920 INFO  org.jbake.app.Crawler - Content detected:
18:53:29.920 INFO  org.jbake.app.Crawler - Parsed 3 files of type: page
18:53:29.920 INFO  org.jbake.app.Crawler - Parsed 4 files of type: post
18:53:29.932 INFO  org.jbake.template.ModelExtractors - register new extractors for document type: paper
18:53:29.934 INFO  o.j.t.DelegatingTemplateEngine - Default template: sitemap.ftl was not found, searching for others...
18:53:29.934 INFO  o.j.t.DelegatingTemplateEngine - Found alternative template file: sitemap.gsp using this instead
18:53:29.977 INFO  org.jbake.app.Renderer - Rendering sitemap [/tmp/junit2387722019259567857/sitemap.xml]... done!
]]></system-out>
  <system-err><![CDATA[]]></system-err>
</testsuite>
