<?xml version="1.0" encoding="UTF-8"?>
<testsuite name="org.jbake.app.template.PebbleTemplateEngineRenderingTest" tests="9" skipped="0" failures="0" errors="0" timestamp="2020-03-13T04:43:44" hostname="bolt.cs.ucr.edu" time="7.149">
  <properties/>
  <testcase name="renderIndex" classname="org.jbake.app.template.PebbleTemplateEngineRenderingTest" time="1.02"/>
  <testcase name="renderArchive" classname="org.jbake.app.template.PebbleTemplateEngineRenderingTest" time="0.774"/>
  <testcase name="checkDbTemplateModelIsPopulated" classname="org.jbake.app.template.PebbleTemplateEngineRenderingTest" time="0.774"/>
  <testcase name="renderTagsIndex" classname="org.jbake.app.template.PebbleTemplateEngineRenderingTest" time="0.777"/>
  <testcase name="renderFeed" classname="org.jbake.app.template.PebbleTemplateEngineRenderingTest" time="0.761"/>
  <testcase name="renderPage" classname="org.jbake.app.template.PebbleTemplateEngineRenderingTest" time="0.759"/>
  <testcase name="renderPost" classname="org.jbake.app.template.PebbleTemplateEngineRenderingTest" time="0.76"/>
  <testcase name="renderTags" classname="org.jbake.app.template.PebbleTemplateEngineRenderingTest" time="0.778"/>
  <testcase name="renderSitemap" classname="org.jbake.app.template.PebbleTemplateEngineRenderingTest" time="0.745"/>
  <system-out><![CDATA[21:43:44.320 INFO  c.o.o.c.s.m.ODirectMemoryStorage - Storage 'memory:/tmp/junit5031687084108544508/documents1584074624319' is created under OrientDB distribution : 3.0.14 - Veloce (build ac128c5a9ba4c6dc9d25a32b92962d8863774423, branch 3.0.x)
21:43:44.840 DEBUG org.jbake.app.ContentStore - Create document class 'page'
21:43:44.863 DEBUG org.jbake.app.ContentStore - Create document class 'post'
21:43:44.889 DEBUG org.jbake.app.ContentStore - Create document class 'masterindex'
21:43:44.917 DEBUG org.jbake.app.ContentStore - Create document class 'archive'
21:43:44.948 DEBUG org.jbake.app.ContentStore - Create document class 'feed'
21:43:45.003 DEBUG org.jbake.parser.MarkupEngine - Type property found
21:43:45.003 DEBUG org.jbake.parser.MarkupEngine - Status property found
21:43:45.003 DEBUG org.jbake.parser.MarkupEngine - Header separator found
21:43:45.004 INFO  org.jbake.app.Crawler - Processing [/home/csmajs/jgarc271/git/jbake-testing-and-verification/jbake-core/build/resources/test/fixture/content/about.html]...  : new 
21:43:45.005 DEBUG org.jbake.parser.MarkupEngine - Type property found
21:43:45.005 DEBUG org.jbake.parser.MarkupEngine - Status property found
21:43:45.005 DEBUG org.jbake.parser.MarkupEngine - Header separator found
21:43:45.018 INFO  org.jbake.app.Crawler - Processing [/home/csmajs/jgarc271/git/jbake-testing-and-verification/jbake-core/build/resources/test/fixture/content/allcontent.html]...  : new 
21:43:45.021 DEBUG org.jbake.parser.MarkupEngine - Type property found
21:43:45.021 DEBUG org.jbake.parser.MarkupEngine - Status property found
21:43:45.021 DEBUG org.jbake.parser.MarkupEngine - Header separator found
21:43:45.022 INFO  org.jbake.app.Crawler - Processing [/home/csmajs/jgarc271/git/jbake-testing-and-verification/jbake-core/build/resources/test/fixture/content/blog/2012/first-post.html]...  : new 
21:43:45.024 DEBUG org.jbake.parser.MarkupEngine - Type property found
21:43:45.024 DEBUG org.jbake.parser.MarkupEngine - Status property found
21:43:45.024 DEBUG org.jbake.parser.MarkupEngine - Header separator found
21:43:45.025 INFO  org.jbake.app.Crawler - Processing [/home/csmajs/jgarc271/git/jbake-testing-and-verification/jbake-core/build/resources/test/fixture/content/blog/2013/second-post.html]...  : new 
21:43:45.026 DEBUG org.jbake.parser.MarkupEngine - Type property found
21:43:45.026 DEBUG org.jbake.parser.MarkupEngine - Status property found
21:43:45.026 DEBUG org.jbake.parser.MarkupEngine - Header separator found
21:43:45.026 INFO  org.jbake.app.Crawler - Processing [/home/csmajs/jgarc271/git/jbake-testing-and-verification/jbake-core/build/resources/test/fixture/content/blog/2016/another-post.html]...  : new 
21:43:45.027 DEBUG org.jbake.parser.MarkupEngine - Type property found
21:43:45.027 DEBUG org.jbake.parser.MarkupEngine - Status property found
21:43:45.027 DEBUG org.jbake.parser.MarkupEngine - Header separator found
21:43:45.028 INFO  org.jbake.app.Crawler - Processing [/home/csmajs/jgarc271/git/jbake-testing-and-verification/jbake-core/build/resources/test/fixture/content/blog/2016/draft-post.html]...  : new 
21:43:45.029 DEBUG org.jbake.parser.MarkupEngine - Header separator found
21:43:45.029 WARN  org.jbake.parser.MarkupEngine - Parsing skipped (missing type or status value in header meta data) for file /home/csmajs/jgarc271/git/jbake-testing-and-verification/jbake-core/build/resources/test/fixture/content/blog/invalid_header.html!
21:43:45.029 WARN  org.jbake.app.Crawler - /home/csmajs/jgarc271/git/jbake-testing-and-verification/jbake-core/build/resources/test/fixture/content/blog/invalid_header.html has an invalid header, it has been ignored!
21:43:45.029 INFO  org.jbake.app.Crawler - Processing [/home/csmajs/jgarc271/git/jbake-testing-and-verification/jbake-core/build/resources/test/fixture/content/blog/invalid_header.html]...  : new 
21:43:45.030 DEBUG org.jbake.parser.MarkupEngine - Type property found
21:43:45.030 DEBUG org.jbake.parser.MarkupEngine - Status property found
21:43:45.030 DEBUG org.jbake.parser.MarkupEngine - Header separator found
21:43:45.030 INFO  org.jbake.app.Crawler - Processing [/home/csmajs/jgarc271/git/jbake-testing-and-verification/jbake-core/build/resources/test/fixture/content/index2.html]...  : new 
21:43:45.031 DEBUG org.jbake.parser.MarkupEngine - Type property found
21:43:45.031 DEBUG org.jbake.parser.MarkupEngine - Status property found
21:43:45.031 DEBUG org.jbake.parser.MarkupEngine - Header separator found
21:43:45.046 INFO  org.jbake.app.Crawler - Processing [/home/csmajs/jgarc271/git/jbake-testing-and-verification/jbake-core/build/resources/test/fixture/content/papers/draft-paper.html]...  : new 
21:43:45.048 DEBUG org.jbake.parser.MarkupEngine - Type property found
21:43:45.048 DEBUG org.jbake.parser.MarkupEngine - Status property found
21:43:45.048 DEBUG org.jbake.parser.MarkupEngine - Header separator found
21:43:45.048 INFO  org.jbake.app.Crawler - Processing [/home/csmajs/jgarc271/git/jbake-testing-and-verification/jbake-core/build/resources/test/fixture/content/papers/published-paper.html]...  : new 
21:43:45.049 DEBUG org.jbake.parser.MarkupEngine - Type property found
21:43:45.049 DEBUG org.jbake.parser.MarkupEngine - Status property found
21:43:45.049 DEBUG org.jbake.parser.MarkupEngine - Header separator found
21:43:45.049 INFO  org.jbake.app.Crawler - Processing [/home/csmajs/jgarc271/git/jbake-testing-and-verification/jbake-core/build/resources/test/fixture/content/projects.html]...  : new 
21:43:45.049 INFO  org.jbake.app.Crawler - Content detected:
21:43:45.049 INFO  org.jbake.app.Crawler - Parsed 3 files of type: page
21:43:45.049 INFO  org.jbake.app.Crawler - Parsed 4 files of type: post
21:43:45.335 INFO  org.jbake.app.Renderer - Rendering masterindex [/tmp/junit5031687084108544508/index.html]... done!
21:43:45.339 INFO  c.o.o.c.s.m.ODirectMemoryStorage - Storage 'memory:/tmp/junit5031687084108544508/documents1584074624319' is created under OrientDB distribution : 3.0.14 - Veloce (build ac128c5a9ba4c6dc9d25a32b92962d8863774423, branch 3.0.x)
21:43:45.860 DEBUG org.jbake.app.ContentStore - Create document class 'page'
21:43:45.883 DEBUG org.jbake.app.ContentStore - Create document class 'post'
21:43:45.908 DEBUG org.jbake.app.ContentStore - Create document class 'masterindex'
21:43:45.936 DEBUG org.jbake.app.ContentStore - Create document class 'archive'
21:43:45.967 DEBUG org.jbake.app.ContentStore - Create document class 'feed'
21:43:46.023 DEBUG org.jbake.parser.MarkupEngine - Type property found
21:43:46.023 DEBUG org.jbake.parser.MarkupEngine - Status property found
21:43:46.023 DEBUG org.jbake.parser.MarkupEngine - Header separator found
21:43:46.024 INFO  org.jbake.app.Crawler - Processing [/home/csmajs/jgarc271/git/jbake-testing-and-verification/jbake-core/build/resources/test/fixture/content/about.html]...  : new 
21:43:46.025 DEBUG org.jbake.parser.MarkupEngine - Type property found
21:43:46.025 DEBUG org.jbake.parser.MarkupEngine - Status property found
21:43:46.025 DEBUG org.jbake.parser.MarkupEngine - Header separator found
21:43:46.038 INFO  org.jbake.app.Crawler - Processing [/home/csmajs/jgarc271/git/jbake-testing-and-verification/jbake-core/build/resources/test/fixture/content/allcontent.html]...  : new 
21:43:46.042 DEBUG org.jbake.parser.MarkupEngine - Type property found
21:43:46.042 DEBUG org.jbake.parser.MarkupEngine - Status property found
21:43:46.042 DEBUG org.jbake.parser.MarkupEngine - Header separator found
21:43:46.043 INFO  org.jbake.app.Crawler - Processing [/home/csmajs/jgarc271/git/jbake-testing-and-verification/jbake-core/build/resources/test/fixture/content/blog/2012/first-post.html]...  : new 
21:43:46.045 DEBUG org.jbake.parser.MarkupEngine - Type property found
21:43:46.045 DEBUG org.jbake.parser.MarkupEngine - Status property found
21:43:46.045 DEBUG org.jbake.parser.MarkupEngine - Header separator found
21:43:46.046 INFO  org.jbake.app.Crawler - Processing [/home/csmajs/jgarc271/git/jbake-testing-and-verification/jbake-core/build/resources/test/fixture/content/blog/2013/second-post.html]...  : new 
21:43:46.047 DEBUG org.jbake.parser.MarkupEngine - Type property found
21:43:46.047 DEBUG org.jbake.parser.MarkupEngine - Status property found
21:43:46.047 DEBUG org.jbake.parser.MarkupEngine - Header separator found
21:43:46.047 INFO  org.jbake.app.Crawler - Processing [/home/csmajs/jgarc271/git/jbake-testing-and-verification/jbake-core/build/resources/test/fixture/content/blog/2016/another-post.html]...  : new 
21:43:46.048 DEBUG org.jbake.parser.MarkupEngine - Type property found
21:43:46.048 DEBUG org.jbake.parser.MarkupEngine - Status property found
21:43:46.048 DEBUG org.jbake.parser.MarkupEngine - Header separator found
21:43:46.049 INFO  org.jbake.app.Crawler - Processing [/home/csmajs/jgarc271/git/jbake-testing-and-verification/jbake-core/build/resources/test/fixture/content/blog/2016/draft-post.html]...  : new 
21:43:46.050 DEBUG org.jbake.parser.MarkupEngine - Header separator found
21:43:46.050 WARN  org.jbake.parser.MarkupEngine - Parsing skipped (missing type or status value in header meta data) for file /home/csmajs/jgarc271/git/jbake-testing-and-verification/jbake-core/build/resources/test/fixture/content/blog/invalid_header.html!
21:43:46.050 WARN  org.jbake.app.Crawler - /home/csmajs/jgarc271/git/jbake-testing-and-verification/jbake-core/build/resources/test/fixture/content/blog/invalid_header.html has an invalid header, it has been ignored!
21:43:46.050 INFO  org.jbake.app.Crawler - Processing [/home/csmajs/jgarc271/git/jbake-testing-and-verification/jbake-core/build/resources/test/fixture/content/blog/invalid_header.html]...  : new 
21:43:46.051 DEBUG org.jbake.parser.MarkupEngine - Type property found
21:43:46.051 DEBUG org.jbake.parser.MarkupEngine - Status property found
21:43:46.051 DEBUG org.jbake.parser.MarkupEngine - Header separator found
21:43:46.051 INFO  org.jbake.app.Crawler - Processing [/home/csmajs/jgarc271/git/jbake-testing-and-verification/jbake-core/build/resources/test/fixture/content/index2.html]...  : new 
21:43:46.053 DEBUG org.jbake.parser.MarkupEngine - Type property found
21:43:46.053 DEBUG org.jbake.parser.MarkupEngine - Status property found
21:43:46.053 DEBUG org.jbake.parser.MarkupEngine - Header separator found
21:43:46.067 INFO  org.jbake.app.Crawler - Processing [/home/csmajs/jgarc271/git/jbake-testing-and-verification/jbake-core/build/resources/test/fixture/content/papers/draft-paper.html]...  : new 
21:43:46.069 DEBUG org.jbake.parser.MarkupEngine - Type property found
21:43:46.069 DEBUG org.jbake.parser.MarkupEngine - Status property found
21:43:46.069 DEBUG org.jbake.parser.MarkupEngine - Header separator found
21:43:46.070 INFO  org.jbake.app.Crawler - Processing [/home/csmajs/jgarc271/git/jbake-testing-and-verification/jbake-core/build/resources/test/fixture/content/papers/published-paper.html]...  : new 
21:43:46.071 DEBUG org.jbake.parser.MarkupEngine - Type property found
21:43:46.071 DEBUG org.jbake.parser.MarkupEngine - Status property found
21:43:46.071 DEBUG org.jbake.parser.MarkupEngine - Header separator found
21:43:46.071 INFO  org.jbake.app.Crawler - Processing [/home/csmajs/jgarc271/git/jbake-testing-and-verification/jbake-core/build/resources/test/fixture/content/projects.html]...  : new 
21:43:46.071 INFO  org.jbake.app.Crawler - Content detected:
21:43:46.072 INFO  org.jbake.app.Crawler - Parsed 3 files of type: page
21:43:46.072 INFO  org.jbake.app.Crawler - Parsed 4 files of type: post
21:43:46.109 INFO  org.jbake.app.Renderer - Rendering archive [/tmp/junit5031687084108544508/archive.html]... done!
21:43:46.113 INFO  c.o.o.c.s.m.ODirectMemoryStorage - Storage 'memory:/tmp/junit5031687084108544508/documents1584074624319' is created under OrientDB distribution : 3.0.14 - Veloce (build ac128c5a9ba4c6dc9d25a32b92962d8863774423, branch 3.0.x)
21:43:46.632 DEBUG org.jbake.app.ContentStore - Create document class 'page'
21:43:46.654 DEBUG org.jbake.app.ContentStore - Create document class 'post'
21:43:46.679 DEBUG org.jbake.app.ContentStore - Create document class 'masterindex'
21:43:46.707 DEBUG org.jbake.app.ContentStore - Create document class 'archive'
21:43:46.738 DEBUG org.jbake.app.ContentStore - Create document class 'feed'
21:43:46.793 DEBUG org.jbake.parser.MarkupEngine - Type property found
21:43:46.793 DEBUG org.jbake.parser.MarkupEngine - Status property found
21:43:46.793 DEBUG org.jbake.parser.MarkupEngine - Header separator found
21:43:46.794 INFO  org.jbake.app.Crawler - Processing [/home/csmajs/jgarc271/git/jbake-testing-and-verification/jbake-core/build/resources/test/fixture/content/about.html]...  : new 
21:43:46.795 DEBUG org.jbake.parser.MarkupEngine - Type property found
21:43:46.795 DEBUG org.jbake.parser.MarkupEngine - Status property found
21:43:46.795 DEBUG org.jbake.parser.MarkupEngine - Header separator found
21:43:46.812 INFO  org.jbake.app.Crawler - Processing [/home/csmajs/jgarc271/git/jbake-testing-and-verification/jbake-core/build/resources/test/fixture/content/allcontent.html]...  : new 
21:43:46.816 DEBUG org.jbake.parser.MarkupEngine - Type property found
21:43:46.816 DEBUG org.jbake.parser.MarkupEngine - Status property found
21:43:46.816 DEBUG org.jbake.parser.MarkupEngine - Header separator found
21:43:46.817 INFO  org.jbake.app.Crawler - Processing [/home/csmajs/jgarc271/git/jbake-testing-and-verification/jbake-core/build/resources/test/fixture/content/blog/2012/first-post.html]...  : new 
21:43:46.818 DEBUG org.jbake.parser.MarkupEngine - Type property found
21:43:46.818 DEBUG org.jbake.parser.MarkupEngine - Status property found
21:43:46.819 DEBUG org.jbake.parser.MarkupEngine - Header separator found
21:43:46.819 INFO  org.jbake.app.Crawler - Processing [/home/csmajs/jgarc271/git/jbake-testing-and-verification/jbake-core/build/resources/test/fixture/content/blog/2013/second-post.html]...  : new 
21:43:46.820 DEBUG org.jbake.parser.MarkupEngine - Type property found
21:43:46.820 DEBUG org.jbake.parser.MarkupEngine - Status property found
21:43:46.820 DEBUG org.jbake.parser.MarkupEngine - Header separator found
21:43:46.821 INFO  org.jbake.app.Crawler - Processing [/home/csmajs/jgarc271/git/jbake-testing-and-verification/jbake-core/build/resources/test/fixture/content/blog/2016/another-post.html]...  : new 
21:43:46.822 DEBUG org.jbake.parser.MarkupEngine - Type property found
21:43:46.822 DEBUG org.jbake.parser.MarkupEngine - Status property found
21:43:46.822 DEBUG org.jbake.parser.MarkupEngine - Header separator found
21:43:46.822 INFO  org.jbake.app.Crawler - Processing [/home/csmajs/jgarc271/git/jbake-testing-and-verification/jbake-core/build/resources/test/fixture/content/blog/2016/draft-post.html]...  : new 
21:43:46.823 DEBUG org.jbake.parser.MarkupEngine - Header separator found
21:43:46.823 WARN  org.jbake.parser.MarkupEngine - Parsing skipped (missing type or status value in header meta data) for file /home/csmajs/jgarc271/git/jbake-testing-and-verification/jbake-core/build/resources/test/fixture/content/blog/invalid_header.html!
21:43:46.823 WARN  org.jbake.app.Crawler - /home/csmajs/jgarc271/git/jbake-testing-and-verification/jbake-core/build/resources/test/fixture/content/blog/invalid_header.html has an invalid header, it has been ignored!
21:43:46.823 INFO  org.jbake.app.Crawler - Processing [/home/csmajs/jgarc271/git/jbake-testing-and-verification/jbake-core/build/resources/test/fixture/content/blog/invalid_header.html]...  : new 
21:43:46.824 DEBUG org.jbake.parser.MarkupEngine - Type property found
21:43:46.824 DEBUG org.jbake.parser.MarkupEngine - Status property found
21:43:46.824 DEBUG org.jbake.parser.MarkupEngine - Header separator found
21:43:46.824 INFO  org.jbake.app.Crawler - Processing [/home/csmajs/jgarc271/git/jbake-testing-and-verification/jbake-core/build/resources/test/fixture/content/index2.html]...  : new 
21:43:46.826 DEBUG org.jbake.parser.MarkupEngine - Type property found
21:43:46.826 DEBUG org.jbake.parser.MarkupEngine - Status property found
21:43:46.826 DEBUG org.jbake.parser.MarkupEngine - Header separator found
21:43:46.839 INFO  org.jbake.app.Crawler - Processing [/home/csmajs/jgarc271/git/jbake-testing-and-verification/jbake-core/build/resources/test/fixture/content/papers/draft-paper.html]...  : new 
21:43:46.841 DEBUG org.jbake.parser.MarkupEngine - Type property found
21:43:46.841 DEBUG org.jbake.parser.MarkupEngine - Status property found
21:43:46.841 DEBUG org.jbake.parser.MarkupEngine - Header separator found
21:43:46.842 INFO  org.jbake.app.Crawler - Processing [/home/csmajs/jgarc271/git/jbake-testing-and-verification/jbake-core/build/resources/test/fixture/content/papers/published-paper.html]...  : new 
21:43:46.843 DEBUG org.jbake.parser.MarkupEngine - Type property found
21:43:46.843 DEBUG org.jbake.parser.MarkupEngine - Status property found
21:43:46.843 DEBUG org.jbake.parser.MarkupEngine - Header separator found
21:43:46.843 INFO  org.jbake.app.Crawler - Processing [/home/csmajs/jgarc271/git/jbake-testing-and-verification/jbake-core/build/resources/test/fixture/content/projects.html]...  : new 
21:43:46.843 INFO  org.jbake.app.Crawler - Content detected:
21:43:46.843 INFO  org.jbake.app.Crawler - Parsed 3 files of type: page
21:43:46.843 INFO  org.jbake.app.Crawler - Parsed 4 files of type: post
21:43:46.883 INFO  org.jbake.app.Renderer - Rendering masterindex [/tmp/junit5031687084108544508/index.html]... done!
21:43:46.887 INFO  c.o.o.c.s.m.ODirectMemoryStorage - Storage 'memory:/tmp/junit5031687084108544508/documents1584074624319' is created under OrientDB distribution : 3.0.14 - Veloce (build ac128c5a9ba4c6dc9d25a32b92962d8863774423, branch 3.0.x)
21:43:47.407 DEBUG org.jbake.app.ContentStore - Create document class 'page'
21:43:47.428 DEBUG org.jbake.app.ContentStore - Create document class 'post'
21:43:47.452 DEBUG org.jbake.app.ContentStore - Create document class 'masterindex'
21:43:47.479 DEBUG org.jbake.app.ContentStore - Create document class 'archive'
21:43:47.509 DEBUG org.jbake.app.ContentStore - Create document class 'feed'
21:43:47.563 DEBUG org.jbake.parser.MarkupEngine - Type property found
21:43:47.563 DEBUG org.jbake.parser.MarkupEngine - Status property found
21:43:47.563 DEBUG org.jbake.parser.MarkupEngine - Header separator found
21:43:47.564 INFO  org.jbake.app.Crawler - Processing [/home/csmajs/jgarc271/git/jbake-testing-and-verification/jbake-core/build/resources/test/fixture/content/about.html]...  : new 
21:43:47.565 DEBUG org.jbake.parser.MarkupEngine - Type property found
21:43:47.565 DEBUG org.jbake.parser.MarkupEngine - Status property found
21:43:47.565 DEBUG org.jbake.parser.MarkupEngine - Header separator found
21:43:47.578 INFO  org.jbake.app.Crawler - Processing [/home/csmajs/jgarc271/git/jbake-testing-and-verification/jbake-core/build/resources/test/fixture/content/allcontent.html]...  : new 
21:43:47.582 DEBUG org.jbake.parser.MarkupEngine - Type property found
21:43:47.582 DEBUG org.jbake.parser.MarkupEngine - Status property found
21:43:47.582 DEBUG org.jbake.parser.MarkupEngine - Header separator found
21:43:47.582 INFO  org.jbake.app.Crawler - Processing [/home/csmajs/jgarc271/git/jbake-testing-and-verification/jbake-core/build/resources/test/fixture/content/blog/2012/first-post.html]...  : new 
21:43:47.585 DEBUG org.jbake.parser.MarkupEngine - Type property found
21:43:47.585 DEBUG org.jbake.parser.MarkupEngine - Status property found
21:43:47.585 DEBUG org.jbake.parser.MarkupEngine - Header separator found
21:43:47.585 INFO  org.jbake.app.Crawler - Processing [/home/csmajs/jgarc271/git/jbake-testing-and-verification/jbake-core/build/resources/test/fixture/content/blog/2013/second-post.html]...  : new 
21:43:47.587 DEBUG org.jbake.parser.MarkupEngine - Type property found
21:43:47.587 DEBUG org.jbake.parser.MarkupEngine - Status property found
21:43:47.587 DEBUG org.jbake.parser.MarkupEngine - Header separator found
21:43:47.587 INFO  org.jbake.app.Crawler - Processing [/home/csmajs/jgarc271/git/jbake-testing-and-verification/jbake-core/build/resources/test/fixture/content/blog/2016/another-post.html]...  : new 
21:43:47.588 DEBUG org.jbake.parser.MarkupEngine - Type property found
21:43:47.588 DEBUG org.jbake.parser.MarkupEngine - Status property found
21:43:47.588 DEBUG org.jbake.parser.MarkupEngine - Header separator found
21:43:47.589 INFO  org.jbake.app.Crawler - Processing [/home/csmajs/jgarc271/git/jbake-testing-and-verification/jbake-core/build/resources/test/fixture/content/blog/2016/draft-post.html]...  : new 
21:43:47.590 DEBUG org.jbake.parser.MarkupEngine - Header separator found
21:43:47.590 WARN  org.jbake.parser.MarkupEngine - Parsing skipped (missing type or status value in header meta data) for file /home/csmajs/jgarc271/git/jbake-testing-and-verification/jbake-core/build/resources/test/fixture/content/blog/invalid_header.html!
21:43:47.590 WARN  org.jbake.app.Crawler - /home/csmajs/jgarc271/git/jbake-testing-and-verification/jbake-core/build/resources/test/fixture/content/blog/invalid_header.html has an invalid header, it has been ignored!
21:43:47.590 INFO  org.jbake.app.Crawler - Processing [/home/csmajs/jgarc271/git/jbake-testing-and-verification/jbake-core/build/resources/test/fixture/content/blog/invalid_header.html]...  : new 
21:43:47.591 DEBUG org.jbake.parser.MarkupEngine - Type property found
21:43:47.591 DEBUG org.jbake.parser.MarkupEngine - Status property found
21:43:47.591 DEBUG org.jbake.parser.MarkupEngine - Header separator found
21:43:47.591 INFO  org.jbake.app.Crawler - Processing [/home/csmajs/jgarc271/git/jbake-testing-and-verification/jbake-core/build/resources/test/fixture/content/index2.html]...  : new 
21:43:47.592 DEBUG org.jbake.parser.MarkupEngine - Type property found
21:43:47.592 DEBUG org.jbake.parser.MarkupEngine - Status property found
21:43:47.592 DEBUG org.jbake.parser.MarkupEngine - Header separator found
21:43:47.607 INFO  org.jbake.app.Crawler - Processing [/home/csmajs/jgarc271/git/jbake-testing-and-verification/jbake-core/build/resources/test/fixture/content/papers/draft-paper.html]...  : new 
21:43:47.609 DEBUG org.jbake.parser.MarkupEngine - Type property found
21:43:47.609 DEBUG org.jbake.parser.MarkupEngine - Status property found
21:43:47.609 DEBUG org.jbake.parser.MarkupEngine - Header separator found
21:43:47.609 INFO  org.jbake.app.Crawler - Processing [/home/csmajs/jgarc271/git/jbake-testing-and-verification/jbake-core/build/resources/test/fixture/content/papers/published-paper.html]...  : new 
21:43:47.610 DEBUG org.jbake.parser.MarkupEngine - Type property found
21:43:47.610 DEBUG org.jbake.parser.MarkupEngine - Status property found
21:43:47.610 DEBUG org.jbake.parser.MarkupEngine - Header separator found
21:43:47.611 INFO  org.jbake.app.Crawler - Processing [/home/csmajs/jgarc271/git/jbake-testing-and-verification/jbake-core/build/resources/test/fixture/content/projects.html]...  : new 
21:43:47.611 INFO  org.jbake.app.Crawler - Content detected:
21:43:47.611 INFO  org.jbake.app.Crawler - Parsed 3 files of type: page
21:43:47.611 INFO  org.jbake.app.Crawler - Parsed 4 files of type: post
21:43:47.627 INFO  o.j.t.DelegatingTemplateEngine - Default template: tags.ftl was not found, searching for others...
21:43:47.627 INFO  o.j.t.DelegatingTemplateEngine - Found alternative template file: tags.pebble using this instead
21:43:47.650 INFO  org.jbake.app.Renderer - Rendering tag [/tmp/junit5031687084108544508/tags/blog.html]... done!
21:43:47.652 INFO  o.j.t.DelegatingTemplateEngine - Default template: tags-index.ftl was not found, searching for others...
21:43:47.652 INFO  o.j.t.DelegatingTemplateEngine - Found alternative template file: tags-index.pebble using this instead
21:43:47.660 INFO  org.jbake.app.Renderer - Rendering tagindex [/tmp/junit5031687084108544508/tags/index.html]... done!
21:43:47.664 INFO  c.o.o.c.s.m.ODirectMemoryStorage - Storage 'memory:/tmp/junit5031687084108544508/documents1584074624319' is created under OrientDB distribution : 3.0.14 - Veloce (build ac128c5a9ba4c6dc9d25a32b92962d8863774423, branch 3.0.x)
21:43:48.183 DEBUG org.jbake.app.ContentStore - Create document class 'page'
21:43:48.205 DEBUG org.jbake.app.ContentStore - Create document class 'post'
21:43:48.230 DEBUG org.jbake.app.ContentStore - Create document class 'masterindex'
21:43:48.258 DEBUG org.jbake.app.ContentStore - Create document class 'archive'
21:43:48.288 DEBUG org.jbake.app.ContentStore - Create document class 'feed'
21:43:48.342 DEBUG org.jbake.parser.MarkupEngine - Type property found
21:43:48.342 DEBUG org.jbake.parser.MarkupEngine - Status property found
21:43:48.342 DEBUG org.jbake.parser.MarkupEngine - Header separator found
21:43:48.343 INFO  org.jbake.app.Crawler - Processing [/home/csmajs/jgarc271/git/jbake-testing-and-verification/jbake-core/build/resources/test/fixture/content/about.html]...  : new 
21:43:48.344 DEBUG org.jbake.parser.MarkupEngine - Type property found
21:43:48.344 DEBUG org.jbake.parser.MarkupEngine - Status property found
21:43:48.344 DEBUG org.jbake.parser.MarkupEngine - Header separator found
21:43:48.357 INFO  org.jbake.app.Crawler - Processing [/home/csmajs/jgarc271/git/jbake-testing-and-verification/jbake-core/build/resources/test/fixture/content/allcontent.html]...  : new 
21:43:48.360 DEBUG org.jbake.parser.MarkupEngine - Type property found
21:43:48.360 DEBUG org.jbake.parser.MarkupEngine - Status property found
21:43:48.360 DEBUG org.jbake.parser.MarkupEngine - Header separator found
21:43:48.361 INFO  org.jbake.app.Crawler - Processing [/home/csmajs/jgarc271/git/jbake-testing-and-verification/jbake-core/build/resources/test/fixture/content/blog/2012/first-post.html]...  : new 
21:43:48.363 DEBUG org.jbake.parser.MarkupEngine - Type property found
21:43:48.363 DEBUG org.jbake.parser.MarkupEngine - Status property found
21:43:48.363 DEBUG org.jbake.parser.MarkupEngine - Header separator found
21:43:48.363 INFO  org.jbake.app.Crawler - Processing [/home/csmajs/jgarc271/git/jbake-testing-and-verification/jbake-core/build/resources/test/fixture/content/blog/2013/second-post.html]...  : new 
21:43:48.364 DEBUG org.jbake.parser.MarkupEngine - Type property found
21:43:48.364 DEBUG org.jbake.parser.MarkupEngine - Status property found
21:43:48.364 DEBUG org.jbake.parser.MarkupEngine - Header separator found
21:43:48.365 INFO  org.jbake.app.Crawler - Processing [/home/csmajs/jgarc271/git/jbake-testing-and-verification/jbake-core/build/resources/test/fixture/content/blog/2016/another-post.html]...  : new 
21:43:48.365 DEBUG org.jbake.parser.MarkupEngine - Type property found
21:43:48.366 DEBUG org.jbake.parser.MarkupEngine - Status property found
21:43:48.366 DEBUG org.jbake.parser.MarkupEngine - Header separator found
21:43:48.366 INFO  org.jbake.app.Crawler - Processing [/home/csmajs/jgarc271/git/jbake-testing-and-verification/jbake-core/build/resources/test/fixture/content/blog/2016/draft-post.html]...  : new 
21:43:48.367 DEBUG org.jbake.parser.MarkupEngine - Header separator found
21:43:48.367 WARN  org.jbake.parser.MarkupEngine - Parsing skipped (missing type or status value in header meta data) for file /home/csmajs/jgarc271/git/jbake-testing-and-verification/jbake-core/build/resources/test/fixture/content/blog/invalid_header.html!
21:43:48.367 WARN  org.jbake.app.Crawler - /home/csmajs/jgarc271/git/jbake-testing-and-verification/jbake-core/build/resources/test/fixture/content/blog/invalid_header.html has an invalid header, it has been ignored!
21:43:48.367 INFO  org.jbake.app.Crawler - Processing [/home/csmajs/jgarc271/git/jbake-testing-and-verification/jbake-core/build/resources/test/fixture/content/blog/invalid_header.html]...  : new 
21:43:48.368 DEBUG org.jbake.parser.MarkupEngine - Type property found
21:43:48.368 DEBUG org.jbake.parser.MarkupEngine - Status property found
21:43:48.368 DEBUG org.jbake.parser.MarkupEngine - Header separator found
21:43:48.368 INFO  org.jbake.app.Crawler - Processing [/home/csmajs/jgarc271/git/jbake-testing-and-verification/jbake-core/build/resources/test/fixture/content/index2.html]...  : new 
21:43:48.369 DEBUG org.jbake.parser.MarkupEngine - Type property found
21:43:48.369 DEBUG org.jbake.parser.MarkupEngine - Status property found
21:43:48.369 DEBUG org.jbake.parser.MarkupEngine - Header separator found
21:43:48.383 INFO  org.jbake.app.Crawler - Processing [/home/csmajs/jgarc271/git/jbake-testing-and-verification/jbake-core/build/resources/test/fixture/content/papers/draft-paper.html]...  : new 
21:43:48.385 DEBUG org.jbake.parser.MarkupEngine - Type property found
21:43:48.385 DEBUG org.jbake.parser.MarkupEngine - Status property found
21:43:48.385 DEBUG org.jbake.parser.MarkupEngine - Header separator found
21:43:48.386 INFO  org.jbake.app.Crawler - Processing [/home/csmajs/jgarc271/git/jbake-testing-and-verification/jbake-core/build/resources/test/fixture/content/papers/published-paper.html]...  : new 
21:43:48.387 DEBUG org.jbake.parser.MarkupEngine - Type property found
21:43:48.387 DEBUG org.jbake.parser.MarkupEngine - Status property found
21:43:48.387 DEBUG org.jbake.parser.MarkupEngine - Header separator found
21:43:48.387 INFO  org.jbake.app.Crawler - Processing [/home/csmajs/jgarc271/git/jbake-testing-and-verification/jbake-core/build/resources/test/fixture/content/projects.html]...  : new 
21:43:48.387 INFO  org.jbake.app.Crawler - Content detected:
21:43:48.387 INFO  org.jbake.app.Crawler - Parsed 3 files of type: page
21:43:48.387 INFO  org.jbake.app.Crawler - Parsed 4 files of type: post
21:43:48.421 INFO  org.jbake.app.Renderer - Rendering feed [/tmp/junit5031687084108544508/feed.xml]... done!
21:43:48.425 INFO  c.o.o.c.s.m.ODirectMemoryStorage - Storage 'memory:/tmp/junit5031687084108544508/documents1584074624319' is created under OrientDB distribution : 3.0.14 - Veloce (build ac128c5a9ba4c6dc9d25a32b92962d8863774423, branch 3.0.x)
21:43:48.944 DEBUG org.jbake.app.ContentStore - Create document class 'page'
21:43:48.966 DEBUG org.jbake.app.ContentStore - Create document class 'post'
21:43:48.990 DEBUG org.jbake.app.ContentStore - Create document class 'masterindex'
21:43:49.017 DEBUG org.jbake.app.ContentStore - Create document class 'archive'
21:43:49.047 DEBUG org.jbake.app.ContentStore - Create document class 'feed'
21:43:49.101 DEBUG org.jbake.parser.MarkupEngine - Type property found
21:43:49.101 DEBUG org.jbake.parser.MarkupEngine - Status property found
21:43:49.101 DEBUG org.jbake.parser.MarkupEngine - Header separator found
21:43:49.101 INFO  org.jbake.app.Crawler - Processing [/home/csmajs/jgarc271/git/jbake-testing-and-verification/jbake-core/build/resources/test/fixture/content/about.html]...  : new 
21:43:49.102 DEBUG org.jbake.parser.MarkupEngine - Type property found
21:43:49.102 DEBUG org.jbake.parser.MarkupEngine - Status property found
21:43:49.103 DEBUG org.jbake.parser.MarkupEngine - Header separator found
21:43:49.115 INFO  org.jbake.app.Crawler - Processing [/home/csmajs/jgarc271/git/jbake-testing-and-verification/jbake-core/build/resources/test/fixture/content/allcontent.html]...  : new 
21:43:49.120 DEBUG org.jbake.parser.MarkupEngine - Type property found
21:43:49.120 DEBUG org.jbake.parser.MarkupEngine - Status property found
21:43:49.120 DEBUG org.jbake.parser.MarkupEngine - Header separator found
21:43:49.120 INFO  org.jbake.app.Crawler - Processing [/home/csmajs/jgarc271/git/jbake-testing-and-verification/jbake-core/build/resources/test/fixture/content/blog/2012/first-post.html]...  : new 
21:43:49.123 DEBUG org.jbake.parser.MarkupEngine - Type property found
21:43:49.123 DEBUG org.jbake.parser.MarkupEngine - Status property found
21:43:49.123 DEBUG org.jbake.parser.MarkupEngine - Header separator found
21:43:49.123 INFO  org.jbake.app.Crawler - Processing [/home/csmajs/jgarc271/git/jbake-testing-and-verification/jbake-core/build/resources/test/fixture/content/blog/2013/second-post.html]...  : new 
21:43:49.125 DEBUG org.jbake.parser.MarkupEngine - Type property found
21:43:49.125 DEBUG org.jbake.parser.MarkupEngine - Status property found
21:43:49.125 DEBUG org.jbake.parser.MarkupEngine - Header separator found
21:43:49.125 INFO  org.jbake.app.Crawler - Processing [/home/csmajs/jgarc271/git/jbake-testing-and-verification/jbake-core/build/resources/test/fixture/content/blog/2016/another-post.html]...  : new 
21:43:49.126 DEBUG org.jbake.parser.MarkupEngine - Type property found
21:43:49.126 DEBUG org.jbake.parser.MarkupEngine - Status property found
21:43:49.126 DEBUG org.jbake.parser.MarkupEngine - Header separator found
21:43:49.127 INFO  org.jbake.app.Crawler - Processing [/home/csmajs/jgarc271/git/jbake-testing-and-verification/jbake-core/build/resources/test/fixture/content/blog/2016/draft-post.html]...  : new 
21:43:49.128 DEBUG org.jbake.parser.MarkupEngine - Header separator found
21:43:49.128 WARN  org.jbake.parser.MarkupEngine - Parsing skipped (missing type or status value in header meta data) for file /home/csmajs/jgarc271/git/jbake-testing-and-verification/jbake-core/build/resources/test/fixture/content/blog/invalid_header.html!
21:43:49.128 WARN  org.jbake.app.Crawler - /home/csmajs/jgarc271/git/jbake-testing-and-verification/jbake-core/build/resources/test/fixture/content/blog/invalid_header.html has an invalid header, it has been ignored!
21:43:49.128 INFO  org.jbake.app.Crawler - Processing [/home/csmajs/jgarc271/git/jbake-testing-and-verification/jbake-core/build/resources/test/fixture/content/blog/invalid_header.html]...  : new 
21:43:49.129 DEBUG org.jbake.parser.MarkupEngine - Type property found
21:43:49.129 DEBUG org.jbake.parser.MarkupEngine - Status property found
21:43:49.129 DEBUG org.jbake.parser.MarkupEngine - Header separator found
21:43:49.129 INFO  org.jbake.app.Crawler - Processing [/home/csmajs/jgarc271/git/jbake-testing-and-verification/jbake-core/build/resources/test/fixture/content/index2.html]...  : new 
21:43:49.131 DEBUG org.jbake.parser.MarkupEngine - Type property found
21:43:49.131 DEBUG org.jbake.parser.MarkupEngine - Status property found
21:43:49.131 DEBUG org.jbake.parser.MarkupEngine - Header separator found
21:43:49.145 INFO  org.jbake.app.Crawler - Processing [/home/csmajs/jgarc271/git/jbake-testing-and-verification/jbake-core/build/resources/test/fixture/content/papers/draft-paper.html]...  : new 
21:43:49.147 DEBUG org.jbake.parser.MarkupEngine - Type property found
21:43:49.147 DEBUG org.jbake.parser.MarkupEngine - Status property found
21:43:49.147 DEBUG org.jbake.parser.MarkupEngine - Header separator found
21:43:49.147 INFO  org.jbake.app.Crawler - Processing [/home/csmajs/jgarc271/git/jbake-testing-and-verification/jbake-core/build/resources/test/fixture/content/papers/published-paper.html]...  : new 
21:43:49.148 DEBUG org.jbake.parser.MarkupEngine - Type property found
21:43:49.148 DEBUG org.jbake.parser.MarkupEngine - Status property found
21:43:49.148 DEBUG org.jbake.parser.MarkupEngine - Header separator found
21:43:49.148 INFO  org.jbake.app.Crawler - Processing [/home/csmajs/jgarc271/git/jbake-testing-and-verification/jbake-core/build/resources/test/fixture/content/projects.html]...  : new 
21:43:49.148 INFO  org.jbake.app.Crawler - Content detected:
21:43:49.148 INFO  org.jbake.app.Crawler - Parsed 3 files of type: page
21:43:49.149 INFO  org.jbake.app.Crawler - Parsed 4 files of type: post
21:43:49.160 DEBUG org.jbake.parser.MarkupEngine - Type property found
21:43:49.160 DEBUG org.jbake.parser.MarkupEngine - Status property found
21:43:49.160 DEBUG org.jbake.parser.MarkupEngine - Header separator found
21:43:49.181 INFO  org.jbake.app.Renderer - Rendering [/tmp/junit5031687084108544508/about.html]... done!
21:43:49.185 INFO  c.o.o.c.s.m.ODirectMemoryStorage - Storage 'memory:/tmp/junit5031687084108544508/documents1584074624319' is created under OrientDB distribution : 3.0.14 - Veloce (build ac128c5a9ba4c6dc9d25a32b92962d8863774423, branch 3.0.x)
21:43:49.704 DEBUG org.jbake.app.ContentStore - Create document class 'page'
21:43:49.726 DEBUG org.jbake.app.ContentStore - Create document class 'post'
21:43:49.750 DEBUG org.jbake.app.ContentStore - Create document class 'masterindex'
21:43:49.777 DEBUG org.jbake.app.ContentStore - Create document class 'archive'
21:43:49.807 DEBUG org.jbake.app.ContentStore - Create document class 'feed'
21:43:49.861 DEBUG org.jbake.parser.MarkupEngine - Type property found
21:43:49.861 DEBUG org.jbake.parser.MarkupEngine - Status property found
21:43:49.861 DEBUG org.jbake.parser.MarkupEngine - Header separator found
21:43:49.861 INFO  org.jbake.app.Crawler - Processing [/home/csmajs/jgarc271/git/jbake-testing-and-verification/jbake-core/build/resources/test/fixture/content/about.html]...  : new 
21:43:49.862 DEBUG org.jbake.parser.MarkupEngine - Type property found
21:43:49.862 DEBUG org.jbake.parser.MarkupEngine - Status property found
21:43:49.862 DEBUG org.jbake.parser.MarkupEngine - Header separator found
21:43:49.875 INFO  org.jbake.app.Crawler - Processing [/home/csmajs/jgarc271/git/jbake-testing-and-verification/jbake-core/build/resources/test/fixture/content/allcontent.html]...  : new 
21:43:49.879 DEBUG org.jbake.parser.MarkupEngine - Type property found
21:43:49.879 DEBUG org.jbake.parser.MarkupEngine - Status property found
21:43:49.879 DEBUG org.jbake.parser.MarkupEngine - Header separator found
21:43:49.880 INFO  org.jbake.app.Crawler - Processing [/home/csmajs/jgarc271/git/jbake-testing-and-verification/jbake-core/build/resources/test/fixture/content/blog/2012/first-post.html]...  : new 
21:43:49.882 DEBUG org.jbake.parser.MarkupEngine - Type property found
21:43:49.882 DEBUG org.jbake.parser.MarkupEngine - Status property found
21:43:49.882 DEBUG org.jbake.parser.MarkupEngine - Header separator found
21:43:49.883 INFO  org.jbake.app.Crawler - Processing [/home/csmajs/jgarc271/git/jbake-testing-and-verification/jbake-core/build/resources/test/fixture/content/blog/2013/second-post.html]...  : new 
21:43:49.884 DEBUG org.jbake.parser.MarkupEngine - Type property found
21:43:49.884 DEBUG org.jbake.parser.MarkupEngine - Status property found
21:43:49.884 DEBUG org.jbake.parser.MarkupEngine - Header separator found
21:43:49.884 INFO  org.jbake.app.Crawler - Processing [/home/csmajs/jgarc271/git/jbake-testing-and-verification/jbake-core/build/resources/test/fixture/content/blog/2016/another-post.html]...  : new 
21:43:49.886 DEBUG org.jbake.parser.MarkupEngine - Type property found
21:43:49.886 DEBUG org.jbake.parser.MarkupEngine - Status property found
21:43:49.886 DEBUG org.jbake.parser.MarkupEngine - Header separator found
21:43:49.886 INFO  org.jbake.app.Crawler - Processing [/home/csmajs/jgarc271/git/jbake-testing-and-verification/jbake-core/build/resources/test/fixture/content/blog/2016/draft-post.html]...  : new 
21:43:49.887 DEBUG org.jbake.parser.MarkupEngine - Header separator found
21:43:49.887 WARN  org.jbake.parser.MarkupEngine - Parsing skipped (missing type or status value in header meta data) for file /home/csmajs/jgarc271/git/jbake-testing-and-verification/jbake-core/build/resources/test/fixture/content/blog/invalid_header.html!
21:43:49.887 WARN  org.jbake.app.Crawler - /home/csmajs/jgarc271/git/jbake-testing-and-verification/jbake-core/build/resources/test/fixture/content/blog/invalid_header.html has an invalid header, it has been ignored!
21:43:49.887 INFO  org.jbake.app.Crawler - Processing [/home/csmajs/jgarc271/git/jbake-testing-and-verification/jbake-core/build/resources/test/fixture/content/blog/invalid_header.html]...  : new 
21:43:49.888 DEBUG org.jbake.parser.MarkupEngine - Type property found
21:43:49.888 DEBUG org.jbake.parser.MarkupEngine - Status property found
21:43:49.888 DEBUG org.jbake.parser.MarkupEngine - Header separator found
21:43:49.888 INFO  org.jbake.app.Crawler - Processing [/home/csmajs/jgarc271/git/jbake-testing-and-verification/jbake-core/build/resources/test/fixture/content/index2.html]...  : new 
21:43:49.890 DEBUG org.jbake.parser.MarkupEngine - Type property found
21:43:49.890 DEBUG org.jbake.parser.MarkupEngine - Status property found
21:43:49.890 DEBUG org.jbake.parser.MarkupEngine - Header separator found
21:43:49.904 INFO  org.jbake.app.Crawler - Processing [/home/csmajs/jgarc271/git/jbake-testing-and-verification/jbake-core/build/resources/test/fixture/content/papers/draft-paper.html]...  : new 
21:43:49.906 DEBUG org.jbake.parser.MarkupEngine - Type property found
21:43:49.906 DEBUG org.jbake.parser.MarkupEngine - Status property found
21:43:49.906 DEBUG org.jbake.parser.MarkupEngine - Header separator found
21:43:49.906 INFO  org.jbake.app.Crawler - Processing [/home/csmajs/jgarc271/git/jbake-testing-and-verification/jbake-core/build/resources/test/fixture/content/papers/published-paper.html]...  : new 
21:43:49.907 DEBUG org.jbake.parser.MarkupEngine - Type property found
21:43:49.907 DEBUG org.jbake.parser.MarkupEngine - Status property found
21:43:49.907 DEBUG org.jbake.parser.MarkupEngine - Header separator found
21:43:49.907 INFO  org.jbake.app.Crawler - Processing [/home/csmajs/jgarc271/git/jbake-testing-and-verification/jbake-core/build/resources/test/fixture/content/projects.html]...  : new 
21:43:49.907 INFO  org.jbake.app.Crawler - Content detected:
21:43:49.907 INFO  org.jbake.app.Crawler - Parsed 3 files of type: page
21:43:49.908 INFO  org.jbake.app.Crawler - Parsed 4 files of type: post
21:43:49.919 DEBUG org.jbake.parser.MarkupEngine - Type property found
21:43:49.919 DEBUG org.jbake.parser.MarkupEngine - Status property found
21:43:49.919 DEBUG org.jbake.parser.MarkupEngine - Header separator found
21:43:49.941 INFO  org.jbake.app.Renderer - Rendering [/tmp/junit5031687084108544508/second-post.html]... done!
21:43:49.945 INFO  c.o.o.c.s.m.ODirectMemoryStorage - Storage 'memory:/tmp/junit5031687084108544508/documents1584074624319' is created under OrientDB distribution : 3.0.14 - Veloce (build ac128c5a9ba4c6dc9d25a32b92962d8863774423, branch 3.0.x)
21:43:50.464 DEBUG org.jbake.app.ContentStore - Create document class 'page'
21:43:50.485 DEBUG org.jbake.app.ContentStore - Create document class 'post'
21:43:50.510 DEBUG org.jbake.app.ContentStore - Create document class 'masterindex'
21:43:50.537 DEBUG org.jbake.app.ContentStore - Create document class 'archive'
21:43:50.567 DEBUG org.jbake.app.ContentStore - Create document class 'feed'
21:43:50.622 DEBUG org.jbake.parser.MarkupEngine - Type property found
21:43:50.622 DEBUG org.jbake.parser.MarkupEngine - Status property found
21:43:50.622 DEBUG org.jbake.parser.MarkupEngine - Header separator found
21:43:50.622 INFO  org.jbake.app.Crawler - Processing [/home/csmajs/jgarc271/git/jbake-testing-and-verification/jbake-core/build/resources/test/fixture/content/about.html]...  : new 
21:43:50.623 DEBUG org.jbake.parser.MarkupEngine - Type property found
21:43:50.623 DEBUG org.jbake.parser.MarkupEngine - Status property found
21:43:50.624 DEBUG org.jbake.parser.MarkupEngine - Header separator found
21:43:50.636 INFO  org.jbake.app.Crawler - Processing [/home/csmajs/jgarc271/git/jbake-testing-and-verification/jbake-core/build/resources/test/fixture/content/allcontent.html]...  : new 
21:43:50.641 DEBUG org.jbake.parser.MarkupEngine - Type property found
21:43:50.641 DEBUG org.jbake.parser.MarkupEngine - Status property found
21:43:50.641 DEBUG org.jbake.parser.MarkupEngine - Header separator found
21:43:50.641 INFO  org.jbake.app.Crawler - Processing [/home/csmajs/jgarc271/git/jbake-testing-and-verification/jbake-core/build/resources/test/fixture/content/blog/2012/first-post.html]...  : new 
21:43:50.643 DEBUG org.jbake.parser.MarkupEngine - Type property found
21:43:50.643 DEBUG org.jbake.parser.MarkupEngine - Status property found
21:43:50.643 DEBUG org.jbake.parser.MarkupEngine - Header separator found
21:43:50.644 INFO  org.jbake.app.Crawler - Processing [/home/csmajs/jgarc271/git/jbake-testing-and-verification/jbake-core/build/resources/test/fixture/content/blog/2013/second-post.html]...  : new 
21:43:50.645 DEBUG org.jbake.parser.MarkupEngine - Type property found
21:43:50.645 DEBUG org.jbake.parser.MarkupEngine - Status property found
21:43:50.645 DEBUG org.jbake.parser.MarkupEngine - Header separator found
21:43:50.646 INFO  org.jbake.app.Crawler - Processing [/home/csmajs/jgarc271/git/jbake-testing-and-verification/jbake-core/build/resources/test/fixture/content/blog/2016/another-post.html]...  : new 
21:43:50.647 DEBUG org.jbake.parser.MarkupEngine - Type property found
21:43:50.647 DEBUG org.jbake.parser.MarkupEngine - Status property found
21:43:50.647 DEBUG org.jbake.parser.MarkupEngine - Header separator found
21:43:50.647 INFO  org.jbake.app.Crawler - Processing [/home/csmajs/jgarc271/git/jbake-testing-and-verification/jbake-core/build/resources/test/fixture/content/blog/2016/draft-post.html]...  : new 
21:43:50.648 DEBUG org.jbake.parser.MarkupEngine - Header separator found
21:43:50.648 WARN  org.jbake.parser.MarkupEngine - Parsing skipped (missing type or status value in header meta data) for file /home/csmajs/jgarc271/git/jbake-testing-and-verification/jbake-core/build/resources/test/fixture/content/blog/invalid_header.html!
21:43:50.648 WARN  org.jbake.app.Crawler - /home/csmajs/jgarc271/git/jbake-testing-and-verification/jbake-core/build/resources/test/fixture/content/blog/invalid_header.html has an invalid header, it has been ignored!
21:43:50.648 INFO  org.jbake.app.Crawler - Processing [/home/csmajs/jgarc271/git/jbake-testing-and-verification/jbake-core/build/resources/test/fixture/content/blog/invalid_header.html]...  : new 
21:43:50.649 DEBUG org.jbake.parser.MarkupEngine - Type property found
21:43:50.649 DEBUG org.jbake.parser.MarkupEngine - Status property found
21:43:50.649 DEBUG org.jbake.parser.MarkupEngine - Header separator found
21:43:50.650 INFO  org.jbake.app.Crawler - Processing [/home/csmajs/jgarc271/git/jbake-testing-and-verification/jbake-core/build/resources/test/fixture/content/index2.html]...  : new 
21:43:50.651 DEBUG org.jbake.parser.MarkupEngine - Type property found
21:43:50.651 DEBUG org.jbake.parser.MarkupEngine - Status property found
21:43:50.651 DEBUG org.jbake.parser.MarkupEngine - Header separator found
21:43:50.665 INFO  org.jbake.app.Crawler - Processing [/home/csmajs/jgarc271/git/jbake-testing-and-verification/jbake-core/build/resources/test/fixture/content/papers/draft-paper.html]...  : new 
21:43:50.667 DEBUG org.jbake.parser.MarkupEngine - Type property found
21:43:50.667 DEBUG org.jbake.parser.MarkupEngine - Status property found
21:43:50.667 DEBUG org.jbake.parser.MarkupEngine - Header separator found
21:43:50.668 INFO  org.jbake.app.Crawler - Processing [/home/csmajs/jgarc271/git/jbake-testing-and-verification/jbake-core/build/resources/test/fixture/content/papers/published-paper.html]...  : new 
21:43:50.669 DEBUG org.jbake.parser.MarkupEngine - Type property found
21:43:50.669 DEBUG org.jbake.parser.MarkupEngine - Status property found
21:43:50.669 DEBUG org.jbake.parser.MarkupEngine - Header separator found
21:43:50.669 INFO  org.jbake.app.Crawler - Processing [/home/csmajs/jgarc271/git/jbake-testing-and-verification/jbake-core/build/resources/test/fixture/content/projects.html]...  : new 
21:43:50.669 INFO  org.jbake.app.Crawler - Content detected:
21:43:50.669 INFO  org.jbake.app.Crawler - Parsed 3 files of type: page
21:43:50.669 INFO  org.jbake.app.Crawler - Parsed 4 files of type: post
21:43:50.685 INFO  o.j.t.DelegatingTemplateEngine - Default template: tags.ftl was not found, searching for others...
21:43:50.685 INFO  o.j.t.DelegatingTemplateEngine - Found alternative template file: tags.pebble using this instead
21:43:50.711 INFO  org.jbake.app.Renderer - Rendering tag [/tmp/junit5031687084108544508/tags/blog.html]... done!
21:43:50.713 INFO  o.j.t.DelegatingTemplateEngine - Default template: tags-index.ftl was not found, searching for others...
21:43:50.713 INFO  o.j.t.DelegatingTemplateEngine - Found alternative template file: tags-index.pebble using this instead
21:43:50.720 INFO  org.jbake.app.Renderer - Rendering tagindex [/tmp/junit5031687084108544508/tags/index.html]... done!
21:43:50.724 INFO  c.o.o.c.s.m.ODirectMemoryStorage - Storage 'memory:/tmp/junit5031687084108544508/documents1584074624319' is created under OrientDB distribution : 3.0.14 - Veloce (build ac128c5a9ba4c6dc9d25a32b92962d8863774423, branch 3.0.x)
21:43:51.241 DEBUG org.jbake.app.ContentStore - Create document class 'page'
21:43:51.263 DEBUG org.jbake.app.ContentStore - Create document class 'post'
21:43:51.288 DEBUG org.jbake.app.ContentStore - Create document class 'masterindex'
21:43:51.315 DEBUG org.jbake.app.ContentStore - Create document class 'archive'
21:43:51.346 DEBUG org.jbake.app.ContentStore - Create document class 'feed'
21:43:51.400 DEBUG org.jbake.parser.MarkupEngine - Type property found
21:43:51.400 DEBUG org.jbake.parser.MarkupEngine - Status property found
21:43:51.400 DEBUG org.jbake.parser.MarkupEngine - Header separator found
21:43:51.400 INFO  org.jbake.app.Crawler - Processing [/home/csmajs/jgarc271/git/jbake-testing-and-verification/jbake-core/build/resources/test/fixture/content/about.html]...  : new 
21:43:51.401 DEBUG org.jbake.parser.MarkupEngine - Type property found
21:43:51.401 DEBUG org.jbake.parser.MarkupEngine - Status property found
21:43:51.401 DEBUG org.jbake.parser.MarkupEngine - Header separator found
21:43:51.414 INFO  org.jbake.app.Crawler - Processing [/home/csmajs/jgarc271/git/jbake-testing-and-verification/jbake-core/build/resources/test/fixture/content/allcontent.html]...  : new 
21:43:51.417 DEBUG org.jbake.parser.MarkupEngine - Type property found
21:43:51.417 DEBUG org.jbake.parser.MarkupEngine - Status property found
21:43:51.417 DEBUG org.jbake.parser.MarkupEngine - Header separator found
21:43:51.418 INFO  org.jbake.app.Crawler - Processing [/home/csmajs/jgarc271/git/jbake-testing-and-verification/jbake-core/build/resources/test/fixture/content/blog/2012/first-post.html]...  : new 
21:43:51.420 DEBUG org.jbake.parser.MarkupEngine - Type property found
21:43:51.420 DEBUG org.jbake.parser.MarkupEngine - Status property found
21:43:51.420 DEBUG org.jbake.parser.MarkupEngine - Header separator found
21:43:51.421 INFO  org.jbake.app.Crawler - Processing [/home/csmajs/jgarc271/git/jbake-testing-and-verification/jbake-core/build/resources/test/fixture/content/blog/2013/second-post.html]...  : new 
21:43:51.422 DEBUG org.jbake.parser.MarkupEngine - Type property found
21:43:51.422 DEBUG org.jbake.parser.MarkupEngine - Status property found
21:43:51.422 DEBUG org.jbake.parser.MarkupEngine - Header separator found
21:43:51.422 INFO  org.jbake.app.Crawler - Processing [/home/csmajs/jgarc271/git/jbake-testing-and-verification/jbake-core/build/resources/test/fixture/content/blog/2016/another-post.html]...  : new 
21:43:51.423 DEBUG org.jbake.parser.MarkupEngine - Type property found
21:43:51.423 DEBUG org.jbake.parser.MarkupEngine - Status property found
21:43:51.423 DEBUG org.jbake.parser.MarkupEngine - Header separator found
21:43:51.424 INFO  org.jbake.app.Crawler - Processing [/home/csmajs/jgarc271/git/jbake-testing-and-verification/jbake-core/build/resources/test/fixture/content/blog/2016/draft-post.html]...  : new 
21:43:51.424 DEBUG org.jbake.parser.MarkupEngine - Header separator found
21:43:51.424 WARN  org.jbake.parser.MarkupEngine - Parsing skipped (missing type or status value in header meta data) for file /home/csmajs/jgarc271/git/jbake-testing-and-verification/jbake-core/build/resources/test/fixture/content/blog/invalid_header.html!
21:43:51.425 WARN  org.jbake.app.Crawler - /home/csmajs/jgarc271/git/jbake-testing-and-verification/jbake-core/build/resources/test/fixture/content/blog/invalid_header.html has an invalid header, it has been ignored!
21:43:51.425 INFO  org.jbake.app.Crawler - Processing [/home/csmajs/jgarc271/git/jbake-testing-and-verification/jbake-core/build/resources/test/fixture/content/blog/invalid_header.html]...  : new 
21:43:51.425 DEBUG org.jbake.parser.MarkupEngine - Type property found
21:43:51.425 DEBUG org.jbake.parser.MarkupEngine - Status property found
21:43:51.425 DEBUG org.jbake.parser.MarkupEngine - Header separator found
21:43:51.426 INFO  org.jbake.app.Crawler - Processing [/home/csmajs/jgarc271/git/jbake-testing-and-verification/jbake-core/build/resources/test/fixture/content/index2.html]...  : new 
21:43:51.427 DEBUG org.jbake.parser.MarkupEngine - Type property found
21:43:51.427 DEBUG org.jbake.parser.MarkupEngine - Status property found
21:43:51.427 DEBUG org.jbake.parser.MarkupEngine - Header separator found
21:43:51.441 INFO  org.jbake.app.Crawler - Processing [/home/csmajs/jgarc271/git/jbake-testing-and-verification/jbake-core/build/resources/test/fixture/content/papers/draft-paper.html]...  : new 
21:43:51.443 DEBUG org.jbake.parser.MarkupEngine - Type property found
21:43:51.443 DEBUG org.jbake.parser.MarkupEngine - Status property found
21:43:51.443 DEBUG org.jbake.parser.MarkupEngine - Header separator found
21:43:51.443 INFO  org.jbake.app.Crawler - Processing [/home/csmajs/jgarc271/git/jbake-testing-and-verification/jbake-core/build/resources/test/fixture/content/papers/published-paper.html]...  : new 
21:43:51.444 DEBUG org.jbake.parser.MarkupEngine - Type property found
21:43:51.445 DEBUG org.jbake.parser.MarkupEngine - Status property found
21:43:51.445 DEBUG org.jbake.parser.MarkupEngine - Header separator found
21:43:51.445 INFO  org.jbake.app.Crawler - Processing [/home/csmajs/jgarc271/git/jbake-testing-and-verification/jbake-core/build/resources/test/fixture/content/projects.html]...  : new 
21:43:51.445 INFO  org.jbake.app.Crawler - Content detected:
21:43:51.445 INFO  org.jbake.app.Crawler - Parsed 3 files of type: page
21:43:51.445 INFO  org.jbake.app.Crawler - Parsed 4 files of type: post
21:43:51.456 INFO  org.jbake.template.ModelExtractors - register new extractors for document type: paper
21:43:51.458 INFO  o.j.t.DelegatingTemplateEngine - Default template: sitemap.ftl was not found, searching for others...
21:43:51.458 INFO  o.j.t.DelegatingTemplateEngine - Found alternative template file: sitemap.pebble using this instead
21:43:51.464 INFO  org.jbake.app.Renderer - Rendering sitemap [/tmp/junit5031687084108544508/sitemap.xml]... done!
]]></system-out>
  <system-err><![CDATA[]]></system-err>
</testsuite>
