<?xml version="1.0" encoding="UTF-8"?>
<testsuite name="org.jbake.app.template.PebbleTemplateEngineRenderingTest" tests="9" skipped="0" failures="0" errors="0" timestamp="2020-03-13T01:53:41" hostname="bolt.cs.ucr.edu" time="11.656">
  <properties/>
  <testcase name="renderIndex" classname="org.jbake.app.template.PebbleTemplateEngineRenderingTest" time="1.527"/>
  <testcase name="renderArchive" classname="org.jbake.app.template.PebbleTemplateEngineRenderingTest" time="1.269"/>
  <testcase name="checkDbTemplateModelIsPopulated" classname="org.jbake.app.template.PebbleTemplateEngineRenderingTest" time="1.267"/>
  <testcase name="renderTagsIndex" classname="org.jbake.app.template.PebbleTemplateEngineRenderingTest" time="1.27"/>
  <testcase name="renderFeed" classname="org.jbake.app.template.PebbleTemplateEngineRenderingTest" time="1.255"/>
  <testcase name="renderPage" classname="org.jbake.app.template.PebbleTemplateEngineRenderingTest" time="1.258"/>
  <testcase name="renderPost" classname="org.jbake.app.template.PebbleTemplateEngineRenderingTest" time="1.256"/>
  <testcase name="renderTags" classname="org.jbake.app.template.PebbleTemplateEngineRenderingTest" time="1.295"/>
  <testcase name="renderSitemap" classname="org.jbake.app.template.PebbleTemplateEngineRenderingTest" time="1.257"/>
  <system-out><![CDATA[18:53:41.715 INFO  c.o.o.c.s.m.ODirectMemoryStorage - Storage 'memory:/tmp/junit4663582082060229276/documents1584064421714' is created under OrientDB distribution : 3.0.14 - Veloce (build ac128c5a9ba4c6dc9d25a32b92962d8863774423, branch 3.0.x)
18:53:42.724 DEBUG org.jbake.app.ContentStore - Create document class 'page'
18:53:42.746 DEBUG org.jbake.app.ContentStore - Create document class 'post'
18:53:42.771 DEBUG org.jbake.app.ContentStore - Create document class 'masterindex'
18:53:42.799 DEBUG org.jbake.app.ContentStore - Create document class 'archive'
18:53:42.831 DEBUG org.jbake.app.ContentStore - Create document class 'feed'
18:53:42.886 DEBUG org.jbake.parser.MarkupEngine - Type property found
18:53:42.886 DEBUG org.jbake.parser.MarkupEngine - Status property found
18:53:42.886 DEBUG org.jbake.parser.MarkupEngine - Header separator found
18:53:42.887 INFO  org.jbake.app.Crawler - Processing [/home/csmajs/jgarc271/git/jbake-testing-and-verification/jbake-core/build/resources/test/fixture/content/about.html]...  : new 
18:53:42.888 DEBUG org.jbake.parser.MarkupEngine - Type property found
18:53:42.888 DEBUG org.jbake.parser.MarkupEngine - Status property found
18:53:42.888 DEBUG org.jbake.parser.MarkupEngine - Header separator found
18:53:42.901 INFO  org.jbake.app.Crawler - Processing [/home/csmajs/jgarc271/git/jbake-testing-and-verification/jbake-core/build/resources/test/fixture/content/allcontent.html]...  : new 
18:53:42.905 DEBUG org.jbake.parser.MarkupEngine - Type property found
18:53:42.905 DEBUG org.jbake.parser.MarkupEngine - Status property found
18:53:42.905 DEBUG org.jbake.parser.MarkupEngine - Header separator found
18:53:42.906 INFO  org.jbake.app.Crawler - Processing [/home/csmajs/jgarc271/git/jbake-testing-and-verification/jbake-core/build/resources/test/fixture/content/blog/2012/first-post.html]...  : new 
18:53:42.908 DEBUG org.jbake.parser.MarkupEngine - Type property found
18:53:42.908 DEBUG org.jbake.parser.MarkupEngine - Status property found
18:53:42.909 DEBUG org.jbake.parser.MarkupEngine - Header separator found
18:53:42.909 INFO  org.jbake.app.Crawler - Processing [/home/csmajs/jgarc271/git/jbake-testing-and-verification/jbake-core/build/resources/test/fixture/content/blog/2013/second-post.html]...  : new 
18:53:42.910 DEBUG org.jbake.parser.MarkupEngine - Type property found
18:53:42.911 DEBUG org.jbake.parser.MarkupEngine - Status property found
18:53:42.911 DEBUG org.jbake.parser.MarkupEngine - Header separator found
18:53:42.911 INFO  org.jbake.app.Crawler - Processing [/home/csmajs/jgarc271/git/jbake-testing-and-verification/jbake-core/build/resources/test/fixture/content/blog/2016/another-post.html]...  : new 
18:53:42.912 DEBUG org.jbake.parser.MarkupEngine - Type property found
18:53:42.912 DEBUG org.jbake.parser.MarkupEngine - Status property found
18:53:42.912 DEBUG org.jbake.parser.MarkupEngine - Header separator found
18:53:42.912 INFO  org.jbake.app.Crawler - Processing [/home/csmajs/jgarc271/git/jbake-testing-and-verification/jbake-core/build/resources/test/fixture/content/blog/2016/draft-post.html]...  : new 
18:53:42.913 DEBUG org.jbake.parser.MarkupEngine - Header separator found
18:53:42.914 WARN  org.jbake.parser.MarkupEngine - Parsing skipped (missing type or status value in header meta data) for file /home/csmajs/jgarc271/git/jbake-testing-and-verification/jbake-core/build/resources/test/fixture/content/blog/invalid_header.html!
18:53:42.914 WARN  org.jbake.app.Crawler - /home/csmajs/jgarc271/git/jbake-testing-and-verification/jbake-core/build/resources/test/fixture/content/blog/invalid_header.html has an invalid header, it has been ignored!
18:53:42.914 INFO  org.jbake.app.Crawler - Processing [/home/csmajs/jgarc271/git/jbake-testing-and-verification/jbake-core/build/resources/test/fixture/content/blog/invalid_header.html]...  : new 
18:53:42.915 DEBUG org.jbake.parser.MarkupEngine - Type property found
18:53:42.915 DEBUG org.jbake.parser.MarkupEngine - Status property found
18:53:42.915 DEBUG org.jbake.parser.MarkupEngine - Header separator found
18:53:42.915 INFO  org.jbake.app.Crawler - Processing [/home/csmajs/jgarc271/git/jbake-testing-and-verification/jbake-core/build/resources/test/fixture/content/index2.html]...  : new 
18:53:42.916 DEBUG org.jbake.parser.MarkupEngine - Type property found
18:53:42.916 DEBUG org.jbake.parser.MarkupEngine - Status property found
18:53:42.916 DEBUG org.jbake.parser.MarkupEngine - Header separator found
18:53:42.931 INFO  org.jbake.app.Crawler - Processing [/home/csmajs/jgarc271/git/jbake-testing-and-verification/jbake-core/build/resources/test/fixture/content/papers/draft-paper.html]...  : new 
18:53:42.933 DEBUG org.jbake.parser.MarkupEngine - Type property found
18:53:42.933 DEBUG org.jbake.parser.MarkupEngine - Status property found
18:53:42.933 DEBUG org.jbake.parser.MarkupEngine - Header separator found
18:53:42.934 INFO  org.jbake.app.Crawler - Processing [/home/csmajs/jgarc271/git/jbake-testing-and-verification/jbake-core/build/resources/test/fixture/content/papers/published-paper.html]...  : new 
18:53:42.935 DEBUG org.jbake.parser.MarkupEngine - Type property found
18:53:42.935 DEBUG org.jbake.parser.MarkupEngine - Status property found
18:53:42.935 DEBUG org.jbake.parser.MarkupEngine - Header separator found
18:53:42.935 INFO  org.jbake.app.Crawler - Processing [/home/csmajs/jgarc271/git/jbake-testing-and-verification/jbake-core/build/resources/test/fixture/content/projects.html]...  : new 
18:53:42.935 INFO  org.jbake.app.Crawler - Content detected:
18:53:42.935 INFO  org.jbake.app.Crawler - Parsed 3 files of type: page
18:53:42.935 INFO  org.jbake.app.Crawler - Parsed 4 files of type: post
18:53:43.239 INFO  org.jbake.app.Renderer - Rendering masterindex [/tmp/junit4663582082060229276/index.html]... done!
18:53:43.243 INFO  c.o.o.c.s.m.ODirectMemoryStorage - Storage 'memory:/tmp/junit4663582082060229276/documents1584064421714' is created under OrientDB distribution : 3.0.14 - Veloce (build ac128c5a9ba4c6dc9d25a32b92962d8863774423, branch 3.0.x)
18:53:44.254 DEBUG org.jbake.app.ContentStore - Create document class 'page'
18:53:44.277 DEBUG org.jbake.app.ContentStore - Create document class 'post'
18:53:44.302 DEBUG org.jbake.app.ContentStore - Create document class 'masterindex'
18:53:44.330 DEBUG org.jbake.app.ContentStore - Create document class 'archive'
18:53:44.361 DEBUG org.jbake.app.ContentStore - Create document class 'feed'
18:53:44.417 DEBUG org.jbake.parser.MarkupEngine - Type property found
18:53:44.417 DEBUG org.jbake.parser.MarkupEngine - Status property found
18:53:44.417 DEBUG org.jbake.parser.MarkupEngine - Header separator found
18:53:44.418 INFO  org.jbake.app.Crawler - Processing [/home/csmajs/jgarc271/git/jbake-testing-and-verification/jbake-core/build/resources/test/fixture/content/about.html]...  : new 
18:53:44.419 DEBUG org.jbake.parser.MarkupEngine - Type property found
18:53:44.419 DEBUG org.jbake.parser.MarkupEngine - Status property found
18:53:44.419 DEBUG org.jbake.parser.MarkupEngine - Header separator found
18:53:44.432 INFO  org.jbake.app.Crawler - Processing [/home/csmajs/jgarc271/git/jbake-testing-and-verification/jbake-core/build/resources/test/fixture/content/allcontent.html]...  : new 
18:53:44.436 DEBUG org.jbake.parser.MarkupEngine - Type property found
18:53:44.436 DEBUG org.jbake.parser.MarkupEngine - Status property found
18:53:44.436 DEBUG org.jbake.parser.MarkupEngine - Header separator found
18:53:44.437 INFO  org.jbake.app.Crawler - Processing [/home/csmajs/jgarc271/git/jbake-testing-and-verification/jbake-core/build/resources/test/fixture/content/blog/2012/first-post.html]...  : new 
18:53:44.439 DEBUG org.jbake.parser.MarkupEngine - Type property found
18:53:44.439 DEBUG org.jbake.parser.MarkupEngine - Status property found
18:53:44.439 DEBUG org.jbake.parser.MarkupEngine - Header separator found
18:53:44.440 INFO  org.jbake.app.Crawler - Processing [/home/csmajs/jgarc271/git/jbake-testing-and-verification/jbake-core/build/resources/test/fixture/content/blog/2013/second-post.html]...  : new 
18:53:44.441 DEBUG org.jbake.parser.MarkupEngine - Type property found
18:53:44.441 DEBUG org.jbake.parser.MarkupEngine - Status property found
18:53:44.441 DEBUG org.jbake.parser.MarkupEngine - Header separator found
18:53:44.442 INFO  org.jbake.app.Crawler - Processing [/home/csmajs/jgarc271/git/jbake-testing-and-verification/jbake-core/build/resources/test/fixture/content/blog/2016/another-post.html]...  : new 
18:53:44.443 DEBUG org.jbake.parser.MarkupEngine - Type property found
18:53:44.443 DEBUG org.jbake.parser.MarkupEngine - Status property found
18:53:44.443 DEBUG org.jbake.parser.MarkupEngine - Header separator found
18:53:44.443 INFO  org.jbake.app.Crawler - Processing [/home/csmajs/jgarc271/git/jbake-testing-and-verification/jbake-core/build/resources/test/fixture/content/blog/2016/draft-post.html]...  : new 
18:53:44.444 DEBUG org.jbake.parser.MarkupEngine - Header separator found
18:53:44.445 WARN  org.jbake.parser.MarkupEngine - Parsing skipped (missing type or status value in header meta data) for file /home/csmajs/jgarc271/git/jbake-testing-and-verification/jbake-core/build/resources/test/fixture/content/blog/invalid_header.html!
18:53:44.445 WARN  org.jbake.app.Crawler - /home/csmajs/jgarc271/git/jbake-testing-and-verification/jbake-core/build/resources/test/fixture/content/blog/invalid_header.html has an invalid header, it has been ignored!
18:53:44.445 INFO  org.jbake.app.Crawler - Processing [/home/csmajs/jgarc271/git/jbake-testing-and-verification/jbake-core/build/resources/test/fixture/content/blog/invalid_header.html]...  : new 
18:53:44.445 DEBUG org.jbake.parser.MarkupEngine - Type property found
18:53:44.446 DEBUG org.jbake.parser.MarkupEngine - Status property found
18:53:44.446 DEBUG org.jbake.parser.MarkupEngine - Header separator found
18:53:44.446 INFO  org.jbake.app.Crawler - Processing [/home/csmajs/jgarc271/git/jbake-testing-and-verification/jbake-core/build/resources/test/fixture/content/index2.html]...  : new 
18:53:44.447 DEBUG org.jbake.parser.MarkupEngine - Type property found
18:53:44.447 DEBUG org.jbake.parser.MarkupEngine - Status property found
18:53:44.447 DEBUG org.jbake.parser.MarkupEngine - Header separator found
18:53:44.462 INFO  org.jbake.app.Crawler - Processing [/home/csmajs/jgarc271/git/jbake-testing-and-verification/jbake-core/build/resources/test/fixture/content/papers/draft-paper.html]...  : new 
18:53:44.465 DEBUG org.jbake.parser.MarkupEngine - Type property found
18:53:44.465 DEBUG org.jbake.parser.MarkupEngine - Status property found
18:53:44.465 DEBUG org.jbake.parser.MarkupEngine - Header separator found
18:53:44.465 INFO  org.jbake.app.Crawler - Processing [/home/csmajs/jgarc271/git/jbake-testing-and-verification/jbake-core/build/resources/test/fixture/content/papers/published-paper.html]...  : new 
18:53:44.466 DEBUG org.jbake.parser.MarkupEngine - Type property found
18:53:44.466 DEBUG org.jbake.parser.MarkupEngine - Status property found
18:53:44.466 DEBUG org.jbake.parser.MarkupEngine - Header separator found
18:53:44.467 INFO  org.jbake.app.Crawler - Processing [/home/csmajs/jgarc271/git/jbake-testing-and-verification/jbake-core/build/resources/test/fixture/content/projects.html]...  : new 
18:53:44.467 INFO  org.jbake.app.Crawler - Content detected:
18:53:44.467 INFO  org.jbake.app.Crawler - Parsed 3 files of type: page
18:53:44.467 INFO  org.jbake.app.Crawler - Parsed 4 files of type: post
18:53:44.509 INFO  org.jbake.app.Renderer - Rendering archive [/tmp/junit4663582082060229276/archive.html]... done!
18:53:44.513 INFO  c.o.o.c.s.m.ODirectMemoryStorage - Storage 'memory:/tmp/junit4663582082060229276/documents1584064421714' is created under OrientDB distribution : 3.0.14 - Veloce (build ac128c5a9ba4c6dc9d25a32b92962d8863774423, branch 3.0.x)
18:53:45.519 DEBUG org.jbake.app.ContentStore - Create document class 'page'
18:53:45.546 DEBUG org.jbake.app.ContentStore - Create document class 'post'
18:53:45.570 DEBUG org.jbake.app.ContentStore - Create document class 'masterindex'
18:53:45.597 DEBUG org.jbake.app.ContentStore - Create document class 'archive'
18:53:45.628 DEBUG org.jbake.app.ContentStore - Create document class 'feed'
18:53:45.683 DEBUG org.jbake.parser.MarkupEngine - Type property found
18:53:45.684 DEBUG org.jbake.parser.MarkupEngine - Status property found
18:53:45.684 DEBUG org.jbake.parser.MarkupEngine - Header separator found
18:53:45.684 INFO  org.jbake.app.Crawler - Processing [/home/csmajs/jgarc271/git/jbake-testing-and-verification/jbake-core/build/resources/test/fixture/content/about.html]...  : new 
18:53:45.685 DEBUG org.jbake.parser.MarkupEngine - Type property found
18:53:45.685 DEBUG org.jbake.parser.MarkupEngine - Status property found
18:53:45.685 DEBUG org.jbake.parser.MarkupEngine - Header separator found
18:53:45.699 INFO  org.jbake.app.Crawler - Processing [/home/csmajs/jgarc271/git/jbake-testing-and-verification/jbake-core/build/resources/test/fixture/content/allcontent.html]...  : new 
18:53:45.703 DEBUG org.jbake.parser.MarkupEngine - Type property found
18:53:45.703 DEBUG org.jbake.parser.MarkupEngine - Status property found
18:53:45.703 DEBUG org.jbake.parser.MarkupEngine - Header separator found
18:53:45.703 INFO  org.jbake.app.Crawler - Processing [/home/csmajs/jgarc271/git/jbake-testing-and-verification/jbake-core/build/resources/test/fixture/content/blog/2012/first-post.html]...  : new 
18:53:45.705 DEBUG org.jbake.parser.MarkupEngine - Type property found
18:53:45.705 DEBUG org.jbake.parser.MarkupEngine - Status property found
18:53:45.705 DEBUG org.jbake.parser.MarkupEngine - Header separator found
18:53:45.706 INFO  org.jbake.app.Crawler - Processing [/home/csmajs/jgarc271/git/jbake-testing-and-verification/jbake-core/build/resources/test/fixture/content/blog/2013/second-post.html]...  : new 
18:53:45.707 DEBUG org.jbake.parser.MarkupEngine - Type property found
18:53:45.707 DEBUG org.jbake.parser.MarkupEngine - Status property found
18:53:45.707 DEBUG org.jbake.parser.MarkupEngine - Header separator found
18:53:45.708 INFO  org.jbake.app.Crawler - Processing [/home/csmajs/jgarc271/git/jbake-testing-and-verification/jbake-core/build/resources/test/fixture/content/blog/2016/another-post.html]...  : new 
18:53:45.709 DEBUG org.jbake.parser.MarkupEngine - Type property found
18:53:45.709 DEBUG org.jbake.parser.MarkupEngine - Status property found
18:53:45.709 DEBUG org.jbake.parser.MarkupEngine - Header separator found
18:53:45.709 INFO  org.jbake.app.Crawler - Processing [/home/csmajs/jgarc271/git/jbake-testing-and-verification/jbake-core/build/resources/test/fixture/content/blog/2016/draft-post.html]...  : new 
18:53:45.710 DEBUG org.jbake.parser.MarkupEngine - Header separator found
18:53:45.710 WARN  org.jbake.parser.MarkupEngine - Parsing skipped (missing type or status value in header meta data) for file /home/csmajs/jgarc271/git/jbake-testing-and-verification/jbake-core/build/resources/test/fixture/content/blog/invalid_header.html!
18:53:45.710 WARN  org.jbake.app.Crawler - /home/csmajs/jgarc271/git/jbake-testing-and-verification/jbake-core/build/resources/test/fixture/content/blog/invalid_header.html has an invalid header, it has been ignored!
18:53:45.710 INFO  org.jbake.app.Crawler - Processing [/home/csmajs/jgarc271/git/jbake-testing-and-verification/jbake-core/build/resources/test/fixture/content/blog/invalid_header.html]...  : new 
18:53:45.711 DEBUG org.jbake.parser.MarkupEngine - Type property found
18:53:45.711 DEBUG org.jbake.parser.MarkupEngine - Status property found
18:53:45.711 DEBUG org.jbake.parser.MarkupEngine - Header separator found
18:53:45.712 INFO  org.jbake.app.Crawler - Processing [/home/csmajs/jgarc271/git/jbake-testing-and-verification/jbake-core/build/resources/test/fixture/content/index2.html]...  : new 
18:53:45.713 DEBUG org.jbake.parser.MarkupEngine - Type property found
18:53:45.713 DEBUG org.jbake.parser.MarkupEngine - Status property found
18:53:45.713 DEBUG org.jbake.parser.MarkupEngine - Header separator found
18:53:45.727 INFO  org.jbake.app.Crawler - Processing [/home/csmajs/jgarc271/git/jbake-testing-and-verification/jbake-core/build/resources/test/fixture/content/papers/draft-paper.html]...  : new 
18:53:45.729 DEBUG org.jbake.parser.MarkupEngine - Type property found
18:53:45.730 DEBUG org.jbake.parser.MarkupEngine - Status property found
18:53:45.730 DEBUG org.jbake.parser.MarkupEngine - Header separator found
18:53:45.730 INFO  org.jbake.app.Crawler - Processing [/home/csmajs/jgarc271/git/jbake-testing-and-verification/jbake-core/build/resources/test/fixture/content/papers/published-paper.html]...  : new 
18:53:45.731 DEBUG org.jbake.parser.MarkupEngine - Type property found
18:53:45.731 DEBUG org.jbake.parser.MarkupEngine - Status property found
18:53:45.731 DEBUG org.jbake.parser.MarkupEngine - Header separator found
18:53:45.731 INFO  org.jbake.app.Crawler - Processing [/home/csmajs/jgarc271/git/jbake-testing-and-verification/jbake-core/build/resources/test/fixture/content/projects.html]...  : new 
18:53:45.731 INFO  org.jbake.app.Crawler - Content detected:
18:53:45.731 INFO  org.jbake.app.Crawler - Parsed 3 files of type: page
18:53:45.732 INFO  org.jbake.app.Crawler - Parsed 4 files of type: post
18:53:45.776 INFO  org.jbake.app.Renderer - Rendering masterindex [/tmp/junit4663582082060229276/index.html]... done!
18:53:45.780 INFO  c.o.o.c.s.m.ODirectMemoryStorage - Storage 'memory:/tmp/junit4663582082060229276/documents1584064421714' is created under OrientDB distribution : 3.0.14 - Veloce (build ac128c5a9ba4c6dc9d25a32b92962d8863774423, branch 3.0.x)
18:53:46.787 DEBUG org.jbake.app.ContentStore - Create document class 'page'
18:53:46.809 DEBUG org.jbake.app.ContentStore - Create document class 'post'
18:53:46.834 DEBUG org.jbake.app.ContentStore - Create document class 'masterindex'
18:53:46.861 DEBUG org.jbake.app.ContentStore - Create document class 'archive'
18:53:46.892 DEBUG org.jbake.app.ContentStore - Create document class 'feed'
18:53:46.947 DEBUG org.jbake.parser.MarkupEngine - Type property found
18:53:46.947 DEBUG org.jbake.parser.MarkupEngine - Status property found
18:53:46.947 DEBUG org.jbake.parser.MarkupEngine - Header separator found
18:53:46.947 INFO  org.jbake.app.Crawler - Processing [/home/csmajs/jgarc271/git/jbake-testing-and-verification/jbake-core/build/resources/test/fixture/content/about.html]...  : new 
18:53:46.948 DEBUG org.jbake.parser.MarkupEngine - Type property found
18:53:46.948 DEBUG org.jbake.parser.MarkupEngine - Status property found
18:53:46.948 DEBUG org.jbake.parser.MarkupEngine - Header separator found
18:53:46.962 INFO  org.jbake.app.Crawler - Processing [/home/csmajs/jgarc271/git/jbake-testing-and-verification/jbake-core/build/resources/test/fixture/content/allcontent.html]...  : new 
18:53:46.966 DEBUG org.jbake.parser.MarkupEngine - Type property found
18:53:46.966 DEBUG org.jbake.parser.MarkupEngine - Status property found
18:53:46.966 DEBUG org.jbake.parser.MarkupEngine - Header separator found
18:53:46.966 INFO  org.jbake.app.Crawler - Processing [/home/csmajs/jgarc271/git/jbake-testing-and-verification/jbake-core/build/resources/test/fixture/content/blog/2012/first-post.html]...  : new 
18:53:46.969 DEBUG org.jbake.parser.MarkupEngine - Type property found
18:53:46.969 DEBUG org.jbake.parser.MarkupEngine - Status property found
18:53:46.969 DEBUG org.jbake.parser.MarkupEngine - Header separator found
18:53:46.969 INFO  org.jbake.app.Crawler - Processing [/home/csmajs/jgarc271/git/jbake-testing-and-verification/jbake-core/build/resources/test/fixture/content/blog/2013/second-post.html]...  : new 
18:53:46.971 DEBUG org.jbake.parser.MarkupEngine - Type property found
18:53:46.971 DEBUG org.jbake.parser.MarkupEngine - Status property found
18:53:46.971 DEBUG org.jbake.parser.MarkupEngine - Header separator found
18:53:46.971 INFO  org.jbake.app.Crawler - Processing [/home/csmajs/jgarc271/git/jbake-testing-and-verification/jbake-core/build/resources/test/fixture/content/blog/2016/another-post.html]...  : new 
18:53:46.972 DEBUG org.jbake.parser.MarkupEngine - Type property found
18:53:46.972 DEBUG org.jbake.parser.MarkupEngine - Status property found
18:53:46.972 DEBUG org.jbake.parser.MarkupEngine - Header separator found
18:53:46.973 INFO  org.jbake.app.Crawler - Processing [/home/csmajs/jgarc271/git/jbake-testing-and-verification/jbake-core/build/resources/test/fixture/content/blog/2016/draft-post.html]...  : new 
18:53:46.974 DEBUG org.jbake.parser.MarkupEngine - Header separator found
18:53:46.974 WARN  org.jbake.parser.MarkupEngine - Parsing skipped (missing type or status value in header meta data) for file /home/csmajs/jgarc271/git/jbake-testing-and-verification/jbake-core/build/resources/test/fixture/content/blog/invalid_header.html!
18:53:46.974 WARN  org.jbake.app.Crawler - /home/csmajs/jgarc271/git/jbake-testing-and-verification/jbake-core/build/resources/test/fixture/content/blog/invalid_header.html has an invalid header, it has been ignored!
18:53:46.974 INFO  org.jbake.app.Crawler - Processing [/home/csmajs/jgarc271/git/jbake-testing-and-verification/jbake-core/build/resources/test/fixture/content/blog/invalid_header.html]...  : new 
18:53:46.975 DEBUG org.jbake.parser.MarkupEngine - Type property found
18:53:46.975 DEBUG org.jbake.parser.MarkupEngine - Status property found
18:53:46.975 DEBUG org.jbake.parser.MarkupEngine - Header separator found
18:53:46.975 INFO  org.jbake.app.Crawler - Processing [/home/csmajs/jgarc271/git/jbake-testing-and-verification/jbake-core/build/resources/test/fixture/content/index2.html]...  : new 
18:53:46.977 DEBUG org.jbake.parser.MarkupEngine - Type property found
18:53:46.977 DEBUG org.jbake.parser.MarkupEngine - Status property found
18:53:46.977 DEBUG org.jbake.parser.MarkupEngine - Header separator found
18:53:46.991 INFO  org.jbake.app.Crawler - Processing [/home/csmajs/jgarc271/git/jbake-testing-and-verification/jbake-core/build/resources/test/fixture/content/papers/draft-paper.html]...  : new 
18:53:46.994 DEBUG org.jbake.parser.MarkupEngine - Type property found
18:53:46.994 DEBUG org.jbake.parser.MarkupEngine - Status property found
18:53:46.994 DEBUG org.jbake.parser.MarkupEngine - Header separator found
18:53:46.994 INFO  org.jbake.app.Crawler - Processing [/home/csmajs/jgarc271/git/jbake-testing-and-verification/jbake-core/build/resources/test/fixture/content/papers/published-paper.html]...  : new 
18:53:46.995 DEBUG org.jbake.parser.MarkupEngine - Type property found
18:53:46.995 DEBUG org.jbake.parser.MarkupEngine - Status property found
18:53:46.995 DEBUG org.jbake.parser.MarkupEngine - Header separator found
18:53:46.996 INFO  org.jbake.app.Crawler - Processing [/home/csmajs/jgarc271/git/jbake-testing-and-verification/jbake-core/build/resources/test/fixture/content/projects.html]...  : new 
18:53:46.996 INFO  org.jbake.app.Crawler - Content detected:
18:53:46.996 INFO  org.jbake.app.Crawler - Parsed 3 files of type: page
18:53:46.996 INFO  org.jbake.app.Crawler - Parsed 4 files of type: post
18:53:47.013 INFO  o.j.t.DelegatingTemplateEngine - Default template: tags.ftl was not found, searching for others...
18:53:47.013 INFO  o.j.t.DelegatingTemplateEngine - Found alternative template file: tags.pebble using this instead
18:53:47.035 INFO  org.jbake.app.Renderer - Rendering tag [/tmp/junit4663582082060229276/tags/blog.html]... done!
18:53:47.037 INFO  o.j.t.DelegatingTemplateEngine - Default template: tags-index.ftl was not found, searching for others...
18:53:47.037 INFO  o.j.t.DelegatingTemplateEngine - Found alternative template file: tags-index.pebble using this instead
18:53:47.045 INFO  org.jbake.app.Renderer - Rendering tagindex [/tmp/junit4663582082060229276/tags/index.html]... done!
18:53:47.049 INFO  c.o.o.c.s.m.ODirectMemoryStorage - Storage 'memory:/tmp/junit4663582082060229276/documents1584064421714' is created under OrientDB distribution : 3.0.14 - Veloce (build ac128c5a9ba4c6dc9d25a32b92962d8863774423, branch 3.0.x)
18:53:48.056 DEBUG org.jbake.app.ContentStore - Create document class 'page'
18:53:48.079 DEBUG org.jbake.app.ContentStore - Create document class 'post'
18:53:48.103 DEBUG org.jbake.app.ContentStore - Create document class 'masterindex'
18:53:48.132 DEBUG org.jbake.app.ContentStore - Create document class 'archive'
18:53:48.163 DEBUG org.jbake.app.ContentStore - Create document class 'feed'
18:53:48.219 DEBUG org.jbake.parser.MarkupEngine - Type property found
18:53:48.219 DEBUG org.jbake.parser.MarkupEngine - Status property found
18:53:48.219 DEBUG org.jbake.parser.MarkupEngine - Header separator found
18:53:48.219 INFO  org.jbake.app.Crawler - Processing [/home/csmajs/jgarc271/git/jbake-testing-and-verification/jbake-core/build/resources/test/fixture/content/about.html]...  : new 
18:53:48.220 DEBUG org.jbake.parser.MarkupEngine - Type property found
18:53:48.220 DEBUG org.jbake.parser.MarkupEngine - Status property found
18:53:48.220 DEBUG org.jbake.parser.MarkupEngine - Header separator found
18:53:48.234 INFO  org.jbake.app.Crawler - Processing [/home/csmajs/jgarc271/git/jbake-testing-and-verification/jbake-core/build/resources/test/fixture/content/allcontent.html]...  : new 
18:53:48.238 DEBUG org.jbake.parser.MarkupEngine - Type property found
18:53:48.238 DEBUG org.jbake.parser.MarkupEngine - Status property found
18:53:48.238 DEBUG org.jbake.parser.MarkupEngine - Header separator found
18:53:48.238 INFO  org.jbake.app.Crawler - Processing [/home/csmajs/jgarc271/git/jbake-testing-and-verification/jbake-core/build/resources/test/fixture/content/blog/2012/first-post.html]...  : new 
18:53:48.241 DEBUG org.jbake.parser.MarkupEngine - Type property found
18:53:48.241 DEBUG org.jbake.parser.MarkupEngine - Status property found
18:53:48.241 DEBUG org.jbake.parser.MarkupEngine - Header separator found
18:53:48.241 INFO  org.jbake.app.Crawler - Processing [/home/csmajs/jgarc271/git/jbake-testing-and-verification/jbake-core/build/resources/test/fixture/content/blog/2013/second-post.html]...  : new 
18:53:48.243 DEBUG org.jbake.parser.MarkupEngine - Type property found
18:53:48.243 DEBUG org.jbake.parser.MarkupEngine - Status property found
18:53:48.243 DEBUG org.jbake.parser.MarkupEngine - Header separator found
18:53:48.243 INFO  org.jbake.app.Crawler - Processing [/home/csmajs/jgarc271/git/jbake-testing-and-verification/jbake-core/build/resources/test/fixture/content/blog/2016/another-post.html]...  : new 
18:53:48.244 DEBUG org.jbake.parser.MarkupEngine - Type property found
18:53:48.244 DEBUG org.jbake.parser.MarkupEngine - Status property found
18:53:48.244 DEBUG org.jbake.parser.MarkupEngine - Header separator found
18:53:48.244 INFO  org.jbake.app.Crawler - Processing [/home/csmajs/jgarc271/git/jbake-testing-and-verification/jbake-core/build/resources/test/fixture/content/blog/2016/draft-post.html]...  : new 
18:53:48.245 DEBUG org.jbake.parser.MarkupEngine - Header separator found
18:53:48.245 WARN  org.jbake.parser.MarkupEngine - Parsing skipped (missing type or status value in header meta data) for file /home/csmajs/jgarc271/git/jbake-testing-and-verification/jbake-core/build/resources/test/fixture/content/blog/invalid_header.html!
18:53:48.246 WARN  org.jbake.app.Crawler - /home/csmajs/jgarc271/git/jbake-testing-and-verification/jbake-core/build/resources/test/fixture/content/blog/invalid_header.html has an invalid header, it has been ignored!
18:53:48.246 INFO  org.jbake.app.Crawler - Processing [/home/csmajs/jgarc271/git/jbake-testing-and-verification/jbake-core/build/resources/test/fixture/content/blog/invalid_header.html]...  : new 
18:53:48.246 DEBUG org.jbake.parser.MarkupEngine - Type property found
18:53:48.246 DEBUG org.jbake.parser.MarkupEngine - Status property found
18:53:48.246 DEBUG org.jbake.parser.MarkupEngine - Header separator found
18:53:48.247 INFO  org.jbake.app.Crawler - Processing [/home/csmajs/jgarc271/git/jbake-testing-and-verification/jbake-core/build/resources/test/fixture/content/index2.html]...  : new 
18:53:48.248 DEBUG org.jbake.parser.MarkupEngine - Type property found
18:53:48.248 DEBUG org.jbake.parser.MarkupEngine - Status property found
18:53:48.248 DEBUG org.jbake.parser.MarkupEngine - Header separator found
18:53:48.263 INFO  org.jbake.app.Crawler - Processing [/home/csmajs/jgarc271/git/jbake-testing-and-verification/jbake-core/build/resources/test/fixture/content/papers/draft-paper.html]...  : new 
18:53:48.265 DEBUG org.jbake.parser.MarkupEngine - Type property found
18:53:48.265 DEBUG org.jbake.parser.MarkupEngine - Status property found
18:53:48.265 DEBUG org.jbake.parser.MarkupEngine - Header separator found
18:53:48.265 INFO  org.jbake.app.Crawler - Processing [/home/csmajs/jgarc271/git/jbake-testing-and-verification/jbake-core/build/resources/test/fixture/content/papers/published-paper.html]...  : new 
18:53:48.266 DEBUG org.jbake.parser.MarkupEngine - Type property found
18:53:48.266 DEBUG org.jbake.parser.MarkupEngine - Status property found
18:53:48.266 DEBUG org.jbake.parser.MarkupEngine - Header separator found
18:53:48.267 INFO  org.jbake.app.Crawler - Processing [/home/csmajs/jgarc271/git/jbake-testing-and-verification/jbake-core/build/resources/test/fixture/content/projects.html]...  : new 
18:53:48.267 INFO  org.jbake.app.Crawler - Content detected:
18:53:48.267 INFO  org.jbake.app.Crawler - Parsed 3 files of type: page
18:53:48.267 INFO  org.jbake.app.Crawler - Parsed 4 files of type: post
18:53:48.301 INFO  org.jbake.app.Renderer - Rendering feed [/tmp/junit4663582082060229276/feed.xml]... done!
18:53:48.305 INFO  c.o.o.c.s.m.ODirectMemoryStorage - Storage 'memory:/tmp/junit4663582082060229276/documents1584064421714' is created under OrientDB distribution : 3.0.14 - Veloce (build ac128c5a9ba4c6dc9d25a32b92962d8863774423, branch 3.0.x)
18:53:49.311 DEBUG org.jbake.app.ContentStore - Create document class 'page'
18:53:49.333 DEBUG org.jbake.app.ContentStore - Create document class 'post'
18:53:49.358 DEBUG org.jbake.app.ContentStore - Create document class 'masterindex'
18:53:49.386 DEBUG org.jbake.app.ContentStore - Create document class 'archive'
18:53:49.417 DEBUG org.jbake.app.ContentStore - Create document class 'feed'
18:53:49.473 DEBUG org.jbake.parser.MarkupEngine - Type property found
18:53:49.473 DEBUG org.jbake.parser.MarkupEngine - Status property found
18:53:49.473 DEBUG org.jbake.parser.MarkupEngine - Header separator found
18:53:49.473 INFO  org.jbake.app.Crawler - Processing [/home/csmajs/jgarc271/git/jbake-testing-and-verification/jbake-core/build/resources/test/fixture/content/about.html]...  : new 
18:53:49.474 DEBUG org.jbake.parser.MarkupEngine - Type property found
18:53:49.474 DEBUG org.jbake.parser.MarkupEngine - Status property found
18:53:49.474 DEBUG org.jbake.parser.MarkupEngine - Header separator found
18:53:49.488 INFO  org.jbake.app.Crawler - Processing [/home/csmajs/jgarc271/git/jbake-testing-and-verification/jbake-core/build/resources/test/fixture/content/allcontent.html]...  : new 
18:53:49.492 DEBUG org.jbake.parser.MarkupEngine - Type property found
18:53:49.492 DEBUG org.jbake.parser.MarkupEngine - Status property found
18:53:49.492 DEBUG org.jbake.parser.MarkupEngine - Header separator found
18:53:49.492 INFO  org.jbake.app.Crawler - Processing [/home/csmajs/jgarc271/git/jbake-testing-and-verification/jbake-core/build/resources/test/fixture/content/blog/2012/first-post.html]...  : new 
18:53:49.495 DEBUG org.jbake.parser.MarkupEngine - Type property found
18:53:49.495 DEBUG org.jbake.parser.MarkupEngine - Status property found
18:53:49.495 DEBUG org.jbake.parser.MarkupEngine - Header separator found
18:53:49.495 INFO  org.jbake.app.Crawler - Processing [/home/csmajs/jgarc271/git/jbake-testing-and-verification/jbake-core/build/resources/test/fixture/content/blog/2013/second-post.html]...  : new 
18:53:49.496 DEBUG org.jbake.parser.MarkupEngine - Type property found
18:53:49.497 DEBUG org.jbake.parser.MarkupEngine - Status property found
18:53:49.497 DEBUG org.jbake.parser.MarkupEngine - Header separator found
18:53:49.497 INFO  org.jbake.app.Crawler - Processing [/home/csmajs/jgarc271/git/jbake-testing-and-verification/jbake-core/build/resources/test/fixture/content/blog/2016/another-post.html]...  : new 
18:53:49.498 DEBUG org.jbake.parser.MarkupEngine - Type property found
18:53:49.498 DEBUG org.jbake.parser.MarkupEngine - Status property found
18:53:49.498 DEBUG org.jbake.parser.MarkupEngine - Header separator found
18:53:49.498 INFO  org.jbake.app.Crawler - Processing [/home/csmajs/jgarc271/git/jbake-testing-and-verification/jbake-core/build/resources/test/fixture/content/blog/2016/draft-post.html]...  : new 
18:53:49.499 DEBUG org.jbake.parser.MarkupEngine - Header separator found
18:53:49.500 WARN  org.jbake.parser.MarkupEngine - Parsing skipped (missing type or status value in header meta data) for file /home/csmajs/jgarc271/git/jbake-testing-and-verification/jbake-core/build/resources/test/fixture/content/blog/invalid_header.html!
18:53:49.500 WARN  org.jbake.app.Crawler - /home/csmajs/jgarc271/git/jbake-testing-and-verification/jbake-core/build/resources/test/fixture/content/blog/invalid_header.html has an invalid header, it has been ignored!
18:53:49.500 INFO  org.jbake.app.Crawler - Processing [/home/csmajs/jgarc271/git/jbake-testing-and-verification/jbake-core/build/resources/test/fixture/content/blog/invalid_header.html]...  : new 
18:53:49.501 DEBUG org.jbake.parser.MarkupEngine - Type property found
18:53:49.501 DEBUG org.jbake.parser.MarkupEngine - Status property found
18:53:49.501 DEBUG org.jbake.parser.MarkupEngine - Header separator found
18:53:49.501 INFO  org.jbake.app.Crawler - Processing [/home/csmajs/jgarc271/git/jbake-testing-and-verification/jbake-core/build/resources/test/fixture/content/index2.html]...  : new 
18:53:49.502 DEBUG org.jbake.parser.MarkupEngine - Type property found
18:53:49.502 DEBUG org.jbake.parser.MarkupEngine - Status property found
18:53:49.502 DEBUG org.jbake.parser.MarkupEngine - Header separator found
18:53:49.517 INFO  org.jbake.app.Crawler - Processing [/home/csmajs/jgarc271/git/jbake-testing-and-verification/jbake-core/build/resources/test/fixture/content/papers/draft-paper.html]...  : new 
18:53:49.519 DEBUG org.jbake.parser.MarkupEngine - Type property found
18:53:49.519 DEBUG org.jbake.parser.MarkupEngine - Status property found
18:53:49.519 DEBUG org.jbake.parser.MarkupEngine - Header separator found
18:53:49.520 INFO  org.jbake.app.Crawler - Processing [/home/csmajs/jgarc271/git/jbake-testing-and-verification/jbake-core/build/resources/test/fixture/content/papers/published-paper.html]...  : new 
18:53:49.521 DEBUG org.jbake.parser.MarkupEngine - Type property found
18:53:49.521 DEBUG org.jbake.parser.MarkupEngine - Status property found
18:53:49.521 DEBUG org.jbake.parser.MarkupEngine - Header separator found
18:53:49.521 INFO  org.jbake.app.Crawler - Processing [/home/csmajs/jgarc271/git/jbake-testing-and-verification/jbake-core/build/resources/test/fixture/content/projects.html]...  : new 
18:53:49.521 INFO  org.jbake.app.Crawler - Content detected:
18:53:49.521 INFO  org.jbake.app.Crawler - Parsed 3 files of type: page
18:53:49.521 INFO  org.jbake.app.Crawler - Parsed 4 files of type: post
18:53:49.533 DEBUG org.jbake.parser.MarkupEngine - Type property found
18:53:49.533 DEBUG org.jbake.parser.MarkupEngine - Status property found
18:53:49.533 DEBUG org.jbake.parser.MarkupEngine - Header separator found
18:53:49.560 INFO  org.jbake.app.Renderer - Rendering [/tmp/junit4663582082060229276/about.html]... done!
18:53:49.564 INFO  c.o.o.c.s.m.ODirectMemoryStorage - Storage 'memory:/tmp/junit4663582082060229276/documents1584064421714' is created under OrientDB distribution : 3.0.14 - Veloce (build ac128c5a9ba4c6dc9d25a32b92962d8863774423, branch 3.0.x)
18:53:50.570 DEBUG org.jbake.app.ContentStore - Create document class 'page'
18:53:50.592 DEBUG org.jbake.app.ContentStore - Create document class 'post'
18:53:50.617 DEBUG org.jbake.app.ContentStore - Create document class 'masterindex'
18:53:50.645 DEBUG org.jbake.app.ContentStore - Create document class 'archive'
18:53:50.676 DEBUG org.jbake.app.ContentStore - Create document class 'feed'
18:53:50.731 DEBUG org.jbake.parser.MarkupEngine - Type property found
18:53:50.731 DEBUG org.jbake.parser.MarkupEngine - Status property found
18:53:50.731 DEBUG org.jbake.parser.MarkupEngine - Header separator found
18:53:50.732 INFO  org.jbake.app.Crawler - Processing [/home/csmajs/jgarc271/git/jbake-testing-and-verification/jbake-core/build/resources/test/fixture/content/about.html]...  : new 
18:53:50.733 DEBUG org.jbake.parser.MarkupEngine - Type property found
18:53:50.733 DEBUG org.jbake.parser.MarkupEngine - Status property found
18:53:50.733 DEBUG org.jbake.parser.MarkupEngine - Header separator found
18:53:50.746 INFO  org.jbake.app.Crawler - Processing [/home/csmajs/jgarc271/git/jbake-testing-and-verification/jbake-core/build/resources/test/fixture/content/allcontent.html]...  : new 
18:53:50.750 DEBUG org.jbake.parser.MarkupEngine - Type property found
18:53:50.750 DEBUG org.jbake.parser.MarkupEngine - Status property found
18:53:50.750 DEBUG org.jbake.parser.MarkupEngine - Header separator found
18:53:50.750 INFO  org.jbake.app.Crawler - Processing [/home/csmajs/jgarc271/git/jbake-testing-and-verification/jbake-core/build/resources/test/fixture/content/blog/2012/first-post.html]...  : new 
18:53:50.753 DEBUG org.jbake.parser.MarkupEngine - Type property found
18:53:50.753 DEBUG org.jbake.parser.MarkupEngine - Status property found
18:53:50.753 DEBUG org.jbake.parser.MarkupEngine - Header separator found
18:53:50.754 INFO  org.jbake.app.Crawler - Processing [/home/csmajs/jgarc271/git/jbake-testing-and-verification/jbake-core/build/resources/test/fixture/content/blog/2013/second-post.html]...  : new 
18:53:50.755 DEBUG org.jbake.parser.MarkupEngine - Type property found
18:53:50.755 DEBUG org.jbake.parser.MarkupEngine - Status property found
18:53:50.755 DEBUG org.jbake.parser.MarkupEngine - Header separator found
18:53:50.755 INFO  org.jbake.app.Crawler - Processing [/home/csmajs/jgarc271/git/jbake-testing-and-verification/jbake-core/build/resources/test/fixture/content/blog/2016/another-post.html]...  : new 
18:53:50.756 DEBUG org.jbake.parser.MarkupEngine - Type property found
18:53:50.756 DEBUG org.jbake.parser.MarkupEngine - Status property found
18:53:50.757 DEBUG org.jbake.parser.MarkupEngine - Header separator found
18:53:50.757 INFO  org.jbake.app.Crawler - Processing [/home/csmajs/jgarc271/git/jbake-testing-and-verification/jbake-core/build/resources/test/fixture/content/blog/2016/draft-post.html]...  : new 
18:53:50.758 DEBUG org.jbake.parser.MarkupEngine - Header separator found
18:53:50.758 WARN  org.jbake.parser.MarkupEngine - Parsing skipped (missing type or status value in header meta data) for file /home/csmajs/jgarc271/git/jbake-testing-and-verification/jbake-core/build/resources/test/fixture/content/blog/invalid_header.html!
18:53:50.758 WARN  org.jbake.app.Crawler - /home/csmajs/jgarc271/git/jbake-testing-and-verification/jbake-core/build/resources/test/fixture/content/blog/invalid_header.html has an invalid header, it has been ignored!
18:53:50.758 INFO  org.jbake.app.Crawler - Processing [/home/csmajs/jgarc271/git/jbake-testing-and-verification/jbake-core/build/resources/test/fixture/content/blog/invalid_header.html]...  : new 
18:53:50.759 DEBUG org.jbake.parser.MarkupEngine - Type property found
18:53:50.759 DEBUG org.jbake.parser.MarkupEngine - Status property found
18:53:50.759 DEBUG org.jbake.parser.MarkupEngine - Header separator found
18:53:50.759 INFO  org.jbake.app.Crawler - Processing [/home/csmajs/jgarc271/git/jbake-testing-and-verification/jbake-core/build/resources/test/fixture/content/index2.html]...  : new 
18:53:50.761 DEBUG org.jbake.parser.MarkupEngine - Type property found
18:53:50.761 DEBUG org.jbake.parser.MarkupEngine - Status property found
18:53:50.761 DEBUG org.jbake.parser.MarkupEngine - Header separator found
18:53:50.775 INFO  org.jbake.app.Crawler - Processing [/home/csmajs/jgarc271/git/jbake-testing-and-verification/jbake-core/build/resources/test/fixture/content/papers/draft-paper.html]...  : new 
18:53:50.778 DEBUG org.jbake.parser.MarkupEngine - Type property found
18:53:50.778 DEBUG org.jbake.parser.MarkupEngine - Status property found
18:53:50.778 DEBUG org.jbake.parser.MarkupEngine - Header separator found
18:53:50.778 INFO  org.jbake.app.Crawler - Processing [/home/csmajs/jgarc271/git/jbake-testing-and-verification/jbake-core/build/resources/test/fixture/content/papers/published-paper.html]...  : new 
18:53:50.779 DEBUG org.jbake.parser.MarkupEngine - Type property found
18:53:50.779 DEBUG org.jbake.parser.MarkupEngine - Status property found
18:53:50.779 DEBUG org.jbake.parser.MarkupEngine - Header separator found
18:53:50.779 INFO  org.jbake.app.Crawler - Processing [/home/csmajs/jgarc271/git/jbake-testing-and-verification/jbake-core/build/resources/test/fixture/content/projects.html]...  : new 
18:53:50.779 INFO  org.jbake.app.Crawler - Content detected:
18:53:50.780 INFO  org.jbake.app.Crawler - Parsed 3 files of type: page
18:53:50.780 INFO  org.jbake.app.Crawler - Parsed 4 files of type: post
18:53:50.791 DEBUG org.jbake.parser.MarkupEngine - Type property found
18:53:50.791 DEBUG org.jbake.parser.MarkupEngine - Status property found
18:53:50.791 DEBUG org.jbake.parser.MarkupEngine - Header separator found
18:53:50.815 INFO  org.jbake.app.Renderer - Rendering [/tmp/junit4663582082060229276/second-post.html]... done!
18:53:50.819 INFO  c.o.o.c.s.m.ODirectMemoryStorage - Storage 'memory:/tmp/junit4663582082060229276/documents1584064421714' is created under OrientDB distribution : 3.0.14 - Veloce (build ac128c5a9ba4c6dc9d25a32b92962d8863774423, branch 3.0.x)
18:53:51.831 DEBUG org.jbake.app.ContentStore - Create document class 'page'
18:53:51.853 DEBUG org.jbake.app.ContentStore - Create document class 'post'
18:53:51.878 DEBUG org.jbake.app.ContentStore - Create document class 'masterindex'
18:53:51.907 DEBUG org.jbake.app.ContentStore - Create document class 'archive'
18:53:51.939 DEBUG org.jbake.app.ContentStore - Create document class 'feed'
18:53:52.004 DEBUG org.jbake.parser.MarkupEngine - Type property found
18:53:52.004 DEBUG org.jbake.parser.MarkupEngine - Status property found
18:53:52.004 DEBUG org.jbake.parser.MarkupEngine - Header separator found
18:53:52.005 INFO  org.jbake.app.Crawler - Processing [/home/csmajs/jgarc271/git/jbake-testing-and-verification/jbake-core/build/resources/test/fixture/content/about.html]...  : new 
18:53:52.006 DEBUG org.jbake.parser.MarkupEngine - Type property found
18:53:52.006 DEBUG org.jbake.parser.MarkupEngine - Status property found
18:53:52.006 DEBUG org.jbake.parser.MarkupEngine - Header separator found
18:53:52.025 INFO  org.jbake.app.Crawler - Processing [/home/csmajs/jgarc271/git/jbake-testing-and-verification/jbake-core/build/resources/test/fixture/content/allcontent.html]...  : new 
18:53:52.030 DEBUG org.jbake.parser.MarkupEngine - Type property found
18:53:52.030 DEBUG org.jbake.parser.MarkupEngine - Status property found
18:53:52.030 DEBUG org.jbake.parser.MarkupEngine - Header separator found
18:53:52.030 INFO  org.jbake.app.Crawler - Processing [/home/csmajs/jgarc271/git/jbake-testing-and-verification/jbake-core/build/resources/test/fixture/content/blog/2012/first-post.html]...  : new 
18:53:52.033 DEBUG org.jbake.parser.MarkupEngine - Type property found
18:53:52.033 DEBUG org.jbake.parser.MarkupEngine - Status property found
18:53:52.033 DEBUG org.jbake.parser.MarkupEngine - Header separator found
18:53:52.033 INFO  org.jbake.app.Crawler - Processing [/home/csmajs/jgarc271/git/jbake-testing-and-verification/jbake-core/build/resources/test/fixture/content/blog/2013/second-post.html]...  : new 
18:53:52.035 DEBUG org.jbake.parser.MarkupEngine - Type property found
18:53:52.035 DEBUG org.jbake.parser.MarkupEngine - Status property found
18:53:52.035 DEBUG org.jbake.parser.MarkupEngine - Header separator found
18:53:52.035 INFO  org.jbake.app.Crawler - Processing [/home/csmajs/jgarc271/git/jbake-testing-and-verification/jbake-core/build/resources/test/fixture/content/blog/2016/another-post.html]...  : new 
18:53:52.036 DEBUG org.jbake.parser.MarkupEngine - Type property found
18:53:52.036 DEBUG org.jbake.parser.MarkupEngine - Status property found
18:53:52.036 DEBUG org.jbake.parser.MarkupEngine - Header separator found
18:53:52.037 INFO  org.jbake.app.Crawler - Processing [/home/csmajs/jgarc271/git/jbake-testing-and-verification/jbake-core/build/resources/test/fixture/content/blog/2016/draft-post.html]...  : new 
18:53:52.038 DEBUG org.jbake.parser.MarkupEngine - Header separator found
18:53:52.038 WARN  org.jbake.parser.MarkupEngine - Parsing skipped (missing type or status value in header meta data) for file /home/csmajs/jgarc271/git/jbake-testing-and-verification/jbake-core/build/resources/test/fixture/content/blog/invalid_header.html!
18:53:52.038 WARN  org.jbake.app.Crawler - /home/csmajs/jgarc271/git/jbake-testing-and-verification/jbake-core/build/resources/test/fixture/content/blog/invalid_header.html has an invalid header, it has been ignored!
18:53:52.038 INFO  org.jbake.app.Crawler - Processing [/home/csmajs/jgarc271/git/jbake-testing-and-verification/jbake-core/build/resources/test/fixture/content/blog/invalid_header.html]...  : new 
18:53:52.039 DEBUG org.jbake.parser.MarkupEngine - Type property found
18:53:52.039 DEBUG org.jbake.parser.MarkupEngine - Status property found
18:53:52.039 DEBUG org.jbake.parser.MarkupEngine - Header separator found
18:53:52.039 INFO  org.jbake.app.Crawler - Processing [/home/csmajs/jgarc271/git/jbake-testing-and-verification/jbake-core/build/resources/test/fixture/content/index2.html]...  : new 
18:53:52.040 DEBUG org.jbake.parser.MarkupEngine - Type property found
18:53:52.041 DEBUG org.jbake.parser.MarkupEngine - Status property found
18:53:52.041 DEBUG org.jbake.parser.MarkupEngine - Header separator found
18:53:52.060 INFO  org.jbake.app.Crawler - Processing [/home/csmajs/jgarc271/git/jbake-testing-and-verification/jbake-core/build/resources/test/fixture/content/papers/draft-paper.html]...  : new 
18:53:52.062 DEBUG org.jbake.parser.MarkupEngine - Type property found
18:53:52.062 DEBUG org.jbake.parser.MarkupEngine - Status property found
18:53:52.062 DEBUG org.jbake.parser.MarkupEngine - Header separator found
18:53:52.063 INFO  org.jbake.app.Crawler - Processing [/home/csmajs/jgarc271/git/jbake-testing-and-verification/jbake-core/build/resources/test/fixture/content/papers/published-paper.html]...  : new 
18:53:52.064 DEBUG org.jbake.parser.MarkupEngine - Type property found
18:53:52.064 DEBUG org.jbake.parser.MarkupEngine - Status property found
18:53:52.064 DEBUG org.jbake.parser.MarkupEngine - Header separator found
18:53:52.064 INFO  org.jbake.app.Crawler - Processing [/home/csmajs/jgarc271/git/jbake-testing-and-verification/jbake-core/build/resources/test/fixture/content/projects.html]...  : new 
18:53:52.064 INFO  org.jbake.app.Crawler - Content detected:
18:53:52.064 INFO  org.jbake.app.Crawler - Parsed 3 files of type: page
18:53:52.064 INFO  org.jbake.app.Crawler - Parsed 4 files of type: post
18:53:52.081 INFO  o.j.t.DelegatingTemplateEngine - Default template: tags.ftl was not found, searching for others...
18:53:52.081 INFO  o.j.t.DelegatingTemplateEngine - Found alternative template file: tags.pebble using this instead
18:53:52.102 INFO  org.jbake.app.Renderer - Rendering tag [/tmp/junit4663582082060229276/tags/blog.html]... done!
18:53:52.104 INFO  o.j.t.DelegatingTemplateEngine - Default template: tags-index.ftl was not found, searching for others...
18:53:52.104 INFO  o.j.t.DelegatingTemplateEngine - Found alternative template file: tags-index.pebble using this instead
18:53:52.111 INFO  org.jbake.app.Renderer - Rendering tagindex [/tmp/junit4663582082060229276/tags/index.html]... done!
18:53:52.115 INFO  c.o.o.c.s.m.ODirectMemoryStorage - Storage 'memory:/tmp/junit4663582082060229276/documents1584064421714' is created under OrientDB distribution : 3.0.14 - Veloce (build ac128c5a9ba4c6dc9d25a32b92962d8863774423, branch 3.0.x)
18:53:53.123 DEBUG org.jbake.app.ContentStore - Create document class 'page'
18:53:53.145 DEBUG org.jbake.app.ContentStore - Create document class 'post'
18:53:53.170 DEBUG org.jbake.app.ContentStore - Create document class 'masterindex'
18:53:53.197 DEBUG org.jbake.app.ContentStore - Create document class 'archive'
18:53:53.228 DEBUG org.jbake.app.ContentStore - Create document class 'feed'
18:53:53.284 DEBUG org.jbake.parser.MarkupEngine - Type property found
18:53:53.284 DEBUG org.jbake.parser.MarkupEngine - Status property found
18:53:53.284 DEBUG org.jbake.parser.MarkupEngine - Header separator found
18:53:53.284 INFO  org.jbake.app.Crawler - Processing [/home/csmajs/jgarc271/git/jbake-testing-and-verification/jbake-core/build/resources/test/fixture/content/about.html]...  : new 
18:53:53.285 DEBUG org.jbake.parser.MarkupEngine - Type property found
18:53:53.285 DEBUG org.jbake.parser.MarkupEngine - Status property found
18:53:53.285 DEBUG org.jbake.parser.MarkupEngine - Header separator found
18:53:53.298 INFO  org.jbake.app.Crawler - Processing [/home/csmajs/jgarc271/git/jbake-testing-and-verification/jbake-core/build/resources/test/fixture/content/allcontent.html]...  : new 
18:53:53.303 DEBUG org.jbake.parser.MarkupEngine - Type property found
18:53:53.303 DEBUG org.jbake.parser.MarkupEngine - Status property found
18:53:53.303 DEBUG org.jbake.parser.MarkupEngine - Header separator found
18:53:53.304 INFO  org.jbake.app.Crawler - Processing [/home/csmajs/jgarc271/git/jbake-testing-and-verification/jbake-core/build/resources/test/fixture/content/blog/2012/first-post.html]...  : new 
18:53:53.306 DEBUG org.jbake.parser.MarkupEngine - Type property found
18:53:53.306 DEBUG org.jbake.parser.MarkupEngine - Status property found
18:53:53.306 DEBUG org.jbake.parser.MarkupEngine - Header separator found
18:53:53.307 INFO  org.jbake.app.Crawler - Processing [/home/csmajs/jgarc271/git/jbake-testing-and-verification/jbake-core/build/resources/test/fixture/content/blog/2013/second-post.html]...  : new 
18:53:53.308 DEBUG org.jbake.parser.MarkupEngine - Type property found
18:53:53.308 DEBUG org.jbake.parser.MarkupEngine - Status property found
18:53:53.308 DEBUG org.jbake.parser.MarkupEngine - Header separator found
18:53:53.308 INFO  org.jbake.app.Crawler - Processing [/home/csmajs/jgarc271/git/jbake-testing-and-verification/jbake-core/build/resources/test/fixture/content/blog/2016/another-post.html]...  : new 
18:53:53.309 DEBUG org.jbake.parser.MarkupEngine - Type property found
18:53:53.309 DEBUG org.jbake.parser.MarkupEngine - Status property found
18:53:53.309 DEBUG org.jbake.parser.MarkupEngine - Header separator found
18:53:53.310 INFO  org.jbake.app.Crawler - Processing [/home/csmajs/jgarc271/git/jbake-testing-and-verification/jbake-core/build/resources/test/fixture/content/blog/2016/draft-post.html]...  : new 
18:53:53.311 DEBUG org.jbake.parser.MarkupEngine - Header separator found
18:53:53.311 WARN  org.jbake.parser.MarkupEngine - Parsing skipped (missing type or status value in header meta data) for file /home/csmajs/jgarc271/git/jbake-testing-and-verification/jbake-core/build/resources/test/fixture/content/blog/invalid_header.html!
18:53:53.311 WARN  org.jbake.app.Crawler - /home/csmajs/jgarc271/git/jbake-testing-and-verification/jbake-core/build/resources/test/fixture/content/blog/invalid_header.html has an invalid header, it has been ignored!
18:53:53.311 INFO  org.jbake.app.Crawler - Processing [/home/csmajs/jgarc271/git/jbake-testing-and-verification/jbake-core/build/resources/test/fixture/content/blog/invalid_header.html]...  : new 
18:53:53.312 DEBUG org.jbake.parser.MarkupEngine - Type property found
18:53:53.312 DEBUG org.jbake.parser.MarkupEngine - Status property found
18:53:53.312 DEBUG org.jbake.parser.MarkupEngine - Header separator found
18:53:53.312 INFO  org.jbake.app.Crawler - Processing [/home/csmajs/jgarc271/git/jbake-testing-and-verification/jbake-core/build/resources/test/fixture/content/index2.html]...  : new 
18:53:53.314 DEBUG org.jbake.parser.MarkupEngine - Type property found
18:53:53.314 DEBUG org.jbake.parser.MarkupEngine - Status property found
18:53:53.314 DEBUG org.jbake.parser.MarkupEngine - Header separator found
18:53:53.328 INFO  org.jbake.app.Crawler - Processing [/home/csmajs/jgarc271/git/jbake-testing-and-verification/jbake-core/build/resources/test/fixture/content/papers/draft-paper.html]...  : new 
18:53:53.331 DEBUG org.jbake.parser.MarkupEngine - Type property found
18:53:53.331 DEBUG org.jbake.parser.MarkupEngine - Status property found
18:53:53.331 DEBUG org.jbake.parser.MarkupEngine - Header separator found
18:53:53.331 INFO  org.jbake.app.Crawler - Processing [/home/csmajs/jgarc271/git/jbake-testing-and-verification/jbake-core/build/resources/test/fixture/content/papers/published-paper.html]...  : new 
18:53:53.332 DEBUG org.jbake.parser.MarkupEngine - Type property found
18:53:53.332 DEBUG org.jbake.parser.MarkupEngine - Status property found
18:53:53.332 DEBUG org.jbake.parser.MarkupEngine - Header separator found
18:53:53.332 INFO  org.jbake.app.Crawler - Processing [/home/csmajs/jgarc271/git/jbake-testing-and-verification/jbake-core/build/resources/test/fixture/content/projects.html]...  : new 
18:53:53.333 INFO  org.jbake.app.Crawler - Content detected:
18:53:53.333 INFO  org.jbake.app.Crawler - Parsed 3 files of type: page
18:53:53.333 INFO  org.jbake.app.Crawler - Parsed 4 files of type: post
18:53:53.344 INFO  org.jbake.template.ModelExtractors - register new extractors for document type: paper
18:53:53.346 INFO  o.j.t.DelegatingTemplateEngine - Default template: sitemap.ftl was not found, searching for others...
18:53:53.346 INFO  o.j.t.DelegatingTemplateEngine - Found alternative template file: sitemap.pebble using this instead
18:53:53.368 INFO  org.jbake.app.Renderer - Rendering sitemap [/tmp/junit4663582082060229276/sitemap.xml]... done!
]]></system-out>
  <system-err><![CDATA[]]></system-err>
</testsuite>
